# JRE version: OpenJDK Runtime Environment (8.0_144-b01) (build 1.8.0_144-b01)
# Java VM: OpenJDK 64-Bit Server VM (25.144-b01 mixed mode linux-amd64 compressed oops)
Heap:
 par new generation   total 38080K, used 12820K [0x00000000f0000000, 0x00000000f2950000, 0x00000000f5550000)
  eden space 33856K,  25% used [0x00000000f0000000, 0x00000000f086ca70, 0x00000000f2110000)
  from space 4224K,  99% used [0x00000000f2530000, 0x00000000f29486f0, 0x00000000f2950000)
  to   space 4224K,   0% used [0x00000000f2110000, 0x00000000f2110000, 0x00000000f2530000)
 concurrent mark-sweep generation total 99072K, used 87821K [0x00000000f5550000, 0x00000000fb610000, 0x0000000100000000)
 Metaspace       used 88886K, capacity 90311K, committed 90868K, reserved 1130496K
  class space    used 9861K, capacity 10151K, committed 10288K, reserved 1048576K
GC Heap History (10 events):
Event: 50363.586 GC heap before
{Heap before GC invocations=794 (full 4):
 par new generation   total 38080K, used 38079K [0x00000000f0000000, 0x00000000f2950000, 0x00000000f5550000)
  eden space 33856K, 100% used [0x00000000f0000000, 0x00000000f2110000, 0x00000000f2110000)
  from space 4224K,  99% used [0x00000000f2110000, 0x00000000f252fff8, 0x00000000f2530000)
  to   space 4224K,   0% used [0x00000000f2530000, 0x00000000f2530000, 0x00000000f2950000)
 concurrent mark-sweep generation total 98688K, used 87269K [0x00000000f5550000, 0x00000000fb5b0000, 0x0000000100000000)
 Metaspace       used 88886K, capacity 90311K, committed 90868K, reserved 1130496K
  class space    used 9861K, capacity 10151K, committed 10288K, reserved 1048576K
Event: 50363.596 GC heap after
Heap after GC invocations=795 (full 4):
 par new generation   total 38080K, used 3187K [0x00000000f0000000, 0x00000000f2950000, 0x00000000f5550000)
  eden space 33856K,   0% used [0x00000000f0000000, 0x00000000f0000000, 0x00000000f2110000)
  from space 4224K,  75% used [0x00000000f2530000, 0x00000000f284cfd0, 0x00000000f2950000)
  to   space 4224K,   0% used [0x00000000f2110000, 0x00000000f2110000, 0x00000000f2530000)
 concurrent mark-sweep generation total 98880K, used 87435K [0x00000000f5550000, 0x00000000fb5e0000, 0x0000000100000000)
 Metaspace       used 88886K, capacity 90311K, committed 90868K, reserved 1130496K
  class space    used 9861K, capacity 10151K, committed 10288K, reserved 1048576K
}
Event: 50408.992 GC heap before
{Heap before GC invocations=795 (full 4):
 par new generation   total 38080K, used 37043K [0x00000000f0000000, 0x00000000f2950000, 0x00000000f5550000)
  eden space 33856K, 100% used [0x00000000f0000000, 0x00000000f2110000, 0x00000000f2110000)
  from space 4224K,  75% used [0x00000000f2530000, 0x00000000f284cfd0, 0x00000000f2950000)
  to   space 4224K,   0% used [0x00000000f2110000, 0x00000000f2110000, 0x00000000f2530000)
 concurrent mark-sweep generation total 98880K, used 87435K [0x00000000f5550000, 0x00000000fb5e0000, 0x0000000100000000)
 Metaspace       used 88886K, capacity 90311K, committed 90868K, reserved 1130496K
  class space    used 9861K, capacity 10151K, committed 10288K, reserved 1048576K
Event: 50408.997 GC heap after
Heap after GC invocations=796 (full 4):
 par new generation   total 38080K, used 1118K [0x00000000f0000000, 0x00000000f2950000, 0x00000000f5550000)
  eden space 33856K,   0% used [0x00000000f0000000, 0x00000000f0000000, 0x00000000f2110000)
  from space 4224K,  26% used [0x00000000f2110000, 0x00000000f22279e0, 0x00000000f2530000)
  to   space 4224K,   0% used [0x00000000f2530000, 0x00000000f2530000, 0x00000000f2950000)
 concurrent mark-sweep generation total 98880K, used 87511K [0x00000000f5550000, 0x00000000fb5e0000, 0x0000000100000000)
 Metaspace       used 88886K, capacity 90311K, committed 90868K, reserved 1130496K
  class space    used 9861K, capacity 10151K, committed 10288K, reserved 1048576K
}
Event: 50528.184 GC heap before
{Heap before GC invocations=796 (full 4):
 par new generation   total 38080K, used 34974K [0x00000000f0000000, 0x00000000f2950000, 0x00000000f5550000)
  eden space 33856K, 100% used [0x00000000f0000000, 0x00000000f2110000, 0x00000000f2110000)
  from space 4224K,  26% used [0x00000000f2110000, 0x00000000f22279e0, 0x00000000f2530000)
  to   space 4224K,   0% used [0x00000000f2530000, 0x00000000f2530000, 0x00000000f2950000)
 concurrent mark-sweep generation total 98880K, used 87511K [0x00000000f5550000, 0x00000000fb5e0000, 0x0000000100000000)
 Metaspace       used 88886K, capacity 90311K, committed 90868K, reserved 1130496K
  class space    used 9861K, capacity 10151K, committed 10288K, reserved 1048576K
Event: 50528.194 GC heap after
Heap after GC invocations=797 (full 4):
 par new generation   total 38080K, used 3074K [0x00000000f0000000, 0x00000000f2950000, 0x00000000f5550000)
  eden space 33856K,   0% used [0x00000000f0000000, 0x00000000f0000000, 0x00000000f2110000)
  from space 4224K,  72% used [0x00000000f2530000, 0x00000000f2830b00, 0x00000000f2950000)
  to   space 4224K,   0% used [0x00000000f2110000, 0x00000000f2110000, 0x00000000f2530000)
 concurrent mark-sweep generation total 98880K, used 87511K [0x00000000f5550000, 0x00000000fb5e0000, 0x0000000100000000)
 Metaspace       used 88886K, capacity 90311K, committed 90868K, reserved 1130496K
  class space    used 9861K, capacity 10151K, committed 10288K, reserved 1048576K
}
Event: 50744.405 GC heap before
{Heap before GC invocations=797 (full 4):
 par new generation   total 38080K, used 36930K [0x00000000f0000000, 0x00000000f2950000, 0x00000000f5550000)
  eden space 33856K, 100% used [0x00000000f0000000, 0x00000000f2110000, 0x00000000f2110000)
  from space 4224K,  72% used [0x00000000f2530000, 0x00000000f2830b00, 0x00000000f2950000)
  to   space 4224K,   0% used [0x00000000f2110000, 0x00000000f2110000, 0x00000000f2530000)
 concurrent mark-sweep generation total 98880K, used 87511K [0x00000000f5550000, 0x00000000fb5e0000, 0x0000000100000000)
 Metaspace       used 88886K, capacity 90311K, committed 90868K, reserved 1130496K
  class space    used 9861K, capacity 10151K, committed 10288K, reserved 1048576K
Event: 50744.418 GC heap after
Heap after GC invocations=798 (full 4):
 par new generation   total 38080K, used 4223K [0x00000000f0000000, 0x00000000f2950000, 0x00000000f5550000)
  eden space 33856K,   0% used [0x00000000f0000000, 0x00000000f0000000, 0x00000000f2110000)
  from space 4224K,  99% used [0x00000000f2110000, 0x00000000f252fff8, 0x00000000f2530000)
  to   space 4224K,   0% used [0x00000000f2530000, 0x00000000f2530000, 0x00000000f2950000)
 concurrent mark-sweep generation total 98880K, used 87775K [0x00000000f5550000, 0x00000000fb5e0000, 0x0000000100000000)
 Metaspace       used 88886K, capacity 90311K, committed 90868K, reserved 1130496K
  class space    used 9861K, capacity 10151K, committed 10288K, reserved 1048576K
}
Event: 50962.784 GC heap before
{Heap before GC invocations=798 (full 4):
 par new generation   total 38080K, used 38079K [0x00000000f0000000, 0x00000000f2950000, 0x00000000f5550000)
  eden space 33856K, 100% used [0x00000000f0000000, 0x00000000f2110000, 0x00000000f2110000)
  from space 4224K,  99% used [0x00000000f2110000, 0x00000000f252fff8, 0x00000000f2530000)
  to   space 4224K,   0% used [0x00000000f2530000, 0x00000000f2530000, 0x00000000f2950000)
 concurrent mark-sweep generation total 98880K, used 87775K [0x00000000f5550000, 0x00000000fb5e0000, 0x0000000100000000)
 Metaspace       used 88886K, capacity 90311K, committed 90868K, reserved 1130496K
  class space    used 9861K, capacity 10151K, committed 10288K, reserved 1048576K
Event: 50962.800 GC heap after
Heap after GC invocations=799 (full 4):
 par new generation   total 38080K, used 4193K [0x00000000f0000000, 0x00000000f2950000, 0x00000000f5550000)
  eden space 33856K,   0% used [0x00000000f0000000, 0x00000000f0000000, 0x00000000f2110000)
  from space 4224K,  99% used [0x00000000f2530000, 0x00000000f29486f0, 0x00000000f2950000)
  to   space 4224K,   0% used [0x00000000f2110000, 0x00000000f2110000, 0x00000000f2530000)
 concurrent mark-sweep generation total 99072K, used 87821K [0x00000000f5550000, 0x00000000fb610000, 0x0000000100000000)
 Metaspace       used 88886K, capacity 90311K, committed 90868K, reserved 1130496K
  class space    used 9861K, capacity 10151K, committed 10288K, reserved 1048576K
}

