# JRE version: OpenJDK Runtime Environment (8.0_144-b01) (build 1.8.0_144-b01)
# Java VM: OpenJDK 64-Bit Server VM (25.144-b01 mixed mode linux-amd64 compressed oops)
Heap:
 par new generation   total 38080K, used 14621K [0x00000000f0000000, 0x00000000f2950000, 0x00000000f5550000)
  eden space 33856K,  31% used [0x00000000f0000000, 0x00000000f0a5a568, 0x00000000f2110000)
  from space 4224K,  95% used [0x00000000f2530000, 0x00000000f291d0d0, 0x00000000f2950000)
  to   space 4224K,   0% used [0x00000000f2110000, 0x00000000f2110000, 0x00000000f2530000)
 concurrent mark-sweep generation total 84672K, used 59506K [0x00000000f5550000, 0x00000000fa800000, 0x0000000100000000)
 Metaspace       used 87366K, capacity 88706K, committed 89336K, reserved 1128448K
  class space    used 9791K, capacity 10055K, committed 10236K, reserved 1048576K
GC Heap History (10 events):
Event: 11623.839 GC heap before
{Heap before GC invocations=378 (full 4):
 par new generation   total 38080K, used 37374K [0x00000000f0000000, 0x00000000f2950000, 0x00000000f5550000)
  eden space 33856K,  99% used [0x00000000f0000000, 0x00000000f210f490, 0x00000000f2110000)
  from space 4224K,  83% used [0x00000000f2110000, 0x00000000f2480618, 0x00000000f2530000)
  to   space 4224K,   0% used [0x00000000f2530000, 0x00000000f2530000, 0x00000000f2950000)
 concurrent mark-sweep generation total 84672K, used 59067K [0x00000000f5550000, 0x00000000fa800000, 0x0000000100000000)
 Metaspace       used 87342K, capacity 88642K, committed 89336K, reserved 1128448K
  class space    used 9785K, capacity 10055K, committed 10236K, reserved 1048576K
Event: 11623.844 GC heap after
Heap after GC invocations=379 (full 4):
 par new generation   total 38080K, used 2442K [0x00000000f0000000, 0x00000000f2950000, 0x00000000f5550000)
  eden space 33856K,   0% used [0x00000000f0000000, 0x00000000f0000000, 0x00000000f2110000)
  from space 4224K,  57% used [0x00000000f2530000, 0x00000000f2792840, 0x00000000f2950000)
  to   space 4224K,   0% used [0x00000000f2110000, 0x00000000f2110000, 0x00000000f2530000)
 concurrent mark-sweep generation total 84672K, used 59091K [0x00000000f5550000, 0x00000000fa800000, 0x0000000100000000)
 Metaspace       used 87342K, capacity 88642K, committed 89336K, reserved 1128448K
  class space    used 9785K, capacity 10055K, committed 10236K, reserved 1048576K
}
Event: 11693.934 GC heap before
{Heap before GC invocations=379 (full 4):
 par new generation   total 38080K, used 36298K [0x00000000f0000000, 0x00000000f2950000, 0x00000000f5550000)
  eden space 33856K, 100% used [0x00000000f0000000, 0x00000000f2110000, 0x00000000f2110000)
  from space 4224K,  57% used [0x00000000f2530000, 0x00000000f2792840, 0x00000000f2950000)
  to   space 4224K,   0% used [0x00000000f2110000, 0x00000000f2110000, 0x00000000f2530000)
 concurrent mark-sweep generation total 84672K, used 59091K [0x00000000f5550000, 0x00000000fa800000, 0x0000000100000000)
 Metaspace       used 87346K, capacity 88642K, committed 89336K, reserved 1128448K
  class space    used 9785K, capacity 10055K, committed 10236K, reserved 1048576K
Event: 11693.942 GC heap after
Heap after GC invocations=380 (full 4):
 par new generation   total 38080K, used 3616K [0x00000000f0000000, 0x00000000f2950000, 0x00000000f5550000)
  eden space 33856K,   0% used [0x00000000f0000000, 0x00000000f0000000, 0x00000000f2110000)
  from space 4224K,  85% used [0x00000000f2110000, 0x00000000f2498130, 0x00000000f2530000)
  to   space 4224K,   0% used [0x00000000f2530000, 0x00000000f2530000, 0x00000000f2950000)
 concurrent mark-sweep generation total 84672K, used 59272K [0x00000000f5550000, 0x00000000fa800000, 0x0000000100000000)
 Metaspace       used 87346K, capacity 88642K, committed 89336K, reserved 1128448K
  class space    used 9785K, capacity 10055K, committed 10236K, reserved 1048576K
}
Event: 11748.566 GC heap before
{Heap before GC invocations=380 (full 4):
 par new generation   total 38080K, used 37472K [0x00000000f0000000, 0x00000000f2950000, 0x00000000f5550000)
  eden space 33856K, 100% used [0x00000000f0000000, 0x00000000f2110000, 0x00000000f2110000)
  from space 4224K,  85% used [0x00000000f2110000, 0x00000000f2498130, 0x00000000f2530000)
  to   space 4224K,   0% used [0x00000000f2530000, 0x00000000f2530000, 0x00000000f2950000)
 concurrent mark-sweep generation total 84672K, used 59272K [0x00000000f5550000, 0x00000000fa800000, 0x0000000100000000)
 Metaspace       used 87346K, capacity 88642K, committed 89336K, reserved 1128448K
  class space    used 9785K, capacity 10055K, committed 10236K, reserved 1048576K
Event: 11748.572 GC heap after
Heap after GC invocations=381 (full 4):
 par new generation   total 38080K, used 2722K [0x00000000f0000000, 0x00000000f2950000, 0x00000000f5550000)
  eden space 33856K,   0% used [0x00000000f0000000, 0x00000000f0000000, 0x00000000f2110000)
  from space 4224K,  64% used [0x00000000f2530000, 0x00000000f27d8ad8, 0x00000000f2950000)
  to   space 4224K,   0% used [0x00000000f2110000, 0x00000000f2110000, 0x00000000f2530000)
 concurrent mark-sweep generation total 84672K, used 59312K [0x00000000f5550000, 0x00000000fa800000, 0x0000000100000000)
 Metaspace       used 87346K, capacity 88642K, committed 89336K, reserved 1128448K
  class space    used 9785K, capacity 10055K, committed 10236K, reserved 1048576K
}
Event: 11793.044 GC heap before
{Heap before GC invocations=381 (full 4):
 par new generation   total 38080K, used 36578K [0x00000000f0000000, 0x00000000f2950000, 0x00000000f5550000)
  eden space 33856K, 100% used [0x00000000f0000000, 0x00000000f2110000, 0x00000000f2110000)
  from space 4224K,  64% used [0x00000000f2530000, 0x00000000f27d8ad8, 0x00000000f2950000)
  to   space 4224K,   0% used [0x00000000f2110000, 0x00000000f2110000, 0x00000000f2530000)
 concurrent mark-sweep generation total 84672K, used 59312K [0x00000000f5550000, 0x00000000fa800000, 0x0000000100000000)
 Metaspace       used 87346K, capacity 88642K, committed 89336K, reserved 1128448K
  class space    used 9785K, capacity 10055K, committed 10236K, reserved 1048576K
Event: 11793.054 GC heap after
Heap after GC invocations=382 (full 4):
 par new generation   total 38080K, used 2665K [0x00000000f0000000, 0x00000000f2950000, 0x00000000f5550000)
  eden space 33856K,   0% used [0x00000000f0000000, 0x00000000f0000000, 0x00000000f2110000)
  from space 4224K,  63% used [0x00000000f2110000, 0x00000000f23aa5c0, 0x00000000f2530000)
  to   space 4224K,   0% used [0x00000000f2530000, 0x00000000f2530000, 0x00000000f2950000)
 concurrent mark-sweep generation total 84672K, used 59466K [0x00000000f5550000, 0x00000000fa800000, 0x0000000100000000)
 Metaspace       used 87346K, capacity 88642K, committed 89336K, reserved 1128448K
  class space    used 9785K, capacity 10055K, committed 10236K, reserved 1048576K
}
Event: 11866.619 GC heap before
{Heap before GC invocations=382 (full 4):
 par new generation   total 38080K, used 36521K [0x00000000f0000000, 0x00000000f2950000, 0x00000000f5550000)
  eden space 33856K, 100% used [0x00000000f0000000, 0x00000000f2110000, 0x00000000f2110000)
  from space 4224K,  63% used [0x00000000f2110000, 0x00000000f23aa5c0, 0x00000000f2530000)
  to   space 4224K,   0% used [0x00000000f2530000, 0x00000000f2530000, 0x00000000f2950000)
 concurrent mark-sweep generation total 84672K, used 59466K [0x00000000f5550000, 0x00000000fa800000, 0x0000000100000000)
 Metaspace       used 87359K, capacity 88642K, committed 89336K, reserved 1128448K
  class space    used 9791K, capacity 10055K, committed 10236K, reserved 1048576K
Event: 11866.627 GC heap after
Heap after GC invocations=383 (full 4):
 par new generation   total 38080K, used 4020K [0x00000000f0000000, 0x00000000f2950000, 0x00000000f5550000)
  eden space 33856K,   0% used [0x00000000f0000000, 0x00000000f0000000, 0x00000000f2110000)
  from space 4224K,  95% used [0x00000000f2530000, 0x00000000f291d0d0, 0x00000000f2950000)
  to   space 4224K,   0% used [0x00000000f2110000, 0x00000000f2110000, 0x00000000f2530000)
 concurrent mark-sweep generation total 84672K, used 59506K [0x00000000f5550000, 0x00000000fa800000, 0x0000000100000000)
 Metaspace       used 87359K, capacity 88642K, committed 89336K, reserved 1128448K
  class space    used 9791K, capacity 10055K, committed 10236K, reserved 1048576K
}

