# JRE version: OpenJDK Runtime Environment (8.0_144-b01) (build 1.8.0_144-b01)
# Java VM: OpenJDK 64-Bit Server VM (25.144-b01 mixed mode linux-amd64 compressed oops)
Heap:
 par new generation   total 38080K, used 35028K [0x00000000f0000000, 0x00000000f2950000, 0x00000000f5550000)
  eden space 33856K,  90% used [0x00000000f0000000, 0x00000000f1e153a0, 0x00000000f2110000)
  from space 4224K, 100% used [0x00000000f2530000, 0x00000000f2950000, 0x00000000f2950000)
  to   space 4224K,   0% used [0x00000000f2110000, 0x00000000f2110000, 0x00000000f2530000)
 concurrent mark-sweep generation total 91008K, used 58025K [0x00000000f5550000, 0x00000000fae30000, 0x0000000100000000)
 Metaspace       used 87233K, capacity 88552K, committed 88728K, reserved 1128448K
  class space    used 9801K, capacity 10088K, committed 10136K, reserved 1048576K
GC Heap History (10 events):
Event: 13644.988 GC heap before
{Heap before GC invocations=412 (full 5):
 par new generation   total 38080K, used 38065K [0x00000000f0000000, 0x00000000f2950000, 0x00000000f5550000)
  eden space 33856K,  99% used [0x00000000f0000000, 0x00000000f210c518, 0x00000000f2110000)
  from space 4224K,  99% used [0x00000000f2110000, 0x00000000f252fff8, 0x00000000f2530000)
  to   space 4224K,   0% used [0x00000000f2530000, 0x00000000f2530000, 0x00000000f2950000)
 concurrent mark-sweep generation total 91008K, used 55802K [0x00000000f5550000, 0x00000000fae30000, 0x0000000100000000)
 Metaspace       used 87228K, capacity 88552K, committed 88728K, reserved 1128448K
  class space    used 9801K, capacity 10088K, committed 10136K, reserved 1048576K
Event: 13644.997 GC heap after
Heap after GC invocations=413 (full 5):
 par new generation   total 38080K, used 4224K [0x00000000f0000000, 0x00000000f2950000, 0x00000000f5550000)
  eden space 33856K,   0% used [0x00000000f0000000, 0x00000000f0000000, 0x00000000f2110000)
  from space 4224K, 100% used [0x00000000f2530000, 0x00000000f2950000, 0x00000000f2950000)
  to   space 4224K,   0% used [0x00000000f2110000, 0x00000000f2110000, 0x00000000f2530000)
 concurrent mark-sweep generation total 91008K, used 55974K [0x00000000f5550000, 0x00000000fae30000, 0x0000000100000000)
 Metaspace       used 87228K, capacity 88552K, committed 88728K, reserved 1128448K
  class space    used 9801K, capacity 10088K, committed 10136K, reserved 1048576K
}
Event: 13672.552 GC heap before
{Heap before GC invocations=413 (full 5):
 par new generation   total 38080K, used 38080K [0x00000000f0000000, 0x00000000f2950000, 0x00000000f5550000)
  eden space 33856K, 100% used [0x00000000f0000000, 0x00000000f2110000, 0x00000000f2110000)
  from space 4224K, 100% used [0x00000000f2530000, 0x00000000f2950000, 0x00000000f2950000)
  to   space 4224K,   0% used [0x00000000f2110000, 0x00000000f2110000, 0x00000000f2530000)
 concurrent mark-sweep generation total 91008K, used 55974K [0x00000000f5550000, 0x00000000fae30000, 0x0000000100000000)
 Metaspace       used 87230K, capacity 88552K, committed 88728K, reserved 1128448K
  class space    used 9801K, capacity 10088K, committed 10136K, reserved 1048576K
Event: 13672.558 GC heap after
Heap after GC invocations=414 (full 5):
 par new generation   total 38080K, used 3891K [0x00000000f0000000, 0x00000000f2950000, 0x00000000f5550000)
  eden space 33856K,   0% used [0x00000000f0000000, 0x00000000f0000000, 0x00000000f2110000)
  from space 4224K,  92% used [0x00000000f2110000, 0x00000000f24dccf0, 0x00000000f2530000)
  to   space 4224K,   0% used [0x00000000f2530000, 0x00000000f2530000, 0x00000000f2950000)
 concurrent mark-sweep generation total 91008K, used 56040K [0x00000000f5550000, 0x00000000fae30000, 0x0000000100000000)
 Metaspace       used 87230K, capacity 88552K, committed 88728K, reserved 1128448K
  class space    used 9801K, capacity 10088K, committed 10136K, reserved 1048576K
}
Event: 13721.137 GC heap before
{Heap before GC invocations=414 (full 5):
 par new generation   total 38080K, used 37741K [0x00000000f0000000, 0x00000000f2950000, 0x00000000f5550000)
  eden space 33856K,  99% used [0x00000000f0000000, 0x00000000f210eae0, 0x00000000f2110000)
  from space 4224K,  92% used [0x00000000f2110000, 0x00000000f24dccf0, 0x00000000f2530000)
  to   space 4224K,   0% used [0x00000000f2530000, 0x00000000f2530000, 0x00000000f2950000)
 concurrent mark-sweep generation total 91008K, used 56040K [0x00000000f5550000, 0x00000000fae30000, 0x0000000100000000)
 Metaspace       used 87230K, capacity 88552K, committed 88728K, reserved 1128448K
  class space    used 9801K, capacity 10088K, committed 10136K, reserved 1048576K
Event: 13721.146 GC heap after
Heap after GC invocations=415 (full 5):
 par new generation   total 38080K, used 4224K [0x00000000f0000000, 0x00000000f2950000, 0x00000000f5550000)
  eden space 33856K,   0% used [0x00000000f0000000, 0x00000000f0000000, 0x00000000f2110000)
  from space 4224K, 100% used [0x00000000f2530000, 0x00000000f2950000, 0x00000000f2950000)
  to   space 4224K,   0% used [0x00000000f2110000, 0x00000000f2110000, 0x00000000f2530000)
 concurrent mark-sweep generation total 91008K, used 56690K [0x00000000f5550000, 0x00000000fae30000, 0x0000000100000000)
 Metaspace       used 87230K, capacity 88552K, committed 88728K, reserved 1128448K
  class space    used 9801K, capacity 10088K, committed 10136K, reserved 1048576K
}
Event: 13762.208 GC heap before
{Heap before GC invocations=415 (full 5):
 par new generation   total 38080K, used 38080K [0x00000000f0000000, 0x00000000f2950000, 0x00000000f5550000)
  eden space 33856K, 100% used [0x00000000f0000000, 0x00000000f2110000, 0x00000000f2110000)
  from space 4224K, 100% used [0x00000000f2530000, 0x00000000f2950000, 0x00000000f2950000)
  to   space 4224K,   0% used [0x00000000f2110000, 0x00000000f2110000, 0x00000000f2530000)
 concurrent mark-sweep generation total 91008K, used 56690K [0x00000000f5550000, 0x00000000fae30000, 0x0000000100000000)
 Metaspace       used 87233K, capacity 88552K, committed 88728K, reserved 1128448K
  class space    used 9801K, capacity 10088K, committed 10136K, reserved 1048576K
Event: 13762.216 GC heap after
Heap after GC invocations=416 (full 5):
 par new generation   total 38080K, used 4224K [0x00000000f0000000, 0x00000000f2950000, 0x00000000f5550000)
  eden space 33856K,   0% used [0x00000000f0000000, 0x00000000f0000000, 0x00000000f2110000)
  from space 4224K, 100% used [0x00000000f2110000, 0x00000000f2530000, 0x00000000f2530000)
  to   space 4224K,   0% used [0x00000000f2530000, 0x00000000f2530000, 0x00000000f2950000)
 concurrent mark-sweep generation total 91008K, used 56955K [0x00000000f5550000, 0x00000000fae30000, 0x0000000100000000)
 Metaspace       used 87233K, capacity 88552K, committed 88728K, reserved 1128448K
  class space    used 9801K, capacity 10088K, committed 10136K, reserved 1048576K
}
Event: 13807.427 GC heap before
{Heap before GC invocations=416 (full 5):
 par new generation   total 38080K, used 38080K [0x00000000f0000000, 0x00000000f2950000, 0x00000000f5550000)
  eden space 33856K, 100% used [0x00000000f0000000, 0x00000000f2110000, 0x00000000f2110000)
  from space 4224K, 100% used [0x00000000f2110000, 0x00000000f2530000, 0x00000000f2530000)
  to   space 4224K,   0% used [0x00000000f2530000, 0x00000000f2530000, 0x00000000f2950000)
 concurrent mark-sweep generation total 91008K, used 56955K [0x00000000f5550000, 0x00000000fae30000, 0x0000000100000000)
 Metaspace       used 87233K, capacity 88552K, committed 88728K, reserved 1128448K
  class space    used 9801K, capacity 10088K, committed 10136K, reserved 1048576K
Event: 13807.437 GC heap after
Heap after GC invocations=417 (full 5):
 par new generation   total 38080K, used 4224K [0x00000000f0000000, 0x00000000f2950000, 0x00000000f5550000)
  eden space 33856K,   0% used [0x00000000f0000000, 0x00000000f0000000, 0x00000000f2110000)
  from space 4224K, 100% used [0x00000000f2530000, 0x00000000f2950000, 0x00000000f2950000)
  to   space 4224K,   0% used [0x00000000f2110000, 0x00000000f2110000, 0x00000000f2530000)
 concurrent mark-sweep generation total 91008K, used 58025K [0x00000000f5550000, 0x00000000fae30000, 0x0000000100000000)
 Metaspace       used 87233K, capacity 88552K, committed 88728K, reserved 1128448K
  class space    used 9801K, capacity 10088K, committed 10136K, reserved 1048576K
}

