# JRE version: OpenJDK Runtime Environment (8.0_144-b01) (build 1.8.0_144-b01)
# Java VM: OpenJDK 64-Bit Server VM (25.144-b01 mixed mode linux-amd64 compressed oops)
Heap:
 par new generation   total 38080K, used 20163K [0x00000000f0000000, 0x00000000f2950000, 0x00000000f5550000)
  eden space 33856K,  47% used [0x00000000f0000000, 0x00000000f0f90e48, 0x00000000f2110000)
  from space 4224K,  99% used [0x00000000f2530000, 0x00000000f294fff8, 0x00000000f2950000)
  to   space 4224K,   0% used [0x00000000f2110000, 0x00000000f2110000, 0x00000000f2530000)
 concurrent mark-sweep generation total 101760K, used 84263K [0x00000000f5550000, 0x00000000fb8b0000, 0x0000000100000000)
 Metaspace       used 88785K, capacity 90244K, committed 90484K, reserved 1130496K
  class space    used 9890K, capacity 10169K, committed 10212K, reserved 1048576K
GC Heap History (10 events):
Event: 40655.254 GC heap before
{Heap before GC invocations=870 (full 6):
 par new generation   total 38080K, used 38079K [0x00000000f0000000, 0x00000000f2950000, 0x00000000f5550000)
  eden space 33856K, 100% used [0x00000000f0000000, 0x00000000f2110000, 0x00000000f2110000)
  from space 4224K,  99% used [0x00000000f2110000, 0x00000000f252fff8, 0x00000000f2530000)
  to   space 4224K,   0% used [0x00000000f2530000, 0x00000000f2530000, 0x00000000f2950000)
 concurrent mark-sweep generation total 101760K, used 83080K [0x00000000f5550000, 0x00000000fb8b0000, 0x0000000100000000)
 Metaspace       used 88772K, capacity 90244K, committed 90484K, reserved 1130496K
  class space    used 9887K, capacity 10169K, committed 10212K, reserved 1048576K
Event: 40655.263 GC heap after
Heap after GC invocations=871 (full 6):
 par new generation   total 38080K, used 4223K [0x00000000f0000000, 0x00000000f2950000, 0x00000000f5550000)
  eden space 33856K,   0% used [0x00000000f0000000, 0x00000000f0000000, 0x00000000f2110000)
  from space 4224K,  99% used [0x00000000f2530000, 0x00000000f294fff8, 0x00000000f2950000)
  to   space 4224K,   0% used [0x00000000f2110000, 0x00000000f2110000, 0x00000000f2530000)
 concurrent mark-sweep generation total 101760K, used 83519K [0x00000000f5550000, 0x00000000fb8b0000, 0x0000000100000000)
 Metaspace       used 88772K, capacity 90244K, committed 90484K, reserved 1130496K
  class space    used 9887K, capacity 10169K, committed 10212K, reserved 1048576K
}
Event: 40668.585 GC heap before
{Heap before GC invocations=871 (full 6):
 par new generation   total 38080K, used 38068K [0x00000000f0000000, 0x00000000f2950000, 0x00000000f5550000)
  eden space 33856K,  99% used [0x00000000f0000000, 0x00000000f210d198, 0x00000000f2110000)
  from space 4224K,  99% used [0x00000000f2530000, 0x00000000f294fff8, 0x00000000f2950000)
  to   space 4224K,   0% used [0x00000000f2110000, 0x00000000f2110000, 0x00000000f2530000)
 concurrent mark-sweep generation total 101760K, used 83519K [0x00000000f5550000, 0x00000000fb8b0000, 0x0000000100000000)
 Metaspace       used 88772K, capacity 90244K, committed 90484K, reserved 1130496K
  class space    used 9887K, capacity 10169K, committed 10212K, reserved 1048576K
Event: 40668.589 GC heap after
Heap after GC invocations=872 (full 6):
 par new generation   total 38080K, used 1713K [0x00000000f0000000, 0x00000000f2950000, 0x00000000f5550000)
  eden space 33856K,   0% used [0x00000000f0000000, 0x00000000f0000000, 0x00000000f2110000)
  from space 4224K,  40% used [0x00000000f2110000, 0x00000000f22bc578, 0x00000000f2530000)
  to   space 4224K,   0% used [0x00000000f2530000, 0x00000000f2530000, 0x00000000f2950000)
 concurrent mark-sweep generation total 101760K, used 83650K [0x00000000f5550000, 0x00000000fb8b0000, 0x0000000100000000)
 Metaspace       used 88772K, capacity 90244K, committed 90484K, reserved 1130496K
  class space    used 9887K, capacity 10169K, committed 10212K, reserved 1048576K
}
Event: 40707.937 GC heap before
{Heap before GC invocations=872 (full 6):
 par new generation   total 38080K, used 35569K [0x00000000f0000000, 0x00000000f2950000, 0x00000000f5550000)
  eden space 33856K, 100% used [0x00000000f0000000, 0x00000000f2110000, 0x00000000f2110000)
  from space 4224K,  40% used [0x00000000f2110000, 0x00000000f22bc578, 0x00000000f2530000)
  to   space 4224K,   0% used [0x00000000f2530000, 0x00000000f2530000, 0x00000000f2950000)
 concurrent mark-sweep generation total 101760K, used 83650K [0x00000000f5550000, 0x00000000fb8b0000, 0x0000000100000000)
 Metaspace       used 88775K, capacity 90244K, committed 90484K, reserved 1130496K
  class space    used 9888K, capacity 10169K, committed 10212K, reserved 1048576K
Event: 40707.943 GC heap after
Heap after GC invocations=873 (full 6):
 par new generation   total 38080K, used 3175K [0x00000000f0000000, 0x00000000f2950000, 0x00000000f5550000)
  eden space 33856K,   0% used [0x00000000f0000000, 0x00000000f0000000, 0x00000000f2110000)
  from space 4224K,  75% used [0x00000000f2530000, 0x00000000f2849ca0, 0x00000000f2950000)
  to   space 4224K,   0% used [0x00000000f2110000, 0x00000000f2110000, 0x00000000f2530000)
 concurrent mark-sweep generation total 101760K, used 83650K [0x00000000f5550000, 0x00000000fb8b0000, 0x0000000100000000)
 Metaspace       used 88775K, capacity 90244K, committed 90484K, reserved 1130496K
  class space    used 9888K, capacity 10169K, committed 10212K, reserved 1048576K
}
Event: 40769.672 GC heap before
{Heap before GC invocations=873 (full 6):
 par new generation   total 38080K, used 37026K [0x00000000f0000000, 0x00000000f2950000, 0x00000000f5550000)
  eden space 33856K,  99% used [0x00000000f0000000, 0x00000000f210ed68, 0x00000000f2110000)
  from space 4224K,  75% used [0x00000000f2530000, 0x00000000f2849ca0, 0x00000000f2950000)
  to   space 4224K,   0% used [0x00000000f2110000, 0x00000000f2110000, 0x00000000f2530000)
 concurrent mark-sweep generation total 101760K, used 83650K [0x00000000f5550000, 0x00000000fb8b0000, 0x0000000100000000)
 Metaspace       used 88775K, capacity 90244K, committed 90484K, reserved 1130496K
  class space    used 9888K, capacity 10169K, committed 10212K, reserved 1048576K
Event: 40769.679 GC heap after
Heap after GC invocations=874 (full 6):
 par new generation   total 38080K, used 3979K [0x00000000f0000000, 0x00000000f2950000, 0x00000000f5550000)
  eden space 33856K,   0% used [0x00000000f0000000, 0x00000000f0000000, 0x00000000f2110000)
  from space 4224K,  94% used [0x00000000f2110000, 0x00000000f24f2de8, 0x00000000f2530000)
  to   space 4224K,   0% used [0x00000000f2530000, 0x00000000f2530000, 0x00000000f2950000)
 concurrent mark-sweep generation total 101760K, used 83849K [0x00000000f5550000, 0x00000000fb8b0000, 0x0000000100000000)
 Metaspace       used 88775K, capacity 90244K, committed 90484K, reserved 1130496K
  class space    used 9888K, capacity 10169K, committed 10212K, reserved 1048576K
}
Event: 40830.414 GC heap before
{Heap before GC invocations=874 (full 6):
 par new generation   total 38080K, used 37835K [0x00000000f0000000, 0x00000000f2950000, 0x00000000f5550000)
  eden space 33856K, 100% used [0x00000000f0000000, 0x00000000f2110000, 0x00000000f2110000)
  from space 4224K,  94% used [0x00000000f2110000, 0x00000000f24f2de8, 0x00000000f2530000)
  to   space 4224K,   0% used [0x00000000f2530000, 0x00000000f2530000, 0x00000000f2950000)
 concurrent mark-sweep generation total 101760K, used 83849K [0x00000000f5550000, 0x00000000fb8b0000, 0x0000000100000000)
 Metaspace       used 88775K, capacity 90244K, committed 90484K, reserved 1130496K
  class space    used 9888K, capacity 10169K, committed 10212K, reserved 1048576K
Event: 40830.423 GC heap after
Heap after GC invocations=875 (full 6):
 par new generation   total 38080K, used 4223K [0x00000000f0000000, 0x00000000f2950000, 0x00000000f5550000)
  eden space 33856K,   0% used [0x00000000f0000000, 0x00000000f0000000, 0x00000000f2110000)
  from space 4224K,  99% used [0x00000000f2530000, 0x00000000f294fff8, 0x00000000f2950000)
  to   space 4224K,   0% used [0x00000000f2110000, 0x00000000f2110000, 0x00000000f2530000)
 concurrent mark-sweep generation total 101760K, used 84263K [0x00000000f5550000, 0x00000000fb8b0000, 0x0000000100000000)
 Metaspace       used 88775K, capacity 90244K, committed 90484K, reserved 1130496K
  class space    used 9888K, capacity 10169K, committed 10212K, reserved 1048576K
}

