# JRE version: OpenJDK Runtime Environment (8.0_144-b01) (build 1.8.0_144-b01)
# Java VM: OpenJDK 64-Bit Server VM (25.144-b01 mixed mode linux-amd64 compressed oops)
Heap:
 par new generation   total 38080K, used 14511K [0x00000000f0000000, 0x00000000f2950000, 0x00000000f5550000)
  eden space 33856K,  30% used [0x00000000f0000000, 0x00000000f0a0bf18, 0x00000000f2110000)
  from space 4224K, 100% used [0x00000000f2530000, 0x00000000f2950000, 0x00000000f2950000)
  to   space 4224K,   0% used [0x00000000f2110000, 0x00000000f2110000, 0x00000000f2530000)
 concurrent mark-sweep generation total 104832K, used 91456K [0x00000000f5550000, 0x00000000fbbb0000, 0x0000000100000000)
 Metaspace       used 89085K, capacity 90482K, committed 90904K, reserved 1130496K
  class space    used 9884K, capacity 10179K, committed 10264K, reserved 1048576K
GC Heap History (10 events):
Event: 46682.471 GC heap before
{Heap before GC invocations=1540 (full 14):
 par new generation   total 38080K, used 38080K [0x00000000f0000000, 0x00000000f2950000, 0x00000000f5550000)
  eden space 33856K, 100% used [0x00000000f0000000, 0x00000000f2110000, 0x00000000f2110000)
  from space 4224K, 100% used [0x00000000f2110000, 0x00000000f2530000, 0x00000000f2530000)
  to   space 4224K,   0% used [0x00000000f2530000, 0x00000000f2530000, 0x00000000f2950000)
 concurrent mark-sweep generation total 104832K, used 89274K [0x00000000f5550000, 0x00000000fbbb0000, 0x0000000100000000)
 Metaspace       used 89085K, capacity 90482K, committed 90904K, reserved 1130496K
  class space    used 9884K, capacity 10179K, committed 10264K, reserved 1048576K
Event: 46682.481 GC heap after
Heap after GC invocations=1541 (full 14):
 par new generation   total 38080K, used 4224K [0x00000000f0000000, 0x00000000f2950000, 0x00000000f5550000)
  eden space 33856K,   0% used [0x00000000f0000000, 0x00000000f0000000, 0x00000000f2110000)
  from space 4224K, 100% used [0x00000000f2530000, 0x00000000f2950000, 0x00000000f2950000)
  to   space 4224K,   0% used [0x00000000f2110000, 0x00000000f2110000, 0x00000000f2530000)
 concurrent mark-sweep generation total 104832K, used 89853K [0x00000000f5550000, 0x00000000fbbb0000, 0x0000000100000000)
 Metaspace       used 89085K, capacity 90482K, committed 90904K, reserved 1130496K
  class space    used 9884K, capacity 10179K, committed 10264K, reserved 1048576K
}
Event: 46727.904 GC heap before
{Heap before GC invocations=1541 (full 14):
 par new generation   total 38080K, used 38070K [0x00000000f0000000, 0x00000000f2950000, 0x00000000f5550000)
  eden space 33856K,  99% used [0x00000000f0000000, 0x00000000f210d990, 0x00000000f2110000)
  from space 4224K, 100% used [0x00000000f2530000, 0x00000000f2950000, 0x00000000f2950000)
  to   space 4224K,   0% used [0x00000000f2110000, 0x00000000f2110000, 0x00000000f2530000)
 concurrent mark-sweep generation total 104832K, used 89853K [0x00000000f5550000, 0x00000000fbbb0000, 0x0000000100000000)
 Metaspace       used 89085K, capacity 90482K, committed 90904K, reserved 1130496K
  class space    used 9884K, capacity 10179K, committed 10264K, reserved 1048576K
Event: 46727.913 GC heap after
Heap after GC invocations=1542 (full 14):
 par new generation   total 38080K, used 4224K [0x00000000f0000000, 0x00000000f2950000, 0x00000000f5550000)
  eden space 33856K,   0% used [0x00000000f0000000, 0x00000000f0000000, 0x00000000f2110000)
  from space 4224K, 100% used [0x00000000f2110000, 0x00000000f2530000, 0x00000000f2530000)
  to   space 4224K,   0% used [0x00000000f2530000, 0x00000000f2530000, 0x00000000f2950000)
 concurrent mark-sweep generation total 104832K, used 90231K [0x00000000f5550000, 0x00000000fbbb0000, 0x0000000100000000)
 Metaspace       used 89085K, capacity 90482K, committed 90904K, reserved 1130496K
  class space    used 9884K, capacity 10179K, committed 10264K, reserved 1048576K
}
Event: 46768.921 GC heap before
{Heap before GC invocations=1542 (full 14):
 par new generation   total 38080K, used 38080K [0x00000000f0000000, 0x00000000f2950000, 0x00000000f5550000)
  eden space 33856K, 100% used [0x00000000f0000000, 0x00000000f2110000, 0x00000000f2110000)
  from space 4224K, 100% used [0x00000000f2110000, 0x00000000f2530000, 0x00000000f2530000)
  to   space 4224K,   0% used [0x00000000f2530000, 0x00000000f2530000, 0x00000000f2950000)
 concurrent mark-sweep generation total 104832K, used 90231K [0x00000000f5550000, 0x00000000fbbb0000, 0x0000000100000000)
 Metaspace       used 89085K, capacity 90482K, committed 90904K, reserved 1130496K
  class space    used 9884K, capacity 10179K, committed 10264K, reserved 1048576K
Event: 46768.930 GC heap after
Heap after GC invocations=1543 (full 14):
 par new generation   total 38080K, used 4224K [0x00000000f0000000, 0x00000000f2950000, 0x00000000f5550000)
  eden space 33856K,   0% used [0x00000000f0000000, 0x00000000f0000000, 0x00000000f2110000)
  from space 4224K, 100% used [0x00000000f2530000, 0x00000000f2950000, 0x00000000f2950000)
  to   space 4224K,   0% used [0x00000000f2110000, 0x00000000f2110000, 0x00000000f2530000)
 concurrent mark-sweep generation total 104832K, used 90574K [0x00000000f5550000, 0x00000000fbbb0000, 0x0000000100000000)
 Metaspace       used 89085K, capacity 90482K, committed 90904K, reserved 1130496K
  class space    used 9884K, capacity 10179K, committed 10264K, reserved 1048576K
}
Event: 46790.396 GC heap before
{Heap before GC invocations=1543 (full 14):
 par new generation   total 38080K, used 38080K [0x00000000f0000000, 0x00000000f2950000, 0x00000000f5550000)
  eden space 33856K, 100% used [0x00000000f0000000, 0x00000000f2110000, 0x00000000f2110000)
  from space 4224K, 100% used [0x00000000f2530000, 0x00000000f2950000, 0x00000000f2950000)
  to   space 4224K,   0% used [0x00000000f2110000, 0x00000000f2110000, 0x00000000f2530000)
 concurrent mark-sweep generation total 104832K, used 90574K [0x00000000f5550000, 0x00000000fbbb0000, 0x0000000100000000)
 Metaspace       used 89085K, capacity 90482K, committed 90904K, reserved 1130496K
  class space    used 9884K, capacity 10179K, committed 10264K, reserved 1048576K
Event: 46790.400 GC heap after
Heap after GC invocations=1544 (full 14):
 par new generation   total 38080K, used 1989K [0x00000000f0000000, 0x00000000f2950000, 0x00000000f5550000)
  eden space 33856K,   0% used [0x00000000f0000000, 0x00000000f0000000, 0x00000000f2110000)
  from space 4224K,  47% used [0x00000000f2110000, 0x00000000f2301680, 0x00000000f2530000)
  to   space 4224K,   0% used [0x00000000f2530000, 0x00000000f2530000, 0x00000000f2950000)
 concurrent mark-sweep generation total 104832K, used 90705K [0x00000000f5550000, 0x00000000fbbb0000, 0x0000000100000000)
 Metaspace       used 89085K, capacity 90482K, committed 90904K, reserved 1130496K
  class space    used 9884K, capacity 10179K, committed 10264K, reserved 1048576K
}
Event: 46842.785 GC heap before
{Heap before GC invocations=1544 (full 14):
 par new generation   total 38080K, used 35845K [0x00000000f0000000, 0x00000000f2950000, 0x00000000f5550000)
  eden space 33856K, 100% used [0x00000000f0000000, 0x00000000f2110000, 0x00000000f2110000)
  from space 4224K,  47% used [0x00000000f2110000, 0x00000000f2301680, 0x00000000f2530000)
  to   space 4224K,   0% used [0x00000000f2530000, 0x00000000f2530000, 0x00000000f2950000)
 concurrent mark-sweep generation total 104832K, used 90705K [0x00000000f5550000, 0x00000000fbbb0000, 0x0000000100000000)
 Metaspace       used 89085K, capacity 90482K, committed 90904K, reserved 1130496K
  class space    used 9884K, capacity 10179K, committed 10264K, reserved 1048576K
Event: 46842.796 GC heap after
Heap after GC invocations=1545 (full 14):
 par new generation   total 38080K, used 4224K [0x00000000f0000000, 0x00000000f2950000, 0x00000000f5550000)
  eden space 33856K,   0% used [0x00000000f0000000, 0x00000000f0000000, 0x00000000f2110000)
  from space 4224K, 100% used [0x00000000f2530000, 0x00000000f2950000, 0x00000000f2950000)
  to   space 4224K,   0% used [0x00000000f2110000, 0x00000000f2110000, 0x00000000f2530000)
 concurrent mark-sweep generation total 104832K, used 91456K [0x00000000f5550000, 0x00000000fbbb0000, 0x0000000100000000)
 Metaspace       used 89085K, capacity 90482K, committed 90904K, reserved 1130496K
  class space    used 9884K, capacity 10179K, committed 10264K, reserved 1048576K
}

