# JRE version: OpenJDK Runtime Environment (8.0_144-b01) (build 1.8.0_144-b01)
# Java VM: OpenJDK 64-Bit Server VM (25.144-b01 mixed mode linux-amd64 compressed oops)
Heap:
 par new generation   total 18432K, used 6846K [0x00000000f0000000, 0x00000000f1400000, 0x00000000f5550000)
  eden space 16384K,  32% used [0x00000000f0000000, 0x00000000f0532348, 0x00000000f1000000)
  from space 2048K,  74% used [0x00000000f1200000, 0x00000000f137d600, 0x00000000f1400000)
  to   space 2048K,   0% used [0x00000000f1000000, 0x00000000f1000000, 0x00000000f1200000)
 concurrent mark-sweep generation total 78420K, used 52470K [0x00000000f5550000, 0x00000000fa1e5000, 0x0000000100000000)
 Metaspace       used 83063K, capacity 83990K, committed 84908K, reserved 1124352K
  class space    used 9620K, capacity 9799K, committed 9956K, reserved 1048576K
GC Heap History (10 events):
Event: 2970.122 GC heap before
{Heap before GC invocations=432 (full 7):
 par new generation   total 18432K, used 18116K [0x00000000f0000000, 0x00000000f1400000, 0x00000000f5550000)
  eden space 16384K, 100% used [0x00000000f0000000, 0x00000000f1000000, 0x00000000f1000000)
  from space 2048K,  84% used [0x00000000f1000000, 0x00000000f11b10c8, 0x00000000f1200000)
  to   space 2048K,   0% used [0x00000000f1200000, 0x00000000f1200000, 0x00000000f1400000)
 concurrent mark-sweep generation total 78420K, used 51899K [0x00000000f5550000, 0x00000000fa1e5000, 0x0000000100000000)
 Metaspace       used 83063K, capacity 83990K, committed 84908K, reserved 1124352K
  class space    used 9620K, capacity 9799K, committed 9956K, reserved 1048576K
Event: 2970.125 GC heap after
Heap after GC invocations=433 (full 7):
 par new generation   total 18432K, used 1385K [0x00000000f0000000, 0x00000000f1400000, 0x00000000f5550000)
  eden space 16384K,   0% used [0x00000000f0000000, 0x00000000f0000000, 0x00000000f1000000)
  from space 2048K,  67% used [0x00000000f1200000, 0x00000000f135a518, 0x00000000f1400000)
  to   space 2048K,   0% used [0x00000000f1000000, 0x00000000f1000000, 0x00000000f1200000)
 concurrent mark-sweep generation total 78420K, used 51949K [0x00000000f5550000, 0x00000000fa1e5000, 0x0000000100000000)
 Metaspace       used 83063K, capacity 83990K, committed 84908K, reserved 1124352K
  class space    used 9620K, capacity 9799K, committed 9956K, reserved 1048576K
}
Event: 2984.181 GC heap before
{Heap before GC invocations=433 (full 7):
 par new generation   total 18432K, used 17769K [0x00000000f0000000, 0x00000000f1400000, 0x00000000f5550000)
  eden space 16384K, 100% used [0x00000000f0000000, 0x00000000f1000000, 0x00000000f1000000)
  from space 2048K,  67% used [0x00000000f1200000, 0x00000000f135a518, 0x00000000f1400000)
  to   space 2048K,   0% used [0x00000000f1000000, 0x00000000f1000000, 0x00000000f1200000)
 concurrent mark-sweep generation total 78420K, used 51949K [0x00000000f5550000, 0x00000000fa1e5000, 0x0000000100000000)
 Metaspace       used 83063K, capacity 83990K, committed 84908K, reserved 1124352K
  class space    used 9620K, capacity 9799K, committed 9956K, reserved 1048576K
Event: 2984.186 GC heap after
Heap after GC invocations=434 (full 7):
 par new generation   total 18432K, used 1842K [0x00000000f0000000, 0x00000000f1400000, 0x00000000f5550000)
  eden space 16384K,   0% used [0x00000000f0000000, 0x00000000f0000000, 0x00000000f1000000)
  from space 2048K,  89% used [0x00000000f1000000, 0x00000000f11cc838, 0x00000000f1200000)
  to   space 2048K,   0% used [0x00000000f1200000, 0x00000000f1200000, 0x00000000f1400000)
 concurrent mark-sweep generation total 78420K, used 52338K [0x00000000f5550000, 0x00000000fa1e5000, 0x0000000100000000)
 Metaspace       used 83063K, capacity 83990K, committed 84908K, reserved 1124352K
  class space    used 9620K, capacity 9799K, committed 9956K, reserved 1048576K
}
Event: 3003.278 GC heap before
{Heap before GC invocations=434 (full 7):
 par new generation   total 18432K, used 18226K [0x00000000f0000000, 0x00000000f1400000, 0x00000000f5550000)
  eden space 16384K, 100% used [0x00000000f0000000, 0x00000000f1000000, 0x00000000f1000000)
  from space 2048K,  89% used [0x00000000f1000000, 0x00000000f11cc838, 0x00000000f1200000)
  to   space 2048K,   0% used [0x00000000f1200000, 0x00000000f1200000, 0x00000000f1400000)
 concurrent mark-sweep generation total 78420K, used 52338K [0x00000000f5550000, 0x00000000fa1e5000, 0x0000000100000000)
 Metaspace       used 83063K, capacity 83990K, committed 84908K, reserved 1124352K
  class space    used 9620K, capacity 9799K, committed 9956K, reserved 1048576K
Event: 3003.281 GC heap after
Heap after GC invocations=435 (full 7):
 par new generation   total 18432K, used 1486K [0x00000000f0000000, 0x00000000f1400000, 0x00000000f5550000)
  eden space 16384K,   0% used [0x00000000f0000000, 0x00000000f0000000, 0x00000000f1000000)
  from space 2048K,  72% used [0x00000000f1200000, 0x00000000f1373810, 0x00000000f1400000)
  to   space 2048K,   0% used [0x00000000f1000000, 0x00000000f1000000, 0x00000000f1200000)
 concurrent mark-sweep generation total 78420K, used 52351K [0x00000000f5550000, 0x00000000fa1e5000, 0x0000000100000000)
 Metaspace       used 83063K, capacity 83990K, committed 84908K, reserved 1124352K
  class space    used 9620K, capacity 9799K, committed 9956K, reserved 1048576K
}
Event: 3015.161 GC heap before
{Heap before GC invocations=435 (full 7):
 par new generation   total 18432K, used 17860K [0x00000000f0000000, 0x00000000f1400000, 0x00000000f5550000)
  eden space 16384K,  99% used [0x00000000f0000000, 0x00000000f0ffd9d8, 0x00000000f1000000)
  from space 2048K,  72% used [0x00000000f1200000, 0x00000000f1373810, 0x00000000f1400000)
  to   space 2048K,   0% used [0x00000000f1000000, 0x00000000f1000000, 0x00000000f1200000)
 concurrent mark-sweep generation total 78420K, used 52351K [0x00000000f5550000, 0x00000000fa1e5000, 0x0000000100000000)
 Metaspace       used 83063K, capacity 83990K, committed 84908K, reserved 1124352K
  class space    used 9620K, capacity 9799K, committed 9956K, reserved 1048576K
Event: 3015.165 GC heap after
Heap after GC invocations=436 (full 7):
 par new generation   total 18432K, used 1689K [0x00000000f0000000, 0x00000000f1400000, 0x00000000f5550000)
  eden space 16384K,   0% used [0x00000000f0000000, 0x00000000f0000000, 0x00000000f1000000)
  from space 2048K,  82% used [0x00000000f1000000, 0x00000000f11a6768, 0x00000000f1200000)
  to   space 2048K,   0% used [0x00000000f1200000, 0x00000000f1200000, 0x00000000f1400000)
 concurrent mark-sweep generation total 78420K, used 52455K [0x00000000f5550000, 0x00000000fa1e5000, 0x0000000100000000)
 Metaspace       used 83063K, capacity 83990K, committed 84908K, reserved 1124352K
  class space    used 9620K, capacity 9799K, committed 9956K, reserved 1048576K
}
Event: 3034.493 GC heap before
{Heap before GC invocations=436 (full 7):
 par new generation   total 18432K, used 18073K [0x00000000f0000000, 0x00000000f1400000, 0x00000000f5550000)
  eden space 16384K, 100% used [0x00000000f0000000, 0x00000000f1000000, 0x00000000f1000000)
  from space 2048K,  82% used [0x00000000f1000000, 0x00000000f11a6768, 0x00000000f1200000)
  to   space 2048K,   0% used [0x00000000f1200000, 0x00000000f1200000, 0x00000000f1400000)
 concurrent mark-sweep generation total 78420K, used 52455K [0x00000000f5550000, 0x00000000fa1e5000, 0x0000000100000000)
 Metaspace       used 83063K, capacity 83990K, committed 84908K, reserved 1124352K
  class space    used 9620K, capacity 9799K, committed 9956K, reserved 1048576K
Event: 3034.497 GC heap after
Heap after GC invocations=437 (full 7):
 par new generation   total 18432K, used 1525K [0x00000000f0000000, 0x00000000f1400000, 0x00000000f5550000)
  eden space 16384K,   0% used [0x00000000f0000000, 0x00000000f0000000, 0x00000000f1000000)
  from space 2048K,  74% used [0x00000000f1200000, 0x00000000f137d600, 0x00000000f1400000)
  to   space 2048K,   0% used [0x00000000f1000000, 0x00000000f1000000, 0x00000000f1200000)
 concurrent mark-sweep generation total 78420K, used 52470K [0x00000000f5550000, 0x00000000fa1e5000, 0x0000000100000000)
 Metaspace       used 83063K, capacity 83990K, committed 84908K, reserved 1124352K
  class space    used 9620K, capacity 9799K, committed 9956K, reserved 1048576K
}

