# JRE version: OpenJDK Runtime Environment (8.0_144-b01) (build 1.8.0_144-b01)
# Java VM: OpenJDK 64-Bit Server VM (25.144-b01 mixed mode linux-amd64 compressed oops)
Heap:
 par new generation   total 38080K, used 19811K [0x00000000f0000000, 0x00000000f2950000, 0x00000000f5550000)
  eden space 33856K,  46% used [0x00000000f0000000, 0x00000000f0f45d00, 0x00000000f2110000)
  from space 4224K,  98% used [0x00000000f2530000, 0x00000000f2943008, 0x00000000f2950000)
  to   space 4224K,   0% used [0x00000000f2110000, 0x00000000f2110000, 0x00000000f2530000)
 concurrent mark-sweep generation total 84672K, used 65127K [0x00000000f5550000, 0x00000000fa800000, 0x0000000100000000)
 Metaspace       used 85328K, capacity 86923K, committed 86960K, reserved 1126400K
  class space    used 9843K, capacity 10159K, committed 10184K, reserved 1048576K
GC Heap History (10 events):
Event: 1972.250 GC heap before
{Heap before GC invocations=154 (full 3):
 par new generation   total 38080K, used 36324K [0x00000000f0000000, 0x00000000f2950000, 0x00000000f5550000)
  eden space 33856K, 100% used [0x00000000f0000000, 0x00000000f2110000, 0x00000000f2110000)
  from space 4224K,  58% used [0x00000000f2110000, 0x00000000f23791f0, 0x00000000f2530000)
  to   space 4224K,   0% used [0x00000000f2530000, 0x00000000f2530000, 0x00000000f2950000)
 concurrent mark-sweep generation total 84672K, used 64688K [0x00000000f5550000, 0x00000000fa800000, 0x0000000100000000)
 Metaspace       used 84799K, capacity 86379K, committed 86448K, reserved 1126400K
  class space    used 9839K, capacity 10153K, committed 10184K, reserved 1048576K
Event: 1972.261 GC heap after
Heap after GC invocations=155 (full 3):
 par new generation   total 38080K, used 3935K [0x00000000f0000000, 0x00000000f2950000, 0x00000000f5550000)
  eden space 33856K,   0% used [0x00000000f0000000, 0x00000000f0000000, 0x00000000f2110000)
  from space 4224K,  93% used [0x00000000f2530000, 0x00000000f2907e20, 0x00000000f2950000)
  to   space 4224K,   0% used [0x00000000f2110000, 0x00000000f2110000, 0x00000000f2530000)
 concurrent mark-sweep generation total 84672K, used 64784K [0x00000000f5550000, 0x00000000fa800000, 0x0000000100000000)
 Metaspace       used 84799K, capacity 86379K, committed 86448K, reserved 1126400K
  class space    used 9839K, capacity 10153K, committed 10184K, reserved 1048576K
}
Event: 2046.904 GC heap before
{Heap before GC invocations=155 (full 3):
 par new generation   total 38080K, used 37791K [0x00000000f0000000, 0x00000000f2950000, 0x00000000f5550000)
  eden space 33856K, 100% used [0x00000000f0000000, 0x00000000f2110000, 0x00000000f2110000)
  from space 4224K,  93% used [0x00000000f2530000, 0x00000000f2907e20, 0x00000000f2950000)
  to   space 4224K,   0% used [0x00000000f2110000, 0x00000000f2110000, 0x00000000f2530000)
 concurrent mark-sweep generation total 84672K, used 64784K [0x00000000f5550000, 0x00000000fa800000, 0x0000000100000000)
 Metaspace       used 84810K, capacity 86379K, committed 86448K, reserved 1126400K
  class space    used 9839K, capacity 10153K, committed 10184K, reserved 1048576K
Event: 2046.914 GC heap after
Heap after GC invocations=156 (full 3):
 par new generation   total 38080K, used 4223K [0x00000000f0000000, 0x00000000f2950000, 0x00000000f5550000)
  eden space 33856K,   0% used [0x00000000f0000000, 0x00000000f0000000, 0x00000000f2110000)
  from space 4224K,  99% used [0x00000000f2110000, 0x00000000f252fff8, 0x00000000f2530000)
  to   space 4224K,   0% used [0x00000000f2530000, 0x00000000f2530000, 0x00000000f2950000)
 concurrent mark-sweep generation total 84672K, used 64841K [0x00000000f5550000, 0x00000000fa800000, 0x0000000100000000)
 Metaspace       used 84810K, capacity 86379K, committed 86448K, reserved 1126400K
  class space    used 9839K, capacity 10153K, committed 10184K, reserved 1048576K
}
Event: 2098.685 GC heap before
{Heap before GC invocations=156 (full 3):
 par new generation   total 38080K, used 38079K [0x00000000f0000000, 0x00000000f2950000, 0x00000000f5550000)
  eden space 33856K, 100% used [0x00000000f0000000, 0x00000000f2110000, 0x00000000f2110000)
  from space 4224K,  99% used [0x00000000f2110000, 0x00000000f252fff8, 0x00000000f2530000)
  to   space 4224K,   0% used [0x00000000f2530000, 0x00000000f2530000, 0x00000000f2950000)
 concurrent mark-sweep generation total 84672K, used 64841K [0x00000000f5550000, 0x00000000fa800000, 0x0000000100000000)
 Metaspace       used 84875K, capacity 86475K, committed 86704K, reserved 1126400K
  class space    used 9842K, capacity 10159K, committed 10184K, reserved 1048576K
Event: 2098.693 GC heap after
Heap after GC invocations=157 (full 3):
 par new generation   total 38080K, used 3426K [0x00000000f0000000, 0x00000000f2950000, 0x00000000f5550000)
  eden space 33856K,   0% used [0x00000000f0000000, 0x00000000f0000000, 0x00000000f2110000)
  from space 4224K,  81% used [0x00000000f2530000, 0x00000000f2888a70, 0x00000000f2950000)
  to   space 4224K,   0% used [0x00000000f2110000, 0x00000000f2110000, 0x00000000f2530000)
 concurrent mark-sweep generation total 84672K, used 64871K [0x00000000f5550000, 0x00000000fa800000, 0x0000000100000000)
 Metaspace       used 84875K, capacity 86475K, committed 86704K, reserved 1126400K
  class space    used 9842K, capacity 10159K, committed 10184K, reserved 1048576K
}
Event: 2146.487 GC heap before
{Heap before GC invocations=157 (full 3):
 par new generation   total 38080K, used 37282K [0x00000000f0000000, 0x00000000f2950000, 0x00000000f5550000)
  eden space 33856K, 100% used [0x00000000f0000000, 0x00000000f2110000, 0x00000000f2110000)
  from space 4224K,  81% used [0x00000000f2530000, 0x00000000f2888a70, 0x00000000f2950000)
  to   space 4224K,   0% used [0x00000000f2110000, 0x00000000f2110000, 0x00000000f2530000)
 concurrent mark-sweep generation total 84672K, used 64871K [0x00000000f5550000, 0x00000000fa800000, 0x0000000100000000)
 Metaspace       used 84899K, capacity 86539K, committed 86704K, reserved 1126400K
  class space    used 9842K, capacity 10159K, committed 10184K, reserved 1048576K
Event: 2146.496 GC heap after
Heap after GC invocations=158 (full 3):
 par new generation   total 38080K, used 3860K [0x00000000f0000000, 0x00000000f2950000, 0x00000000f5550000)
  eden space 33856K,   0% used [0x00000000f0000000, 0x00000000f0000000, 0x00000000f2110000)
  from space 4224K,  91% used [0x00000000f2110000, 0x00000000f24d5138, 0x00000000f2530000)
  to   space 4224K,   0% used [0x00000000f2530000, 0x00000000f2530000, 0x00000000f2950000)
 concurrent mark-sweep generation total 84672K, used 65068K [0x00000000f5550000, 0x00000000fa800000, 0x0000000100000000)
 Metaspace       used 84899K, capacity 86539K, committed 86704K, reserved 1126400K
  class space    used 9842K, capacity 10159K, committed 10184K, reserved 1048576K
}
Event: 2220.798 GC heap before
{Heap before GC invocations=158 (full 3):
 par new generation   total 38080K, used 37716K [0x00000000f0000000, 0x00000000f2950000, 0x00000000f5550000)
  eden space 33856K, 100% used [0x00000000f0000000, 0x00000000f2110000, 0x00000000f2110000)
  from space 4224K,  91% used [0x00000000f2110000, 0x00000000f24d5138, 0x00000000f2530000)
  to   space 4224K,   0% used [0x00000000f2530000, 0x00000000f2530000, 0x00000000f2950000)
 concurrent mark-sweep generation total 84672K, used 65068K [0x00000000f5550000, 0x00000000fa800000, 0x0000000100000000)
 Metaspace       used 85216K, capacity 86859K, committed 86960K, reserved 1126400K
  class space    used 9842K, capacity 10159K, committed 10184K, reserved 1048576K
Event: 2220.810 GC heap after
Heap after GC invocations=159 (full 3):
 par new generation   total 38080K, used 4172K [0x00000000f0000000, 0x00000000f2950000, 0x00000000f5550000)
  eden space 33856K,   0% used [0x00000000f0000000, 0x00000000f0000000, 0x00000000f2110000)
  from space 4224K,  98% used [0x00000000f2530000, 0x00000000f2943008, 0x00000000f2950000)
  to   space 4224K,   0% used [0x00000000f2110000, 0x00000000f2110000, 0x00000000f2530000)
 concurrent mark-sweep generation total 84672K, used 65127K [0x00000000f5550000, 0x00000000fa800000, 0x0000000100000000)
 Metaspace       used 85216K, capacity 86859K, committed 86960K, reserved 1126400K
  class space    used 9842K, capacity 10159K, committed 10184K, reserved 1048576K
}

