# JRE version: OpenJDK Runtime Environment (8.0_144-b01) (build 1.8.0_144-b01)
# Java VM: OpenJDK 64-Bit Server VM (25.144-b01 mixed mode linux-amd64 compressed oops)
Heap:
 par new generation   total 38080K, used 36645K [0x00000000f0000000, 0x00000000f2950000, 0x00000000f5550000)
  eden space 33856K,  97% used [0x00000000f0000000, 0x00000000f2060348, 0x00000000f2110000)
  from space 4224K,  82% used [0x00000000f2110000, 0x00000000f2479190, 0x00000000f2530000)
  to   space 4224K,   0% used [0x00000000f2530000, 0x00000000f2530000, 0x00000000f2950000)
 concurrent mark-sweep generation total 84672K, used 62728K [0x00000000f5550000, 0x00000000fa800000, 0x0000000100000000)
 Metaspace       used 81370K, capacity 82714K, committed 82940K, reserved 1122304K
  class space    used 9693K, capacity 9961K, committed 9980K, reserved 1048576K
GC Heap History (10 events):
Event: 117.316 GC heap before
{Heap before GC invocations=119 (full 3):
 par new generation   total 38080K, used 36812K [0x00000000f0000000, 0x00000000f2950000, 0x00000000f5550000)
  eden space 33856K, 100% used [0x00000000f0000000, 0x00000000f2110000, 0x00000000f2110000)
  from space 4224K,  69% used [0x00000000f2530000, 0x00000000f2813208, 0x00000000f2950000)
  to   space 4224K,   0% used [0x00000000f2110000, 0x00000000f2110000, 0x00000000f2530000)
 concurrent mark-sweep generation total 84672K, used 59386K [0x00000000f5550000, 0x00000000fa800000, 0x0000000100000000)
 Metaspace       used 78787K, capacity 80124K, committed 80380K, reserved 1120256K
  class space    used 9451K, capacity 9716K, committed 9724K, reserved 1048576K
Event: 117.322 GC heap after
Heap after GC invocations=120 (full 3):
 par new generation   total 38080K, used 3252K [0x00000000f0000000, 0x00000000f2950000, 0x00000000f5550000)
  eden space 33856K,   0% used [0x00000000f0000000, 0x00000000f0000000, 0x00000000f2110000)
  from space 4224K,  76% used [0x00000000f2110000, 0x00000000f243d000, 0x00000000f2530000)
  to   space 4224K,   0% used [0x00000000f2530000, 0x00000000f2530000, 0x00000000f2950000)
 concurrent mark-sweep generation total 84672K, used 59386K [0x00000000f5550000, 0x00000000fa800000, 0x0000000100000000)
 Metaspace       used 78787K, capacity 80124K, committed 80380K, reserved 1120256K
  class space    used 9451K, capacity 9716K, committed 9724K, reserved 1048576K
}
Event: 170.329 GC heap before
{Heap before GC invocations=120 (full 3):
 par new generation   total 38080K, used 37108K [0x00000000f0000000, 0x00000000f2950000, 0x00000000f5550000)
  eden space 33856K, 100% used [0x00000000f0000000, 0x00000000f2110000, 0x00000000f2110000)
  from space 4224K,  76% used [0x00000000f2110000, 0x00000000f243d000, 0x00000000f2530000)
  to   space 4224K,   0% used [0x00000000f2530000, 0x00000000f2530000, 0x00000000f2950000)
 concurrent mark-sweep generation total 84672K, used 59386K [0x00000000f5550000, 0x00000000fa800000, 0x0000000100000000)
 Metaspace       used 79703K, capacity 80980K, committed 81276K, reserved 1120256K
  class space    used 9552K, capacity 9784K, committed 9852K, reserved 1048576K
Event: 170.337 GC heap after
Heap after GC invocations=121 (full 3):
 par new generation   total 38080K, used 3748K [0x00000000f0000000, 0x00000000f2950000, 0x00000000f5550000)
  eden space 33856K,   0% used [0x00000000f0000000, 0x00000000f0000000, 0x00000000f2110000)
  from space 4224K,  88% used [0x00000000f2530000, 0x00000000f28d9178, 0x00000000f2950000)
  to   space 4224K,   0% used [0x00000000f2110000, 0x00000000f2110000, 0x00000000f2530000)
 concurrent mark-sweep generation total 84672K, used 60453K [0x00000000f5550000, 0x00000000fa800000, 0x0000000100000000)
 Metaspace       used 79703K, capacity 80980K, committed 81276K, reserved 1120256K
  class space    used 9552K, capacity 9784K, committed 9852K, reserved 1048576K
}
Event: 170.853 GC heap before
{Heap before GC invocations=121 (full 3):
 par new generation   total 38080K, used 37604K [0x00000000f0000000, 0x00000000f2950000, 0x00000000f5550000)
  eden space 33856K, 100% used [0x00000000f0000000, 0x00000000f2110000, 0x00000000f2110000)
  from space 4224K,  88% used [0x00000000f2530000, 0x00000000f28d9178, 0x00000000f2950000)
  to   space 4224K,   0% used [0x00000000f2110000, 0x00000000f2110000, 0x00000000f2530000)
 concurrent mark-sweep generation total 84672K, used 60453K [0x00000000f5550000, 0x00000000fa800000, 0x0000000100000000)
 Metaspace       used 80500K, capacity 81862K, committed 81916K, reserved 1122304K
  class space    used 9658K, capacity 9947K, committed 9980K, reserved 1048576K
Event: 170.859 GC heap after
Heap after GC invocations=122 (full 3):
 par new generation   total 38080K, used 2115K [0x00000000f0000000, 0x00000000f2950000, 0x00000000f5550000)
  eden space 33856K,   0% used [0x00000000f0000000, 0x00000000f0000000, 0x00000000f2110000)
  from space 4224K,  50% used [0x00000000f2110000, 0x00000000f2320c18, 0x00000000f2530000)
  to   space 4224K,   0% used [0x00000000f2530000, 0x00000000f2530000, 0x00000000f2950000)
 concurrent mark-sweep generation total 84672K, used 62019K [0x00000000f5550000, 0x00000000fa800000, 0x0000000100000000)
 Metaspace       used 80500K, capacity 81862K, committed 81916K, reserved 1122304K
  class space    used 9658K, capacity 9947K, committed 9980K, reserved 1048576K
}
Event: 276.970 GC heap before
{Heap before GC invocations=122 (full 3):
 par new generation   total 38080K, used 35971K [0x00000000f0000000, 0x00000000f2950000, 0x00000000f5550000)
  eden space 33856K, 100% used [0x00000000f0000000, 0x00000000f2110000, 0x00000000f2110000)
  from space 4224K,  50% used [0x00000000f2110000, 0x00000000f2320c18, 0x00000000f2530000)
  to   space 4224K,   0% used [0x00000000f2530000, 0x00000000f2530000, 0x00000000f2950000)
 concurrent mark-sweep generation total 84672K, used 62019K [0x00000000f5550000, 0x00000000fa800000, 0x0000000100000000)
 Metaspace       used 80904K, capacity 82188K, committed 82428K, reserved 1122304K
  class space    used 9686K, capacity 9948K, committed 9980K, reserved 1048576K
Event: 276.978 GC heap after
Heap after GC invocations=123 (full 3):
 par new generation   total 38080K, used 3673K [0x00000000f0000000, 0x00000000f2950000, 0x00000000f5550000)
  eden space 33856K,   0% used [0x00000000f0000000, 0x00000000f0000000, 0x00000000f2110000)
  from space 4224K,  86% used [0x00000000f2530000, 0x00000000f28c6750, 0x00000000f2950000)
  to   space 4224K,   0% used [0x00000000f2110000, 0x00000000f2110000, 0x00000000f2530000)
 concurrent mark-sweep generation total 84672K, used 62019K [0x00000000f5550000, 0x00000000fa800000, 0x0000000100000000)
 Metaspace       used 80904K, capacity 82188K, committed 82428K, reserved 1122304K
  class space    used 9686K, capacity 9948K, committed 9980K, reserved 1048576K
}
Event: 513.519 GC heap before
{Heap before GC invocations=123 (full 3):
 par new generation   total 38080K, used 37529K [0x00000000f0000000, 0x00000000f2950000, 0x00000000f5550000)
  eden space 33856K, 100% used [0x00000000f0000000, 0x00000000f2110000, 0x00000000f2110000)
  from space 4224K,  86% used [0x00000000f2530000, 0x00000000f28c6750, 0x00000000f2950000)
  to   space 4224K,   0% used [0x00000000f2110000, 0x00000000f2110000, 0x00000000f2530000)
 concurrent mark-sweep generation total 84672K, used 62019K [0x00000000f5550000, 0x00000000fa800000, 0x0000000100000000)
 Metaspace       used 81123K, capacity 82422K, committed 82684K, reserved 1122304K
  class space    used 9690K, capacity 9955K, committed 9980K, reserved 1048576K
Event: 513.533 GC heap after
Heap after GC invocations=124 (full 3):
 par new generation   total 38080K, used 3492K [0x00000000f0000000, 0x00000000f2950000, 0x00000000f5550000)
  eden space 33856K,   0% used [0x00000000f0000000, 0x00000000f0000000, 0x00000000f2110000)
  from space 4224K,  82% used [0x00000000f2110000, 0x00000000f2479190, 0x00000000f2530000)
  to   space 4224K,   0% used [0x00000000f2530000, 0x00000000f2530000, 0x00000000f2950000)
 concurrent mark-sweep generation total 84672K, used 62728K [0x00000000f5550000, 0x00000000fa800000, 0x0000000100000000)
 Metaspace       used 81123K, capacity 82422K, committed 82684K, reserved 1122304K
  class space    used 9690K, capacity 9955K, committed 9980K, reserved 1048576K
}

