# JRE version: OpenJDK Runtime Environment (8.0_144-b01) (build 1.8.0_144-b01)
# Java VM: OpenJDK 64-Bit Server VM (25.144-b01 mixed mode linux-amd64 compressed oops)
Heap:
 par new generation   total 38080K, used 14376K [0x00000000f0000000, 0x00000000f2950000, 0x00000000f5550000)
  eden space 33856K,  37% used [0x00000000f0000000, 0x00000000f0c70e20, 0x00000000f2110000)
  from space 4224K,  38% used [0x00000000f2110000, 0x00000000f22a93d8, 0x00000000f2530000)
  to   space 4224K,   0% used [0x00000000f2530000, 0x00000000f2530000, 0x00000000f2950000)
 concurrent mark-sweep generation total 84672K, used 58180K [0x00000000f5550000, 0x00000000fa800000, 0x0000000100000000)
 Metaspace       used 82105K, capacity 83322K, committed 83628K, reserved 1122304K
  class space    used 9611K, capacity 9843K, committed 9956K, reserved 1048576K
GC Heap History (10 events):
Event: 695.276 GC heap before
{Heap before GC invocations=169 (full 3):
 par new generation   total 38080K, used 35275K [0x00000000f0000000, 0x00000000f2950000, 0x00000000f5550000)
  eden space 33856K, 100% used [0x00000000f0000000, 0x00000000f2110000, 0x00000000f2110000)
  from space 4224K,  33% used [0x00000000f2530000, 0x00000000f2692c10, 0x00000000f2950000)
  to   space 4224K,   0% used [0x00000000f2110000, 0x00000000f2110000, 0x00000000f2530000)
 concurrent mark-sweep generation total 84672K, used 58072K [0x00000000f5550000, 0x00000000fa800000, 0x0000000100000000)
 Metaspace       used 81974K, capacity 83176K, committed 83372K, reserved 1122304K
  class space    used 9606K, capacity 9840K, committed 9956K, reserved 1048576K
Event: 695.278 GC heap after
Heap after GC invocations=170 (full 3):
 par new generation   total 38080K, used 1158K [0x00000000f0000000, 0x00000000f2950000, 0x00000000f5550000)
  eden space 33856K,   0% used [0x00000000f0000000, 0x00000000f0000000, 0x00000000f2110000)
  from space 4224K,  27% used [0x00000000f2110000, 0x00000000f2231ae0, 0x00000000f2530000)
  to   space 4224K,   0% used [0x00000000f2530000, 0x00000000f2530000, 0x00000000f2950000)
 concurrent mark-sweep generation total 84672K, used 58077K [0x00000000f5550000, 0x00000000fa800000, 0x0000000100000000)
 Metaspace       used 81974K, capacity 83176K, committed 83372K, reserved 1122304K
  class space    used 9606K, capacity 9840K, committed 9956K, reserved 1048576K
}
Event: 707.530 GC heap before
{Heap before GC invocations=170 (full 3):
 par new generation   total 38080K, used 35014K [0x00000000f0000000, 0x00000000f2950000, 0x00000000f5550000)
  eden space 33856K, 100% used [0x00000000f0000000, 0x00000000f2110000, 0x00000000f2110000)
  from space 4224K,  27% used [0x00000000f2110000, 0x00000000f2231ae0, 0x00000000f2530000)
  to   space 4224K,   0% used [0x00000000f2530000, 0x00000000f2530000, 0x00000000f2950000)
 concurrent mark-sweep generation total 84672K, used 58077K [0x00000000f5550000, 0x00000000fa800000, 0x0000000100000000)
 Metaspace       used 81981K, capacity 83176K, committed 83372K, reserved 1122304K
  class space    used 9606K, capacity 9840K, committed 9956K, reserved 1048576K
Event: 707.533 GC heap after
Heap after GC invocations=171 (full 3):
 par new generation   total 38080K, used 1576K [0x00000000f0000000, 0x00000000f2950000, 0x00000000f5550000)
  eden space 33856K,   0% used [0x00000000f0000000, 0x00000000f0000000, 0x00000000f2110000)
  from space 4224K,  37% used [0x00000000f2530000, 0x00000000f26ba3d8, 0x00000000f2950000)
  to   space 4224K,   0% used [0x00000000f2110000, 0x00000000f2110000, 0x00000000f2530000)
 concurrent mark-sweep generation total 84672K, used 58081K [0x00000000f5550000, 0x00000000fa800000, 0x0000000100000000)
 Metaspace       used 81981K, capacity 83176K, committed 83372K, reserved 1122304K
  class space    used 9606K, capacity 9840K, committed 9956K, reserved 1048576K
}
Event: 732.162 GC heap before
{Heap before GC invocations=171 (full 3):
 par new generation   total 38080K, used 35432K [0x00000000f0000000, 0x00000000f2950000, 0x00000000f5550000)
  eden space 33856K, 100% used [0x00000000f0000000, 0x00000000f2110000, 0x00000000f2110000)
  from space 4224K,  37% used [0x00000000f2530000, 0x00000000f26ba3d8, 0x00000000f2950000)
  to   space 4224K,   0% used [0x00000000f2110000, 0x00000000f2110000, 0x00000000f2530000)
 concurrent mark-sweep generation total 84672K, used 58081K [0x00000000f5550000, 0x00000000fa800000, 0x0000000100000000)
 Metaspace       used 81990K, capacity 83176K, committed 83372K, reserved 1122304K
  class space    used 9606K, capacity 9840K, committed 9956K, reserved 1048576K
Event: 732.166 GC heap after
Heap after GC invocations=172 (full 3):
 par new generation   total 38080K, used 2065K [0x00000000f0000000, 0x00000000f2950000, 0x00000000f5550000)
  eden space 33856K,   0% used [0x00000000f0000000, 0x00000000f0000000, 0x00000000f2110000)
  from space 4224K,  48% used [0x00000000f2110000, 0x00000000f2314648, 0x00000000f2530000)
  to   space 4224K,   0% used [0x00000000f2530000, 0x00000000f2530000, 0x00000000f2950000)
 concurrent mark-sweep generation total 84672K, used 58172K [0x00000000f5550000, 0x00000000fa800000, 0x0000000100000000)
 Metaspace       used 81990K, capacity 83176K, committed 83372K, reserved 1122304K
  class space    used 9606K, capacity 9840K, committed 9956K, reserved 1048576K
}
Event: 732.425 GC heap before
{Heap before GC invocations=172 (full 3):
 par new generation   total 38080K, used 35921K [0x00000000f0000000, 0x00000000f2950000, 0x00000000f5550000)
  eden space 33856K, 100% used [0x00000000f0000000, 0x00000000f2110000, 0x00000000f2110000)
  from space 4224K,  48% used [0x00000000f2110000, 0x00000000f2314648, 0x00000000f2530000)
  to   space 4224K,   0% used [0x00000000f2530000, 0x00000000f2530000, 0x00000000f2950000)
 concurrent mark-sweep generation total 84672K, used 58172K [0x00000000f5550000, 0x00000000fa800000, 0x0000000100000000)
 Metaspace       used 81991K, capacity 83176K, committed 83372K, reserved 1122304K
  class space    used 9606K, capacity 9840K, committed 9956K, reserved 1048576K
Event: 732.427 GC heap after
Heap after GC invocations=173 (full 3):
 par new generation   total 38080K, used 1648K [0x00000000f0000000, 0x00000000f2950000, 0x00000000f5550000)
  eden space 33856K,   0% used [0x00000000f0000000, 0x00000000f0000000, 0x00000000f2110000)
  from space 4224K,  39% used [0x00000000f2530000, 0x00000000f26cc140, 0x00000000f2950000)
  to   space 4224K,   0% used [0x00000000f2110000, 0x00000000f2110000, 0x00000000f2530000)
 concurrent mark-sweep generation total 84672K, used 58176K [0x00000000f5550000, 0x00000000fa800000, 0x0000000100000000)
 Metaspace       used 81991K, capacity 83176K, committed 83372K, reserved 1122304K
  class space    used 9606K, capacity 9840K, committed 9956K, reserved 1048576K
}
Event: 756.297 GC heap before
{Heap before GC invocations=173 (full 3):
 par new generation   total 38080K, used 35504K [0x00000000f0000000, 0x00000000f2950000, 0x00000000f5550000)
  eden space 33856K, 100% used [0x00000000f0000000, 0x00000000f2110000, 0x00000000f2110000)
  from space 4224K,  39% used [0x00000000f2530000, 0x00000000f26cc140, 0x00000000f2950000)
  to   space 4224K,   0% used [0x00000000f2110000, 0x00000000f2110000, 0x00000000f2530000)
 concurrent mark-sweep generation total 84672K, used 58176K [0x00000000f5550000, 0x00000000fa800000, 0x0000000100000000)
 Metaspace       used 82017K, capacity 83176K, committed 83372K, reserved 1122304K
  class space    used 9609K, capacity 9840K, committed 9956K, reserved 1048576K
Event: 756.300 GC heap after
Heap after GC invocations=174 (full 3):
 par new generation   total 38080K, used 1636K [0x00000000f0000000, 0x00000000f2950000, 0x00000000f5550000)
  eden space 33856K,   0% used [0x00000000f0000000, 0x00000000f0000000, 0x00000000f2110000)
  from space 4224K,  38% used [0x00000000f2110000, 0x00000000f22a93d8, 0x00000000f2530000)
  to   space 4224K,   0% used [0x00000000f2530000, 0x00000000f2530000, 0x00000000f2950000)
 concurrent mark-sweep generation total 84672K, used 58180K [0x00000000f5550000, 0x00000000fa800000, 0x0000000100000000)
 Metaspace       used 82017K, capacity 83176K, committed 83372K, reserved 1122304K
  class space    used 9609K, capacity 9840K, committed 9956K, reserved 1048576K
}

