# JRE version: OpenJDK Runtime Environment (8.0_144-b01) (build 1.8.0_144-b01)
# Java VM: OpenJDK 64-Bit Server VM (25.144-b01 mixed mode linux-amd64 compressed oops)
Heap:
 par new generation   total 18432K, used 14458K [0x00000000f0000000, 0x00000000f1400000, 0x00000000f5550000)
  eden space 16384K,  78% used [0x00000000f0000000, 0x00000000f0c8f0b0, 0x00000000f1000000)
  from space 2048K,  78% used [0x00000000f1000000, 0x00000000f118fb28, 0x00000000f1200000)
  to   space 2048K,   0% used [0x00000000f1200000, 0x00000000f1200000, 0x00000000f1400000)
 concurrent mark-sweep generation total 76508K, used 68387K [0x00000000f5550000, 0x00000000fa007000, 0x0000000100000000)
 Metaspace       used 84117K, capacity 85366K, committed 85936K, reserved 1126400K
  class space    used 9649K, capacity 9917K, committed 10008K, reserved 1048576K
GC Heap History (10 events):
Event: 3324.584 GC heap before
{Heap before GC invocations=449 (full 6):
 par new generation   total 18432K, used 18073K [0x00000000f0000000, 0x00000000f1400000, 0x00000000f5550000)
  eden space 16384K, 100% used [0x00000000f0000000, 0x00000000f1000000, 0x00000000f1000000)
  from space 2048K,  82% used [0x00000000f1200000, 0x00000000f13a65c0, 0x00000000f1400000)
  to   space 2048K,   0% used [0x00000000f1000000, 0x00000000f1000000, 0x00000000f1200000)
 concurrent mark-sweep generation total 75740K, used 67379K [0x00000000f5550000, 0x00000000f9f47000, 0x0000000100000000)
 Metaspace       used 84113K, capacity 85366K, committed 85936K, reserved 1126400K
  class space    used 9649K, capacity 9917K, committed 10008K, reserved 1048576K
Event: 3324.588 GC heap after
Heap after GC invocations=450 (full 6):
 par new generation   total 18432K, used 2010K [0x00000000f0000000, 0x00000000f1400000, 0x00000000f5550000)
  eden space 16384K,   0% used [0x00000000f0000000, 0x00000000f0000000, 0x00000000f1000000)
  from space 2048K,  98% used [0x00000000f1000000, 0x00000000f11f69b0, 0x00000000f1200000)
  to   space 2048K,   0% used [0x00000000f1200000, 0x00000000f1200000, 0x00000000f1400000)
 concurrent mark-sweep generation total 75740K, used 67403K [0x00000000f5550000, 0x00000000f9f47000, 0x0000000100000000)
 Metaspace       used 84113K, capacity 85366K, committed 85936K, reserved 1126400K
  class space    used 9649K, capacity 9917K, committed 10008K, reserved 1048576K
}
Event: 3338.585 GC heap before
{Heap before GC invocations=450 (full 6):
 par new generation   total 18432K, used 18388K [0x00000000f0000000, 0x00000000f1400000, 0x00000000f5550000)
  eden space 16384K,  99% used [0x00000000f0000000, 0x00000000f0ffe900, 0x00000000f1000000)
  from space 2048K,  98% used [0x00000000f1000000, 0x00000000f11f69b0, 0x00000000f1200000)
  to   space 2048K,   0% used [0x00000000f1200000, 0x00000000f1200000, 0x00000000f1400000)
 concurrent mark-sweep generation total 75740K, used 67403K [0x00000000f5550000, 0x00000000f9f47000, 0x0000000100000000)
 Metaspace       used 84113K, capacity 85366K, committed 85936K, reserved 1126400K
  class space    used 9649K, capacity 9917K, committed 10008K, reserved 1048576K
Event: 3338.590 GC heap after
Heap after GC invocations=451 (full 6):
 par new generation   total 18432K, used 1856K [0x00000000f0000000, 0x00000000f1400000, 0x00000000f5550000)
  eden space 16384K,   0% used [0x00000000f0000000, 0x00000000f0000000, 0x00000000f1000000)
  from space 2048K,  90% used [0x00000000f1200000, 0x00000000f13d0060, 0x00000000f1400000)
  to   space 2048K,   0% used [0x00000000f1000000, 0x00000000f1000000, 0x00000000f1200000)
 concurrent mark-sweep generation total 75932K, used 67789K [0x00000000f5550000, 0x00000000f9f77000, 0x0000000100000000)
 Metaspace       used 84113K, capacity 85366K, committed 85936K, reserved 1126400K
  class space    used 9649K, capacity 9917K, committed 10008K, reserved 1048576K
}
Event: 3353.112 GC heap before
{Heap before GC invocations=451 (full 6):
 par new generation   total 18432K, used 18240K [0x00000000f0000000, 0x00000000f1400000, 0x00000000f5550000)
  eden space 16384K, 100% used [0x00000000f0000000, 0x00000000f1000000, 0x00000000f1000000)
  from space 2048K,  90% used [0x00000000f1200000, 0x00000000f13d0060, 0x00000000f1400000)
  to   space 2048K,   0% used [0x00000000f1000000, 0x00000000f1000000, 0x00000000f1200000)
 concurrent mark-sweep generation total 75932K, used 67789K [0x00000000f5550000, 0x00000000f9f77000, 0x0000000100000000)
 Metaspace       used 84113K, capacity 85366K, committed 85936K, reserved 1126400K
  class space    used 9649K, capacity 9917K, committed 10008K, reserved 1048576K
Event: 3353.116 GC heap after
Heap after GC invocations=452 (full 6):
 par new generation   total 18432K, used 1680K [0x00000000f0000000, 0x00000000f1400000, 0x00000000f5550000)
  eden space 16384K,   0% used [0x00000000f0000000, 0x00000000f0000000, 0x00000000f1000000)
  from space 2048K,  82% used [0x00000000f1000000, 0x00000000f11a4020, 0x00000000f1200000)
  to   space 2048K,   0% used [0x00000000f1200000, 0x00000000f1200000, 0x00000000f1400000)
 concurrent mark-sweep generation total 75932K, used 67841K [0x00000000f5550000, 0x00000000f9f77000, 0x0000000100000000)
 Metaspace       used 84113K, capacity 85366K, committed 85936K, reserved 1126400K
  class space    used 9649K, capacity 9917K, committed 10008K, reserved 1048576K
}
Event: 3370.883 GC heap before
{Heap before GC invocations=452 (full 6):
 par new generation   total 18432K, used 18064K [0x00000000f0000000, 0x00000000f1400000, 0x00000000f5550000)
  eden space 16384K, 100% used [0x00000000f0000000, 0x00000000f1000000, 0x00000000f1000000)
  from space 2048K,  82% used [0x00000000f1000000, 0x00000000f11a4020, 0x00000000f1200000)
  to   space 2048K,   0% used [0x00000000f1200000, 0x00000000f1200000, 0x00000000f1400000)
 concurrent mark-sweep generation total 75932K, used 67841K [0x00000000f5550000, 0x00000000f9f77000, 0x0000000100000000)
 Metaspace       used 84113K, capacity 85366K, committed 85936K, reserved 1126400K
  class space    used 9649K, capacity 9917K, committed 10008K, reserved 1048576K
Event: 3370.888 GC heap after
Heap after GC invocations=453 (full 6):
 par new generation   total 18432K, used 2047K [0x00000000f0000000, 0x00000000f1400000, 0x00000000f5550000)
  eden space 16384K,   0% used [0x00000000f0000000, 0x00000000f0000000, 0x00000000f1000000)
  from space 2048K,  99% used [0x00000000f1200000, 0x00000000f13ffff8, 0x00000000f1400000)
  to   space 2048K,   0% used [0x00000000f1000000, 0x00000000f1000000, 0x00000000f1200000)
 concurrent mark-sweep generation total 76316K, used 68335K [0x00000000f5550000, 0x00000000f9fd7000, 0x0000000100000000)
 Metaspace       used 84113K, capacity 85366K, committed 85936K, reserved 1126400K
  class space    used 9649K, capacity 9917K, committed 10008K, reserved 1048576K
}
Event: 3385.833 GC heap before
{Heap before GC invocations=453 (full 6):
 par new generation   total 18432K, used 18431K [0x00000000f0000000, 0x00000000f1400000, 0x00000000f5550000)
  eden space 16384K, 100% used [0x00000000f0000000, 0x00000000f1000000, 0x00000000f1000000)
  from space 2048K,  99% used [0x00000000f1200000, 0x00000000f13ffff8, 0x00000000f1400000)
  to   space 2048K,   0% used [0x00000000f1000000, 0x00000000f1000000, 0x00000000f1200000)
 concurrent mark-sweep generation total 76316K, used 68335K [0x00000000f5550000, 0x00000000f9fd7000, 0x0000000100000000)
 Metaspace       used 84113K, capacity 85366K, committed 85936K, reserved 1126400K
  class space    used 9649K, capacity 9917K, committed 10008K, reserved 1048576K
Event: 3385.838 GC heap after
Heap after GC invocations=454 (full 6):
 par new generation   total 18432K, used 1598K [0x00000000f0000000, 0x00000000f1400000, 0x00000000f5550000)
  eden space 16384K,   0% used [0x00000000f0000000, 0x00000000f0000000, 0x00000000f1000000)
  from space 2048K,  78% used [0x00000000f1000000, 0x00000000f118fb28, 0x00000000f1200000)
  to   space 2048K,   0% used [0x00000000f1200000, 0x00000000f1200000, 0x00000000f1400000)
 concurrent mark-sweep generation total 76508K, used 68387K [0x00000000f5550000, 0x00000000fa007000, 0x0000000100000000)
 Metaspace       used 84113K, capacity 85366K, committed 85936K, reserved 1126400K
  class space    used 9649K, capacity 9917K, committed 10008K, reserved 1048576K
}

