# JRE version: OpenJDK Runtime Environment (8.0_144-b01) (build 1.8.0_144-b01)
# Java VM: OpenJDK 64-Bit Server VM (25.144-b01 mixed mode linux-amd64 compressed oops)
Heap:
 par new generation   total 18432K, used 3973K [0x00000000f0000000, 0x00000000f1400000, 0x00000000f5550000)
  eden space 16384K,  13% used [0x00000000f0000000, 0x00000000f0219b58, 0x00000000f1000000)
  from space 2048K,  88% used [0x00000000f1200000, 0x00000000f13c78d8, 0x00000000f1400000)
  to   space 2048K,   0% used [0x00000000f1000000, 0x00000000f1000000, 0x00000000f1200000)
 concurrent mark-sweep generation total 87536K, used 78803K [0x00000000f5550000, 0x00000000faacc000, 0x0000000100000000)
 Metaspace       used 86775K, capacity 88138K, committed 88440K, reserved 1128448K
  class space    used 9801K, capacity 10057K, committed 10136K, reserved 1048576K
GC Heap History (10 events):
Event: 15048.835 GC heap before
{Heap before GC invocations=1436 (full 11):
 par new generation   total 18432K, used 18355K [0x00000000f0000000, 0x00000000f1400000, 0x00000000f5550000)
  eden space 16384K, 100% used [0x00000000f0000000, 0x00000000f1000000, 0x00000000f1000000)
  from space 2048K,  96% used [0x00000000f1000000, 0x00000000f11ece20, 0x00000000f1200000)
  to   space 2048K,   0% used [0x00000000f1200000, 0x00000000f1200000, 0x00000000f1400000)
 concurrent mark-sweep generation total 87536K, used 77882K [0x00000000f5550000, 0x00000000faacc000, 0x0000000100000000)
 Metaspace       used 86775K, capacity 88138K, committed 88440K, reserved 1128448K
  class space    used 9801K, capacity 10057K, committed 10136K, reserved 1048576K
Event: 15048.839 GC heap after
Heap after GC invocations=1437 (full 11):
 par new generation   total 18432K, used 1375K [0x00000000f0000000, 0x00000000f1400000, 0x00000000f5550000)
  eden space 16384K,   0% used [0x00000000f0000000, 0x00000000f0000000, 0x00000000f1000000)
  from space 2048K,  67% used [0x00000000f1200000, 0x00000000f1357eb0, 0x00000000f1400000)
  to   space 2048K,   0% used [0x00000000f1000000, 0x00000000f1000000, 0x00000000f1200000)
 concurrent mark-sweep generation total 87536K, used 77928K [0x00000000f5550000, 0x00000000faacc000, 0x0000000100000000)
 Metaspace       used 86775K, capacity 88138K, committed 88440K, reserved 1128448K
  class space    used 9801K, capacity 10057K, committed 10136K, reserved 1048576K
}
Event: 15059.760 GC heap before
{Heap before GC invocations=1437 (full 11):
 par new generation   total 18432K, used 17759K [0x00000000f0000000, 0x00000000f1400000, 0x00000000f5550000)
  eden space 16384K, 100% used [0x00000000f0000000, 0x00000000f1000000, 0x00000000f1000000)
  from space 2048K,  67% used [0x00000000f1200000, 0x00000000f1357eb0, 0x00000000f1400000)
  to   space 2048K,   0% used [0x00000000f1000000, 0x00000000f1000000, 0x00000000f1200000)
 concurrent mark-sweep generation total 87536K, used 77928K [0x00000000f5550000, 0x00000000faacc000, 0x0000000100000000)
 Metaspace       used 86775K, capacity 88138K, committed 88440K, reserved 1128448K
  class space    used 9801K, capacity 10057K, committed 10136K, reserved 1048576K
Event: 15059.763 GC heap after
Heap after GC invocations=1438 (full 11):
 par new generation   total 18432K, used 1678K [0x00000000f0000000, 0x00000000f1400000, 0x00000000f5550000)
  eden space 16384K,   0% used [0x00000000f0000000, 0x00000000f0000000, 0x00000000f1000000)
  from space 2048K,  81% used [0x00000000f1000000, 0x00000000f11a3830, 0x00000000f1200000)
  to   space 2048K,   0% used [0x00000000f1200000, 0x00000000f1200000, 0x00000000f1400000)
 concurrent mark-sweep generation total 87536K, used 77944K [0x00000000f5550000, 0x00000000faacc000, 0x0000000100000000)
 Metaspace       used 86775K, capacity 88138K, committed 88440K, reserved 1128448K
  class space    used 9801K, capacity 10057K, committed 10136K, reserved 1048576K
}
Event: 15069.914 GC heap before
{Heap before GC invocations=1438 (full 11):
 par new generation   total 18432K, used 18047K [0x00000000f0000000, 0x00000000f1400000, 0x00000000f5550000)
  eden space 16384K,  99% used [0x00000000f0000000, 0x00000000f0ffc678, 0x00000000f1000000)
  from space 2048K,  81% used [0x00000000f1000000, 0x00000000f11a3830, 0x00000000f1200000)
  to   space 2048K,   0% used [0x00000000f1200000, 0x00000000f1200000, 0x00000000f1400000)
 concurrent mark-sweep generation total 87536K, used 77944K [0x00000000f5550000, 0x00000000faacc000, 0x0000000100000000)
 Metaspace       used 86775K, capacity 88138K, committed 88440K, reserved 1128448K
  class space    used 9801K, capacity 10057K, committed 10136K, reserved 1048576K
Event: 15069.919 GC heap after
Heap after GC invocations=1439 (full 11):
 par new generation   total 18432K, used 1969K [0x00000000f0000000, 0x00000000f1400000, 0x00000000f5550000)
  eden space 16384K,   0% used [0x00000000f0000000, 0x00000000f0000000, 0x00000000f1000000)
  from space 2048K,  96% used [0x00000000f1200000, 0x00000000f13ec6e8, 0x00000000f1400000)
  to   space 2048K,   0% used [0x00000000f1000000, 0x00000000f1000000, 0x00000000f1200000)
 concurrent mark-sweep generation total 87536K, used 78396K [0x00000000f5550000, 0x00000000faacc000, 0x0000000100000000)
 Metaspace       used 86775K, capacity 88138K, committed 88440K, reserved 1128448K
  class space    used 9801K, capacity 10057K, committed 10136K, reserved 1048576K
}
Event: 15081.901 GC heap before
{Heap before GC invocations=1439 (full 11):
 par new generation   total 18432K, used 18353K [0x00000000f0000000, 0x00000000f1400000, 0x00000000f5550000)
  eden space 16384K, 100% used [0x00000000f0000000, 0x00000000f1000000, 0x00000000f1000000)
  from space 2048K,  96% used [0x00000000f1200000, 0x00000000f13ec6e8, 0x00000000f1400000)
  to   space 2048K,   0% used [0x00000000f1000000, 0x00000000f1000000, 0x00000000f1200000)
 concurrent mark-sweep generation total 87536K, used 78396K [0x00000000f5550000, 0x00000000faacc000, 0x0000000100000000)
 Metaspace       used 86775K, capacity 88138K, committed 88440K, reserved 1128448K
  class space    used 9801K, capacity 10057K, committed 10136K, reserved 1048576K
Event: 15081.904 GC heap after
Heap after GC invocations=1440 (full 11):
 par new generation   total 18432K, used 1411K [0x00000000f0000000, 0x00000000f1400000, 0x00000000f5550000)
  eden space 16384K,   0% used [0x00000000f0000000, 0x00000000f0000000, 0x00000000f1000000)
  from space 2048K,  68% used [0x00000000f1000000, 0x00000000f1160e20, 0x00000000f1200000)
  to   space 2048K,   0% used [0x00000000f1200000, 0x00000000f1200000, 0x00000000f1400000)
 concurrent mark-sweep generation total 87536K, used 78432K [0x00000000f5550000, 0x00000000faacc000, 0x0000000100000000)
 Metaspace       used 86775K, capacity 88138K, committed 88440K, reserved 1128448K
  class space    used 9801K, capacity 10057K, committed 10136K, reserved 1048576K
}
Event: 15092.438 GC heap before
{Heap before GC invocations=1440 (full 11):
 par new generation   total 18432K, used 17795K [0x00000000f0000000, 0x00000000f1400000, 0x00000000f5550000)
  eden space 16384K, 100% used [0x00000000f0000000, 0x00000000f1000000, 0x00000000f1000000)
  from space 2048K,  68% used [0x00000000f1000000, 0x00000000f1160e20, 0x00000000f1200000)
  to   space 2048K,   0% used [0x00000000f1200000, 0x00000000f1200000, 0x00000000f1400000)
 concurrent mark-sweep generation total 87536K, used 78432K [0x00000000f5550000, 0x00000000faacc000, 0x0000000100000000)
 Metaspace       used 86775K, capacity 88138K, committed 88440K, reserved 1128448K
  class space    used 9801K, capacity 10057K, committed 10136K, reserved 1048576K
Event: 15092.443 GC heap after
Heap after GC invocations=1441 (full 11):
 par new generation   total 18432K, used 1822K [0x00000000f0000000, 0x00000000f1400000, 0x00000000f5550000)
  eden space 16384K,   0% used [0x00000000f0000000, 0x00000000f0000000, 0x00000000f1000000)
  from space 2048K,  88% used [0x00000000f1200000, 0x00000000f13c78d8, 0x00000000f1400000)
  to   space 2048K,   0% used [0x00000000f1000000, 0x00000000f1000000, 0x00000000f1200000)
 concurrent mark-sweep generation total 87536K, used 78803K [0x00000000f5550000, 0x00000000faacc000, 0x0000000100000000)
 Metaspace       used 86775K, capacity 88138K, committed 88440K, reserved 1128448K
  class space    used 9801K, capacity 10057K, committed 10136K, reserved 1048576K
}

