# JRE version: OpenJDK Runtime Environment (8.0_144-b01) (build 1.8.0_144-b01)
# Java VM: OpenJDK 64-Bit Server VM (25.144-b01 mixed mode linux-amd64 compressed oops)
Heap:
 par new generation   total 38080K, used 19576K [0x00000000f0000000, 0x00000000f2950000, 0x00000000f5550000)
  eden space 33856K,  46% used [0x00000000f0000000, 0x00000000f0f58be0, 0x00000000f2110000)
  from space 4224K,  91% used [0x00000000f2530000, 0x00000000f28f54e0, 0x00000000f2950000)
  to   space 4224K,   0% used [0x00000000f2110000, 0x00000000f2110000, 0x00000000f2530000)
 concurrent mark-sweep generation total 84672K, used 59466K [0x00000000f5550000, 0x00000000fa800000, 0x0000000100000000)
 Metaspace       used 86380K, capacity 87808K, committed 88520K, reserved 1128448K
  class space    used 9840K, capacity 10125K, committed 10288K, reserved 1048576K
GC Heap History (10 events):
Event: 3409.398 GC heap before
{Heap before GC invocations=216 (full 4):
 par new generation   total 38080K, used 38073K [0x00000000f0000000, 0x00000000f2950000, 0x00000000f5550000)
  eden space 33856K,  99% used [0x00000000f0000000, 0x00000000f210e5b8, 0x00000000f2110000)
  from space 4224K,  99% used [0x00000000f2110000, 0x00000000f252fff8, 0x00000000f2530000)
  to   space 4224K,   0% used [0x00000000f2530000, 0x00000000f2530000, 0x00000000f2950000)
 concurrent mark-sweep generation total 84672K, used 58241K [0x00000000f5550000, 0x00000000fa800000, 0x0000000100000000)
 Metaspace       used 86238K, capacity 87732K, committed 88520K, reserved 1128448K
  class space    used 9832K, capacity 10123K, committed 10288K, reserved 1048576K
Event: 3409.403 GC heap after
Heap after GC invocations=217 (full 4):
 par new generation   total 38080K, used 2882K [0x00000000f0000000, 0x00000000f2950000, 0x00000000f5550000)
  eden space 33856K,   0% used [0x00000000f0000000, 0x00000000f0000000, 0x00000000f2110000)
  from space 4224K,  68% used [0x00000000f2530000, 0x00000000f2800ba8, 0x00000000f2950000)
  to   space 4224K,   0% used [0x00000000f2110000, 0x00000000f2110000, 0x00000000f2530000)
 concurrent mark-sweep generation total 84672K, used 58451K [0x00000000f5550000, 0x00000000fa800000, 0x0000000100000000)
 Metaspace       used 86238K, capacity 87732K, committed 88520K, reserved 1128448K
  class space    used 9832K, capacity 10123K, committed 10288K, reserved 1048576K
}
Event: 3437.545 GC heap before
{Heap before GC invocations=217 (full 4):
 par new generation   total 38080K, used 36738K [0x00000000f0000000, 0x00000000f2950000, 0x00000000f5550000)
  eden space 33856K, 100% used [0x00000000f0000000, 0x00000000f2110000, 0x00000000f2110000)
  from space 4224K,  68% used [0x00000000f2530000, 0x00000000f2800ba8, 0x00000000f2950000)
  to   space 4224K,   0% used [0x00000000f2110000, 0x00000000f2110000, 0x00000000f2530000)
 concurrent mark-sweep generation total 84672K, used 58451K [0x00000000f5550000, 0x00000000fa800000, 0x0000000100000000)
 Metaspace       used 86322K, capacity 87802K, committed 88520K, reserved 1128448K
  class space    used 9839K, capacity 10124K, committed 10288K, reserved 1048576K
Event: 3437.552 GC heap after
Heap after GC invocations=218 (full 4):
 par new generation   total 38080K, used 3591K [0x00000000f0000000, 0x00000000f2950000, 0x00000000f5550000)
  eden space 33856K,   0% used [0x00000000f0000000, 0x00000000f0000000, 0x00000000f2110000)
  from space 4224K,  85% used [0x00000000f2110000, 0x00000000f2491e30, 0x00000000f2530000)
  to   space 4224K,   0% used [0x00000000f2530000, 0x00000000f2530000, 0x00000000f2950000)
 concurrent mark-sweep generation total 84672K, used 58470K [0x00000000f5550000, 0x00000000fa800000, 0x0000000100000000)
 Metaspace       used 86322K, capacity 87802K, committed 88520K, reserved 1128448K
  class space    used 9839K, capacity 10124K, committed 10288K, reserved 1048576K
}
Event: 3470.230 GC heap before
{Heap before GC invocations=218 (full 4):
 par new generation   total 38080K, used 37447K [0x00000000f0000000, 0x00000000f2950000, 0x00000000f5550000)
  eden space 33856K, 100% used [0x00000000f0000000, 0x00000000f2110000, 0x00000000f2110000)
  from space 4224K,  85% used [0x00000000f2110000, 0x00000000f2491e30, 0x00000000f2530000)
  to   space 4224K,   0% used [0x00000000f2530000, 0x00000000f2530000, 0x00000000f2950000)
 concurrent mark-sweep generation total 84672K, used 58470K [0x00000000f5550000, 0x00000000fa800000, 0x0000000100000000)
 Metaspace       used 86343K, capacity 87802K, committed 88520K, reserved 1128448K
  class space    used 9839K, capacity 10124K, committed 10288K, reserved 1048576K
Event: 3470.237 GC heap after
Heap after GC invocations=219 (full 4):
 par new generation   total 38080K, used 3418K [0x00000000f0000000, 0x00000000f2950000, 0x00000000f5550000)
  eden space 33856K,   0% used [0x00000000f0000000, 0x00000000f0000000, 0x00000000f2110000)
  from space 4224K,  80% used [0x00000000f2530000, 0x00000000f2886a40, 0x00000000f2950000)
  to   space 4224K,   0% used [0x00000000f2110000, 0x00000000f2110000, 0x00000000f2530000)
 concurrent mark-sweep generation total 84672K, used 58684K [0x00000000f5550000, 0x00000000fa800000, 0x0000000100000000)
 Metaspace       used 86343K, capacity 87802K, committed 88520K, reserved 1128448K
  class space    used 9839K, capacity 10124K, committed 10288K, reserved 1048576K
}
Event: 3502.830 GC heap before
{Heap before GC invocations=219 (full 4):
 par new generation   total 38080K, used 37274K [0x00000000f0000000, 0x00000000f2950000, 0x00000000f5550000)
  eden space 33856K, 100% used [0x00000000f0000000, 0x00000000f2110000, 0x00000000f2110000)
  from space 4224K,  80% used [0x00000000f2530000, 0x00000000f2886a40, 0x00000000f2950000)
  to   space 4224K,   0% used [0x00000000f2110000, 0x00000000f2110000, 0x00000000f2530000)
 concurrent mark-sweep generation total 84672K, used 58684K [0x00000000f5550000, 0x00000000fa800000, 0x0000000100000000)
 Metaspace       used 86363K, capacity 87808K, committed 88520K, reserved 1128448K
  class space    used 9840K, capacity 10125K, committed 10288K, reserved 1048576K
Event: 3502.838 GC heap after
Heap after GC invocations=220 (full 4):
 par new generation   total 38080K, used 4223K [0x00000000f0000000, 0x00000000f2950000, 0x00000000f5550000)
  eden space 33856K,   0% used [0x00000000f0000000, 0x00000000f0000000, 0x00000000f2110000)
  from space 4224K,  99% used [0x00000000f2110000, 0x00000000f252fff8, 0x00000000f2530000)
  to   space 4224K,   0% used [0x00000000f2530000, 0x00000000f2530000, 0x00000000f2950000)
 concurrent mark-sweep generation total 84672K, used 59202K [0x00000000f5550000, 0x00000000fa800000, 0x0000000100000000)
 Metaspace       used 86363K, capacity 87808K, committed 88520K, reserved 1128448K
  class space    used 9840K, capacity 10125K, committed 10288K, reserved 1048576K
}
Event: 3566.779 GC heap before
{Heap before GC invocations=220 (full 4):
 par new generation   total 38080K, used 38079K [0x00000000f0000000, 0x00000000f2950000, 0x00000000f5550000)
  eden space 33856K, 100% used [0x00000000f0000000, 0x00000000f2110000, 0x00000000f2110000)
  from space 4224K,  99% used [0x00000000f2110000, 0x00000000f252fff8, 0x00000000f2530000)
  to   space 4224K,   0% used [0x00000000f2530000, 0x00000000f2530000, 0x00000000f2950000)
 concurrent mark-sweep generation total 84672K, used 59202K [0x00000000f5550000, 0x00000000fa800000, 0x0000000100000000)
 Metaspace       used 86380K, capacity 87808K, committed 88520K, reserved 1128448K
  class space    used 9840K, capacity 10125K, committed 10288K, reserved 1048576K
Event: 3566.788 GC heap after
Heap after GC invocations=221 (full 4):
 par new generation   total 38080K, used 3861K [0x00000000f0000000, 0x00000000f2950000, 0x00000000f5550000)
  eden space 33856K,   0% used [0x00000000f0000000, 0x00000000f0000000, 0x00000000f2110000)
  from space 4224K,  91% used [0x00000000f2530000, 0x00000000f28f54e0, 0x00000000f2950000)
  to   space 4224K,   0% used [0x00000000f2110000, 0x00000000f2110000, 0x00000000f2530000)
 concurrent mark-sweep generation total 84672K, used 59466K [0x00000000f5550000, 0x00000000fa800000, 0x0000000100000000)
 Metaspace       used 86380K, capacity 87808K, committed 88520K, reserved 1128448K
  class space    used 9840K, capacity 10125K, committed 10288K, reserved 1048576K
}

