# JRE version: OpenJDK Runtime Environment (8.0_144-b01) (build 1.8.0_144-b01)
# Java VM: OpenJDK 64-Bit Server VM (25.144-b01 mixed mode linux-amd64 compressed oops)
Heap:
 par new generation   total 18432K, used 2508K [0x00000000f0000000, 0x00000000f1400000, 0x00000000f5550000)
  eden space 16384K,   5% used [0x00000000f0000000, 0x00000000f00cfa98, 0x00000000f1000000)
  from space 2048K,  81% used [0x00000000f1200000, 0x00000000f13a3728, 0x00000000f1400000)
  to   space 2048K,   0% used [0x00000000f1000000, 0x00000000f1000000, 0x00000000f1200000)
 concurrent mark-sweep generation total 78648K, used 49004K [0x00000000f5550000, 0x00000000fa21e000, 0x0000000100000000)
 Metaspace       used 80729K, capacity 81924K, committed 82072K, reserved 1122304K
  class space    used 9550K, capacity 9796K, committed 9880K, reserved 1048576K
GC Heap History (10 events):
Event: 187.379 GC heap before
{Heap before GC invocations=264 (full 6):
 par new generation   total 18432K, used 17924K [0x00000000f0000000, 0x00000000f1400000, 0x00000000f5550000)
  eden space 16384K, 100% used [0x00000000f0000000, 0x00000000f1000000, 0x00000000f1000000)
  from space 2048K,  75% used [0x00000000f1000000, 0x00000000f1181360, 0x00000000f1200000)
  to   space 2048K,   0% used [0x00000000f1200000, 0x00000000f1200000, 0x00000000f1400000)
 concurrent mark-sweep generation total 78648K, used 48357K [0x00000000f5550000, 0x00000000fa21e000, 0x0000000100000000)
 Metaspace       used 80668K, capacity 81854K, committed 82072K, reserved 1122304K
  class space    used 9549K, capacity 9795K, committed 9880K, reserved 1048576K
Event: 187.383 GC heap after
Heap after GC invocations=265 (full 6):
 par new generation   total 18432K, used 1737K [0x00000000f0000000, 0x00000000f1400000, 0x00000000f5550000)
  eden space 16384K,   0% used [0x00000000f0000000, 0x00000000f0000000, 0x00000000f1000000)
  from space 2048K,  84% used [0x00000000f1200000, 0x00000000f13b2620, 0x00000000f1400000)
  to   space 2048K,   0% used [0x00000000f1000000, 0x00000000f1000000, 0x00000000f1200000)
 concurrent mark-sweep generation total 78648K, used 48415K [0x00000000f5550000, 0x00000000fa21e000, 0x0000000100000000)
 Metaspace       used 80668K, capacity 81854K, committed 82072K, reserved 1122304K
  class space    used 9549K, capacity 9795K, committed 9880K, reserved 1048576K
}
Event: 194.548 GC heap before
{Heap before GC invocations=265 (full 6):
 par new generation   total 18432K, used 18121K [0x00000000f0000000, 0x00000000f1400000, 0x00000000f5550000)
  eden space 16384K, 100% used [0x00000000f0000000, 0x00000000f1000000, 0x00000000f1000000)
  from space 2048K,  84% used [0x00000000f1200000, 0x00000000f13b2620, 0x00000000f1400000)
  to   space 2048K,   0% used [0x00000000f1000000, 0x00000000f1000000, 0x00000000f1200000)
 concurrent mark-sweep generation total 78648K, used 48415K [0x00000000f5550000, 0x00000000fa21e000, 0x0000000100000000)
 Metaspace       used 80686K, capacity 81860K, committed 82072K, reserved 1122304K
  class space    used 9550K, capacity 9796K, committed 9880K, reserved 1048576K
Event: 194.552 GC heap after
Heap after GC invocations=266 (full 6):
 par new generation   total 18432K, used 1838K [0x00000000f0000000, 0x00000000f1400000, 0x00000000f5550000)
  eden space 16384K,   0% used [0x00000000f0000000, 0x00000000f0000000, 0x00000000f1000000)
  from space 2048K,  89% used [0x00000000f1000000, 0x00000000f11cbaa8, 0x00000000f1200000)
  to   space 2048K,   0% used [0x00000000f1200000, 0x00000000f1200000, 0x00000000f1400000)
 concurrent mark-sweep generation total 78648K, used 48514K [0x00000000f5550000, 0x00000000fa21e000, 0x0000000100000000)
 Metaspace       used 80686K, capacity 81860K, committed 82072K, reserved 1122304K
  class space    used 9550K, capacity 9796K, committed 9880K, reserved 1048576K
}
Event: 202.598 GC heap before
{Heap before GC invocations=266 (full 6):
 par new generation   total 18432K, used 18222K [0x00000000f0000000, 0x00000000f1400000, 0x00000000f5550000)
  eden space 16384K, 100% used [0x00000000f0000000, 0x00000000f1000000, 0x00000000f1000000)
  from space 2048K,  89% used [0x00000000f1000000, 0x00000000f11cbaa8, 0x00000000f1200000)
  to   space 2048K,   0% used [0x00000000f1200000, 0x00000000f1200000, 0x00000000f1400000)
 concurrent mark-sweep generation total 78648K, used 48514K [0x00000000f5550000, 0x00000000fa21e000, 0x0000000100000000)
 Metaspace       used 80697K, capacity 81860K, committed 82072K, reserved 1122304K
  class space    used 9550K, capacity 9796K, committed 9880K, reserved 1048576K
Event: 202.601 GC heap after
Heap after GC invocations=267 (full 6):
 par new generation   total 18432K, used 1500K [0x00000000f0000000, 0x00000000f1400000, 0x00000000f5550000)
  eden space 16384K,   0% used [0x00000000f0000000, 0x00000000f0000000, 0x00000000f1000000)
  from space 2048K,  73% used [0x00000000f1200000, 0x00000000f1377380, 0x00000000f1400000)
  to   space 2048K,   0% used [0x00000000f1000000, 0x00000000f1000000, 0x00000000f1200000)
 concurrent mark-sweep generation total 78648K, used 48584K [0x00000000f5550000, 0x00000000fa21e000, 0x0000000100000000)
 Metaspace       used 80697K, capacity 81860K, committed 82072K, reserved 1122304K
  class space    used 9550K, capacity 9796K, committed 9880K, reserved 1048576K
}
Event: 212.377 GC heap before
{Heap before GC invocations=267 (full 6):
 par new generation   total 18432K, used 17877K [0x00000000f0000000, 0x00000000f1400000, 0x00000000f5550000)
  eden space 16384K,  99% used [0x00000000f0000000, 0x00000000f0ffe2d0, 0x00000000f1000000)
  from space 2048K,  73% used [0x00000000f1200000, 0x00000000f1377380, 0x00000000f1400000)
  to   space 2048K,   0% used [0x00000000f1000000, 0x00000000f1000000, 0x00000000f1200000)
 concurrent mark-sweep generation total 78648K, used 48584K [0x00000000f5550000, 0x00000000fa21e000, 0x0000000100000000)
 Metaspace       used 80718K, capacity 81860K, committed 82072K, reserved 1122304K
  class space    used 9550K, capacity 9796K, committed 9880K, reserved 1048576K
Event: 212.381 GC heap after
Heap after GC invocations=268 (full 6):
 par new generation   total 18432K, used 1548K [0x00000000f0000000, 0x00000000f1400000, 0x00000000f5550000)
  eden space 16384K,   0% used [0x00000000f0000000, 0x00000000f0000000, 0x00000000f1000000)
  from space 2048K,  75% used [0x00000000f1000000, 0x00000000f1183360, 0x00000000f1200000)
  to   space 2048K,   0% used [0x00000000f1200000, 0x00000000f1200000, 0x00000000f1400000)
 concurrent mark-sweep generation total 78648K, used 48975K [0x00000000f5550000, 0x00000000fa21e000, 0x0000000100000000)
 Metaspace       used 80718K, capacity 81860K, committed 82072K, reserved 1122304K
  class space    used 9550K, capacity 9796K, committed 9880K, reserved 1048576K
}
Event: 218.966 GC heap before
{Heap before GC invocations=268 (full 6):
 par new generation   total 18432K, used 17932K [0x00000000f0000000, 0x00000000f1400000, 0x00000000f5550000)
  eden space 16384K, 100% used [0x00000000f0000000, 0x00000000f1000000, 0x00000000f1000000)
  from space 2048K,  75% used [0x00000000f1000000, 0x00000000f1183360, 0x00000000f1200000)
  to   space 2048K,   0% used [0x00000000f1200000, 0x00000000f1200000, 0x00000000f1400000)
 concurrent mark-sweep generation total 78648K, used 48975K [0x00000000f5550000, 0x00000000fa21e000, 0x0000000100000000)
 Metaspace       used 80729K, capacity 81924K, committed 82072K, reserved 1122304K
  class space    used 9550K, capacity 9796K, committed 9880K, reserved 1048576K
Event: 218.970 GC heap after
Heap after GC invocations=269 (full 6):
 par new generation   total 18432K, used 1677K [0x00000000f0000000, 0x00000000f1400000, 0x00000000f5550000)
  eden space 16384K,   0% used [0x00000000f0000000, 0x00000000f0000000, 0x00000000f1000000)
  from space 2048K,  81% used [0x00000000f1200000, 0x00000000f13a3728, 0x00000000f1400000)
  to   space 2048K,   0% used [0x00000000f1000000, 0x00000000f1000000, 0x00000000f1200000)
 concurrent mark-sweep generation total 78648K, used 49004K [0x00000000f5550000, 0x00000000fa21e000, 0x0000000100000000)
 Metaspace       used 80729K, capacity 81924K, committed 82072K, reserved 1122304K
  class space    used 9550K, capacity 9796K, committed 9880K, reserved 1048576K
}

