# JRE version: OpenJDK Runtime Environment (8.0_144-b01) (build 1.8.0_144-b01)
# Java VM: OpenJDK 64-Bit Server VM (25.144-b01 mixed mode linux-amd64 compressed oops)
Heap:
 par new generation   total 38080K, used 14014K [0x00000000f0000000, 0x00000000f2950000, 0x00000000f5550000)
  eden space 33856K,  28% used [0x00000000f0000000, 0x00000000f098f8a0, 0x00000000f2110000)
  from space 4224K, 100% used [0x00000000f2110000, 0x00000000f2530000, 0x00000000f2530000)
  to   space 4224K,   0% used [0x00000000f2530000, 0x00000000f2530000, 0x00000000f2950000)
 concurrent mark-sweep generation total 95040K, used 78801K [0x00000000f5550000, 0x00000000fb220000, 0x0000000100000000)
 Metaspace       used 87326K, capacity 88632K, committed 89032K, reserved 1128448K
  class space    used 9796K, capacity 10054K, committed 10188K, reserved 1048576K
GC Heap History (10 events):
Event: 14421.813 GC heap before
{Heap before GC invocations=517 (full 5):
 par new generation   total 38080K, used 37010K [0x00000000f0000000, 0x00000000f2950000, 0x00000000f5550000)
  eden space 33856K, 100% used [0x00000000f0000000, 0x00000000f2110000, 0x00000000f2110000)
  from space 4224K,  74% used [0x00000000f2530000, 0x00000000f2844878, 0x00000000f2950000)
  to   space 4224K,   0% used [0x00000000f2110000, 0x00000000f2110000, 0x00000000f2530000)
 concurrent mark-sweep generation total 94464K, used 76650K [0x00000000f5550000, 0x00000000fb190000, 0x0000000100000000)
 Metaspace       used 87321K, capacity 88568K, committed 89032K, reserved 1128448K
  class space    used 9796K, capacity 10054K, committed 10188K, reserved 1048576K
Event: 14421.820 GC heap after
Heap after GC invocations=518 (full 5):
 par new generation   total 38080K, used 3753K [0x00000000f0000000, 0x00000000f2950000, 0x00000000f5550000)
  eden space 33856K,   0% used [0x00000000f0000000, 0x00000000f0000000, 0x00000000f2110000)
  from space 4224K,  88% used [0x00000000f2110000, 0x00000000f24ba7f8, 0x00000000f2530000)
  to   space 4224K,   0% used [0x00000000f2530000, 0x00000000f2530000, 0x00000000f2950000)
 concurrent mark-sweep generation total 94464K, used 76699K [0x00000000f5550000, 0x00000000fb190000, 0x0000000100000000)
 Metaspace       used 87321K, capacity 88568K, committed 89032K, reserved 1128448K
  class space    used 9796K, capacity 10054K, committed 10188K, reserved 1048576K
}
Event: 14427.046 GC heap before
{Heap before GC invocations=518 (full 5):
 par new generation   total 38080K, used 37602K [0x00000000f0000000, 0x00000000f2950000, 0x00000000f5550000)
  eden space 33856K,  99% used [0x00000000f0000000, 0x00000000f210e398, 0x00000000f2110000)
  from space 4224K,  88% used [0x00000000f2110000, 0x00000000f24ba7f8, 0x00000000f2530000)
  to   space 4224K,   0% used [0x00000000f2530000, 0x00000000f2530000, 0x00000000f2950000)
 concurrent mark-sweep generation total 94464K, used 76699K [0x00000000f5550000, 0x00000000fb190000, 0x0000000100000000)
 Metaspace       used 87321K, capacity 88568K, committed 89032K, reserved 1128448K
  class space    used 9796K, capacity 10054K, committed 10188K, reserved 1048576K
Event: 14427.051 GC heap after
Heap after GC invocations=519 (full 5):
 par new generation   total 38080K, used 1772K [0x00000000f0000000, 0x00000000f2950000, 0x00000000f5550000)
  eden space 33856K,   0% used [0x00000000f0000000, 0x00000000f0000000, 0x00000000f2110000)
  from space 4224K,  41% used [0x00000000f2530000, 0x00000000f26eb238, 0x00000000f2950000)
  to   space 4224K,   0% used [0x00000000f2110000, 0x00000000f2110000, 0x00000000f2530000)
 concurrent mark-sweep generation total 94464K, used 77145K [0x00000000f5550000, 0x00000000fb190000, 0x0000000100000000)
 Metaspace       used 87321K, capacity 88568K, committed 89032K, reserved 1128448K
  class space    used 9796K, capacity 10054K, committed 10188K, reserved 1048576K
}
Event: 14460.992 GC heap before
{Heap before GC invocations=519 (full 5):
 par new generation   total 38080K, used 35628K [0x00000000f0000000, 0x00000000f2950000, 0x00000000f5550000)
  eden space 33856K, 100% used [0x00000000f0000000, 0x00000000f2110000, 0x00000000f2110000)
  from space 4224K,  41% used [0x00000000f2530000, 0x00000000f26eb238, 0x00000000f2950000)
  to   space 4224K,   0% used [0x00000000f2110000, 0x00000000f2110000, 0x00000000f2530000)
 concurrent mark-sweep generation total 94464K, used 77145K [0x00000000f5550000, 0x00000000fb190000, 0x0000000100000000)
 Metaspace       used 87322K, capacity 88568K, committed 89032K, reserved 1128448K
  class space    used 9796K, capacity 10054K, committed 10188K, reserved 1048576K
Event: 14461.003 GC heap after
Heap after GC invocations=520 (full 5):
 par new generation   total 38080K, used 4223K [0x00000000f0000000, 0x00000000f2950000, 0x00000000f5550000)
  eden space 33856K,   0% used [0x00000000f0000000, 0x00000000f0000000, 0x00000000f2110000)
  from space 4224K,  99% used [0x00000000f2110000, 0x00000000f252fff8, 0x00000000f2530000)
  to   space 4224K,   0% used [0x00000000f2530000, 0x00000000f2530000, 0x00000000f2950000)
 concurrent mark-sweep generation total 94464K, used 77353K [0x00000000f5550000, 0x00000000fb190000, 0x0000000100000000)
 Metaspace       used 87322K, capacity 88568K, committed 89032K, reserved 1128448K
  class space    used 9796K, capacity 10054K, committed 10188K, reserved 1048576K
}
Event: 14476.663 GC heap before
{Heap before GC invocations=520 (full 5):
 par new generation   total 38080K, used 38079K [0x00000000f0000000, 0x00000000f2950000, 0x00000000f5550000)
  eden space 33856K, 100% used [0x00000000f0000000, 0x00000000f2110000, 0x00000000f2110000)
  from space 4224K,  99% used [0x00000000f2110000, 0x00000000f252fff8, 0x00000000f2530000)
  to   space 4224K,   0% used [0x00000000f2530000, 0x00000000f2530000, 0x00000000f2950000)
 concurrent mark-sweep generation total 94464K, used 77353K [0x00000000f5550000, 0x00000000fb190000, 0x0000000100000000)
 Metaspace       used 87323K, capacity 88568K, committed 89032K, reserved 1128448K
  class space    used 9796K, capacity 10054K, committed 10188K, reserved 1048576K
Event: 14476.670 GC heap after
Heap after GC invocations=521 (full 5):
 par new generation   total 38080K, used 3269K [0x00000000f0000000, 0x00000000f2950000, 0x00000000f5550000)
  eden space 33856K,   0% used [0x00000000f0000000, 0x00000000f0000000, 0x00000000f2110000)
  from space 4224K,  77% used [0x00000000f2530000, 0x00000000f2861750, 0x00000000f2950000)
  to   space 4224K,   0% used [0x00000000f2110000, 0x00000000f2110000, 0x00000000f2530000)
 concurrent mark-sweep generation total 94848K, used 77940K [0x00000000f5550000, 0x00000000fb1f0000, 0x0000000100000000)
 Metaspace       used 87323K, capacity 88568K, committed 89032K, reserved 1128448K
  class space    used 9796K, capacity 10054K, committed 10188K, reserved 1048576K
}
Event: 14507.413 GC heap before
{Heap before GC invocations=521 (full 5):
 par new generation   total 38080K, used 37125K [0x00000000f0000000, 0x00000000f2950000, 0x00000000f5550000)
  eden space 33856K, 100% used [0x00000000f0000000, 0x00000000f2110000, 0x00000000f2110000)
  from space 4224K,  77% used [0x00000000f2530000, 0x00000000f2861750, 0x00000000f2950000)
  to   space 4224K,   0% used [0x00000000f2110000, 0x00000000f2110000, 0x00000000f2530000)
 concurrent mark-sweep generation total 94848K, used 77940K [0x00000000f5550000, 0x00000000fb1f0000, 0x0000000100000000)
 Metaspace       used 87326K, capacity 88632K, committed 89032K, reserved 1128448K
  class space    used 9796K, capacity 10054K, committed 10188K, reserved 1048576K
Event: 14507.423 GC heap after
Heap after GC invocations=522 (full 5):
 par new generation   total 38080K, used 4224K [0x00000000f0000000, 0x00000000f2950000, 0x00000000f5550000)
  eden space 33856K,   0% used [0x00000000f0000000, 0x00000000f0000000, 0x00000000f2110000)
  from space 4224K, 100% used [0x00000000f2110000, 0x00000000f2530000, 0x00000000f2530000)
  to   space 4224K,   0% used [0x00000000f2530000, 0x00000000f2530000, 0x00000000f2950000)
 concurrent mark-sweep generation total 95040K, used 78801K [0x00000000f5550000, 0x00000000fb220000, 0x0000000100000000)
 Metaspace       used 87326K, capacity 88632K, committed 89032K, reserved 1128448K
  class space    used 9796K, capacity 10054K, committed 10188K, reserved 1048576K
}

