# JRE version: OpenJDK Runtime Environment (8.0_144-b01) (build 1.8.0_144-b01)
# Java VM: OpenJDK 64-Bit Server VM (25.144-b01 mixed mode linux-amd64 compressed oops)
Heap:
 par new generation   total 38080K, used 24854K [0x00000000f0000000, 0x00000000f2950000, 0x00000000f5550000)
  eden space 33856K,  61% used [0x00000000f0000000, 0x00000000f144ee10, 0x00000000f2110000)
  from space 4224K,  96% used [0x00000000f2110000, 0x00000000f2506a48, 0x00000000f2530000)
  to   space 4224K,   0% used [0x00000000f2530000, 0x00000000f2530000, 0x00000000f2950000)
 concurrent mark-sweep generation total 108672K, used 85371K [0x00000000f5550000, 0x00000000fbf70000, 0x0000000100000000)
 Metaspace       used 89116K, capacity 90536K, committed 90840K, reserved 1130496K
  class space    used 9914K, capacity 10214K, committed 10264K, reserved 1048576K
GC Heap History (10 events):
Event: 43489.853 GC heap before
{Heap before GC invocations=1201 (full 6):
 par new generation   total 38080K, used 37557K [0x00000000f0000000, 0x00000000f2950000, 0x00000000f5550000)
  eden space 33856K, 100% used [0x00000000f0000000, 0x00000000f2110000, 0x00000000f2110000)
  from space 4224K,  87% used [0x00000000f2530000, 0x00000000f28cd7e8, 0x00000000f2950000)
  to   space 4224K,   0% used [0x00000000f2110000, 0x00000000f2110000, 0x00000000f2530000)
 concurrent mark-sweep generation total 108672K, used 84934K [0x00000000f5550000, 0x00000000fbf70000, 0x0000000100000000)
 Metaspace       used 89115K, capacity 90536K, committed 90840K, reserved 1130496K
  class space    used 9913K, capacity 10214K, committed 10264K, reserved 1048576K
Event: 43489.858 GC heap after
Heap after GC invocations=1202 (full 6):
 par new generation   total 38080K, used 2132K [0x00000000f0000000, 0x00000000f2950000, 0x00000000f5550000)
  eden space 33856K,   0% used [0x00000000f0000000, 0x00000000f0000000, 0x00000000f2110000)
  from space 4224K,  50% used [0x00000000f2110000, 0x00000000f2325270, 0x00000000f2530000)
  to   space 4224K,   0% used [0x00000000f2530000, 0x00000000f2530000, 0x00000000f2950000)
 concurrent mark-sweep generation total 108672K, used 85041K [0x00000000f5550000, 0x00000000fbf70000, 0x0000000100000000)
 Metaspace       used 89115K, capacity 90536K, committed 90840K, reserved 1130496K
  class space    used 9913K, capacity 10214K, committed 10264K, reserved 1048576K
}
Event: 43525.433 GC heap before
{Heap before GC invocations=1202 (full 6):
 par new generation   total 38080K, used 35988K [0x00000000f0000000, 0x00000000f2950000, 0x00000000f5550000)
  eden space 33856K, 100% used [0x00000000f0000000, 0x00000000f2110000, 0x00000000f2110000)
  from space 4224K,  50% used [0x00000000f2110000, 0x00000000f2325270, 0x00000000f2530000)
  to   space 4224K,   0% used [0x00000000f2530000, 0x00000000f2530000, 0x00000000f2950000)
 concurrent mark-sweep generation total 108672K, used 85041K [0x00000000f5550000, 0x00000000fbf70000, 0x0000000100000000)
 Metaspace       used 89115K, capacity 90536K, committed 90840K, reserved 1130496K
  class space    used 9913K, capacity 10214K, committed 10264K, reserved 1048576K
Event: 43525.439 GC heap after
Heap after GC invocations=1203 (full 6):
 par new generation   total 38080K, used 2990K [0x00000000f0000000, 0x00000000f2950000, 0x00000000f5550000)
  eden space 33856K,   0% used [0x00000000f0000000, 0x00000000f0000000, 0x00000000f2110000)
  from space 4224K,  70% used [0x00000000f2530000, 0x00000000f281b820, 0x00000000f2950000)
  to   space 4224K,   0% used [0x00000000f2110000, 0x00000000f2110000, 0x00000000f2530000)
 concurrent mark-sweep generation total 108672K, used 85041K [0x00000000f5550000, 0x00000000fbf70000, 0x0000000100000000)
 Metaspace       used 89115K, capacity 90536K, committed 90840K, reserved 1130496K
  class space    used 9913K, capacity 10214K, committed 10264K, reserved 1048576K
}
Event: 43592.484 GC heap before
{Heap before GC invocations=1203 (full 6):
 par new generation   total 38080K, used 36846K [0x00000000f0000000, 0x00000000f2950000, 0x00000000f5550000)
  eden space 33856K, 100% used [0x00000000f0000000, 0x00000000f2110000, 0x00000000f2110000)
  from space 4224K,  70% used [0x00000000f2530000, 0x00000000f281b820, 0x00000000f2950000)
  to   space 4224K,   0% used [0x00000000f2110000, 0x00000000f2110000, 0x00000000f2530000)
 concurrent mark-sweep generation total 108672K, used 85041K [0x00000000f5550000, 0x00000000fbf70000, 0x0000000100000000)
 Metaspace       used 89115K, capacity 90536K, committed 90840K, reserved 1130496K
  class space    used 9913K, capacity 10214K, committed 10264K, reserved 1048576K
Event: 43592.491 GC heap after
Heap after GC invocations=1204 (full 6):
 par new generation   total 38080K, used 4050K [0x00000000f0000000, 0x00000000f2950000, 0x00000000f5550000)
  eden space 33856K,   0% used [0x00000000f0000000, 0x00000000f0000000, 0x00000000f2110000)
  from space 4224K,  95% used [0x00000000f2110000, 0x00000000f25048a8, 0x00000000f2530000)
  to   space 4224K,   0% used [0x00000000f2530000, 0x00000000f2530000, 0x00000000f2950000)
 concurrent mark-sweep generation total 108672K, used 85141K [0x00000000f5550000, 0x00000000fbf70000, 0x0000000100000000)
 Metaspace       used 89115K, capacity 90536K, committed 90840K, reserved 1130496K
  class space    used 9913K, capacity 10214K, committed 10264K, reserved 1048576K
}
Event: 43653.458 GC heap before
{Heap before GC invocations=1204 (full 6):
 par new generation   total 38080K, used 37892K [0x00000000f0000000, 0x00000000f2950000, 0x00000000f5550000)
  eden space 33856K,  99% used [0x00000000f0000000, 0x00000000f210c7b0, 0x00000000f2110000)
  from space 4224K,  95% used [0x00000000f2110000, 0x00000000f25048a8, 0x00000000f2530000)
  to   space 4224K,   0% used [0x00000000f2530000, 0x00000000f2530000, 0x00000000f2950000)
 concurrent mark-sweep generation total 108672K, used 85141K [0x00000000f5550000, 0x00000000fbf70000, 0x0000000100000000)
 Metaspace       used 89115K, capacity 90536K, committed 90840K, reserved 1130496K
  class space    used 9913K, capacity 10214K, committed 10264K, reserved 1048576K
Event: 43653.466 GC heap after
Heap after GC invocations=1205 (full 6):
 par new generation   total 38080K, used 4177K [0x00000000f0000000, 0x00000000f2950000, 0x00000000f5550000)
  eden space 33856K,   0% used [0x00000000f0000000, 0x00000000f0000000, 0x00000000f2110000)
  from space 4224K,  98% used [0x00000000f2530000, 0x00000000f2944710, 0x00000000f2950000)
  to   space 4224K,   0% used [0x00000000f2110000, 0x00000000f2110000, 0x00000000f2530000)
 concurrent mark-sweep generation total 108672K, used 85311K [0x00000000f5550000, 0x00000000fbf70000, 0x0000000100000000)
 Metaspace       used 89115K, capacity 90536K, committed 90840K, reserved 1130496K
  class space    used 9913K, capacity 10214K, committed 10264K, reserved 1048576K
}
Event: 43724.205 GC heap before
{Heap before GC invocations=1205 (full 6):
 par new generation   total 38080K, used 38029K [0x00000000f0000000, 0x00000000f2950000, 0x00000000f5550000)
  eden space 33856K,  99% used [0x00000000f0000000, 0x00000000f210f020, 0x00000000f2110000)
  from space 4224K,  98% used [0x00000000f2530000, 0x00000000f2944710, 0x00000000f2950000)
  to   space 4224K,   0% used [0x00000000f2110000, 0x00000000f2110000, 0x00000000f2530000)
 concurrent mark-sweep generation total 108672K, used 85311K [0x00000000f5550000, 0x00000000fbf70000, 0x0000000100000000)
 Metaspace       used 89115K, capacity 90536K, committed 90840K, reserved 1130496K
  class space    used 9913K, capacity 10214K, committed 10264K, reserved 1048576K
Event: 43724.213 GC heap after
Heap after GC invocations=1206 (full 6):
 par new generation   total 38080K, used 4058K [0x00000000f0000000, 0x00000000f2950000, 0x00000000f5550000)
  eden space 33856K,   0% used [0x00000000f0000000, 0x00000000f0000000, 0x00000000f2110000)
  from space 4224K,  96% used [0x00000000f2110000, 0x00000000f2506a48, 0x00000000f2530000)
  to   space 4224K,   0% used [0x00000000f2530000, 0x00000000f2530000, 0x00000000f2950000)
 concurrent mark-sweep generation total 108672K, used 85371K [0x00000000f5550000, 0x00000000fbf70000, 0x0000000100000000)
 Metaspace       used 89115K, capacity 90536K, committed 90840K, reserved 1130496K
  class space    used 9913K, capacity 10214K, committed 10264K, reserved 1048576K
}

