# JRE version: OpenJDK Runtime Environment (8.0_144-b01) (build 1.8.0_144-b01)
# Java VM: OpenJDK 64-Bit Server VM (25.144-b01 mixed mode linux-amd64 compressed oops)
Heap:
 par new generation   total 38080K, used 34660K [0x00000000f0000000, 0x00000000f2950000, 0x00000000f5550000)
  eden space 33856K,  91% used [0x00000000f0000000, 0x00000000f1e48ba0, 0x00000000f2110000)
  from space 4224K,  86% used [0x00000000f2110000, 0x00000000f24a0738, 0x00000000f2530000)
  to   space 4224K,   0% used [0x00000000f2530000, 0x00000000f2530000, 0x00000000f2950000)
 concurrent mark-sweep generation total 107136K, used 90824K [0x00000000f5550000, 0x00000000fbdf0000, 0x0000000100000000)
 Metaspace       used 88677K, capacity 89961K, committed 90396K, reserved 1130496K
  class space    used 9868K, capacity 10142K, committed 10268K, reserved 1048576K
GC Heap History (10 events):
Event: 30578.140 GC heap before
{Heap before GC invocations=1073 (full 5):
 par new generation   total 38080K, used 38079K [0x00000000f0000000, 0x00000000f2950000, 0x00000000f5550000)
  eden space 33856K, 100% used [0x00000000f0000000, 0x00000000f2110000, 0x00000000f2110000)
  from space 4224K,  99% used [0x00000000f2530000, 0x00000000f294fff8, 0x00000000f2950000)
  to   space 4224K,   0% used [0x00000000f2110000, 0x00000000f2110000, 0x00000000f2530000)
 concurrent mark-sweep generation total 106560K, used 90277K [0x00000000f5550000, 0x00000000fbd60000, 0x0000000100000000)
 Metaspace       used 88668K, capacity 89961K, committed 90396K, reserved 1130496K
  class space    used 9866K, capacity 10142K, committed 10268K, reserved 1048576K
Event: 30578.154 GC heap after
Heap after GC invocations=1074 (full 5):
 par new generation   total 38080K, used 4224K [0x00000000f0000000, 0x00000000f2950000, 0x00000000f5550000)
  eden space 33856K,   0% used [0x00000000f0000000, 0x00000000f0000000, 0x00000000f2110000)
  from space 4224K, 100% used [0x00000000f2110000, 0x00000000f2530000, 0x00000000f2530000)
  to   space 4224K,   0% used [0x00000000f2530000, 0x00000000f2530000, 0x00000000f2950000)
 concurrent mark-sweep generation total 106752K, used 90502K [0x00000000f5550000, 0x00000000fbd90000, 0x0000000100000000)
 Metaspace       used 88668K, capacity 89961K, committed 90396K, reserved 1130496K
  class space    used 9866K, capacity 10142K, committed 10268K, reserved 1048576K
}
Event: 30633.400 GC heap before
{Heap before GC invocations=1074 (full 5):
 par new generation   total 38080K, used 38080K [0x00000000f0000000, 0x00000000f2950000, 0x00000000f5550000)
  eden space 33856K, 100% used [0x00000000f0000000, 0x00000000f2110000, 0x00000000f2110000)
  from space 4224K, 100% used [0x00000000f2110000, 0x00000000f2530000, 0x00000000f2530000)
  to   space 4224K,   0% used [0x00000000f2530000, 0x00000000f2530000, 0x00000000f2950000)
 concurrent mark-sweep generation total 106752K, used 90502K [0x00000000f5550000, 0x00000000fbd90000, 0x0000000100000000)
 Metaspace       used 88668K, capacity 89961K, committed 90396K, reserved 1130496K
  class space    used 9866K, capacity 10142K, committed 10268K, reserved 1048576K
Event: 30633.407 GC heap after
Heap after GC invocations=1075 (full 5):
 par new generation   total 38080K, used 3604K [0x00000000f0000000, 0x00000000f2950000, 0x00000000f5550000)
  eden space 33856K,   0% used [0x00000000f0000000, 0x00000000f0000000, 0x00000000f2110000)
  from space 4224K,  85% used [0x00000000f2530000, 0x00000000f28b53f0, 0x00000000f2950000)
  to   space 4224K,   0% used [0x00000000f2110000, 0x00000000f2110000, 0x00000000f2530000)
 concurrent mark-sweep generation total 106752K, used 90520K [0x00000000f5550000, 0x00000000fbd90000, 0x0000000100000000)
 Metaspace       used 88668K, capacity 89961K, committed 90396K, reserved 1130496K
  class space    used 9866K, capacity 10142K, committed 10268K, reserved 1048576K
}
Event: 30696.527 GC heap before
{Heap before GC invocations=1075 (full 5):
 par new generation   total 38080K, used 37460K [0x00000000f0000000, 0x00000000f2950000, 0x00000000f5550000)
  eden space 33856K, 100% used [0x00000000f0000000, 0x00000000f2110000, 0x00000000f2110000)
  from space 4224K,  85% used [0x00000000f2530000, 0x00000000f28b53f0, 0x00000000f2950000)
  to   space 4224K,   0% used [0x00000000f2110000, 0x00000000f2110000, 0x00000000f2530000)
 concurrent mark-sweep generation total 106752K, used 90520K [0x00000000f5550000, 0x00000000fbd90000, 0x0000000100000000)
 Metaspace       used 88668K, capacity 89961K, committed 90396K, reserved 1130496K
  class space    used 9866K, capacity 10142K, committed 10268K, reserved 1048576K
Event: 30696.535 GC heap after
Heap after GC invocations=1076 (full 5):
 par new generation   total 38080K, used 3937K [0x00000000f0000000, 0x00000000f2950000, 0x00000000f5550000)
  eden space 33856K,   0% used [0x00000000f0000000, 0x00000000f0000000, 0x00000000f2110000)
  from space 4224K,  93% used [0x00000000f2110000, 0x00000000f24e8768, 0x00000000f2530000)
  to   space 4224K,   0% used [0x00000000f2530000, 0x00000000f2530000, 0x00000000f2950000)
 concurrent mark-sweep generation total 106944K, used 90763K [0x00000000f5550000, 0x00000000fbdc0000, 0x0000000100000000)
 Metaspace       used 88668K, capacity 89961K, committed 90396K, reserved 1130496K
  class space    used 9866K, capacity 10142K, committed 10268K, reserved 1048576K
}
Event: 30765.358 GC heap before
{Heap before GC invocations=1076 (full 5):
 par new generation   total 38080K, used 37785K [0x00000000f0000000, 0x00000000f2950000, 0x00000000f5550000)
  eden space 33856K,  99% used [0x00000000f0000000, 0x00000000f210dfa0, 0x00000000f2110000)
  from space 4224K,  93% used [0x00000000f2110000, 0x00000000f24e8768, 0x00000000f2530000)
  to   space 4224K,   0% used [0x00000000f2530000, 0x00000000f2530000, 0x00000000f2950000)
 concurrent mark-sweep generation total 106944K, used 90763K [0x00000000f5550000, 0x00000000fbdc0000, 0x0000000100000000)
 Metaspace       used 88669K, capacity 89961K, committed 90396K, reserved 1130496K
  class space    used 9866K, capacity 10142K, committed 10268K, reserved 1048576K
Event: 30765.366 GC heap after
Heap after GC invocations=1077 (full 5):
 par new generation   total 38080K, used 3966K [0x00000000f0000000, 0x00000000f2950000, 0x00000000f5550000)
  eden space 33856K,   0% used [0x00000000f0000000, 0x00000000f0000000, 0x00000000f2110000)
  from space 4224K,  93% used [0x00000000f2530000, 0x00000000f290f848, 0x00000000f2950000)
  to   space 4224K,   0% used [0x00000000f2110000, 0x00000000f2110000, 0x00000000f2530000)
 concurrent mark-sweep generation total 107136K, used 90811K [0x00000000f5550000, 0x00000000fbdf0000, 0x0000000100000000)
 Metaspace       used 88669K, capacity 89961K, committed 90396K, reserved 1130496K
  class space    used 9866K, capacity 10142K, committed 10268K, reserved 1048576K
}
Event: 30829.422 GC heap before
{Heap before GC invocations=1077 (full 5):
 par new generation   total 38080K, used 37819K [0x00000000f0000000, 0x00000000f2950000, 0x00000000f5550000)
  eden space 33856K,  99% used [0x00000000f0000000, 0x00000000f210f418, 0x00000000f2110000)
  from space 4224K,  93% used [0x00000000f2530000, 0x00000000f290f848, 0x00000000f2950000)
  to   space 4224K,   0% used [0x00000000f2110000, 0x00000000f2110000, 0x00000000f2530000)
 concurrent mark-sweep generation total 107136K, used 90811K [0x00000000f5550000, 0x00000000fbdf0000, 0x0000000100000000)
 Metaspace       used 88669K, capacity 89961K, committed 90396K, reserved 1130496K
  class space    used 9866K, capacity 10142K, committed 10268K, reserved 1048576K
Event: 30829.429 GC heap after
Heap after GC invocations=1078 (full 5):
 par new generation   total 38080K, used 3649K [0x00000000f0000000, 0x00000000f2950000, 0x00000000f5550000)
  eden space 33856K,   0% used [0x00000000f0000000, 0x00000000f0000000, 0x00000000f2110000)
  from space 4224K,  86% used [0x00000000f2110000, 0x00000000f24a0738, 0x00000000f2530000)
  to   space 4224K,   0% used [0x00000000f2530000, 0x00000000f2530000, 0x00000000f2950000)
 concurrent mark-sweep generation total 107136K, used 90824K [0x00000000f5550000, 0x00000000fbdf0000, 0x0000000100000000)
 Metaspace       used 88669K, capacity 89961K, committed 90396K, reserved 1130496K
  class space    used 9866K, capacity 10142K, committed 10268K, reserved 1048576K
}

