# JRE version: OpenJDK Runtime Environment (8.0_144-b01) (build 1.8.0_144-b01)
# Java VM: OpenJDK 64-Bit Server VM (25.144-b01 mixed mode linux-amd64 compressed oops)
Heap:
 par new generation   total 38080K, used 29116K [0x00000000f0000000, 0x00000000f2950000, 0x00000000f5550000)
  eden space 33856K,  73% used [0x00000000f0000000, 0x00000000f184f108, 0x00000000f2110000)
  from space 4224K, 100% used [0x00000000f2110000, 0x00000000f2530000, 0x00000000f2530000)
  to   space 4224K,   0% used [0x00000000f2530000, 0x00000000f2530000, 0x00000000f2950000)
 concurrent mark-sweep generation total 84672K, used 72675K [0x00000000f5550000, 0x00000000fa800000, 0x0000000100000000)
 Metaspace       used 84902K, capacity 86474K, committed 86640K, reserved 1126400K
  class space    used 9829K, capacity 10132K, committed 10136K, reserved 1048576K
GC Heap History (10 events):
Event: 1062.173 GC heap before
{Heap before GC invocations=149 (full 3):
 par new generation   total 38080K, used 38080K [0x00000000f0000000, 0x00000000f2950000, 0x00000000f5550000)
  eden space 33856K, 100% used [0x00000000f0000000, 0x00000000f2110000, 0x00000000f2110000)
  from space 4224K, 100% used [0x00000000f2530000, 0x00000000f2950000, 0x00000000f2950000)
  to   space 4224K,   0% used [0x00000000f2110000, 0x00000000f2110000, 0x00000000f2530000)
 concurrent mark-sweep generation total 84672K, used 68997K [0x00000000f5550000, 0x00000000fa800000, 0x0000000100000000)
 Metaspace       used 84595K, capacity 86120K, committed 86384K, reserved 1126400K
  class space    used 9807K, capacity 10115K, committed 10136K, reserved 1048576K
Event: 1062.184 GC heap after
Heap after GC invocations=150 (full 3):
 par new generation   total 38080K, used 4224K [0x00000000f0000000, 0x00000000f2950000, 0x00000000f5550000)
  eden space 33856K,   0% used [0x00000000f0000000, 0x00000000f0000000, 0x00000000f2110000)
  from space 4224K, 100% used [0x00000000f2110000, 0x00000000f2530000, 0x00000000f2530000)
  to   space 4224K,   0% used [0x00000000f2530000, 0x00000000f2530000, 0x00000000f2950000)
 concurrent mark-sweep generation total 84672K, used 69871K [0x00000000f5550000, 0x00000000fa800000, 0x0000000100000000)
 Metaspace       used 84595K, capacity 86120K, committed 86384K, reserved 1126400K
  class space    used 9807K, capacity 10115K, committed 10136K, reserved 1048576K
}
Event: 1098.840 GC heap before
{Heap before GC invocations=150 (full 3):
 par new generation   total 38080K, used 38080K [0x00000000f0000000, 0x00000000f2950000, 0x00000000f5550000)
  eden space 33856K, 100% used [0x00000000f0000000, 0x00000000f2110000, 0x00000000f2110000)
  from space 4224K, 100% used [0x00000000f2110000, 0x00000000f2530000, 0x00000000f2530000)
  to   space 4224K,   0% used [0x00000000f2530000, 0x00000000f2530000, 0x00000000f2950000)
 concurrent mark-sweep generation total 84672K, used 69871K [0x00000000f5550000, 0x00000000fa800000, 0x0000000100000000)
 Metaspace       used 84599K, capacity 86120K, committed 86384K, reserved 1126400K
  class space    used 9807K, capacity 10115K, committed 10136K, reserved 1048576K
Event: 1098.848 GC heap after
Heap after GC invocations=151 (full 3):
 par new generation   total 38080K, used 4224K [0x00000000f0000000, 0x00000000f2950000, 0x00000000f5550000)
  eden space 33856K,   0% used [0x00000000f0000000, 0x00000000f0000000, 0x00000000f2110000)
  from space 4224K, 100% used [0x00000000f2530000, 0x00000000f2950000, 0x00000000f2950000)
  to   space 4224K,   0% used [0x00000000f2110000, 0x00000000f2110000, 0x00000000f2530000)
 concurrent mark-sweep generation total 84672K, used 70216K [0x00000000f5550000, 0x00000000fa800000, 0x0000000100000000)
 Metaspace       used 84599K, capacity 86120K, committed 86384K, reserved 1126400K
  class space    used 9807K, capacity 10115K, committed 10136K, reserved 1048576K
}
Event: 1140.441 GC heap before
{Heap before GC invocations=151 (full 3):
 par new generation   total 38080K, used 38080K [0x00000000f0000000, 0x00000000f2950000, 0x00000000f5550000)
  eden space 33856K, 100% used [0x00000000f0000000, 0x00000000f2110000, 0x00000000f2110000)
  from space 4224K, 100% used [0x00000000f2530000, 0x00000000f2950000, 0x00000000f2950000)
  to   space 4224K,   0% used [0x00000000f2110000, 0x00000000f2110000, 0x00000000f2530000)
 concurrent mark-sweep generation total 84672K, used 70216K [0x00000000f5550000, 0x00000000fa800000, 0x0000000100000000)
 Metaspace       used 84646K, capacity 86186K, committed 86384K, reserved 1126400K
  class space    used 9808K, capacity 10116K, committed 10136K, reserved 1048576K
Event: 1140.451 GC heap after
Heap after GC invocations=152 (full 3):
 par new generation   total 38080K, used 4224K [0x00000000f0000000, 0x00000000f2950000, 0x00000000f5550000)
  eden space 33856K,   0% used [0x00000000f0000000, 0x00000000f0000000, 0x00000000f2110000)
  from space 4224K, 100% used [0x00000000f2110000, 0x00000000f2530000, 0x00000000f2530000)
  to   space 4224K,   0% used [0x00000000f2530000, 0x00000000f2530000, 0x00000000f2950000)
 concurrent mark-sweep generation total 84672K, used 71081K [0x00000000f5550000, 0x00000000fa800000, 0x0000000100000000)
 Metaspace       used 84646K, capacity 86186K, committed 86384K, reserved 1126400K
  class space    used 9808K, capacity 10116K, committed 10136K, reserved 1048576K
}
Event: 1160.365 GC heap before
{Heap before GC invocations=152 (full 3):
 par new generation   total 38080K, used 38080K [0x00000000f0000000, 0x00000000f2950000, 0x00000000f5550000)
  eden space 33856K, 100% used [0x00000000f0000000, 0x00000000f2110000, 0x00000000f2110000)
  from space 4224K, 100% used [0x00000000f2110000, 0x00000000f2530000, 0x00000000f2530000)
  to   space 4224K,   0% used [0x00000000f2530000, 0x00000000f2530000, 0x00000000f2950000)
 concurrent mark-sweep generation total 84672K, used 71081K [0x00000000f5550000, 0x00000000fa800000, 0x0000000100000000)
 Metaspace       used 84839K, capacity 86386K, committed 86640K, reserved 1126400K
  class space    used 9827K, capacity 10128K, committed 10136K, reserved 1048576K
Event: 1160.371 GC heap after
Heap after GC invocations=153 (full 3):
 par new generation   total 38080K, used 4020K [0x00000000f0000000, 0x00000000f2950000, 0x00000000f5550000)
  eden space 33856K,   0% used [0x00000000f0000000, 0x00000000f0000000, 0x00000000f2110000)
  from space 4224K,  95% used [0x00000000f2530000, 0x00000000f291d060, 0x00000000f2950000)
  to   space 4224K,   0% used [0x00000000f2110000, 0x00000000f2110000, 0x00000000f2530000)
 concurrent mark-sweep generation total 84672K, used 71365K [0x00000000f5550000, 0x00000000fa800000, 0x0000000100000000)
 Metaspace       used 84839K, capacity 86386K, committed 86640K, reserved 1126400K
  class space    used 9827K, capacity 10128K, committed 10136K, reserved 1048576K
}
Event: 1197.870 GC heap before
{Heap before GC invocations=153 (full 3):
 par new generation   total 38080K, used 37876K [0x00000000f0000000, 0x00000000f2950000, 0x00000000f5550000)
  eden space 33856K, 100% used [0x00000000f0000000, 0x00000000f2110000, 0x00000000f2110000)
  from space 4224K,  95% used [0x00000000f2530000, 0x00000000f291d060, 0x00000000f2950000)
  to   space 4224K,   0% used [0x00000000f2110000, 0x00000000f2110000, 0x00000000f2530000)
 concurrent mark-sweep generation total 84672K, used 71365K [0x00000000f5550000, 0x00000000fa800000, 0x0000000100000000)
 Metaspace       used 84872K, capacity 86474K, committed 86640K, reserved 1126400K
  class space    used 9829K, capacity 10132K, committed 10136K, reserved 1048576K
Event: 1197.880 GC heap after
Heap after GC invocations=154 (full 3):
 par new generation   total 38080K, used 4224K [0x00000000f0000000, 0x00000000f2950000, 0x00000000f5550000)
  eden space 33856K,   0% used [0x00000000f0000000, 0x00000000f0000000, 0x00000000f2110000)
  from space 4224K, 100% used [0x00000000f2110000, 0x00000000f2530000, 0x00000000f2530000)
  to   space 4224K,   0% used [0x00000000f2530000, 0x00000000f2530000, 0x00000000f2950000)
 concurrent mark-sweep generation total 84672K, used 72675K [0x00000000f5550000, 0x00000000fa800000, 0x0000000100000000)
 Metaspace       used 84872K, capacity 86474K, committed 86640K, reserved 1126400K
  class space    used 9829K, capacity 10132K, committed 10136K, reserved 1048576K
}

