# JRE version: OpenJDK Runtime Environment (8.0_144-b01) (build 1.8.0_144-b01)
# Java VM: OpenJDK 64-Bit Server VM (25.144-b01 mixed mode linux-amd64 compressed oops)
Heap:
 par new generation   total 18432K, used 8783K [0x00000000f0000000, 0x00000000f1400000, 0x00000000f5550000)
  eden space 16384K,  44% used [0x00000000f0000000, 0x00000000f0726fb0, 0x00000000f1000000)
  from space 2048K,  71% used [0x00000000f1000000, 0x00000000f116cca0, 0x00000000f1200000)
  to   space 2048K,   0% used [0x00000000f1200000, 0x00000000f1200000, 0x00000000f1400000)
 concurrent mark-sweep generation total 93524K, used 57019K [0x00000000f5550000, 0x00000000fb0a5000, 0x0000000100000000)
 Metaspace       used 87483K, capacity 88720K, committed 89492K, reserved 1128448K
  class space    used 9773K, capacity 10026K, committed 10188K, reserved 1048576K
GC Heap History (10 events):
Event: 50201.109 GC heap before
{Heap before GC invocations=3997 (full 22):
 par new generation   total 18432K, used 18270K [0x00000000f0000000, 0x00000000f1400000, 0x00000000f5550000)
  eden space 16384K, 100% used [0x00000000f0000000, 0x00000000f1000000, 0x00000000f1000000)
  from space 2048K,  92% used [0x00000000f1200000, 0x00000000f13d7ac0, 0x00000000f1400000)
  to   space 2048K,   0% used [0x00000000f1000000, 0x00000000f1000000, 0x00000000f1200000)
 concurrent mark-sweep generation total 93524K, used 56436K [0x00000000f5550000, 0x00000000fb0a5000, 0x0000000100000000)
 Metaspace       used 87479K, capacity 88720K, committed 89492K, reserved 1128448K
  class space    used 9773K, capacity 10026K, committed 10188K, reserved 1048576K
Event: 50201.113 GC heap after
Heap after GC invocations=3998 (full 22):
 par new generation   total 18432K, used 1789K [0x00000000f0000000, 0x00000000f1400000, 0x00000000f5550000)
  eden space 16384K,   0% used [0x00000000f0000000, 0x00000000f0000000, 0x00000000f1000000)
  from space 2048K,  87% used [0x00000000f1000000, 0x00000000f11bf518, 0x00000000f1200000)
  to   space 2048K,   0% used [0x00000000f1200000, 0x00000000f1200000, 0x00000000f1400000)
 concurrent mark-sweep generation total 93524K, used 56798K [0x00000000f5550000, 0x00000000fb0a5000, 0x0000000100000000)
 Metaspace       used 87479K, capacity 88720K, committed 89492K, reserved 1128448K
  class space    used 9773K, capacity 10026K, committed 10188K, reserved 1048576K
}
Event: 50229.743 GC heap before
{Heap before GC invocations=3998 (full 22):
 par new generation   total 18432K, used 18173K [0x00000000f0000000, 0x00000000f1400000, 0x00000000f5550000)
  eden space 16384K, 100% used [0x00000000f0000000, 0x00000000f1000000, 0x00000000f1000000)
  from space 2048K,  87% used [0x00000000f1000000, 0x00000000f11bf518, 0x00000000f1200000)
  to   space 2048K,   0% used [0x00000000f1200000, 0x00000000f1200000, 0x00000000f1400000)
 concurrent mark-sweep generation total 93524K, used 56798K [0x00000000f5550000, 0x00000000fb0a5000, 0x0000000100000000)
 Metaspace       used 87479K, capacity 88720K, committed 89492K, reserved 1128448K
  class space    used 9773K, capacity 10026K, committed 10188K, reserved 1048576K
Event: 50229.747 GC heap after
Heap after GC invocations=3999 (full 22):
 par new generation   total 18432K, used 1459K [0x00000000f0000000, 0x00000000f1400000, 0x00000000f5550000)
  eden space 16384K,   0% used [0x00000000f0000000, 0x00000000f0000000, 0x00000000f1000000)
  from space 2048K,  71% used [0x00000000f1200000, 0x00000000f136cf80, 0x00000000f1400000)
  to   space 2048K,   0% used [0x00000000f1000000, 0x00000000f1000000, 0x00000000f1200000)
 concurrent mark-sweep generation total 93524K, used 56812K [0x00000000f5550000, 0x00000000fb0a5000, 0x0000000100000000)
 Metaspace       used 87479K, capacity 88720K, committed 89492K, reserved 1128448K
  class space    used 9773K, capacity 10026K, committed 10188K, reserved 1048576K
}
Event: 50244.832 GC heap before
{Heap before GC invocations=3999 (full 22):
 par new generation   total 18432K, used 17843K [0x00000000f0000000, 0x00000000f1400000, 0x00000000f5550000)
  eden space 16384K, 100% used [0x00000000f0000000, 0x00000000f1000000, 0x00000000f1000000)
  from space 2048K,  71% used [0x00000000f1200000, 0x00000000f136cf80, 0x00000000f1400000)
  to   space 2048K,   0% used [0x00000000f1000000, 0x00000000f1000000, 0x00000000f1200000)
 concurrent mark-sweep generation total 93524K, used 56812K [0x00000000f5550000, 0x00000000fb0a5000, 0x0000000100000000)
 Metaspace       used 87479K, capacity 88720K, committed 89492K, reserved 1128448K
  class space    used 9773K, capacity 10026K, committed 10188K, reserved 1048576K
Event: 50244.836 GC heap after
Heap after GC invocations=4000 (full 22):
 par new generation   total 18432K, used 2026K [0x00000000f0000000, 0x00000000f1400000, 0x00000000f5550000)
  eden space 16384K,   0% used [0x00000000f0000000, 0x00000000f0000000, 0x00000000f1000000)
  from space 2048K,  98% used [0x00000000f1000000, 0x00000000f11fa9e0, 0x00000000f1200000)
  to   space 2048K,   0% used [0x00000000f1200000, 0x00000000f1200000, 0x00000000f1400000)
 concurrent mark-sweep generation total 93524K, used 56868K [0x00000000f5550000, 0x00000000fb0a5000, 0x0000000100000000)
 Metaspace       used 87479K, capacity 88720K, committed 89492K, reserved 1128448K
  class space    used 9773K, capacity 10026K, committed 10188K, reserved 1048576K
}
Event: 50264.765 GC heap before
{Heap before GC invocations=4000 (full 22):
 par new generation   total 18432K, used 18410K [0x00000000f0000000, 0x00000000f1400000, 0x00000000f5550000)
  eden space 16384K,  99% used [0x00000000f0000000, 0x00000000f0fffec8, 0x00000000f1000000)
  from space 2048K,  98% used [0x00000000f1000000, 0x00000000f11fa9e0, 0x00000000f1200000)
  to   space 2048K,   0% used [0x00000000f1200000, 0x00000000f1200000, 0x00000000f1400000)
 concurrent mark-sweep generation total 93524K, used 56868K [0x00000000f5550000, 0x00000000fb0a5000, 0x0000000100000000)
 Metaspace       used 87479K, capacity 88720K, committed 89492K, reserved 1128448K
  class space    used 9773K, capacity 10026K, committed 10188K, reserved 1048576K
Event: 50264.769 GC heap after
Heap after GC invocations=4001 (full 22):
 par new generation   total 18432K, used 1718K [0x00000000f0000000, 0x00000000f1400000, 0x00000000f5550000)
  eden space 16384K,   0% used [0x00000000f0000000, 0x00000000f0000000, 0x00000000f1000000)
  from space 2048K,  83% used [0x00000000f1200000, 0x00000000f13adad8, 0x00000000f1400000)
  to   space 2048K,   0% used [0x00000000f1000000, 0x00000000f1000000, 0x00000000f1200000)
 concurrent mark-sweep generation total 93524K, used 56966K [0x00000000f5550000, 0x00000000fb0a5000, 0x0000000100000000)
 Metaspace       used 87479K, capacity 88720K, committed 89492K, reserved 1128448K
  class space    used 9773K, capacity 10026K, committed 10188K, reserved 1048576K
}
Event: 50290.625 GC heap before
{Heap before GC invocations=4001 (full 22):
 par new generation   total 18432K, used 18102K [0x00000000f0000000, 0x00000000f1400000, 0x00000000f5550000)
  eden space 16384K, 100% used [0x00000000f0000000, 0x00000000f1000000, 0x00000000f1000000)
  from space 2048K,  83% used [0x00000000f1200000, 0x00000000f13adad8, 0x00000000f1400000)
  to   space 2048K,   0% used [0x00000000f1000000, 0x00000000f1000000, 0x00000000f1200000)
 concurrent mark-sweep generation total 93524K, used 56966K [0x00000000f5550000, 0x00000000fb0a5000, 0x0000000100000000)
 Metaspace       used 87479K, capacity 88720K, committed 89492K, reserved 1128448K
  class space    used 9773K, capacity 10026K, committed 10188K, reserved 1048576K
Event: 50290.629 GC heap after
Heap after GC invocations=4002 (full 22):
 par new generation   total 18432K, used 1459K [0x00000000f0000000, 0x00000000f1400000, 0x00000000f5550000)
  eden space 16384K,   0% used [0x00000000f0000000, 0x00000000f0000000, 0x00000000f1000000)
  from space 2048K,  71% used [0x00000000f1000000, 0x00000000f116cca0, 0x00000000f1200000)
  to   space 2048K,   0% used [0x00000000f1200000, 0x00000000f1200000, 0x00000000f1400000)
 concurrent mark-sweep generation total 93524K, used 57019K [0x00000000f5550000, 0x00000000fb0a5000, 0x0000000100000000)
 Metaspace       used 87479K, capacity 88720K, committed 89492K, reserved 1128448K
  class space    used 9773K, capacity 10026K, committed 10188K, reserved 1048576K
}

