# JRE version: OpenJDK Runtime Environment (8.0_144-b01) (build 1.8.0_144-b01)
# Java VM: OpenJDK 64-Bit Server VM (25.144-b01 mixed mode linux-amd64 compressed oops)
Heap:
 par new generation   total 38080K, used 31352K [0x00000000f0000000, 0x00000000f2950000, 0x00000000f5550000)
  eden space 33856K,  81% used [0x00000000f0000000, 0x00000000f1b054d0, 0x00000000f2110000)
  from space 4224K,  87% used [0x00000000f2110000, 0x00000000f24a8e68, 0x00000000f2530000)
  to   space 4224K,   0% used [0x00000000f2530000, 0x00000000f2530000, 0x00000000f2950000)
 concurrent mark-sweep generation total 84672K, used 49908K [0x00000000f5550000, 0x00000000fa800000, 0x0000000100000000)
 Metaspace       used 87885K, capacity 89288K, committed 89980K, reserved 1128448K
  class space    used 9887K, capacity 10153K, committed 10364K, reserved 1048576K
GC Heap History (10 events):
Event: 8396.692 GC heap before
{Heap before GC invocations=295 (full 4):
 par new generation   total 38080K, used 37686K [0x00000000f0000000, 0x00000000f2950000, 0x00000000f5550000)
  eden space 33856K, 100% used [0x00000000f0000000, 0x00000000f2110000, 0x00000000f2110000)
  from space 4224K,  90% used [0x00000000f2530000, 0x00000000f28ed9c0, 0x00000000f2950000)
  to   space 4224K,   0% used [0x00000000f2110000, 0x00000000f2110000, 0x00000000f2530000)
 concurrent mark-sweep generation total 84672K, used 49255K [0x00000000f5550000, 0x00000000fa800000, 0x0000000100000000)
 Metaspace       used 87179K, capacity 88610K, committed 89340K, reserved 1128448K
  class space    used 9832K, capacity 10120K, committed 10236K, reserved 1048576K
Event: 8396.698 GC heap after
Heap after GC invocations=296 (full 4):
 par new generation   total 38080K, used 3297K [0x00000000f0000000, 0x00000000f2950000, 0x00000000f5550000)
  eden space 33856K,   0% used [0x00000000f0000000, 0x00000000f0000000, 0x00000000f2110000)
  from space 4224K,  78% used [0x00000000f2110000, 0x00000000f24484e0, 0x00000000f2530000)
  to   space 4224K,   0% used [0x00000000f2530000, 0x00000000f2530000, 0x00000000f2950000)
 concurrent mark-sweep generation total 84672K, used 49322K [0x00000000f5550000, 0x00000000fa800000, 0x0000000100000000)
 Metaspace       used 87179K, capacity 88610K, committed 89340K, reserved 1128448K
  class space    used 9832K, capacity 10120K, committed 10236K, reserved 1048576K
}
Event: 8433.953 GC heap before
{Heap before GC invocations=296 (full 4):
 par new generation   total 38080K, used 37153K [0x00000000f0000000, 0x00000000f2950000, 0x00000000f5550000)
  eden space 33856K, 100% used [0x00000000f0000000, 0x00000000f2110000, 0x00000000f2110000)
  from space 4224K,  78% used [0x00000000f2110000, 0x00000000f24484e0, 0x00000000f2530000)
  to   space 4224K,   0% used [0x00000000f2530000, 0x00000000f2530000, 0x00000000f2950000)
 concurrent mark-sweep generation total 84672K, used 49322K [0x00000000f5550000, 0x00000000fa800000, 0x0000000100000000)
 Metaspace       used 87186K, capacity 88610K, committed 89340K, reserved 1128448K
  class space    used 9832K, capacity 10120K, committed 10236K, reserved 1048576K
Event: 8433.960 GC heap after
Heap after GC invocations=297 (full 4):
 par new generation   total 38080K, used 3922K [0x00000000f0000000, 0x00000000f2950000, 0x00000000f5550000)
  eden space 33856K,   0% used [0x00000000f0000000, 0x00000000f0000000, 0x00000000f2110000)
  from space 4224K,  92% used [0x00000000f2530000, 0x00000000f29048c0, 0x00000000f2950000)
  to   space 4224K,   0% used [0x00000000f2110000, 0x00000000f2110000, 0x00000000f2530000)
 concurrent mark-sweep generation total 84672K, used 49484K [0x00000000f5550000, 0x00000000fa800000, 0x0000000100000000)
 Metaspace       used 87186K, capacity 88610K, committed 89340K, reserved 1128448K
  class space    used 9832K, capacity 10120K, committed 10236K, reserved 1048576K
}
Event: 8468.144 GC heap before
{Heap before GC invocations=297 (full 4):
 par new generation   total 38080K, used 37778K [0x00000000f0000000, 0x00000000f2950000, 0x00000000f5550000)
  eden space 33856K, 100% used [0x00000000f0000000, 0x00000000f2110000, 0x00000000f2110000)
  from space 4224K,  92% used [0x00000000f2530000, 0x00000000f29048c0, 0x00000000f2950000)
  to   space 4224K,   0% used [0x00000000f2110000, 0x00000000f2110000, 0x00000000f2530000)
 concurrent mark-sweep generation total 84672K, used 49484K [0x00000000f5550000, 0x00000000fa800000, 0x0000000100000000)
 Metaspace       used 87206K, capacity 88610K, committed 89340K, reserved 1128448K
  class space    used 9832K, capacity 10120K, committed 10236K, reserved 1048576K
Event: 8468.152 GC heap after
Heap after GC invocations=298 (full 4):
 par new generation   total 38080K, used 3473K [0x00000000f0000000, 0x00000000f2950000, 0x00000000f5550000)
  eden space 33856K,   0% used [0x00000000f0000000, 0x00000000f0000000, 0x00000000f2110000)
  from space 4224K,  82% used [0x00000000f2110000, 0x00000000f2474710, 0x00000000f2530000)
  to   space 4224K,   0% used [0x00000000f2530000, 0x00000000f2530000, 0x00000000f2950000)
 concurrent mark-sweep generation total 84672K, used 49593K [0x00000000f5550000, 0x00000000fa800000, 0x0000000100000000)
 Metaspace       used 87206K, capacity 88610K, committed 89340K, reserved 1128448K
  class space    used 9832K, capacity 10120K, committed 10236K, reserved 1048576K
}
Event: 8503.684 GC heap before
{Heap before GC invocations=298 (full 4):
 par new generation   total 38080K, used 37329K [0x00000000f0000000, 0x00000000f2950000, 0x00000000f5550000)
  eden space 33856K, 100% used [0x00000000f0000000, 0x00000000f2110000, 0x00000000f2110000)
  from space 4224K,  82% used [0x00000000f2110000, 0x00000000f2474710, 0x00000000f2530000)
  to   space 4224K,   0% used [0x00000000f2530000, 0x00000000f2530000, 0x00000000f2950000)
 concurrent mark-sweep generation total 84672K, used 49593K [0x00000000f5550000, 0x00000000fa800000, 0x0000000100000000)
 Metaspace       used 87219K, capacity 88616K, committed 89340K, reserved 1128448K
  class space    used 9832K, capacity 10121K, committed 10236K, reserved 1048576K
Event: 8503.692 GC heap after
Heap after GC invocations=299 (full 4):
 par new generation   total 38080K, used 4170K [0x00000000f0000000, 0x00000000f2950000, 0x00000000f5550000)
  eden space 33856K,   0% used [0x00000000f0000000, 0x00000000f0000000, 0x00000000f2110000)
  from space 4224K,  98% used [0x00000000f2530000, 0x00000000f2942aa8, 0x00000000f2950000)
  to   space 4224K,   0% used [0x00000000f2110000, 0x00000000f2110000, 0x00000000f2530000)
 concurrent mark-sweep generation total 84672K, used 49770K [0x00000000f5550000, 0x00000000fa800000, 0x0000000100000000)
 Metaspace       used 87219K, capacity 88616K, committed 89340K, reserved 1128448K
  class space    used 9832K, capacity 10121K, committed 10236K, reserved 1048576K
}
Event: 8534.076 GC heap before
{Heap before GC invocations=299 (full 4):
 par new generation   total 38080K, used 38026K [0x00000000f0000000, 0x00000000f2950000, 0x00000000f5550000)
  eden space 33856K, 100% used [0x00000000f0000000, 0x00000000f2110000, 0x00000000f2110000)
  from space 4224K,  98% used [0x00000000f2530000, 0x00000000f2942aa8, 0x00000000f2950000)
  to   space 4224K,   0% used [0x00000000f2110000, 0x00000000f2110000, 0x00000000f2530000)
 concurrent mark-sweep generation total 84672K, used 49770K [0x00000000f5550000, 0x00000000fa800000, 0x0000000100000000)
 Metaspace       used 87225K, capacity 88616K, committed 89340K, reserved 1128448K
  class space    used 9832K, capacity 10121K, committed 10236K, reserved 1048576K
Event: 8534.084 GC heap after
Heap after GC invocations=300 (full 4):
 par new generation   total 38080K, used 3683K [0x00000000f0000000, 0x00000000f2950000, 0x00000000f5550000)
  eden space 33856K,   0% used [0x00000000f0000000, 0x00000000f0000000, 0x00000000f2110000)
  from space 4224K,  87% used [0x00000000f2110000, 0x00000000f24a8e68, 0x00000000f2530000)
  to   space 4224K,   0% used [0x00000000f2530000, 0x00000000f2530000, 0x00000000f2950000)
 concurrent mark-sweep generation total 84672K, used 49908K [0x00000000f5550000, 0x00000000fa800000, 0x0000000100000000)
 Metaspace       used 87225K, capacity 88616K, committed 89340K, reserved 1128448K
  class space    used 9832K, capacity 10121K, committed 10236K, reserved 1048576K
}

