# JRE version: OpenJDK Runtime Environment (8.0_144-b01) (build 1.8.0_144-b01)
# Java VM: OpenJDK 64-Bit Server VM (25.144-b01 mixed mode linux-amd64 compressed oops)
Heap:
 par new generation   total 38080K, used 25391K [0x00000000f0000000, 0x00000000f2950000, 0x00000000f5550000)
  eden space 33856K,  62% used [0x00000000f0000000, 0x00000000f14abcf8, 0x00000000f2110000)
  from space 4224K,  99% used [0x00000000f2530000, 0x00000000f294fff8, 0x00000000f2950000)
  to   space 4224K,   0% used [0x00000000f2110000, 0x00000000f2110000, 0x00000000f2530000)
 concurrent mark-sweep generation total 102528K, used 91799K [0x00000000f5550000, 0x00000000fb970000, 0x0000000100000000)
 Metaspace       used 88810K, capacity 90284K, committed 90904K, reserved 1130496K
  class space    used 9884K, capacity 10178K, committed 10348K, reserved 1048576K
GC Heap History (10 events):
Event: 36612.894 GC heap before
{Heap before GC invocations=894 (full 5):
 par new generation   total 38080K, used 38070K [0x00000000f0000000, 0x00000000f2950000, 0x00000000f5550000)
  eden space 33856K,  99% used [0x00000000f0000000, 0x00000000f210db28, 0x00000000f2110000)
  from space 4224K, 100% used [0x00000000f2110000, 0x00000000f2530000, 0x00000000f2530000)
  to   space 4224K,   0% used [0x00000000f2530000, 0x00000000f2530000, 0x00000000f2950000)
 concurrent mark-sweep generation total 101184K, used 90155K [0x00000000f5550000, 0x00000000fb820000, 0x0000000100000000)
 Metaspace       used 88805K, capacity 90284K, committed 90904K, reserved 1130496K
  class space    used 9884K, capacity 10178K, committed 10348K, reserved 1048576K
Event: 36612.906 GC heap after
Heap after GC invocations=895 (full 5):
 par new generation   total 38080K, used 4224K [0x00000000f0000000, 0x00000000f2950000, 0x00000000f5550000)
  eden space 33856K,   0% used [0x00000000f0000000, 0x00000000f0000000, 0x00000000f2110000)
  from space 4224K, 100% used [0x00000000f2530000, 0x00000000f2950000, 0x00000000f2950000)
  to   space 4224K,   0% used [0x00000000f2110000, 0x00000000f2110000, 0x00000000f2530000)
 concurrent mark-sweep generation total 101952K, used 91053K [0x00000000f5550000, 0x00000000fb8e0000, 0x0000000100000000)
 Metaspace       used 88805K, capacity 90284K, committed 90904K, reserved 1130496K
  class space    used 9884K, capacity 10178K, committed 10348K, reserved 1048576K
}
Event: 36664.558 GC heap before
{Heap before GC invocations=895 (full 5):
 par new generation   total 38080K, used 38080K [0x00000000f0000000, 0x00000000f2950000, 0x00000000f5550000)
  eden space 33856K, 100% used [0x00000000f0000000, 0x00000000f2110000, 0x00000000f2110000)
  from space 4224K, 100% used [0x00000000f2530000, 0x00000000f2950000, 0x00000000f2950000)
  to   space 4224K,   0% used [0x00000000f2110000, 0x00000000f2110000, 0x00000000f2530000)
 concurrent mark-sweep generation total 101952K, used 91053K [0x00000000f5550000, 0x00000000fb8e0000, 0x0000000100000000)
 Metaspace       used 88805K, capacity 90284K, committed 90904K, reserved 1130496K
  class space    used 9884K, capacity 10178K, committed 10348K, reserved 1048576K
Event: 36664.566 GC heap after
Heap after GC invocations=896 (full 5):
 par new generation   total 38080K, used 4157K [0x00000000f0000000, 0x00000000f2950000, 0x00000000f5550000)
  eden space 33856K,   0% used [0x00000000f0000000, 0x00000000f0000000, 0x00000000f2110000)
  from space 4224K,  98% used [0x00000000f2110000, 0x00000000f251f490, 0x00000000f2530000)
  to   space 4224K,   0% used [0x00000000f2530000, 0x00000000f2530000, 0x00000000f2950000)
 concurrent mark-sweep generation total 102144K, used 91167K [0x00000000f5550000, 0x00000000fb910000, 0x0000000100000000)
 Metaspace       used 88805K, capacity 90284K, committed 90904K, reserved 1130496K
  class space    used 9884K, capacity 10178K, committed 10348K, reserved 1048576K
}
Event: 36712.498 GC heap before
{Heap before GC invocations=896 (full 5):
 par new generation   total 38080K, used 38013K [0x00000000f0000000, 0x00000000f2950000, 0x00000000f5550000)
  eden space 33856K, 100% used [0x00000000f0000000, 0x00000000f2110000, 0x00000000f2110000)
  from space 4224K,  98% used [0x00000000f2110000, 0x00000000f251f490, 0x00000000f2530000)
  to   space 4224K,   0% used [0x00000000f2530000, 0x00000000f2530000, 0x00000000f2950000)
 concurrent mark-sweep generation total 102144K, used 91167K [0x00000000f5550000, 0x00000000fb910000, 0x0000000100000000)
 Metaspace       used 88805K, capacity 90284K, committed 90904K, reserved 1130496K
  class space    used 9884K, capacity 10178K, committed 10348K, reserved 1048576K
Event: 36712.506 GC heap after
Heap after GC invocations=897 (full 5):
 par new generation   total 38080K, used 4224K [0x00000000f0000000, 0x00000000f2950000, 0x00000000f5550000)
  eden space 33856K,   0% used [0x00000000f0000000, 0x00000000f0000000, 0x00000000f2110000)
  from space 4224K, 100% used [0x00000000f2530000, 0x00000000f2950000, 0x00000000f2950000)
  to   space 4224K,   0% used [0x00000000f2110000, 0x00000000f2110000, 0x00000000f2530000)
 concurrent mark-sweep generation total 102144K, used 91497K [0x00000000f5550000, 0x00000000fb910000, 0x0000000100000000)
 Metaspace       used 88805K, capacity 90284K, committed 90904K, reserved 1130496K
  class space    used 9884K, capacity 10178K, committed 10348K, reserved 1048576K
}
Event: 36753.772 GC heap before
{Heap before GC invocations=897 (full 5):
 par new generation   total 38080K, used 38080K [0x00000000f0000000, 0x00000000f2950000, 0x00000000f5550000)
  eden space 33856K, 100% used [0x00000000f0000000, 0x00000000f2110000, 0x00000000f2110000)
  from space 4224K, 100% used [0x00000000f2530000, 0x00000000f2950000, 0x00000000f2950000)
  to   space 4224K,   0% used [0x00000000f2110000, 0x00000000f2110000, 0x00000000f2530000)
 concurrent mark-sweep generation total 102144K, used 91497K [0x00000000f5550000, 0x00000000fb910000, 0x0000000100000000)
 Metaspace       used 88805K, capacity 90284K, committed 90904K, reserved 1130496K
  class space    used 9884K, capacity 10178K, committed 10348K, reserved 1048576K
Event: 36753.779 GC heap after
Heap after GC invocations=898 (full 5):
 par new generation   total 38080K, used 3811K [0x00000000f0000000, 0x00000000f2950000, 0x00000000f5550000)
  eden space 33856K,   0% used [0x00000000f0000000, 0x00000000f0000000, 0x00000000f2110000)
  from space 4224K,  90% used [0x00000000f2110000, 0x00000000f24c8ff0, 0x00000000f2530000)
  to   space 4224K,   0% used [0x00000000f2530000, 0x00000000f2530000, 0x00000000f2950000)
 concurrent mark-sweep generation total 102336K, used 91564K [0x00000000f5550000, 0x00000000fb940000, 0x0000000100000000)
 Metaspace       used 88805K, capacity 90284K, committed 90904K, reserved 1130496K
  class space    used 9884K, capacity 10178K, committed 10348K, reserved 1048576K
}
Event: 36801.460 GC heap before
{Heap before GC invocations=898 (full 5):
 par new generation   total 38080K, used 37667K [0x00000000f0000000, 0x00000000f2950000, 0x00000000f5550000)
  eden space 33856K, 100% used [0x00000000f0000000, 0x00000000f2110000, 0x00000000f2110000)
  from space 4224K,  90% used [0x00000000f2110000, 0x00000000f24c8ff0, 0x00000000f2530000)
  to   space 4224K,   0% used [0x00000000f2530000, 0x00000000f2530000, 0x00000000f2950000)
 concurrent mark-sweep generation total 102336K, used 91564K [0x00000000f5550000, 0x00000000fb940000, 0x0000000100000000)
 Metaspace       used 88805K, capacity 90284K, committed 90904K, reserved 1130496K
  class space    used 9884K, capacity 10178K, committed 10348K, reserved 1048576K
Event: 36801.467 GC heap after
Heap after GC invocations=899 (full 5):
 par new generation   total 38080K, used 4223K [0x00000000f0000000, 0x00000000f2950000, 0x00000000f5550000)
  eden space 33856K,   0% used [0x00000000f0000000, 0x00000000f0000000, 0x00000000f2110000)
  from space 4224K,  99% used [0x00000000f2530000, 0x00000000f294fff8, 0x00000000f2950000)
  to   space 4224K,   0% used [0x00000000f2110000, 0x00000000f2110000, 0x00000000f2530000)
 concurrent mark-sweep generation total 102528K, used 91799K [0x00000000f5550000, 0x00000000fb970000, 0x0000000100000000)
 Metaspace       used 88805K, capacity 90284K, committed 90904K, reserved 1130496K
  class space    used 9884K, capacity 10178K, committed 10348K, reserved 1048576K
}

