# JRE version: OpenJDK Runtime Environment (8.0_144-b01) (build 1.8.0_144-b01)
# Java VM: OpenJDK 64-Bit Server VM (25.144-b01 mixed mode linux-amd64 compressed oops)
Heap:
 par new generation   total 38080K, used 10638K [0x00000000f0000000, 0x00000000f2950000, 0x00000000f5550000)
  eden space 33856K,  18% used [0x00000000f0000000, 0x00000000f0643908, 0x00000000f2110000)
  from space 4224K, 100% used [0x00000000f2110000, 0x00000000f2530000, 0x00000000f2530000)
  to   space 4224K,   0% used [0x00000000f2530000, 0x00000000f2530000, 0x00000000f2950000)
 concurrent mark-sweep generation total 84672K, used 60586K [0x00000000f5550000, 0x00000000fa800000, 0x0000000100000000)
 Metaspace       used 88121K, capacity 89436K, committed 90120K, reserved 1128448K
  class space    used 9815K, capacity 10094K, committed 10264K, reserved 1048576K
GC Heap History (10 events):
Event: 29106.726 GC heap before
{Heap before GC invocations=507 (full 4):
 par new generation   total 38080K, used 36172K [0x00000000f0000000, 0x00000000f2950000, 0x00000000f5550000)
  eden space 33856K, 100% used [0x00000000f0000000, 0x00000000f2110000, 0x00000000f2110000)
  from space 4224K,  54% used [0x00000000f2530000, 0x00000000f27732c8, 0x00000000f2950000)
  to   space 4224K,   0% used [0x00000000f2110000, 0x00000000f2110000, 0x00000000f2530000)
 concurrent mark-sweep generation total 84672K, used 60105K [0x00000000f5550000, 0x00000000fa800000, 0x0000000100000000)
 Metaspace       used 88092K, capacity 89436K, committed 90120K, reserved 1128448K
  class space    used 9813K, capacity 10094K, committed 10264K, reserved 1048576K
Event: 29106.734 GC heap after
Heap after GC invocations=508 (full 4):
 par new generation   total 38080K, used 2882K [0x00000000f0000000, 0x00000000f2950000, 0x00000000f5550000)
  eden space 33856K,   0% used [0x00000000f0000000, 0x00000000f0000000, 0x00000000f2110000)
  from space 4224K,  68% used [0x00000000f2110000, 0x00000000f23e0828, 0x00000000f2530000)
  to   space 4224K,   0% used [0x00000000f2530000, 0x00000000f2530000, 0x00000000f2950000)
 concurrent mark-sweep generation total 84672K, used 60251K [0x00000000f5550000, 0x00000000fa800000, 0x0000000100000000)
 Metaspace       used 88092K, capacity 89436K, committed 90120K, reserved 1128448K
  class space    used 9813K, capacity 10094K, committed 10264K, reserved 1048576K
}
Event: 29200.367 GC heap before
{Heap before GC invocations=508 (full 4):
 par new generation   total 38080K, used 36738K [0x00000000f0000000, 0x00000000f2950000, 0x00000000f5550000)
  eden space 33856K, 100% used [0x00000000f0000000, 0x00000000f2110000, 0x00000000f2110000)
  from space 4224K,  68% used [0x00000000f2110000, 0x00000000f23e0828, 0x00000000f2530000)
  to   space 4224K,   0% used [0x00000000f2530000, 0x00000000f2530000, 0x00000000f2950000)
 concurrent mark-sweep generation total 84672K, used 60251K [0x00000000f5550000, 0x00000000fa800000, 0x0000000100000000)
 Metaspace       used 88092K, capacity 89436K, committed 90120K, reserved 1128448K
  class space    used 9813K, capacity 10094K, committed 10264K, reserved 1048576K
Event: 29200.375 GC heap after
Heap after GC invocations=509 (full 4):
 par new generation   total 38080K, used 3566K [0x00000000f0000000, 0x00000000f2950000, 0x00000000f5550000)
  eden space 33856K,   0% used [0x00000000f0000000, 0x00000000f0000000, 0x00000000f2110000)
  from space 4224K,  84% used [0x00000000f2530000, 0x00000000f28ab9d8, 0x00000000f2950000)
  to   space 4224K,   0% used [0x00000000f2110000, 0x00000000f2110000, 0x00000000f2530000)
 concurrent mark-sweep generation total 84672K, used 60336K [0x00000000f5550000, 0x00000000fa800000, 0x0000000100000000)
 Metaspace       used 88092K, capacity 89436K, committed 90120K, reserved 1128448K
  class space    used 9813K, capacity 10094K, committed 10264K, reserved 1048576K
}
Event: 29241.855 GC heap before
{Heap before GC invocations=509 (full 4):
 par new generation   total 38080K, used 37422K [0x00000000f0000000, 0x00000000f2950000, 0x00000000f5550000)
  eden space 33856K, 100% used [0x00000000f0000000, 0x00000000f2110000, 0x00000000f2110000)
  from space 4224K,  84% used [0x00000000f2530000, 0x00000000f28ab9d8, 0x00000000f2950000)
  to   space 4224K,   0% used [0x00000000f2110000, 0x00000000f2110000, 0x00000000f2530000)
 concurrent mark-sweep generation total 84672K, used 60336K [0x00000000f5550000, 0x00000000fa800000, 0x0000000100000000)
 Metaspace       used 88092K, capacity 89436K, committed 90120K, reserved 1128448K
  class space    used 9813K, capacity 10094K, committed 10264K, reserved 1048576K
Event: 29241.861 GC heap after
Heap after GC invocations=510 (full 4):
 par new generation   total 38080K, used 2083K [0x00000000f0000000, 0x00000000f2950000, 0x00000000f5550000)
  eden space 33856K,   0% used [0x00000000f0000000, 0x00000000f0000000, 0x00000000f2110000)
  from space 4224K,  49% used [0x00000000f2110000, 0x00000000f2318f78, 0x00000000f2530000)
  to   space 4224K,   0% used [0x00000000f2530000, 0x00000000f2530000, 0x00000000f2950000)
 concurrent mark-sweep generation total 84672K, used 60519K [0x00000000f5550000, 0x00000000fa800000, 0x0000000100000000)
 Metaspace       used 88092K, capacity 89436K, committed 90120K, reserved 1128448K
  class space    used 9813K, capacity 10094K, committed 10264K, reserved 1048576K
}
Event: 29288.298 GC heap before
{Heap before GC invocations=510 (full 4):
 par new generation   total 38080K, used 35939K [0x00000000f0000000, 0x00000000f2950000, 0x00000000f5550000)
  eden space 33856K, 100% used [0x00000000f0000000, 0x00000000f2110000, 0x00000000f2110000)
  from space 4224K,  49% used [0x00000000f2110000, 0x00000000f2318f78, 0x00000000f2530000)
  to   space 4224K,   0% used [0x00000000f2530000, 0x00000000f2530000, 0x00000000f2950000)
 concurrent mark-sweep generation total 84672K, used 60519K [0x00000000f5550000, 0x00000000fa800000, 0x0000000100000000)
 Metaspace       used 88094K, capacity 89436K, committed 90120K, reserved 1128448K
  class space    used 9813K, capacity 10094K, committed 10264K, reserved 1048576K
Event: 29288.306 GC heap after
Heap after GC invocations=511 (full 4):
 par new generation   total 38080K, used 2122K [0x00000000f0000000, 0x00000000f2950000, 0x00000000f5550000)
  eden space 33856K,   0% used [0x00000000f0000000, 0x00000000f0000000, 0x00000000f2110000)
  from space 4224K,  50% used [0x00000000f2530000, 0x00000000f2742a20, 0x00000000f2950000)
  to   space 4224K,   0% used [0x00000000f2110000, 0x00000000f2110000, 0x00000000f2530000)
 concurrent mark-sweep generation total 84672K, used 60519K [0x00000000f5550000, 0x00000000fa800000, 0x0000000100000000)
 Metaspace       used 88094K, capacity 89436K, committed 90120K, reserved 1128448K
  class space    used 9813K, capacity 10094K, committed 10264K, reserved 1048576K
}
Event: 29387.898 GC heap before
{Heap before GC invocations=511 (full 4):
 par new generation   total 38080K, used 35978K [0x00000000f0000000, 0x00000000f2950000, 0x00000000f5550000)
  eden space 33856K, 100% used [0x00000000f0000000, 0x00000000f2110000, 0x00000000f2110000)
  from space 4224K,  50% used [0x00000000f2530000, 0x00000000f2742a20, 0x00000000f2950000)
  to   space 4224K,   0% used [0x00000000f2110000, 0x00000000f2110000, 0x00000000f2530000)
 concurrent mark-sweep generation total 84672K, used 60519K [0x00000000f5550000, 0x00000000fa800000, 0x0000000100000000)
 Metaspace       used 88110K, capacity 89436K, committed 90120K, reserved 1128448K
  class space    used 9814K, capacity 10094K, committed 10264K, reserved 1048576K
Event: 29387.912 GC heap after
Heap after GC invocations=512 (full 4):
 par new generation   total 38080K, used 4224K [0x00000000f0000000, 0x00000000f2950000, 0x00000000f5550000)
  eden space 33856K,   0% used [0x00000000f0000000, 0x00000000f0000000, 0x00000000f2110000)
  from space 4224K, 100% used [0x00000000f2110000, 0x00000000f2530000, 0x00000000f2530000)
  to   space 4224K,   0% used [0x00000000f2530000, 0x00000000f2530000, 0x00000000f2950000)
 concurrent mark-sweep generation total 84672K, used 60586K [0x00000000f5550000, 0x00000000fa800000, 0x0000000100000000)
 Metaspace       used 88110K, capacity 89436K, committed 90120K, reserved 1128448K
  class space    used 9814K, capacity 10094K, committed 10264K, reserved 1048576K
}

