# JRE version: OpenJDK Runtime Environment (8.0_144-b01) (build 1.8.0_144-b01)
# Java VM: OpenJDK 64-Bit Server VM (25.144-b01 mixed mode linux-amd64 compressed oops)
Heap:
 par new generation   total 38080K, used 30349K [0x00000000f0000000, 0x00000000f2950000, 0x00000000f5550000)
  eden space 33856K,  77% used [0x00000000f0000000, 0x00000000f1983450, 0x00000000f2110000)
  from space 4224K, 100% used [0x00000000f2110000, 0x00000000f2530000, 0x00000000f2530000)
  to   space 4224K,   0% used [0x00000000f2530000, 0x00000000f2530000, 0x00000000f2950000)
 concurrent mark-sweep generation total 84672K, used 44131K [0x00000000f5550000, 0x00000000fa800000, 0x0000000100000000)
 Metaspace       used 83125K, capacity 84140K, committed 84924K, reserved 1124352K
  class space    used 9603K, capacity 9798K, committed 9928K, reserved 1048576K
GC Heap History (10 events):
Event: 3804.079 GC heap before
{Heap before GC invocations=185 (full 4):
 par new generation   total 38080K, used 38080K [0x00000000f0000000, 0x00000000f2950000, 0x00000000f5550000)
  eden space 33856K, 100% used [0x00000000f0000000, 0x00000000f2110000, 0x00000000f2110000)
  from space 4224K, 100% used [0x00000000f2530000, 0x00000000f2950000, 0x00000000f2950000)
  to   space 4224K,   0% used [0x00000000f2110000, 0x00000000f2110000, 0x00000000f2530000)
 concurrent mark-sweep generation total 84672K, used 42935K [0x00000000f5550000, 0x00000000fa800000, 0x0000000100000000)
 Metaspace       used 83098K, capacity 84140K, committed 84924K, reserved 1124352K
  class space    used 9603K, capacity 9798K, committed 9928K, reserved 1048576K
Event: 3804.087 GC heap after
Heap after GC invocations=186 (full 4):
 par new generation   total 38080K, used 4224K [0x00000000f0000000, 0x00000000f2950000, 0x00000000f5550000)
  eden space 33856K,   0% used [0x00000000f0000000, 0x00000000f0000000, 0x00000000f2110000)
  from space 4224K, 100% used [0x00000000f2110000, 0x00000000f2530000, 0x00000000f2530000)
  to   space 4224K,   0% used [0x00000000f2530000, 0x00000000f2530000, 0x00000000f2950000)
 concurrent mark-sweep generation total 84672K, used 43266K [0x00000000f5550000, 0x00000000fa800000, 0x0000000100000000)
 Metaspace       used 83098K, capacity 84140K, committed 84924K, reserved 1124352K
  class space    used 9603K, capacity 9798K, committed 9928K, reserved 1048576K
}
Event: 3853.695 GC heap before
{Heap before GC invocations=186 (full 4):
 par new generation   total 38080K, used 38080K [0x00000000f0000000, 0x00000000f2950000, 0x00000000f5550000)
  eden space 33856K, 100% used [0x00000000f0000000, 0x00000000f2110000, 0x00000000f2110000)
  from space 4224K, 100% used [0x00000000f2110000, 0x00000000f2530000, 0x00000000f2530000)
  to   space 4224K,   0% used [0x00000000f2530000, 0x00000000f2530000, 0x00000000f2950000)
 concurrent mark-sweep generation total 84672K, used 43266K [0x00000000f5550000, 0x00000000fa800000, 0x0000000100000000)
 Metaspace       used 83098K, capacity 84140K, committed 84924K, reserved 1124352K
  class space    used 9603K, capacity 9798K, committed 9928K, reserved 1048576K
Event: 3853.703 GC heap after
Heap after GC invocations=187 (full 4):
 par new generation   total 38080K, used 4224K [0x00000000f0000000, 0x00000000f2950000, 0x00000000f5550000)
  eden space 33856K,   0% used [0x00000000f0000000, 0x00000000f0000000, 0x00000000f2110000)
  from space 4224K, 100% used [0x00000000f2530000, 0x00000000f2950000, 0x00000000f2950000)
  to   space 4224K,   0% used [0x00000000f2110000, 0x00000000f2110000, 0x00000000f2530000)
 concurrent mark-sweep generation total 84672K, used 43423K [0x00000000f5550000, 0x00000000fa800000, 0x0000000100000000)
 Metaspace       used 83098K, capacity 84140K, committed 84924K, reserved 1124352K
  class space    used 9603K, capacity 9798K, committed 9928K, reserved 1048576K
}
Event: 3915.353 GC heap before
{Heap before GC invocations=187 (full 4):
 par new generation   total 38080K, used 38080K [0x00000000f0000000, 0x00000000f2950000, 0x00000000f5550000)
  eden space 33856K, 100% used [0x00000000f0000000, 0x00000000f2110000, 0x00000000f2110000)
  from space 4224K, 100% used [0x00000000f2530000, 0x00000000f2950000, 0x00000000f2950000)
  to   space 4224K,   0% used [0x00000000f2110000, 0x00000000f2110000, 0x00000000f2530000)
 concurrent mark-sweep generation total 84672K, used 43423K [0x00000000f5550000, 0x00000000fa800000, 0x0000000100000000)
 Metaspace       used 83115K, capacity 84140K, committed 84924K, reserved 1124352K
  class space    used 9603K, capacity 9798K, committed 9928K, reserved 1048576K
Event: 3915.363 GC heap after
Heap after GC invocations=188 (full 4):
 par new generation   total 38080K, used 4224K [0x00000000f0000000, 0x00000000f2950000, 0x00000000f5550000)
  eden space 33856K,   0% used [0x00000000f0000000, 0x00000000f0000000, 0x00000000f2110000)
  from space 4224K, 100% used [0x00000000f2110000, 0x00000000f2530000, 0x00000000f2530000)
  to   space 4224K,   0% used [0x00000000f2530000, 0x00000000f2530000, 0x00000000f2950000)
 concurrent mark-sweep generation total 84672K, used 43646K [0x00000000f5550000, 0x00000000fa800000, 0x0000000100000000)
 Metaspace       used 83115K, capacity 84140K, committed 84924K, reserved 1124352K
  class space    used 9603K, capacity 9798K, committed 9928K, reserved 1048576K
}
Event: 3956.418 GC heap before
{Heap before GC invocations=188 (full 4):
 par new generation   total 38080K, used 38080K [0x00000000f0000000, 0x00000000f2950000, 0x00000000f5550000)
  eden space 33856K, 100% used [0x00000000f0000000, 0x00000000f2110000, 0x00000000f2110000)
  from space 4224K, 100% used [0x00000000f2110000, 0x00000000f2530000, 0x00000000f2530000)
  to   space 4224K,   0% used [0x00000000f2530000, 0x00000000f2530000, 0x00000000f2950000)
 concurrent mark-sweep generation total 84672K, used 43646K [0x00000000f5550000, 0x00000000fa800000, 0x0000000100000000)
 Metaspace       used 83120K, capacity 84140K, committed 84924K, reserved 1124352K
  class space    used 9603K, capacity 9798K, committed 9928K, reserved 1048576K
Event: 3956.427 GC heap after
Heap after GC invocations=189 (full 4):
 par new generation   total 38080K, used 4223K [0x00000000f0000000, 0x00000000f2950000, 0x00000000f5550000)
  eden space 33856K,   0% used [0x00000000f0000000, 0x00000000f0000000, 0x00000000f2110000)
  from space 4224K,  99% used [0x00000000f2530000, 0x00000000f294fff8, 0x00000000f2950000)
  to   space 4224K,   0% used [0x00000000f2110000, 0x00000000f2110000, 0x00000000f2530000)
 concurrent mark-sweep generation total 84672K, used 43890K [0x00000000f5550000, 0x00000000fa800000, 0x0000000100000000)
 Metaspace       used 83120K, capacity 84140K, committed 84924K, reserved 1124352K
  class space    used 9603K, capacity 9798K, committed 9928K, reserved 1048576K
}
Event: 4016.858 GC heap before
{Heap before GC invocations=189 (full 4):
 par new generation   total 38080K, used 38079K [0x00000000f0000000, 0x00000000f2950000, 0x00000000f5550000)
  eden space 33856K, 100% used [0x00000000f0000000, 0x00000000f2110000, 0x00000000f2110000)
  from space 4224K,  99% used [0x00000000f2530000, 0x00000000f294fff8, 0x00000000f2950000)
  to   space 4224K,   0% used [0x00000000f2110000, 0x00000000f2110000, 0x00000000f2530000)
 concurrent mark-sweep generation total 84672K, used 43890K [0x00000000f5550000, 0x00000000fa800000, 0x0000000100000000)
 Metaspace       used 83122K, capacity 84140K, committed 84924K, reserved 1124352K
  class space    used 9603K, capacity 9798K, committed 9928K, reserved 1048576K
Event: 4016.866 GC heap after
Heap after GC invocations=190 (full 4):
 par new generation   total 38080K, used 4224K [0x00000000f0000000, 0x00000000f2950000, 0x00000000f5550000)
  eden space 33856K,   0% used [0x00000000f0000000, 0x00000000f0000000, 0x00000000f2110000)
  from space 4224K, 100% used [0x00000000f2110000, 0x00000000f2530000, 0x00000000f2530000)
  to   space 4224K,   0% used [0x00000000f2530000, 0x00000000f2530000, 0x00000000f2950000)
 concurrent mark-sweep generation total 84672K, used 44131K [0x00000000f5550000, 0x00000000fa800000, 0x0000000100000000)
 Metaspace       used 83122K, capacity 84140K, committed 84924K, reserved 1124352K
  class space    used 9603K, capacity 9798K, committed 9928K, reserved 1048576K
}

