# JRE version: OpenJDK Runtime Environment (8.0_144-b01) (build 1.8.0_144-b01)
# Java VM: OpenJDK 64-Bit Server VM (25.144-b01 mixed mode linux-amd64 compressed oops)
Heap:
 par new generation   total 18432K, used 15908K [0x00000000f0000000, 0x00000000f1400000, 0x00000000f5550000)
  eden space 16384K,  88% used [0x00000000f0000000, 0x00000000f0e1b428, 0x00000000f1000000)
  from space 2048K,  71% used [0x00000000f1000000, 0x00000000f116dd28, 0x00000000f1200000)
  to   space 2048K,   0% used [0x00000000f1200000, 0x00000000f1200000, 0x00000000f1400000)
 concurrent mark-sweep generation total 89068K, used 63322K [0x00000000f5550000, 0x00000000fac4b000, 0x0000000100000000)
 Metaspace       used 86765K, capacity 88054K, committed 88344K, reserved 1128448K
  class space    used 9735K, capacity 9967K, committed 10008K, reserved 1048576K
GC Heap History (10 events):
Event: 45854.664 GC heap before
{Heap before GC invocations=3213 (full 19):
 par new generation   total 18432K, used 18182K [0x00000000f0000000, 0x00000000f1400000, 0x00000000f5550000)
  eden space 16384K, 100% used [0x00000000f0000000, 0x00000000f1000000, 0x00000000f1000000)
  from space 2048K,  87% used [0x00000000f1200000, 0x00000000f13c1b00, 0x00000000f1400000)
  to   space 2048K,   0% used [0x00000000f1000000, 0x00000000f1000000, 0x00000000f1200000)
 concurrent mark-sweep generation total 89068K, used 62453K [0x00000000f5550000, 0x00000000fac4b000, 0x0000000100000000)
 Metaspace       used 86765K, capacity 88054K, committed 88344K, reserved 1128448K
  class space    used 9735K, capacity 9967K, committed 10008K, reserved 1048576K
Event: 45854.668 GC heap after
Heap after GC invocations=3214 (full 19):
 par new generation   total 18432K, used 1902K [0x00000000f0000000, 0x00000000f1400000, 0x00000000f5550000)
  eden space 16384K,   0% used [0x00000000f0000000, 0x00000000f0000000, 0x00000000f1000000)
  from space 2048K,  92% used [0x00000000f1000000, 0x00000000f11db930, 0x00000000f1200000)
  to   space 2048K,   0% used [0x00000000f1200000, 0x00000000f1200000, 0x00000000f1400000)
 concurrent mark-sweep generation total 89068K, used 62484K [0x00000000f5550000, 0x00000000fac4b000, 0x0000000100000000)
 Metaspace       used 86765K, capacity 88054K, committed 88344K, reserved 1128448K
  class space    used 9735K, capacity 9967K, committed 10008K, reserved 1048576K
}
Event: 45875.429 GC heap before
{Heap before GC invocations=3214 (full 19):
 par new generation   total 18432K, used 18286K [0x00000000f0000000, 0x00000000f1400000, 0x00000000f5550000)
  eden space 16384K, 100% used [0x00000000f0000000, 0x00000000f1000000, 0x00000000f1000000)
  from space 2048K,  92% used [0x00000000f1000000, 0x00000000f11db930, 0x00000000f1200000)
  to   space 2048K,   0% used [0x00000000f1200000, 0x00000000f1200000, 0x00000000f1400000)
 concurrent mark-sweep generation total 89068K, used 62484K [0x00000000f5550000, 0x00000000fac4b000, 0x0000000100000000)
 Metaspace       used 86765K, capacity 88054K, committed 88344K, reserved 1128448K
  class space    used 9735K, capacity 9967K, committed 10008K, reserved 1048576K
Event: 45875.433 GC heap after
Heap after GC invocations=3215 (full 19):
 par new generation   total 18432K, used 1633K [0x00000000f0000000, 0x00000000f1400000, 0x00000000f5550000)
  eden space 16384K,   0% used [0x00000000f0000000, 0x00000000f0000000, 0x00000000f1000000)
  from space 2048K,  79% used [0x00000000f1200000, 0x00000000f1398470, 0x00000000f1400000)
  to   space 2048K,   0% used [0x00000000f1000000, 0x00000000f1000000, 0x00000000f1200000)
 concurrent mark-sweep generation total 89068K, used 62904K [0x00000000f5550000, 0x00000000fac4b000, 0x0000000100000000)
 Metaspace       used 86765K, capacity 88054K, committed 88344K, reserved 1128448K
  class space    used 9735K, capacity 9967K, committed 10008K, reserved 1048576K
}
Event: 45889.074 GC heap before
{Heap before GC invocations=3215 (full 19):
 par new generation   total 18432K, used 18017K [0x00000000f0000000, 0x00000000f1400000, 0x00000000f5550000)
  eden space 16384K, 100% used [0x00000000f0000000, 0x00000000f1000000, 0x00000000f1000000)
  from space 2048K,  79% used [0x00000000f1200000, 0x00000000f1398470, 0x00000000f1400000)
  to   space 2048K,   0% used [0x00000000f1000000, 0x00000000f1000000, 0x00000000f1200000)
 concurrent mark-sweep generation total 89068K, used 62904K [0x00000000f5550000, 0x00000000fac4b000, 0x0000000100000000)
 Metaspace       used 86765K, capacity 88054K, committed 88344K, reserved 1128448K
  class space    used 9735K, capacity 9967K, committed 10008K, reserved 1048576K
Event: 45889.078 GC heap after
Heap after GC invocations=3216 (full 19):
 par new generation   total 18432K, used 1978K [0x00000000f0000000, 0x00000000f1400000, 0x00000000f5550000)
  eden space 16384K,   0% used [0x00000000f0000000, 0x00000000f0000000, 0x00000000f1000000)
  from space 2048K,  96% used [0x00000000f1000000, 0x00000000f11eeaf8, 0x00000000f1200000)
  to   space 2048K,   0% used [0x00000000f1200000, 0x00000000f1200000, 0x00000000f1400000)
 concurrent mark-sweep generation total 89068K, used 62938K [0x00000000f5550000, 0x00000000fac4b000, 0x0000000100000000)
 Metaspace       used 86765K, capacity 88054K, committed 88344K, reserved 1128448K
  class space    used 9735K, capacity 9967K, committed 10008K, reserved 1048576K
}
Event: 45908.579 GC heap before
{Heap before GC invocations=3216 (full 19):
 par new generation   total 18432K, used 18359K [0x00000000f0000000, 0x00000000f1400000, 0x00000000f5550000)
  eden space 16384K,  99% used [0x00000000f0000000, 0x00000000f0fff340, 0x00000000f1000000)
  from space 2048K,  96% used [0x00000000f1000000, 0x00000000f11eeaf8, 0x00000000f1200000)
  to   space 2048K,   0% used [0x00000000f1200000, 0x00000000f1200000, 0x00000000f1400000)
 concurrent mark-sweep generation total 89068K, used 62938K [0x00000000f5550000, 0x00000000fac4b000, 0x0000000100000000)
 Metaspace       used 86765K, capacity 88054K, committed 88344K, reserved 1128448K
  class space    used 9735K, capacity 9967K, committed 10008K, reserved 1048576K
Event: 45908.583 GC heap after
Heap after GC invocations=3217 (full 19):
 par new generation   total 18432K, used 1886K [0x00000000f0000000, 0x00000000f1400000, 0x00000000f5550000)
  eden space 16384K,   0% used [0x00000000f0000000, 0x00000000f0000000, 0x00000000f1000000)
  from space 2048K,  92% used [0x00000000f1200000, 0x00000000f13d78e8, 0x00000000f1400000)
  to   space 2048K,   0% used [0x00000000f1000000, 0x00000000f1000000, 0x00000000f1200000)
 concurrent mark-sweep generation total 89068K, used 63294K [0x00000000f5550000, 0x00000000fac4b000, 0x0000000100000000)
 Metaspace       used 86765K, capacity 88054K, committed 88344K, reserved 1128448K
  class space    used 9735K, capacity 9967K, committed 10008K, reserved 1048576K
}
Event: 45929.321 GC heap before
{Heap before GC invocations=3217 (full 19):
 par new generation   total 18432K, used 18270K [0x00000000f0000000, 0x00000000f1400000, 0x00000000f5550000)
  eden space 16384K, 100% used [0x00000000f0000000, 0x00000000f1000000, 0x00000000f1000000)
  from space 2048K,  92% used [0x00000000f1200000, 0x00000000f13d78e8, 0x00000000f1400000)
  to   space 2048K,   0% used [0x00000000f1000000, 0x00000000f1000000, 0x00000000f1200000)
 concurrent mark-sweep generation total 89068K, used 63294K [0x00000000f5550000, 0x00000000fac4b000, 0x0000000100000000)
 Metaspace       used 86765K, capacity 88054K, committed 88344K, reserved 1128448K
  class space    used 9735K, capacity 9967K, committed 10008K, reserved 1048576K
Event: 45929.324 GC heap after
Heap after GC invocations=3218 (full 19):
 par new generation   total 18432K, used 1463K [0x00000000f0000000, 0x00000000f1400000, 0x00000000f5550000)
  eden space 16384K,   0% used [0x00000000f0000000, 0x00000000f0000000, 0x00000000f1000000)
  from space 2048K,  71% used [0x00000000f1000000, 0x00000000f116dd28, 0x00000000f1200000)
  to   space 2048K,   0% used [0x00000000f1200000, 0x00000000f1200000, 0x00000000f1400000)
 concurrent mark-sweep generation total 89068K, used 63322K [0x00000000f5550000, 0x00000000fac4b000, 0x0000000100000000)
 Metaspace       used 86765K, capacity 88054K, committed 88344K, reserved 1128448K
  class space    used 9735K, capacity 9967K, committed 10008K, reserved 1048576K
}

