# JRE version: OpenJDK Runtime Environment (8.0_144-b01) (build 1.8.0_144-b01)
# Java VM: OpenJDK 64-Bit Server VM (25.144-b01 mixed mode linux-amd64 compressed oops)
Heap:
 par new generation   total 38080K, used 15425K [0x00000000f0000000, 0x00000000f2950000, 0x00000000f5550000)
  eden space 33856K,  35% used [0x00000000f0000000, 0x00000000f0ba8298, 0x00000000f2110000)
  from space 4224K,  82% used [0x00000000f2530000, 0x00000000f2898500, 0x00000000f2950000)
  to   space 4224K,   0% used [0x00000000f2110000, 0x00000000f2110000, 0x00000000f2530000)
 concurrent mark-sweep generation total 96192K, used 63813K [0x00000000f5550000, 0x00000000fb340000, 0x0000000100000000)
 Metaspace       used 86239K, capacity 87522K, committed 87928K, reserved 1126400K
  class space    used 9788K, capacity 10049K, committed 10160K, reserved 1048576K
GC Heap History (10 events):
Event: 10830.568 GC heap before
{Heap before GC invocations=428 (full 7):
 par new generation   total 38080K, used 38079K [0x00000000f0000000, 0x00000000f2950000, 0x00000000f5550000)
  eden space 33856K, 100% used [0x00000000f0000000, 0x00000000f2110000, 0x00000000f2110000)
  from space 4224K,  99% used [0x00000000f2110000, 0x00000000f252fff8, 0x00000000f2530000)
  to   space 4224K,   0% used [0x00000000f2530000, 0x00000000f2530000, 0x00000000f2950000)
 concurrent mark-sweep generation total 96192K, used 60661K [0x00000000f5550000, 0x00000000fb340000, 0x0000000100000000)
 Metaspace       used 86227K, capacity 87522K, committed 87928K, reserved 1126400K
  class space    used 9788K, capacity 10049K, committed 10160K, reserved 1048576K
Event: 10830.578 GC heap after
Heap after GC invocations=429 (full 7):
 par new generation   total 38080K, used 4223K [0x00000000f0000000, 0x00000000f2950000, 0x00000000f5550000)
  eden space 33856K,   0% used [0x00000000f0000000, 0x00000000f0000000, 0x00000000f2110000)
  from space 4224K,  99% used [0x00000000f2530000, 0x00000000f294fff8, 0x00000000f2950000)
  to   space 4224K,   0% used [0x00000000f2110000, 0x00000000f2110000, 0x00000000f2530000)
 concurrent mark-sweep generation total 96192K, used 61380K [0x00000000f5550000, 0x00000000fb340000, 0x0000000100000000)
 Metaspace       used 86227K, capacity 87522K, committed 87928K, reserved 1126400K
  class space    used 9788K, capacity 10049K, committed 10160K, reserved 1048576K
}
Event: 10864.198 GC heap before
{Heap before GC invocations=429 (full 7):
 par new generation   total 38080K, used 38079K [0x00000000f0000000, 0x00000000f2950000, 0x00000000f5550000)
  eden space 33856K, 100% used [0x00000000f0000000, 0x00000000f2110000, 0x00000000f2110000)
  from space 4224K,  99% used [0x00000000f2530000, 0x00000000f294fff8, 0x00000000f2950000)
  to   space 4224K,   0% used [0x00000000f2110000, 0x00000000f2110000, 0x00000000f2530000)
 concurrent mark-sweep generation total 96192K, used 61380K [0x00000000f5550000, 0x00000000fb340000, 0x0000000100000000)
 Metaspace       used 86227K, capacity 87522K, committed 87928K, reserved 1126400K
  class space    used 9788K, capacity 10049K, committed 10160K, reserved 1048576K
Event: 10864.207 GC heap after
Heap after GC invocations=430 (full 7):
 par new generation   total 38080K, used 4224K [0x00000000f0000000, 0x00000000f2950000, 0x00000000f5550000)
  eden space 33856K,   0% used [0x00000000f0000000, 0x00000000f0000000, 0x00000000f2110000)
  from space 4224K, 100% used [0x00000000f2110000, 0x00000000f2530000, 0x00000000f2530000)
  to   space 4224K,   0% used [0x00000000f2530000, 0x00000000f2530000, 0x00000000f2950000)
 concurrent mark-sweep generation total 96192K, used 62230K [0x00000000f5550000, 0x00000000fb340000, 0x0000000100000000)
 Metaspace       used 86227K, capacity 87522K, committed 87928K, reserved 1126400K
  class space    used 9788K, capacity 10049K, committed 10160K, reserved 1048576K
}
Event: 10899.078 GC heap before
{Heap before GC invocations=430 (full 7):
 par new generation   total 38080K, used 38080K [0x00000000f0000000, 0x00000000f2950000, 0x00000000f5550000)
  eden space 33856K, 100% used [0x00000000f0000000, 0x00000000f2110000, 0x00000000f2110000)
  from space 4224K, 100% used [0x00000000f2110000, 0x00000000f2530000, 0x00000000f2530000)
  to   space 4224K,   0% used [0x00000000f2530000, 0x00000000f2530000, 0x00000000f2950000)
 concurrent mark-sweep generation total 96192K, used 62230K [0x00000000f5550000, 0x00000000fb340000, 0x0000000100000000)
 Metaspace       used 86229K, capacity 87522K, committed 87928K, reserved 1126400K
  class space    used 9788K, capacity 10049K, committed 10160K, reserved 1048576K
Event: 10899.088 GC heap after
Heap after GC invocations=431 (full 7):
 par new generation   total 38080K, used 4224K [0x00000000f0000000, 0x00000000f2950000, 0x00000000f5550000)
  eden space 33856K,   0% used [0x00000000f0000000, 0x00000000f0000000, 0x00000000f2110000)
  from space 4224K, 100% used [0x00000000f2530000, 0x00000000f2950000, 0x00000000f2950000)
  to   space 4224K,   0% used [0x00000000f2110000, 0x00000000f2110000, 0x00000000f2530000)
 concurrent mark-sweep generation total 96192K, used 63206K [0x00000000f5550000, 0x00000000fb340000, 0x0000000100000000)
 Metaspace       used 86229K, capacity 87522K, committed 87928K, reserved 1126400K
  class space    used 9788K, capacity 10049K, committed 10160K, reserved 1048576K
}
Event: 10933.375 GC heap before
{Heap before GC invocations=431 (full 7):
 par new generation   total 38080K, used 38075K [0x00000000f0000000, 0x00000000f2950000, 0x00000000f5550000)
  eden space 33856K,  99% used [0x00000000f0000000, 0x00000000f210ecb0, 0x00000000f2110000)
  from space 4224K, 100% used [0x00000000f2530000, 0x00000000f2950000, 0x00000000f2950000)
  to   space 4224K,   0% used [0x00000000f2110000, 0x00000000f2110000, 0x00000000f2530000)
 concurrent mark-sweep generation total 96192K, used 63206K [0x00000000f5550000, 0x00000000fb340000, 0x0000000100000000)
 Metaspace       used 86229K, capacity 87522K, committed 87928K, reserved 1126400K
  class space    used 9788K, capacity 10049K, committed 10160K, reserved 1048576K
Event: 10933.384 GC heap after
Heap after GC invocations=432 (full 7):
 par new generation   total 38080K, used 4224K [0x00000000f0000000, 0x00000000f2950000, 0x00000000f5550000)
  eden space 33856K,   0% used [0x00000000f0000000, 0x00000000f0000000, 0x00000000f2110000)
  from space 4224K, 100% used [0x00000000f2110000, 0x00000000f2530000, 0x00000000f2530000)
  to   space 4224K,   0% used [0x00000000f2530000, 0x00000000f2530000, 0x00000000f2950000)
 concurrent mark-sweep generation total 96192K, used 63760K [0x00000000f5550000, 0x00000000fb340000, 0x0000000100000000)
 Metaspace       used 86229K, capacity 87522K, committed 87928K, reserved 1126400K
  class space    used 9788K, capacity 10049K, committed 10160K, reserved 1048576K
}
Event: 10966.098 GC heap before
{Heap before GC invocations=432 (full 7):
 par new generation   total 38080K, used 38071K [0x00000000f0000000, 0x00000000f2950000, 0x00000000f5550000)
  eden space 33856K,  99% used [0x00000000f0000000, 0x00000000f210dd90, 0x00000000f2110000)
  from space 4224K, 100% used [0x00000000f2110000, 0x00000000f2530000, 0x00000000f2530000)
  to   space 4224K,   0% used [0x00000000f2530000, 0x00000000f2530000, 0x00000000f2950000)
 concurrent mark-sweep generation total 96192K, used 63760K [0x00000000f5550000, 0x00000000fb340000, 0x0000000100000000)
 Metaspace       used 86239K, capacity 87522K, committed 87928K, reserved 1126400K
  class space    used 9788K, capacity 10049K, committed 10160K, reserved 1048576K
Event: 10966.104 GC heap after
Heap after GC invocations=433 (full 7):
 par new generation   total 38080K, used 3489K [0x00000000f0000000, 0x00000000f2950000, 0x00000000f5550000)
  eden space 33856K,   0% used [0x00000000f0000000, 0x00000000f0000000, 0x00000000f2110000)
  from space 4224K,  82% used [0x00000000f2530000, 0x00000000f2898500, 0x00000000f2950000)
  to   space 4224K,   0% used [0x00000000f2110000, 0x00000000f2110000, 0x00000000f2530000)
 concurrent mark-sweep generation total 96192K, used 63813K [0x00000000f5550000, 0x00000000fb340000, 0x0000000100000000)
 Metaspace       used 86239K, capacity 87522K, committed 87928K, reserved 1126400K
  class space    used 9788K, capacity 10049K, committed 10160K, reserved 1048576K
}

