# JRE version: OpenJDK Runtime Environment (8.0_144-b01) (build 1.8.0_144-b01)
# Java VM: OpenJDK 64-Bit Server VM (25.144-b01 mixed mode linux-amd64 compressed oops)
Heap:
 par new generation   total 38080K, used 19811K [0x00000000f0000000, 0x00000000f2950000, 0x00000000f5550000)
  eden space 33856K,  46% used [0x00000000f0000000, 0x00000000f0f38f88, 0x00000000f2110000)
  from space 4224K, 100% used [0x00000000f2110000, 0x00000000f2530000, 0x00000000f2530000)
  to   space 4224K,   0% used [0x00000000f2530000, 0x00000000f2530000, 0x00000000f2950000)
 concurrent mark-sweep generation total 91392K, used 53302K [0x00000000f5550000, 0x00000000fae90000, 0x0000000100000000)
 Metaspace       used 86603K, capacity 87966K, committed 88508K, reserved 1128448K
  class space    used 9795K, capacity 10059K, committed 10184K, reserved 1048576K
GC Heap History (10 events):
Event: 15689.373 GC heap before
{Heap before GC invocations=533 (full 8):
 par new generation   total 38080K, used 37987K [0x00000000f0000000, 0x00000000f2950000, 0x00000000f5550000)
  eden space 33856K, 100% used [0x00000000f0000000, 0x00000000f2110000, 0x00000000f2110000)
  from space 4224K,  97% used [0x00000000f2530000, 0x00000000f2938db0, 0x00000000f2950000)
  to   space 4224K,   0% used [0x00000000f2110000, 0x00000000f2110000, 0x00000000f2530000)
 concurrent mark-sweep generation total 91392K, used 51759K [0x00000000f5550000, 0x00000000fae90000, 0x0000000100000000)
 Metaspace       used 86574K, capacity 87878K, committed 88508K, reserved 1128448K
  class space    used 9792K, capacity 10055K, committed 10184K, reserved 1048576K
Event: 15689.382 GC heap after
Heap after GC invocations=534 (full 8):
 par new generation   total 38080K, used 4223K [0x00000000f0000000, 0x00000000f2950000, 0x00000000f5550000)
  eden space 33856K,   0% used [0x00000000f0000000, 0x00000000f0000000, 0x00000000f2110000)
  from space 4224K,  99% used [0x00000000f2110000, 0x00000000f252fff8, 0x00000000f2530000)
  to   space 4224K,   0% used [0x00000000f2530000, 0x00000000f2530000, 0x00000000f2950000)
 concurrent mark-sweep generation total 91392K, used 52454K [0x00000000f5550000, 0x00000000fae90000, 0x0000000100000000)
 Metaspace       used 86574K, capacity 87878K, committed 88508K, reserved 1128448K
  class space    used 9792K, capacity 10055K, committed 10184K, reserved 1048576K
}
Event: 15735.304 GC heap before
{Heap before GC invocations=534 (full 8):
 par new generation   total 38080K, used 38069K [0x00000000f0000000, 0x00000000f2950000, 0x00000000f5550000)
  eden space 33856K,  99% used [0x00000000f0000000, 0x00000000f210d5c0, 0x00000000f2110000)
  from space 4224K,  99% used [0x00000000f2110000, 0x00000000f252fff8, 0x00000000f2530000)
  to   space 4224K,   0% used [0x00000000f2530000, 0x00000000f2530000, 0x00000000f2950000)
 concurrent mark-sweep generation total 91392K, used 52454K [0x00000000f5550000, 0x00000000fae90000, 0x0000000100000000)
 Metaspace       used 86588K, capacity 87942K, committed 88508K, reserved 1128448K
  class space    used 9792K, capacity 10055K, committed 10184K, reserved 1048576K
Event: 15735.312 GC heap after
Heap after GC invocations=535 (full 8):
 par new generation   total 38080K, used 4223K [0x00000000f0000000, 0x00000000f2950000, 0x00000000f5550000)
  eden space 33856K,   0% used [0x00000000f0000000, 0x00000000f0000000, 0x00000000f2110000)
  from space 4224K,  99% used [0x00000000f2530000, 0x00000000f294fff8, 0x00000000f2950000)
  to   space 4224K,   0% used [0x00000000f2110000, 0x00000000f2110000, 0x00000000f2530000)
 concurrent mark-sweep generation total 91392K, used 52694K [0x00000000f5550000, 0x00000000fae90000, 0x0000000100000000)
 Metaspace       used 86588K, capacity 87942K, committed 88508K, reserved 1128448K
  class space    used 9792K, capacity 10055K, committed 10184K, reserved 1048576K
}
Event: 15780.195 GC heap before
{Heap before GC invocations=535 (full 8):
 par new generation   total 38080K, used 38079K [0x00000000f0000000, 0x00000000f2950000, 0x00000000f5550000)
  eden space 33856K, 100% used [0x00000000f0000000, 0x00000000f2110000, 0x00000000f2110000)
  from space 4224K,  99% used [0x00000000f2530000, 0x00000000f294fff8, 0x00000000f2950000)
  to   space 4224K,   0% used [0x00000000f2110000, 0x00000000f2110000, 0x00000000f2530000)
 concurrent mark-sweep generation total 91392K, used 52694K [0x00000000f5550000, 0x00000000fae90000, 0x0000000100000000)
 Metaspace       used 86589K, capacity 87942K, committed 88508K, reserved 1128448K
  class space    used 9792K, capacity 10055K, committed 10184K, reserved 1048576K
Event: 15780.202 GC heap after
Heap after GC invocations=536 (full 8):
 par new generation   total 38080K, used 3777K [0x00000000f0000000, 0x00000000f2950000, 0x00000000f5550000)
  eden space 33856K,   0% used [0x00000000f0000000, 0x00000000f0000000, 0x00000000f2110000)
  from space 4224K,  89% used [0x00000000f2110000, 0x00000000f24c06e0, 0x00000000f2530000)
  to   space 4224K,   0% used [0x00000000f2530000, 0x00000000f2530000, 0x00000000f2950000)
 concurrent mark-sweep generation total 91392K, used 52721K [0x00000000f5550000, 0x00000000fae90000, 0x0000000100000000)
 Metaspace       used 86589K, capacity 87942K, committed 88508K, reserved 1128448K
  class space    used 9792K, capacity 10055K, committed 10184K, reserved 1048576K
}
Event: 15824.407 GC heap before
{Heap before GC invocations=536 (full 8):
 par new generation   total 38080K, used 37624K [0x00000000f0000000, 0x00000000f2950000, 0x00000000f5550000)
  eden space 33856K,  99% used [0x00000000f0000000, 0x00000000f210dbc8, 0x00000000f2110000)
  from space 4224K,  89% used [0x00000000f2110000, 0x00000000f24c06e0, 0x00000000f2530000)
  to   space 4224K,   0% used [0x00000000f2530000, 0x00000000f2530000, 0x00000000f2950000)
 concurrent mark-sweep generation total 91392K, used 52721K [0x00000000f5550000, 0x00000000fae90000, 0x0000000100000000)
 Metaspace       used 86600K, capacity 87966K, committed 88508K, reserved 1128448K
  class space    used 9795K, capacity 10059K, committed 10184K, reserved 1048576K
Event: 15824.416 GC heap after
Heap after GC invocations=537 (full 8):
 par new generation   total 38080K, used 4224K [0x00000000f0000000, 0x00000000f2950000, 0x00000000f5550000)
  eden space 33856K,   0% used [0x00000000f0000000, 0x00000000f0000000, 0x00000000f2110000)
  from space 4224K, 100% used [0x00000000f2530000, 0x00000000f2950000, 0x00000000f2950000)
  to   space 4224K,   0% used [0x00000000f2110000, 0x00000000f2110000, 0x00000000f2530000)
 concurrent mark-sweep generation total 91392K, used 53095K [0x00000000f5550000, 0x00000000fae90000, 0x0000000100000000)
 Metaspace       used 86600K, capacity 87966K, committed 88508K, reserved 1128448K
  class space    used 9795K, capacity 10059K, committed 10184K, reserved 1048576K
}
Event: 15875.330 GC heap before
{Heap before GC invocations=537 (full 8):
 par new generation   total 38080K, used 38080K [0x00000000f0000000, 0x00000000f2950000, 0x00000000f5550000)
  eden space 33856K, 100% used [0x00000000f0000000, 0x00000000f2110000, 0x00000000f2110000)
  from space 4224K, 100% used [0x00000000f2530000, 0x00000000f2950000, 0x00000000f2950000)
  to   space 4224K,   0% used [0x00000000f2110000, 0x00000000f2110000, 0x00000000f2530000)
 concurrent mark-sweep generation total 91392K, used 53095K [0x00000000f5550000, 0x00000000fae90000, 0x0000000100000000)
 Metaspace       used 86600K, capacity 87966K, committed 88508K, reserved 1128448K
  class space    used 9795K, capacity 10059K, committed 10184K, reserved 1048576K
Event: 15875.338 GC heap after
Heap after GC invocations=538 (full 8):
 par new generation   total 38080K, used 4224K [0x00000000f0000000, 0x00000000f2950000, 0x00000000f5550000)
  eden space 33856K,   0% used [0x00000000f0000000, 0x00000000f0000000, 0x00000000f2110000)
  from space 4224K, 100% used [0x00000000f2110000, 0x00000000f2530000, 0x00000000f2530000)
  to   space 4224K,   0% used [0x00000000f2530000, 0x00000000f2530000, 0x00000000f2950000)
 concurrent mark-sweep generation total 91392K, used 53302K [0x00000000f5550000, 0x00000000fae90000, 0x0000000100000000)
 Metaspace       used 86600K, capacity 87966K, committed 88508K, reserved 1128448K
  class space    used 9795K, capacity 10059K, committed 10184K, reserved 1048576K
}

