# JRE version: OpenJDK Runtime Environment (8.0_144-b01) (build 1.8.0_144-b01)
# Java VM: OpenJDK 64-Bit Server VM (25.144-b01 mixed mode linux-amd64 compressed oops)
Heap:
 par new generation   total 38080K, used 31923K [0x00000000f0000000, 0x00000000f2950000, 0x00000000f5550000)
  eden space 33856K,  82% used [0x00000000f0000000, 0x00000000f1b6c2d0, 0x00000000f2110000)
  from space 4224K,  90% used [0x00000000f2530000, 0x00000000f28f0c18, 0x00000000f2950000)
  to   space 4224K,   0% used [0x00000000f2110000, 0x00000000f2110000, 0x00000000f2530000)
 concurrent mark-sweep generation total 84672K, used 71136K [0x00000000f5550000, 0x00000000fa800000, 0x0000000100000000)
 Metaspace       used 83244K, capacity 84554K, committed 84836K, reserved 1124352K
  class space    used 9769K, capacity 10045K, committed 10084K, reserved 1048576K
GC Heap History (10 events):
Event: 1060.423 GC heap before
{Heap before GC invocations=134 (full 3):
 par new generation   total 38080K, used 38080K [0x00000000f0000000, 0x00000000f2950000, 0x00000000f5550000)
  eden space 33856K, 100% used [0x00000000f0000000, 0x00000000f2110000, 0x00000000f2110000)
  from space 4224K, 100% used [0x00000000f2110000, 0x00000000f2530000, 0x00000000f2530000)
  to   space 4224K,   0% used [0x00000000f2530000, 0x00000000f2530000, 0x00000000f2950000)
 concurrent mark-sweep generation total 84672K, used 69928K [0x00000000f5550000, 0x00000000fa800000, 0x0000000100000000)
 Metaspace       used 82869K, capacity 84108K, committed 84324K, reserved 1124352K
  class space    used 9756K, capacity 10024K, committed 10084K, reserved 1048576K
Event: 1060.431 GC heap after
Heap after GC invocations=135 (full 3):
 par new generation   total 38080K, used 4198K [0x00000000f0000000, 0x00000000f2950000, 0x00000000f5550000)
  eden space 33856K,   0% used [0x00000000f0000000, 0x00000000f0000000, 0x00000000f2110000)
  from space 4224K,  99% used [0x00000000f2530000, 0x00000000f2949988, 0x00000000f2950000)
  to   space 4224K,   0% used [0x00000000f2110000, 0x00000000f2110000, 0x00000000f2530000)
 concurrent mark-sweep generation total 84672K, used 70265K [0x00000000f5550000, 0x00000000fa800000, 0x0000000100000000)
 Metaspace       used 82869K, capacity 84108K, committed 84324K, reserved 1124352K
  class space    used 9756K, capacity 10024K, committed 10084K, reserved 1048576K
}
Event: 1103.409 GC heap before
{Heap before GC invocations=135 (full 3):
 par new generation   total 38080K, used 38054K [0x00000000f0000000, 0x00000000f2950000, 0x00000000f5550000)
  eden space 33856K, 100% used [0x00000000f0000000, 0x00000000f2110000, 0x00000000f2110000)
  from space 4224K,  99% used [0x00000000f2530000, 0x00000000f2949988, 0x00000000f2950000)
  to   space 4224K,   0% used [0x00000000f2110000, 0x00000000f2110000, 0x00000000f2530000)
 concurrent mark-sweep generation total 84672K, used 70265K [0x00000000f5550000, 0x00000000fa800000, 0x0000000100000000)
 Metaspace       used 83028K, capacity 84362K, committed 84580K, reserved 1124352K
  class space    used 9768K, capacity 10045K, committed 10084K, reserved 1048576K
Event: 1103.415 GC heap after
Heap after GC invocations=136 (full 3):
 par new generation   total 38080K, used 3152K [0x00000000f0000000, 0x00000000f2950000, 0x00000000f5550000)
  eden space 33856K,   0% used [0x00000000f0000000, 0x00000000f0000000, 0x00000000f2110000)
  from space 4224K,  74% used [0x00000000f2110000, 0x00000000f2424158, 0x00000000f2530000)
  to   space 4224K,   0% used [0x00000000f2530000, 0x00000000f2530000, 0x00000000f2950000)
 concurrent mark-sweep generation total 84672K, used 70469K [0x00000000f5550000, 0x00000000fa800000, 0x0000000100000000)
 Metaspace       used 83028K, capacity 84362K, committed 84580K, reserved 1124352K
  class space    used 9768K, capacity 10045K, committed 10084K, reserved 1048576K
}
Event: 1175.426 GC heap before
{Heap before GC invocations=136 (full 3):
 par new generation   total 38080K, used 37008K [0x00000000f0000000, 0x00000000f2950000, 0x00000000f5550000)
  eden space 33856K, 100% used [0x00000000f0000000, 0x00000000f2110000, 0x00000000f2110000)
  from space 4224K,  74% used [0x00000000f2110000, 0x00000000f2424158, 0x00000000f2530000)
  to   space 4224K,   0% used [0x00000000f2530000, 0x00000000f2530000, 0x00000000f2950000)
 concurrent mark-sweep generation total 84672K, used 70469K [0x00000000f5550000, 0x00000000fa800000, 0x0000000100000000)
 Metaspace       used 83089K, capacity 84426K, committed 84580K, reserved 1124352K
  class space    used 9768K, capacity 10045K, committed 10084K, reserved 1048576K
Event: 1175.434 GC heap after
Heap after GC invocations=137 (full 3):
 par new generation   total 38080K, used 4079K [0x00000000f0000000, 0x00000000f2950000, 0x00000000f5550000)
  eden space 33856K,   0% used [0x00000000f0000000, 0x00000000f0000000, 0x00000000f2110000)
  from space 4224K,  96% used [0x00000000f2530000, 0x00000000f292bc88, 0x00000000f2950000)
  to   space 4224K,   0% used [0x00000000f2110000, 0x00000000f2110000, 0x00000000f2530000)
 concurrent mark-sweep generation total 84672K, used 70690K [0x00000000f5550000, 0x00000000fa800000, 0x0000000100000000)
 Metaspace       used 83089K, capacity 84426K, committed 84580K, reserved 1124352K
  class space    used 9768K, capacity 10045K, committed 10084K, reserved 1048576K
}
Event: 1235.705 GC heap before
{Heap before GC invocations=137 (full 3):
 par new generation   total 38080K, used 37935K [0x00000000f0000000, 0x00000000f2950000, 0x00000000f5550000)
  eden space 33856K, 100% used [0x00000000f0000000, 0x00000000f2110000, 0x00000000f2110000)
  from space 4224K,  96% used [0x00000000f2530000, 0x00000000f292bc88, 0x00000000f2950000)
  to   space 4224K,   0% used [0x00000000f2110000, 0x00000000f2110000, 0x00000000f2530000)
 concurrent mark-sweep generation total 84672K, used 70690K [0x00000000f5550000, 0x00000000fa800000, 0x0000000100000000)
 Metaspace       used 83159K, capacity 84490K, committed 84580K, reserved 1124352K
  class space    used 9769K, capacity 10045K, committed 10084K, reserved 1048576K
Event: 1235.712 GC heap after
Heap after GC invocations=138 (full 3):
 par new generation   total 38080K, used 4130K [0x00000000f0000000, 0x00000000f2950000, 0x00000000f5550000)
  eden space 33856K,   0% used [0x00000000f0000000, 0x00000000f0000000, 0x00000000f2110000)
  from space 4224K,  97% used [0x00000000f2110000, 0x00000000f2518a88, 0x00000000f2530000)
  to   space 4224K,   0% used [0x00000000f2530000, 0x00000000f2530000, 0x00000000f2950000)
 concurrent mark-sweep generation total 84672K, used 70934K [0x00000000f5550000, 0x00000000fa800000, 0x0000000100000000)
 Metaspace       used 83159K, capacity 84490K, committed 84580K, reserved 1124352K
  class space    used 9769K, capacity 10045K, committed 10084K, reserved 1048576K
}
Event: 1313.836 GC heap before
{Heap before GC invocations=138 (full 3):
 par new generation   total 38080K, used 37982K [0x00000000f0000000, 0x00000000f2950000, 0x00000000f5550000)
  eden space 33856K,  99% used [0x00000000f0000000, 0x00000000f210f010, 0x00000000f2110000)
  from space 4224K,  97% used [0x00000000f2110000, 0x00000000f2518a88, 0x00000000f2530000)
  to   space 4224K,   0% used [0x00000000f2530000, 0x00000000f2530000, 0x00000000f2950000)
 concurrent mark-sweep generation total 84672K, used 70934K [0x00000000f5550000, 0x00000000fa800000, 0x0000000100000000)
 Metaspace       used 83209K, capacity 84554K, committed 84836K, reserved 1124352K
  class space    used 9769K, capacity 10045K, committed 10084K, reserved 1048576K
Event: 1313.843 GC heap after
Heap after GC invocations=139 (full 3):
 par new generation   total 38080K, used 3843K [0x00000000f0000000, 0x00000000f2950000, 0x00000000f5550000)
  eden space 33856K,   0% used [0x00000000f0000000, 0x00000000f0000000, 0x00000000f2110000)
  from space 4224K,  90% used [0x00000000f2530000, 0x00000000f28f0c18, 0x00000000f2950000)
  to   space 4224K,   0% used [0x00000000f2110000, 0x00000000f2110000, 0x00000000f2530000)
 concurrent mark-sweep generation total 84672K, used 71136K [0x00000000f5550000, 0x00000000fa800000, 0x0000000100000000)
 Metaspace       used 83209K, capacity 84554K, committed 84836K, reserved 1124352K
  class space    used 9769K, capacity 10045K, committed 10084K, reserved 1048576K
}

