# JRE version: OpenJDK Runtime Environment (8.0_144-b01) (build 1.8.0_144-b01)
# Java VM: OpenJDK 64-Bit Server VM (25.144-b01 mixed mode linux-amd64 compressed oops)
Heap:
 par new generation   total 38080K, used 34381K [0x00000000f0000000, 0x00000000f2950000, 0x00000000f5550000)
  eden space 33856K,  89% used [0x00000000f0000000, 0x00000000f1dabea0, 0x00000000f2110000)
  from space 4224K,  94% used [0x00000000f2530000, 0x00000000f2917820, 0x00000000f2950000)
  to   space 4224K,   0% used [0x00000000f2110000, 0x00000000f2110000, 0x00000000f2530000)
 concurrent mark-sweep generation total 95616K, used 84665K [0x00000000f5550000, 0x00000000fb2b0000, 0x0000000100000000)
 Metaspace       used 88448K, capacity 89697K, committed 90300K, reserved 1130496K
  class space    used 9822K, capacity 10099K, committed 10212K, reserved 1048576K
GC Heap History (10 events):
Event: 54657.621 GC heap before
{Heap before GC invocations=818 (full 4):
 par new generation   total 38080K, used 38080K [0x00000000f0000000, 0x00000000f2950000, 0x00000000f5550000)
  eden space 33856K, 100% used [0x00000000f0000000, 0x00000000f2110000, 0x00000000f2110000)
  from space 4224K, 100% used [0x00000000f2110000, 0x00000000f2530000, 0x00000000f2530000)
  to   space 4224K,   0% used [0x00000000f2530000, 0x00000000f2530000, 0x00000000f2950000)
 concurrent mark-sweep generation total 94464K, used 83479K [0x00000000f5550000, 0x00000000fb190000, 0x0000000100000000)
 Metaspace       used 88442K, capacity 89697K, committed 90300K, reserved 1130496K
  class space    used 9821K, capacity 10099K, committed 10212K, reserved 1048576K
Event: 54657.635 GC heap after
Heap after GC invocations=819 (full 4):
 par new generation   total 38080K, used 4142K [0x00000000f0000000, 0x00000000f2950000, 0x00000000f5550000)
  eden space 33856K,   0% used [0x00000000f0000000, 0x00000000f0000000, 0x00000000f2110000)
  from space 4224K,  98% used [0x00000000f2530000, 0x00000000f293b960, 0x00000000f2950000)
  to   space 4224K,   0% used [0x00000000f2110000, 0x00000000f2110000, 0x00000000f2530000)
 concurrent mark-sweep generation total 94656K, used 83506K [0x00000000f5550000, 0x00000000fb1c0000, 0x0000000100000000)
 Metaspace       used 88442K, capacity 89697K, committed 90300K, reserved 1130496K
  class space    used 9821K, capacity 10099K, committed 10212K, reserved 1048576K
}
Event: 54838.598 GC heap before
{Heap before GC invocations=819 (full 4):
 par new generation   total 38080K, used 37998K [0x00000000f0000000, 0x00000000f2950000, 0x00000000f5550000)
  eden space 33856K, 100% used [0x00000000f0000000, 0x00000000f2110000, 0x00000000f2110000)
  from space 4224K,  98% used [0x00000000f2530000, 0x00000000f293b960, 0x00000000f2950000)
  to   space 4224K,   0% used [0x00000000f2110000, 0x00000000f2110000, 0x00000000f2530000)
 concurrent mark-sweep generation total 94656K, used 83506K [0x00000000f5550000, 0x00000000fb1c0000, 0x0000000100000000)
 Metaspace       used 88442K, capacity 89697K, committed 90300K, reserved 1130496K
  class space    used 9821K, capacity 10099K, committed 10212K, reserved 1048576K
Event: 54838.611 GC heap after
Heap after GC invocations=820 (full 4):
 par new generation   total 38080K, used 4224K [0x00000000f0000000, 0x00000000f2950000, 0x00000000f5550000)
  eden space 33856K,   0% used [0x00000000f0000000, 0x00000000f0000000, 0x00000000f2110000)
  from space 4224K, 100% used [0x00000000f2110000, 0x00000000f2530000, 0x00000000f2530000)
  to   space 4224K,   0% used [0x00000000f2530000, 0x00000000f2530000, 0x00000000f2950000)
 concurrent mark-sweep generation total 95040K, used 84050K [0x00000000f5550000, 0x00000000fb220000, 0x0000000100000000)
 Metaspace       used 88442K, capacity 89697K, committed 90300K, reserved 1130496K
  class space    used 9821K, capacity 10099K, committed 10212K, reserved 1048576K
}
Event: 55062.523 GC heap before
{Heap before GC invocations=820 (full 4):
 par new generation   total 38080K, used 38080K [0x00000000f0000000, 0x00000000f2950000, 0x00000000f5550000)
  eden space 33856K, 100% used [0x00000000f0000000, 0x00000000f2110000, 0x00000000f2110000)
  from space 4224K, 100% used [0x00000000f2110000, 0x00000000f2530000, 0x00000000f2530000)
  to   space 4224K,   0% used [0x00000000f2530000, 0x00000000f2530000, 0x00000000f2950000)
 concurrent mark-sweep generation total 95040K, used 84050K [0x00000000f5550000, 0x00000000fb220000, 0x0000000100000000)
 Metaspace       used 88442K, capacity 89697K, committed 90300K, reserved 1130496K
  class space    used 9821K, capacity 10099K, committed 10212K, reserved 1048576K
Event: 55062.538 GC heap after
Heap after GC invocations=821 (full 4):
 par new generation   total 38080K, used 4223K [0x00000000f0000000, 0x00000000f2950000, 0x00000000f5550000)
  eden space 33856K,   0% used [0x00000000f0000000, 0x00000000f0000000, 0x00000000f2110000)
  from space 4224K,  99% used [0x00000000f2530000, 0x00000000f294fff8, 0x00000000f2950000)
  to   space 4224K,   0% used [0x00000000f2110000, 0x00000000f2110000, 0x00000000f2530000)
 concurrent mark-sweep generation total 95232K, used 84329K [0x00000000f5550000, 0x00000000fb250000, 0x0000000100000000)
 Metaspace       used 88442K, capacity 89697K, committed 90300K, reserved 1130496K
  class space    used 9821K, capacity 10099K, committed 10212K, reserved 1048576K
}
Event: 55243.655 GC heap before
{Heap before GC invocations=821 (full 4):
 par new generation   total 38080K, used 38079K [0x00000000f0000000, 0x00000000f2950000, 0x00000000f5550000)
  eden space 33856K, 100% used [0x00000000f0000000, 0x00000000f2110000, 0x00000000f2110000)
  from space 4224K,  99% used [0x00000000f2530000, 0x00000000f294fff8, 0x00000000f2950000)
  to   space 4224K,   0% used [0x00000000f2110000, 0x00000000f2110000, 0x00000000f2530000)
 concurrent mark-sweep generation total 95232K, used 84329K [0x00000000f5550000, 0x00000000fb250000, 0x0000000100000000)
 Metaspace       used 88442K, capacity 89697K, committed 90300K, reserved 1130496K
  class space    used 9821K, capacity 10099K, committed 10212K, reserved 1048576K
Event: 55243.673 GC heap after
Heap after GC invocations=822 (full 4):
 par new generation   total 38080K, used 4224K [0x00000000f0000000, 0x00000000f2950000, 0x00000000f5550000)
  eden space 33856K,   0% used [0x00000000f0000000, 0x00000000f0000000, 0x00000000f2110000)
  from space 4224K, 100% used [0x00000000f2110000, 0x00000000f2530000, 0x00000000f2530000)
  to   space 4224K,   0% used [0x00000000f2530000, 0x00000000f2530000, 0x00000000f2950000)
 concurrent mark-sweep generation total 95424K, used 84613K [0x00000000f5550000, 0x00000000fb280000, 0x0000000100000000)
 Metaspace       used 88442K, capacity 89697K, committed 90300K, reserved 1130496K
  class space    used 9821K, capacity 10099K, committed 10212K, reserved 1048576K
}
Event: 55423.244 GC heap before
{Heap before GC invocations=822 (full 4):
 par new generation   total 38080K, used 38080K [0x00000000f0000000, 0x00000000f2950000, 0x00000000f5550000)
  eden space 33856K, 100% used [0x00000000f0000000, 0x00000000f2110000, 0x00000000f2110000)
  from space 4224K, 100% used [0x00000000f2110000, 0x00000000f2530000, 0x00000000f2530000)
  to   space 4224K,   0% used [0x00000000f2530000, 0x00000000f2530000, 0x00000000f2950000)
 concurrent mark-sweep generation total 95424K, used 84613K [0x00000000f5550000, 0x00000000fb280000, 0x0000000100000000)
 Metaspace       used 88442K, capacity 89697K, committed 90300K, reserved 1130496K
  class space    used 9821K, capacity 10099K, committed 10212K, reserved 1048576K
Event: 55423.256 GC heap after
Heap after GC invocations=823 (full 4):
 par new generation   total 38080K, used 3998K [0x00000000f0000000, 0x00000000f2950000, 0x00000000f5550000)
  eden space 33856K,   0% used [0x00000000f0000000, 0x00000000f0000000, 0x00000000f2110000)
  from space 4224K,  94% used [0x00000000f2530000, 0x00000000f2917820, 0x00000000f2950000)
  to   space 4224K,   0% used [0x00000000f2110000, 0x00000000f2110000, 0x00000000f2530000)
 concurrent mark-sweep generation total 95616K, used 84665K [0x00000000f5550000, 0x00000000fb2b0000, 0x0000000100000000)
 Metaspace       used 88442K, capacity 89697K, committed 90300K, reserved 1130496K
  class space    used 9821K, capacity 10099K, committed 10212K, reserved 1048576K
}

