# JRE version: OpenJDK Runtime Environment (8.0_144-b01) (build 1.8.0_144-b01)
# Java VM: OpenJDK 64-Bit Server VM (25.144-b01 mixed mode linux-amd64 compressed oops)
Heap:
 par new generation   total 38080K, used 19837K [0x00000000f0000000, 0x00000000f2950000, 0x00000000f5550000)
  eden space 33856K,  47% used [0x00000000f0000000, 0x00000000f0f8b978, 0x00000000f2110000)
  from space 4224K,  92% used [0x00000000f2530000, 0x00000000f2903b38, 0x00000000f2950000)
  to   space 4224K,   0% used [0x00000000f2110000, 0x00000000f2110000, 0x00000000f2530000)
 concurrent mark-sweep generation total 99840K, used 68365K [0x00000000f5550000, 0x00000000fb6d0000, 0x0000000100000000)
 Metaspace       used 87528K, capacity 88936K, committed 89188K, reserved 1128448K
  class space    used 9824K, capacity 10098K, committed 10156K, reserved 1048576K
GC Heap History (10 events):
Event: 19575.225 GC heap before
{Heap before GC invocations=662 (full 7):
 par new generation   total 38080K, used 38072K [0x00000000f0000000, 0x00000000f2950000, 0x00000000f5550000)
  eden space 33856K,  99% used [0x00000000f0000000, 0x00000000f210e158, 0x00000000f2110000)
  from space 4224K, 100% used [0x00000000f2110000, 0x00000000f2530000, 0x00000000f2530000)
  to   space 4224K,   0% used [0x00000000f2530000, 0x00000000f2530000, 0x00000000f2950000)
 concurrent mark-sweep generation total 99840K, used 66392K [0x00000000f5550000, 0x00000000fb6d0000, 0x0000000100000000)
 Metaspace       used 87504K, capacity 88900K, committed 89188K, reserved 1128448K
  class space    used 9821K, capacity 10092K, committed 10156K, reserved 1048576K
Event: 19575.234 GC heap after
Heap after GC invocations=663 (full 7):
 par new generation   total 38080K, used 4223K [0x00000000f0000000, 0x00000000f2950000, 0x00000000f5550000)
  eden space 33856K,   0% used [0x00000000f0000000, 0x00000000f0000000, 0x00000000f2110000)
  from space 4224K,  99% used [0x00000000f2530000, 0x00000000f294fff8, 0x00000000f2950000)
  to   space 4224K,   0% used [0x00000000f2110000, 0x00000000f2110000, 0x00000000f2530000)
 concurrent mark-sweep generation total 99840K, used 67021K [0x00000000f5550000, 0x00000000fb6d0000, 0x0000000100000000)
 Metaspace       used 87504K, capacity 88900K, committed 89188K, reserved 1128448K
  class space    used 9821K, capacity 10092K, committed 10156K, reserved 1048576K
}
Event: 19621.653 GC heap before
{Heap before GC invocations=663 (full 7):
 par new generation   total 38080K, used 38077K [0x00000000f0000000, 0x00000000f2950000, 0x00000000f5550000)
  eden space 33856K,  99% used [0x00000000f0000000, 0x00000000f210f5b0, 0x00000000f2110000)
  from space 4224K,  99% used [0x00000000f2530000, 0x00000000f294fff8, 0x00000000f2950000)
  to   space 4224K,   0% used [0x00000000f2110000, 0x00000000f2110000, 0x00000000f2530000)
 concurrent mark-sweep generation total 99840K, used 67021K [0x00000000f5550000, 0x00000000fb6d0000, 0x0000000100000000)
 Metaspace       used 87504K, capacity 88900K, committed 89188K, reserved 1128448K
  class space    used 9821K, capacity 10092K, committed 10156K, reserved 1048576K
Event: 19621.662 GC heap after
Heap after GC invocations=664 (full 7):
 par new generation   total 38080K, used 4224K [0x00000000f0000000, 0x00000000f2950000, 0x00000000f5550000)
  eden space 33856K,   0% used [0x00000000f0000000, 0x00000000f0000000, 0x00000000f2110000)
  from space 4224K, 100% used [0x00000000f2110000, 0x00000000f2530000, 0x00000000f2530000)
  to   space 4224K,   0% used [0x00000000f2530000, 0x00000000f2530000, 0x00000000f2950000)
 concurrent mark-sweep generation total 99840K, used 67461K [0x00000000f5550000, 0x00000000fb6d0000, 0x0000000100000000)
 Metaspace       used 87504K, capacity 88900K, committed 89188K, reserved 1128448K
  class space    used 9821K, capacity 10092K, committed 10156K, reserved 1048576K
}
Event: 19669.190 GC heap before
{Heap before GC invocations=664 (full 7):
 par new generation   total 38080K, used 38080K [0x00000000f0000000, 0x00000000f2950000, 0x00000000f5550000)
  eden space 33856K, 100% used [0x00000000f0000000, 0x00000000f2110000, 0x00000000f2110000)
  from space 4224K, 100% used [0x00000000f2110000, 0x00000000f2530000, 0x00000000f2530000)
  to   space 4224K,   0% used [0x00000000f2530000, 0x00000000f2530000, 0x00000000f2950000)
 concurrent mark-sweep generation total 99840K, used 67461K [0x00000000f5550000, 0x00000000fb6d0000, 0x0000000100000000)
 Metaspace       used 87504K, capacity 88900K, committed 89188K, reserved 1128448K
  class space    used 9821K, capacity 10092K, committed 10156K, reserved 1048576K
Event: 19669.199 GC heap after
Heap after GC invocations=665 (full 7):
 par new generation   total 38080K, used 4223K [0x00000000f0000000, 0x00000000f2950000, 0x00000000f5550000)
  eden space 33856K,   0% used [0x00000000f0000000, 0x00000000f0000000, 0x00000000f2110000)
  from space 4224K,  99% used [0x00000000f2530000, 0x00000000f294fff8, 0x00000000f2950000)
  to   space 4224K,   0% used [0x00000000f2110000, 0x00000000f2110000, 0x00000000f2530000)
 concurrent mark-sweep generation total 99840K, used 67927K [0x00000000f5550000, 0x00000000fb6d0000, 0x0000000100000000)
 Metaspace       used 87504K, capacity 88900K, committed 89188K, reserved 1128448K
  class space    used 9821K, capacity 10092K, committed 10156K, reserved 1048576K
}
Event: 19703.956 GC heap before
{Heap before GC invocations=665 (full 7):
 par new generation   total 38080K, used 38079K [0x00000000f0000000, 0x00000000f2950000, 0x00000000f5550000)
  eden space 33856K, 100% used [0x00000000f0000000, 0x00000000f2110000, 0x00000000f2110000)
  from space 4224K,  99% used [0x00000000f2530000, 0x00000000f294fff8, 0x00000000f2950000)
  to   space 4224K,   0% used [0x00000000f2110000, 0x00000000f2110000, 0x00000000f2530000)
 concurrent mark-sweep generation total 99840K, used 67927K [0x00000000f5550000, 0x00000000fb6d0000, 0x0000000100000000)
 Metaspace       used 87524K, capacity 88930K, committed 89188K, reserved 1128448K
  class space    used 9824K, capacity 10097K, committed 10156K, reserved 1048576K
Event: 19703.967 GC heap after
Heap after GC invocations=666 (full 7):
 par new generation   total 38080K, used 4224K [0x00000000f0000000, 0x00000000f2950000, 0x00000000f5550000)
  eden space 33856K,   0% used [0x00000000f0000000, 0x00000000f0000000, 0x00000000f2110000)
  from space 4224K, 100% used [0x00000000f2110000, 0x00000000f2530000, 0x00000000f2530000)
  to   space 4224K,   0% used [0x00000000f2530000, 0x00000000f2530000, 0x00000000f2950000)
 concurrent mark-sweep generation total 99840K, used 68141K [0x00000000f5550000, 0x00000000fb6d0000, 0x0000000100000000)
 Metaspace       used 87524K, capacity 88930K, committed 89188K, reserved 1128448K
  class space    used 9824K, capacity 10097K, committed 10156K, reserved 1048576K
}
Event: 19738.801 GC heap before
{Heap before GC invocations=666 (full 7):
 par new generation   total 38080K, used 38080K [0x00000000f0000000, 0x00000000f2950000, 0x00000000f5550000)
  eden space 33856K, 100% used [0x00000000f0000000, 0x00000000f2110000, 0x00000000f2110000)
  from space 4224K, 100% used [0x00000000f2110000, 0x00000000f2530000, 0x00000000f2530000)
  to   space 4224K,   0% used [0x00000000f2530000, 0x00000000f2530000, 0x00000000f2950000)
 concurrent mark-sweep generation total 99840K, used 68141K [0x00000000f5550000, 0x00000000fb6d0000, 0x0000000100000000)
 Metaspace       used 87524K, capacity 88930K, committed 89188K, reserved 1128448K
  class space    used 9824K, capacity 10097K, committed 10156K, reserved 1048576K
Event: 19738.815 GC heap after
Heap after GC invocations=667 (full 7):
 par new generation   total 38080K, used 3918K [0x00000000f0000000, 0x00000000f2950000, 0x00000000f5550000)
  eden space 33856K,   0% used [0x00000000f0000000, 0x00000000f0000000, 0x00000000f2110000)
  from space 4224K,  92% used [0x00000000f2530000, 0x00000000f2903b38, 0x00000000f2950000)
  to   space 4224K,   0% used [0x00000000f2110000, 0x00000000f2110000, 0x00000000f2530000)
 concurrent mark-sweep generation total 99840K, used 68365K [0x00000000f5550000, 0x00000000fb6d0000, 0x0000000100000000)
 Metaspace       used 87524K, capacity 88930K, committed 89188K, reserved 1128448K
  class space    used 9824K, capacity 10097K, committed 10156K, reserved 1048576K
}

