# JRE version: OpenJDK Runtime Environment (8.0_144-b01) (build 1.8.0_144-b01)
# Java VM: OpenJDK 64-Bit Server VM (25.144-b01 mixed mode linux-amd64 compressed oops)
Heap:
 par new generation   total 38080K, used 34115K [0x00000000f0000000, 0x00000000f2950000, 0x00000000f5550000)
  eden space 33856K,  88% used [0x00000000f0000000, 0x00000000f1d30cf8, 0x00000000f2110000)
  from space 4224K, 100% used [0x00000000f2530000, 0x00000000f2950000, 0x00000000f2950000)
  to   space 4224K,   0% used [0x00000000f2110000, 0x00000000f2110000, 0x00000000f2530000)
 concurrent mark-sweep generation total 99840K, used 70634K [0x00000000f5550000, 0x00000000fb6d0000, 0x0000000100000000)
 Metaspace       used 88864K, capacity 90153K, committed 90576K, reserved 1130496K
  class space    used 9854K, capacity 10147K, committed 10240K, reserved 1048576K
GC Heap History (10 events):
Event: 54056.834 GC heap before
{Heap before GC invocations=1182 (full 5):
 par new generation   total 38080K, used 37711K [0x00000000f0000000, 0x00000000f2950000, 0x00000000f5550000)
  eden space 33856K, 100% used [0x00000000f0000000, 0x00000000f2110000, 0x00000000f2110000)
  from space 4224K,  91% used [0x00000000f2110000, 0x00000000f24d3d68, 0x00000000f2530000)
  to   space 4224K,   0% used [0x00000000f2530000, 0x00000000f2530000, 0x00000000f2950000)
 concurrent mark-sweep generation total 99840K, used 70007K [0x00000000f5550000, 0x00000000fb6d0000, 0x0000000100000000)
 Metaspace       used 88859K, capacity 90153K, committed 90576K, reserved 1130496K
  class space    used 9854K, capacity 10147K, committed 10240K, reserved 1048576K
Event: 54056.847 GC heap after
Heap after GC invocations=1183 (full 5):
 par new generation   total 38080K, used 4224K [0x00000000f0000000, 0x00000000f2950000, 0x00000000f5550000)
  eden space 33856K,   0% used [0x00000000f0000000, 0x00000000f0000000, 0x00000000f2110000)
  from space 4224K, 100% used [0x00000000f2530000, 0x00000000f2950000, 0x00000000f2950000)
  to   space 4224K,   0% used [0x00000000f2110000, 0x00000000f2110000, 0x00000000f2530000)
 concurrent mark-sweep generation total 99840K, used 70257K [0x00000000f5550000, 0x00000000fb6d0000, 0x0000000100000000)
 Metaspace       used 88859K, capacity 90153K, committed 90576K, reserved 1130496K
  class space    used 9854K, capacity 10147K, committed 10240K, reserved 1048576K
}
Event: 54261.514 GC heap before
{Heap before GC invocations=1183 (full 5):
 par new generation   total 38080K, used 38080K [0x00000000f0000000, 0x00000000f2950000, 0x00000000f5550000)
  eden space 33856K, 100% used [0x00000000f0000000, 0x00000000f2110000, 0x00000000f2110000)
  from space 4224K, 100% used [0x00000000f2530000, 0x00000000f2950000, 0x00000000f2950000)
  to   space 4224K,   0% used [0x00000000f2110000, 0x00000000f2110000, 0x00000000f2530000)
 concurrent mark-sweep generation total 99840K, used 70257K [0x00000000f5550000, 0x00000000fb6d0000, 0x0000000100000000)
 Metaspace       used 88862K, capacity 90153K, committed 90576K, reserved 1130496K
  class space    used 9854K, capacity 10147K, committed 10240K, reserved 1048576K
Event: 54261.528 GC heap after
Heap after GC invocations=1184 (full 5):
 par new generation   total 38080K, used 4224K [0x00000000f0000000, 0x00000000f2950000, 0x00000000f5550000)
  eden space 33856K,   0% used [0x00000000f0000000, 0x00000000f0000000, 0x00000000f2110000)
  from space 4224K, 100% used [0x00000000f2110000, 0x00000000f2530000, 0x00000000f2530000)
  to   space 4224K,   0% used [0x00000000f2530000, 0x00000000f2530000, 0x00000000f2950000)
 concurrent mark-sweep generation total 99840K, used 70424K [0x00000000f5550000, 0x00000000fb6d0000, 0x0000000100000000)
 Metaspace       used 88862K, capacity 90153K, committed 90576K, reserved 1130496K
  class space    used 9854K, capacity 10147K, committed 10240K, reserved 1048576K
}
Event: 54462.765 GC heap before
{Heap before GC invocations=1184 (full 5):
 par new generation   total 38080K, used 38080K [0x00000000f0000000, 0x00000000f2950000, 0x00000000f5550000)
  eden space 33856K, 100% used [0x00000000f0000000, 0x00000000f2110000, 0x00000000f2110000)
  from space 4224K, 100% used [0x00000000f2110000, 0x00000000f2530000, 0x00000000f2530000)
  to   space 4224K,   0% used [0x00000000f2530000, 0x00000000f2530000, 0x00000000f2950000)
 concurrent mark-sweep generation total 99840K, used 70424K [0x00000000f5550000, 0x00000000fb6d0000, 0x0000000100000000)
 Metaspace       used 88862K, capacity 90153K, committed 90576K, reserved 1130496K
  class space    used 9854K, capacity 10147K, committed 10240K, reserved 1048576K
Event: 54462.777 GC heap after
Heap after GC invocations=1185 (full 5):
 par new generation   total 38080K, used 4189K [0x00000000f0000000, 0x00000000f2950000, 0x00000000f5550000)
  eden space 33856K,   0% used [0x00000000f0000000, 0x00000000f0000000, 0x00000000f2110000)
  from space 4224K,  99% used [0x00000000f2530000, 0x00000000f2947440, 0x00000000f2950000)
  to   space 4224K,   0% used [0x00000000f2110000, 0x00000000f2110000, 0x00000000f2530000)
 concurrent mark-sweep generation total 99840K, used 70513K [0x00000000f5550000, 0x00000000fb6d0000, 0x0000000100000000)
 Metaspace       used 88862K, capacity 90153K, committed 90576K, reserved 1130496K
  class space    used 9854K, capacity 10147K, committed 10240K, reserved 1048576K
}
Event: 54687.675 GC heap before
{Heap before GC invocations=1185 (full 5):
 par new generation   total 38080K, used 38045K [0x00000000f0000000, 0x00000000f2950000, 0x00000000f5550000)
  eden space 33856K, 100% used [0x00000000f0000000, 0x00000000f2110000, 0x00000000f2110000)
  from space 4224K,  99% used [0x00000000f2530000, 0x00000000f2947440, 0x00000000f2950000)
  to   space 4224K,   0% used [0x00000000f2110000, 0x00000000f2110000, 0x00000000f2530000)
 concurrent mark-sweep generation total 99840K, used 70513K [0x00000000f5550000, 0x00000000fb6d0000, 0x0000000100000000)
 Metaspace       used 88862K, capacity 90153K, committed 90576K, reserved 1130496K
  class space    used 9854K, capacity 10147K, committed 10240K, reserved 1048576K
Event: 54687.689 GC heap after
Heap after GC invocations=1186 (full 5):
 par new generation   total 38080K, used 4223K [0x00000000f0000000, 0x00000000f2950000, 0x00000000f5550000)
  eden space 33856K,   0% used [0x00000000f0000000, 0x00000000f0000000, 0x00000000f2110000)
  from space 4224K,  99% used [0x00000000f2110000, 0x00000000f252fff8, 0x00000000f2530000)
  to   space 4224K,   0% used [0x00000000f2530000, 0x00000000f2530000, 0x00000000f2950000)
 concurrent mark-sweep generation total 99840K, used 70547K [0x00000000f5550000, 0x00000000fb6d0000, 0x0000000100000000)
 Metaspace       used 88862K, capacity 90153K, committed 90576K, reserved 1130496K
  class space    used 9854K, capacity 10147K, committed 10240K, reserved 1048576K
}
Event: 54907.870 GC heap before
{Heap before GC invocations=1186 (full 5):
 par new generation   total 38080K, used 38079K [0x00000000f0000000, 0x00000000f2950000, 0x00000000f5550000)
  eden space 33856K, 100% used [0x00000000f0000000, 0x00000000f2110000, 0x00000000f2110000)
  from space 4224K,  99% used [0x00000000f2110000, 0x00000000f252fff8, 0x00000000f2530000)
  to   space 4224K,   0% used [0x00000000f2530000, 0x00000000f2530000, 0x00000000f2950000)
 concurrent mark-sweep generation total 99840K, used 70547K [0x00000000f5550000, 0x00000000fb6d0000, 0x0000000100000000)
 Metaspace       used 88864K, capacity 90153K, committed 90576K, reserved 1130496K
  class space    used 9854K, capacity 10147K, committed 10240K, reserved 1048576K
Event: 54907.882 GC heap after
Heap after GC invocations=1187 (full 5):
 par new generation   total 38080K, used 4224K [0x00000000f0000000, 0x00000000f2950000, 0x00000000f5550000)
  eden space 33856K,   0% used [0x00000000f0000000, 0x00000000f0000000, 0x00000000f2110000)
  from space 4224K, 100% used [0x00000000f2530000, 0x00000000f2950000, 0x00000000f2950000)
  to   space 4224K,   0% used [0x00000000f2110000, 0x00000000f2110000, 0x00000000f2530000)
 concurrent mark-sweep generation total 99840K, used 70634K [0x00000000f5550000, 0x00000000fb6d0000, 0x0000000100000000)
 Metaspace       used 88864K, capacity 90153K, committed 90576K, reserved 1130496K
  class space    used 9854K, capacity 10147K, committed 10240K, reserved 1048576K
}

