# JRE version: OpenJDK Runtime Environment (8.0_144-b01) (build 1.8.0_144-b01)
# Java VM: OpenJDK 64-Bit Server VM (25.144-b01 mixed mode linux-amd64 compressed oops)
Heap:
 par new generation   total 18432K, used 17316K [0x00000000f0000000, 0x00000000f1400000, 0x00000000f5550000)
  eden space 16384K,  94% used [0x00000000f0000000, 0x00000000f0f0d9a0, 0x00000000f1000000)
  from space 2048K,  92% used [0x00000000f1000000, 0x00000000f11db690, 0x00000000f1200000)
  to   space 2048K,   0% used [0x00000000f1200000, 0x00000000f1200000, 0x00000000f1400000)
 concurrent mark-sweep generation total 72880K, used 60300K [0x00000000f5550000, 0x00000000f9c7c000, 0x0000000100000000)
 Metaspace       used 77065K, capacity 78140K, committed 78252K, reserved 1118208K
  class space    used 9141K, capacity 9391K, committed 9444K, reserved 1048576K
GC Heap History (10 events):
Event: 193.607 GC heap before
{Heap before GC invocations=249 (full 5):
 par new generation   total 18432K, used 18296K [0x00000000f0000000, 0x00000000f1400000, 0x00000000f5550000)
  eden space 16384K, 100% used [0x00000000f0000000, 0x00000000f1000000, 0x00000000f1000000)
  from space 2048K,  93% used [0x00000000f1200000, 0x00000000f13de000, 0x00000000f1400000)
  to   space 2048K,   0% used [0x00000000f1000000, 0x00000000f1000000, 0x00000000f1200000)
 concurrent mark-sweep generation total 72880K, used 58817K [0x00000000f5550000, 0x00000000f9c7c000, 0x0000000100000000)
 Metaspace       used 76322K, capacity 77354K, committed 77740K, reserved 1118208K
  class space    used 9099K, capacity 9324K, committed 9444K, reserved 1048576K
Event: 193.610 GC heap after
Heap after GC invocations=250 (full 5):
 par new generation   total 18432K, used 1373K [0x00000000f0000000, 0x00000000f1400000, 0x00000000f5550000)
  eden space 16384K,   0% used [0x00000000f0000000, 0x00000000f0000000, 0x00000000f1000000)
  from space 2048K,  67% used [0x00000000f1000000, 0x00000000f1157540, 0x00000000f1200000)
  to   space 2048K,   0% used [0x00000000f1200000, 0x00000000f1200000, 0x00000000f1400000)
 concurrent mark-sweep generation total 72880K, used 59212K [0x00000000f5550000, 0x00000000f9c7c000, 0x0000000100000000)
 Metaspace       used 76322K, capacity 77354K, committed 77740K, reserved 1118208K
  class space    used 9099K, capacity 9324K, committed 9444K, reserved 1048576K
}
Event: 198.902 GC heap before
{Heap before GC invocations=250 (full 5):
 par new generation   total 18432K, used 17757K [0x00000000f0000000, 0x00000000f1400000, 0x00000000f5550000)
  eden space 16384K, 100% used [0x00000000f0000000, 0x00000000f1000000, 0x00000000f1000000)
  from space 2048K,  67% used [0x00000000f1000000, 0x00000000f1157540, 0x00000000f1200000)
  to   space 2048K,   0% used [0x00000000f1200000, 0x00000000f1200000, 0x00000000f1400000)
 concurrent mark-sweep generation total 72880K, used 59212K [0x00000000f5550000, 0x00000000f9c7c000, 0x0000000100000000)
 Metaspace       used 76747K, capacity 77820K, committed 77996K, reserved 1118208K
  class space    used 9140K, capacity 9391K, committed 9444K, reserved 1048576K
Event: 198.906 GC heap after
Heap after GC invocations=251 (full 5):
 par new generation   total 18432K, used 1631K [0x00000000f0000000, 0x00000000f1400000, 0x00000000f5550000)
  eden space 16384K,   0% used [0x00000000f0000000, 0x00000000f0000000, 0x00000000f1000000)
  from space 2048K,  79% used [0x00000000f1200000, 0x00000000f1397cb0, 0x00000000f1400000)
  to   space 2048K,   0% used [0x00000000f1000000, 0x00000000f1000000, 0x00000000f1200000)
 concurrent mark-sweep generation total 72880K, used 59632K [0x00000000f5550000, 0x00000000f9c7c000, 0x0000000100000000)
 Metaspace       used 76747K, capacity 77820K, committed 77996K, reserved 1118208K
  class space    used 9140K, capacity 9391K, committed 9444K, reserved 1048576K
}
Event: 224.559 GC heap before
{Heap before GC invocations=251 (full 5):
 par new generation   total 18432K, used 18015K [0x00000000f0000000, 0x00000000f1400000, 0x00000000f5550000)
  eden space 16384K, 100% used [0x00000000f0000000, 0x00000000f1000000, 0x00000000f1000000)
  from space 2048K,  79% used [0x00000000f1200000, 0x00000000f1397cb0, 0x00000000f1400000)
  to   space 2048K,   0% used [0x00000000f1000000, 0x00000000f1000000, 0x00000000f1200000)
 concurrent mark-sweep generation total 72880K, used 59632K [0x00000000f5550000, 0x00000000f9c7c000, 0x0000000100000000)
 Metaspace       used 76866K, capacity 77948K, committed 78252K, reserved 1118208K
  class space    used 9140K, capacity 9391K, committed 9444K, reserved 1048576K
Event: 224.564 GC heap after
Heap after GC invocations=252 (full 5):
 par new generation   total 18432K, used 2048K [0x00000000f0000000, 0x00000000f1400000, 0x00000000f5550000)
  eden space 16384K,   0% used [0x00000000f0000000, 0x00000000f0000000, 0x00000000f1000000)
  from space 2048K, 100% used [0x00000000f1000000, 0x00000000f1200000, 0x00000000f1200000)
  to   space 2048K,   0% used [0x00000000f1200000, 0x00000000f1200000, 0x00000000f1400000)
 concurrent mark-sweep generation total 72880K, used 59886K [0x00000000f5550000, 0x00000000f9c7c000, 0x0000000100000000)
 Metaspace       used 76866K, capacity 77948K, committed 78252K, reserved 1118208K
  class space    used 9140K, capacity 9391K, committed 9444K, reserved 1048576K
}
Event: 247.988 GC heap before
{Heap before GC invocations=252 (full 5):
 par new generation   total 18432K, used 18432K [0x00000000f0000000, 0x00000000f1400000, 0x00000000f5550000)
  eden space 16384K, 100% used [0x00000000f0000000, 0x00000000f1000000, 0x00000000f1000000)
  from space 2048K, 100% used [0x00000000f1000000, 0x00000000f1200000, 0x00000000f1200000)
  to   space 2048K,   0% used [0x00000000f1200000, 0x00000000f1200000, 0x00000000f1400000)
 concurrent mark-sweep generation total 72880K, used 59886K [0x00000000f5550000, 0x00000000f9c7c000, 0x0000000100000000)
 Metaspace       used 76910K, capacity 78012K, committed 78252K, reserved 1118208K
  class space    used 9140K, capacity 9391K, committed 9444K, reserved 1048576K
Event: 247.992 GC heap after
Heap after GC invocations=253 (full 5):
 par new generation   total 18432K, used 1444K [0x00000000f0000000, 0x00000000f1400000, 0x00000000f5550000)
  eden space 16384K,   0% used [0x00000000f0000000, 0x00000000f0000000, 0x00000000f1000000)
  from space 2048K,  70% used [0x00000000f1200000, 0x00000000f1369088, 0x00000000f1400000)
  to   space 2048K,   0% used [0x00000000f1000000, 0x00000000f1000000, 0x00000000f1200000)
 concurrent mark-sweep generation total 72880K, used 59942K [0x00000000f5550000, 0x00000000f9c7c000, 0x0000000100000000)
 Metaspace       used 76910K, capacity 78012K, committed 78252K, reserved 1118208K
  class space    used 9140K, capacity 9391K, committed 9444K, reserved 1048576K
}
Event: 262.199 GC heap before
{Heap before GC invocations=253 (full 5):
 par new generation   total 18432K, used 17828K [0x00000000f0000000, 0x00000000f1400000, 0x00000000f5550000)
  eden space 16384K, 100% used [0x00000000f0000000, 0x00000000f1000000, 0x00000000f1000000)
  from space 2048K,  70% used [0x00000000f1200000, 0x00000000f1369088, 0x00000000f1400000)
  to   space 2048K,   0% used [0x00000000f1000000, 0x00000000f1000000, 0x00000000f1200000)
 concurrent mark-sweep generation total 72880K, used 59942K [0x00000000f5550000, 0x00000000f9c7c000, 0x0000000100000000)
 Metaspace       used 77016K, capacity 78076K, committed 78252K, reserved 1118208K
  class space    used 9141K, capacity 9391K, committed 9444K, reserved 1048576K
Event: 262.204 GC heap after
Heap after GC invocations=254 (full 5):
 par new generation   total 18432K, used 1901K [0x00000000f0000000, 0x00000000f1400000, 0x00000000f5550000)
  eden space 16384K,   0% used [0x00000000f0000000, 0x00000000f0000000, 0x00000000f1000000)
  from space 2048K,  92% used [0x00000000f1000000, 0x00000000f11db690, 0x00000000f1200000)
  to   space 2048K,   0% used [0x00000000f1200000, 0x00000000f1200000, 0x00000000f1400000)
 concurrent mark-sweep generation total 72880K, used 60300K [0x00000000f5550000, 0x00000000f9c7c000, 0x0000000100000000)
 Metaspace       used 77016K, capacity 78076K, committed 78252K, reserved 1118208K
  class space    used 9141K, capacity 9391K, committed 9444K, reserved 1048576K
}

