# JRE version: OpenJDK Runtime Environment (8.0_144-b01) (build 1.8.0_144-b01)
# Java VM: OpenJDK 64-Bit Server VM (25.144-b01 mixed mode linux-amd64 compressed oops)
Heap:
 par new generation   total 38080K, used 13186K [0x00000000f0000000, 0x00000000f2950000, 0x00000000f5550000)
  eden space 33856K,  27% used [0x00000000f0000000, 0x00000000f0921d28, 0x00000000f2110000)
  from space 4224K,  90% used [0x00000000f2530000, 0x00000000f28eedc0, 0x00000000f2950000)
  to   space 4224K,   0% used [0x00000000f2110000, 0x00000000f2110000, 0x00000000f2530000)
 concurrent mark-sweep generation total 100608K, used 90328K [0x00000000f5550000, 0x00000000fb790000, 0x0000000100000000)
 Metaspace       used 88743K, capacity 90089K, committed 90684K, reserved 1130496K
  class space    used 9844K, capacity 10137K, committed 10340K, reserved 1048576K
GC Heap History (10 events):
Event: 42583.026 GC heap before
{Heap before GC invocations=814 (full 4):
 par new generation   total 38080K, used 36335K [0x00000000f0000000, 0x00000000f2950000, 0x00000000f5550000)
  eden space 33856K, 100% used [0x00000000f0000000, 0x00000000f2110000, 0x00000000f2110000)
  from space 4224K,  58% used [0x00000000f2110000, 0x00000000f237bef8, 0x00000000f2530000)
  to   space 4224K,   0% used [0x00000000f2530000, 0x00000000f2530000, 0x00000000f2950000)
 concurrent mark-sweep generation total 99648K, used 89156K [0x00000000f5550000, 0x00000000fb6a0000, 0x0000000100000000)
 Metaspace       used 88733K, capacity 90089K, committed 90684K, reserved 1130496K
  class space    used 9842K, capacity 10137K, committed 10340K, reserved 1048576K
Event: 42583.030 GC heap after
Heap after GC invocations=815 (full 4):
 par new generation   total 38080K, used 486K [0x00000000f0000000, 0x00000000f2950000, 0x00000000f5550000)
  eden space 33856K,   0% used [0x00000000f0000000, 0x00000000f0000000, 0x00000000f2110000)
  from space 4224K,  11% used [0x00000000f2530000, 0x00000000f25a9b90, 0x00000000f2950000)
  to   space 4224K,   0% used [0x00000000f2110000, 0x00000000f2110000, 0x00000000f2530000)
 concurrent mark-sweep generation total 100224K, used 89785K [0x00000000f5550000, 0x00000000fb730000, 0x0000000100000000)
 Metaspace       used 88733K, capacity 90089K, committed 90684K, reserved 1130496K
  class space    used 9842K, capacity 10137K, committed 10340K, reserved 1048576K
}
Event: 42637.235 GC heap before
{Heap before GC invocations=815 (full 4):
 par new generation   total 38080K, used 34342K [0x00000000f0000000, 0x00000000f2950000, 0x00000000f5550000)
  eden space 33856K, 100% used [0x00000000f0000000, 0x00000000f2110000, 0x00000000f2110000)
  from space 4224K,  11% used [0x00000000f2530000, 0x00000000f25a9b90, 0x00000000f2950000)
  to   space 4224K,   0% used [0x00000000f2110000, 0x00000000f2110000, 0x00000000f2530000)
 concurrent mark-sweep generation total 100224K, used 89785K [0x00000000f5550000, 0x00000000fb730000, 0x0000000100000000)
 Metaspace       used 88733K, capacity 90089K, committed 90684K, reserved 1130496K
  class space    used 9842K, capacity 10137K, committed 10340K, reserved 1048576K
Event: 42637.245 GC heap after
Heap after GC invocations=816 (full 4):
 par new generation   total 38080K, used 2767K [0x00000000f0000000, 0x00000000f2950000, 0x00000000f5550000)
  eden space 33856K,   0% used [0x00000000f0000000, 0x00000000f0000000, 0x00000000f2110000)
  from space 4224K,  65% used [0x00000000f2110000, 0x00000000f23c3d98, 0x00000000f2530000)
  to   space 4224K,   0% used [0x00000000f2530000, 0x00000000f2530000, 0x00000000f2950000)
 concurrent mark-sweep generation total 100224K, used 89785K [0x00000000f5550000, 0x00000000fb730000, 0x0000000100000000)
 Metaspace       used 88733K, capacity 90089K, committed 90684K, reserved 1130496K
  class space    used 9842K, capacity 10137K, committed 10340K, reserved 1048576K
}
Event: 42691.029 GC heap before
{Heap before GC invocations=816 (full 4):
 par new generation   total 38080K, used 36623K [0x00000000f0000000, 0x00000000f2950000, 0x00000000f5550000)
  eden space 33856K, 100% used [0x00000000f0000000, 0x00000000f2110000, 0x00000000f2110000)
  from space 4224K,  65% used [0x00000000f2110000, 0x00000000f23c3d98, 0x00000000f2530000)
  to   space 4224K,   0% used [0x00000000f2530000, 0x00000000f2530000, 0x00000000f2950000)
 concurrent mark-sweep generation total 100224K, used 89785K [0x00000000f5550000, 0x00000000fb730000, 0x0000000100000000)
 Metaspace       used 88733K, capacity 90089K, committed 90684K, reserved 1130496K
  class space    used 9842K, capacity 10137K, committed 10340K, reserved 1048576K
Event: 42691.036 GC heap after
Heap after GC invocations=817 (full 4):
 par new generation   total 38080K, used 3194K [0x00000000f0000000, 0x00000000f2950000, 0x00000000f5550000)
  eden space 33856K,   0% used [0x00000000f0000000, 0x00000000f0000000, 0x00000000f2110000)
  from space 4224K,  75% used [0x00000000f2530000, 0x00000000f284ebf0, 0x00000000f2950000)
  to   space 4224K,   0% used [0x00000000f2110000, 0x00000000f2110000, 0x00000000f2530000)
 concurrent mark-sweep generation total 100416K, used 90056K [0x00000000f5550000, 0x00000000fb760000, 0x0000000100000000)
 Metaspace       used 88733K, capacity 90089K, committed 90684K, reserved 1130496K
  class space    used 9842K, capacity 10137K, committed 10340K, reserved 1048576K
}
Event: 42759.279 GC heap before
{Heap before GC invocations=817 (full 4):
 par new generation   total 38080K, used 37050K [0x00000000f0000000, 0x00000000f2950000, 0x00000000f5550000)
  eden space 33856K, 100% used [0x00000000f0000000, 0x00000000f2110000, 0x00000000f2110000)
  from space 4224K,  75% used [0x00000000f2530000, 0x00000000f284ebf0, 0x00000000f2950000)
  to   space 4224K,   0% used [0x00000000f2110000, 0x00000000f2110000, 0x00000000f2530000)
 concurrent mark-sweep generation total 100416K, used 90056K [0x00000000f5550000, 0x00000000fb760000, 0x0000000100000000)
 Metaspace       used 88734K, capacity 90089K, committed 90684K, reserved 1130496K
  class space    used 9842K, capacity 10137K, committed 10340K, reserved 1048576K
Event: 42759.291 GC heap after
Heap after GC invocations=818 (full 4):
 par new generation   total 38080K, used 3866K [0x00000000f0000000, 0x00000000f2950000, 0x00000000f5550000)
  eden space 33856K,   0% used [0x00000000f0000000, 0x00000000f0000000, 0x00000000f2110000)
  from space 4224K,  91% used [0x00000000f2110000, 0x00000000f24d6990, 0x00000000f2530000)
  to   space 4224K,   0% used [0x00000000f2530000, 0x00000000f2530000, 0x00000000f2950000)
 concurrent mark-sweep generation total 100416K, used 90174K [0x00000000f5550000, 0x00000000fb760000, 0x0000000100000000)
 Metaspace       used 88734K, capacity 90089K, committed 90684K, reserved 1130496K
  class space    used 9842K, capacity 10137K, committed 10340K, reserved 1048576K
}
Event: 42902.340 GC heap before
{Heap before GC invocations=818 (full 4):
 par new generation   total 38080K, used 37722K [0x00000000f0000000, 0x00000000f2950000, 0x00000000f5550000)
  eden space 33856K, 100% used [0x00000000f0000000, 0x00000000f2110000, 0x00000000f2110000)
  from space 4224K,  91% used [0x00000000f2110000, 0x00000000f24d6990, 0x00000000f2530000)
  to   space 4224K,   0% used [0x00000000f2530000, 0x00000000f2530000, 0x00000000f2950000)
 concurrent mark-sweep generation total 100416K, used 90174K [0x00000000f5550000, 0x00000000fb760000, 0x0000000100000000)
 Metaspace       used 88734K, capacity 90089K, committed 90684K, reserved 1130496K
  class space    used 9842K, capacity 10137K, committed 10340K, reserved 1048576K
Event: 42902.353 GC heap after
Heap after GC invocations=819 (full 4):
 par new generation   total 38080K, used 3835K [0x00000000f0000000, 0x00000000f2950000, 0x00000000f5550000)
  eden space 33856K,   0% used [0x00000000f0000000, 0x00000000f0000000, 0x00000000f2110000)
  from space 4224K,  90% used [0x00000000f2530000, 0x00000000f28eedc0, 0x00000000f2950000)
  to   space 4224K,   0% used [0x00000000f2110000, 0x00000000f2110000, 0x00000000f2530000)
 concurrent mark-sweep generation total 100608K, used 90328K [0x00000000f5550000, 0x00000000fb790000, 0x0000000100000000)
 Metaspace       used 88734K, capacity 90089K, committed 90684K, reserved 1130496K
  class space    used 9842K, capacity 10137K, committed 10340K, reserved 1048576K
}

