# JRE version: OpenJDK Runtime Environment (8.0_144-b01) (build 1.8.0_144-b01)
# Java VM: OpenJDK 64-Bit Server VM (25.144-b01 mixed mode linux-amd64 compressed oops)
Heap:
 par new generation   total 18432K, used 3187K [0x00000000f0000000, 0x00000000f1400000, 0x00000000f5550000)
  eden space 16384K,   8% used [0x00000000f0000000, 0x00000000f016c660, 0x00000000f1000000)
  from space 2048K,  84% used [0x00000000f1200000, 0x00000000f13b0628, 0x00000000f1400000)
  to   space 2048K,   0% used [0x00000000f1000000, 0x00000000f1000000, 0x00000000f1200000)
 concurrent mark-sweep generation total 78208K, used 56643K [0x00000000f5550000, 0x00000000fa1b0000, 0x0000000100000000)
 Metaspace       used 82002K, capacity 83136K, committed 83372K, reserved 1122304K
  class space    used 9612K, capacity 9862K, committed 9956K, reserved 1048576K
GC Heap History (10 events):
Event: 793.673 GC heap before
{Heap before GC invocations=312 (full 6):
 par new generation   total 18432K, used 18272K [0x00000000f0000000, 0x00000000f1400000, 0x00000000f5550000)
  eden space 16384K, 100% used [0x00000000f0000000, 0x00000000f1000000, 0x00000000f1000000)
  from space 2048K,  92% used [0x00000000f1000000, 0x00000000f11d83c0, 0x00000000f1200000)
  to   space 2048K,   0% used [0x00000000f1200000, 0x00000000f1200000, 0x00000000f1400000)
 concurrent mark-sweep generation total 78208K, used 55816K [0x00000000f5550000, 0x00000000fa1b0000, 0x0000000100000000)
 Metaspace       used 81983K, capacity 83136K, committed 83372K, reserved 1122304K
  class space    used 9612K, capacity 9862K, committed 9956K, reserved 1048576K
Event: 793.677 GC heap after
Heap after GC invocations=313 (full 6):
 par new generation   total 18432K, used 1315K [0x00000000f0000000, 0x00000000f1400000, 0x00000000f5550000)
  eden space 16384K,   0% used [0x00000000f0000000, 0x00000000f0000000, 0x00000000f1000000)
  from space 2048K,  64% used [0x00000000f1200000, 0x00000000f1348e30, 0x00000000f1400000)
  to   space 2048K,   0% used [0x00000000f1000000, 0x00000000f1000000, 0x00000000f1200000)
 concurrent mark-sweep generation total 78208K, used 55849K [0x00000000f5550000, 0x00000000fa1b0000, 0x0000000100000000)
 Metaspace       used 81983K, capacity 83136K, committed 83372K, reserved 1122304K
  class space    used 9612K, capacity 9862K, committed 9956K, reserved 1048576K
}
Event: 806.318 GC heap before
{Heap before GC invocations=313 (full 6):
 par new generation   total 18432K, used 17685K [0x00000000f0000000, 0x00000000f1400000, 0x00000000f5550000)
  eden space 16384K,  99% used [0x00000000f0000000, 0x00000000f0ffc790, 0x00000000f1000000)
  from space 2048K,  64% used [0x00000000f1200000, 0x00000000f1348e30, 0x00000000f1400000)
  to   space 2048K,   0% used [0x00000000f1000000, 0x00000000f1000000, 0x00000000f1200000)
 concurrent mark-sweep generation total 78208K, used 55849K [0x00000000f5550000, 0x00000000fa1b0000, 0x0000000100000000)
 Metaspace       used 81985K, capacity 83136K, committed 83372K, reserved 1122304K
  class space    used 9612K, capacity 9862K, committed 9956K, reserved 1048576K
Event: 806.321 GC heap after
Heap after GC invocations=314 (full 6):
 par new generation   total 18432K, used 1468K [0x00000000f0000000, 0x00000000f1400000, 0x00000000f5550000)
  eden space 16384K,   0% used [0x00000000f0000000, 0x00000000f0000000, 0x00000000f1000000)
  from space 2048K,  71% used [0x00000000f1000000, 0x00000000f116f0f8, 0x00000000f1200000)
  to   space 2048K,   0% used [0x00000000f1200000, 0x00000000f1200000, 0x00000000f1400000)
 concurrent mark-sweep generation total 78208K, used 55860K [0x00000000f5550000, 0x00000000fa1b0000, 0x0000000100000000)
 Metaspace       used 81985K, capacity 83136K, committed 83372K, reserved 1122304K
  class space    used 9612K, capacity 9862K, committed 9956K, reserved 1048576K
}
Event: 814.583 GC heap before
{Heap before GC invocations=314 (full 6):
 par new generation   total 18432K, used 17852K [0x00000000f0000000, 0x00000000f1400000, 0x00000000f5550000)
  eden space 16384K, 100% used [0x00000000f0000000, 0x00000000f1000000, 0x00000000f1000000)
  from space 2048K,  71% used [0x00000000f1000000, 0x00000000f116f0f8, 0x00000000f1200000)
  to   space 2048K,   0% used [0x00000000f1200000, 0x00000000f1200000, 0x00000000f1400000)
 concurrent mark-sweep generation total 78208K, used 55860K [0x00000000f5550000, 0x00000000fa1b0000, 0x0000000100000000)
 Metaspace       used 81987K, capacity 83136K, committed 83372K, reserved 1122304K
  class space    used 9612K, capacity 9862K, committed 9956K, reserved 1048576K
Event: 814.588 GC heap after
Heap after GC invocations=315 (full 6):
 par new generation   total 18432K, used 1883K [0x00000000f0000000, 0x00000000f1400000, 0x00000000f5550000)
  eden space 16384K,   0% used [0x00000000f0000000, 0x00000000f0000000, 0x00000000f1000000)
  from space 2048K,  91% used [0x00000000f1200000, 0x00000000f13d6dd0, 0x00000000f1400000)
  to   space 2048K,   0% used [0x00000000f1000000, 0x00000000f1000000, 0x00000000f1200000)
 concurrent mark-sweep generation total 78208K, used 56239K [0x00000000f5550000, 0x00000000fa1b0000, 0x0000000100000000)
 Metaspace       used 81987K, capacity 83136K, committed 83372K, reserved 1122304K
  class space    used 9612K, capacity 9862K, committed 9956K, reserved 1048576K
}
Event: 827.898 GC heap before
{Heap before GC invocations=315 (full 6):
 par new generation   total 18432K, used 18267K [0x00000000f0000000, 0x00000000f1400000, 0x00000000f5550000)
  eden space 16384K, 100% used [0x00000000f0000000, 0x00000000f1000000, 0x00000000f1000000)
  from space 2048K,  91% used [0x00000000f1200000, 0x00000000f13d6dd0, 0x00000000f1400000)
  to   space 2048K,   0% used [0x00000000f1000000, 0x00000000f1000000, 0x00000000f1200000)
 concurrent mark-sweep generation total 78208K, used 56239K [0x00000000f5550000, 0x00000000fa1b0000, 0x0000000100000000)
 Metaspace       used 82000K, capacity 83136K, committed 83372K, reserved 1122304K
  class space    used 9612K, capacity 9862K, committed 9956K, reserved 1048576K
Event: 827.903 GC heap after
Heap after GC invocations=316 (full 6):
 par new generation   total 18432K, used 1553K [0x00000000f0000000, 0x00000000f1400000, 0x00000000f5550000)
  eden space 16384K,   0% used [0x00000000f0000000, 0x00000000f0000000, 0x00000000f1000000)
  from space 2048K,  75% used [0x00000000f1000000, 0x00000000f11845d0, 0x00000000f1200000)
  to   space 2048K,   0% used [0x00000000f1200000, 0x00000000f1200000, 0x00000000f1400000)
 concurrent mark-sweep generation total 78208K, used 56258K [0x00000000f5550000, 0x00000000fa1b0000, 0x0000000100000000)
 Metaspace       used 82000K, capacity 83136K, committed 83372K, reserved 1122304K
  class space    used 9612K, capacity 9862K, committed 9956K, reserved 1048576K
}
Event: 838.488 GC heap before
{Heap before GC invocations=316 (full 6):
 par new generation   total 18432K, used 17937K [0x00000000f0000000, 0x00000000f1400000, 0x00000000f5550000)
  eden space 16384K, 100% used [0x00000000f0000000, 0x00000000f1000000, 0x00000000f1000000)
  from space 2048K,  75% used [0x00000000f1000000, 0x00000000f11845d0, 0x00000000f1200000)
  to   space 2048K,   0% used [0x00000000f1200000, 0x00000000f1200000, 0x00000000f1400000)
 concurrent mark-sweep generation total 78208K, used 56258K [0x00000000f5550000, 0x00000000fa1b0000, 0x0000000100000000)
 Metaspace       used 82002K, capacity 83136K, committed 83372K, reserved 1122304K
  class space    used 9612K, capacity 9862K, committed 9956K, reserved 1048576K
Event: 838.494 GC heap after
Heap after GC invocations=317 (full 6):
 par new generation   total 18432K, used 1729K [0x00000000f0000000, 0x00000000f1400000, 0x00000000f5550000)
  eden space 16384K,   0% used [0x00000000f0000000, 0x00000000f0000000, 0x00000000f1000000)
  from space 2048K,  84% used [0x00000000f1200000, 0x00000000f13b0628, 0x00000000f1400000)
  to   space 2048K,   0% used [0x00000000f1000000, 0x00000000f1000000, 0x00000000f1200000)
 concurrent mark-sweep generation total 78208K, used 56643K [0x00000000f5550000, 0x00000000fa1b0000, 0x0000000100000000)
 Metaspace       used 82002K, capacity 83136K, committed 83372K, reserved 1122304K
  class space    used 9612K, capacity 9862K, committed 9956K, reserved 1048576K
}

