# JRE version: OpenJDK Runtime Environment (8.0_144-b01) (build 1.8.0_144-b01)
# Java VM: OpenJDK 64-Bit Server VM (25.144-b01 mixed mode linux-amd64 compressed oops)
Heap:
 par new generation   total 38080K, used 21899K [0x00000000f0000000, 0x00000000f2950000, 0x00000000f5550000)
  eden space 33856K,  55% used [0x00000000f0000000, 0x00000000f1263970, 0x00000000f2110000)
  from space 4224K,  72% used [0x00000000f2530000, 0x00000000f282f330, 0x00000000f2950000)
  to   space 4224K,   0% used [0x00000000f2110000, 0x00000000f2110000, 0x00000000f2530000)
 concurrent mark-sweep generation total 97920K, used 85613K [0x00000000f5550000, 0x00000000fb4f0000, 0x0000000100000000)
 Metaspace       used 88775K, capacity 90135K, committed 90920K, reserved 1130496K
  class space    used 9850K, capacity 10133K, committed 10320K, reserved 1048576K
GC Heap History (10 events):
Event: 46987.871 GC heap before
{Heap before GC invocations=758 (full 4):
 par new generation   total 38080K, used 36187K [0x00000000f0000000, 0x00000000f2950000, 0x00000000f5550000)
  eden space 33856K, 100% used [0x00000000f0000000, 0x00000000f2110000, 0x00000000f2110000)
  from space 4224K,  55% used [0x00000000f2110000, 0x00000000f2356fb8, 0x00000000f2530000)
  to   space 4224K,   0% used [0x00000000f2530000, 0x00000000f2530000, 0x00000000f2950000)
 concurrent mark-sweep generation total 97536K, used 84967K [0x00000000f5550000, 0x00000000fb490000, 0x0000000100000000)
 Metaspace       used 88729K, capacity 90071K, committed 90664K, reserved 1130496K
  class space    used 9849K, capacity 10133K, committed 10320K, reserved 1048576K
Event: 46987.881 GC heap after
Heap after GC invocations=759 (full 4):
 par new generation   total 38080K, used 2621K [0x00000000f0000000, 0x00000000f2950000, 0x00000000f5550000)
  eden space 33856K,   0% used [0x00000000f0000000, 0x00000000f0000000, 0x00000000f2110000)
  from space 4224K,  62% used [0x00000000f2530000, 0x00000000f27bf508, 0x00000000f2950000)
  to   space 4224K,   0% used [0x00000000f2110000, 0x00000000f2110000, 0x00000000f2530000)
 concurrent mark-sweep generation total 97536K, used 85049K [0x00000000f5550000, 0x00000000fb490000, 0x0000000100000000)
 Metaspace       used 88729K, capacity 90071K, committed 90664K, reserved 1130496K
  class space    used 9849K, capacity 10133K, committed 10320K, reserved 1048576K
}
Event: 47105.107 GC heap before
{Heap before GC invocations=759 (full 4):
 par new generation   total 38080K, used 36477K [0x00000000f0000000, 0x00000000f2950000, 0x00000000f5550000)
  eden space 33856K, 100% used [0x00000000f0000000, 0x00000000f2110000, 0x00000000f2110000)
  from space 4224K,  62% used [0x00000000f2530000, 0x00000000f27bf508, 0x00000000f2950000)
  to   space 4224K,   0% used [0x00000000f2110000, 0x00000000f2110000, 0x00000000f2530000)
 concurrent mark-sweep generation total 97536K, used 85049K [0x00000000f5550000, 0x00000000fb490000, 0x0000000100000000)
 Metaspace       used 88729K, capacity 90071K, committed 90664K, reserved 1130496K
  class space    used 9849K, capacity 10133K, committed 10320K, reserved 1048576K
Event: 47105.117 GC heap after
Heap after GC invocations=760 (full 4):
 par new generation   total 38080K, used 3137K [0x00000000f0000000, 0x00000000f2950000, 0x00000000f5550000)
  eden space 33856K,   0% used [0x00000000f0000000, 0x00000000f0000000, 0x00000000f2110000)
  from space 4224K,  74% used [0x00000000f2110000, 0x00000000f2420750, 0x00000000f2530000)
  to   space 4224K,   0% used [0x00000000f2530000, 0x00000000f2530000, 0x00000000f2950000)
 concurrent mark-sweep generation total 97536K, used 85201K [0x00000000f5550000, 0x00000000fb490000, 0x0000000100000000)
 Metaspace       used 88729K, capacity 90071K, committed 90664K, reserved 1130496K
  class space    used 9849K, capacity 10133K, committed 10320K, reserved 1048576K
}
Event: 47258.377 GC heap before
{Heap before GC invocations=760 (full 4):
 par new generation   total 38080K, used 36993K [0x00000000f0000000, 0x00000000f2950000, 0x00000000f5550000)
  eden space 33856K, 100% used [0x00000000f0000000, 0x00000000f2110000, 0x00000000f2110000)
  from space 4224K,  74% used [0x00000000f2110000, 0x00000000f2420750, 0x00000000f2530000)
  to   space 4224K,   0% used [0x00000000f2530000, 0x00000000f2530000, 0x00000000f2950000)
 concurrent mark-sweep generation total 97536K, used 85201K [0x00000000f5550000, 0x00000000fb490000, 0x0000000100000000)
 Metaspace       used 88764K, capacity 90135K, committed 90920K, reserved 1130496K
  class space    used 9849K, capacity 10133K, committed 10320K, reserved 1048576K
Event: 47258.391 GC heap after
Heap after GC invocations=761 (full 4):
 par new generation   total 38080K, used 4080K [0x00000000f0000000, 0x00000000f2950000, 0x00000000f5550000)
  eden space 33856K,   0% used [0x00000000f0000000, 0x00000000f0000000, 0x00000000f2110000)
  from space 4224K,  96% used [0x00000000f2530000, 0x00000000f292c3b0, 0x00000000f2950000)
  to   space 4224K,   0% used [0x00000000f2110000, 0x00000000f2110000, 0x00000000f2530000)
 concurrent mark-sweep generation total 97728K, used 85319K [0x00000000f5550000, 0x00000000fb4c0000, 0x0000000100000000)
 Metaspace       used 88764K, capacity 90135K, committed 90920K, reserved 1130496K
  class space    used 9849K, capacity 10133K, committed 10320K, reserved 1048576K
}
Event: 47384.911 GC heap before
{Heap before GC invocations=761 (full 4):
 par new generation   total 38080K, used 37936K [0x00000000f0000000, 0x00000000f2950000, 0x00000000f5550000)
  eden space 33856K, 100% used [0x00000000f0000000, 0x00000000f2110000, 0x00000000f2110000)
  from space 4224K,  96% used [0x00000000f2530000, 0x00000000f292c3b0, 0x00000000f2950000)
  to   space 4224K,   0% used [0x00000000f2110000, 0x00000000f2110000, 0x00000000f2530000)
 concurrent mark-sweep generation total 97728K, used 85319K [0x00000000f5550000, 0x00000000fb4c0000, 0x0000000100000000)
 Metaspace       used 88764K, capacity 90135K, committed 90920K, reserved 1130496K
  class space    used 9849K, capacity 10133K, committed 10320K, reserved 1048576K
Event: 47384.920 GC heap after
Heap after GC invocations=762 (full 4):
 par new generation   total 38080K, used 3091K [0x00000000f0000000, 0x00000000f2950000, 0x00000000f5550000)
  eden space 33856K,   0% used [0x00000000f0000000, 0x00000000f0000000, 0x00000000f2110000)
  from space 4224K,  73% used [0x00000000f2110000, 0x00000000f2414fb0, 0x00000000f2530000)
  to   space 4224K,   0% used [0x00000000f2530000, 0x00000000f2530000, 0x00000000f2950000)
 concurrent mark-sweep generation total 97920K, used 85538K [0x00000000f5550000, 0x00000000fb4f0000, 0x0000000100000000)
 Metaspace       used 88764K, capacity 90135K, committed 90920K, reserved 1130496K
  class space    used 9849K, capacity 10133K, committed 10320K, reserved 1048576K
}
Event: 47529.641 GC heap before
{Heap before GC invocations=762 (full 4):
 par new generation   total 38080K, used 36947K [0x00000000f0000000, 0x00000000f2950000, 0x00000000f5550000)
  eden space 33856K, 100% used [0x00000000f0000000, 0x00000000f2110000, 0x00000000f2110000)
  from space 4224K,  73% used [0x00000000f2110000, 0x00000000f2414fb0, 0x00000000f2530000)
  to   space 4224K,   0% used [0x00000000f2530000, 0x00000000f2530000, 0x00000000f2950000)
 concurrent mark-sweep generation total 97920K, used 85538K [0x00000000f5550000, 0x00000000fb4f0000, 0x0000000100000000)
 Metaspace       used 88764K, capacity 90135K, committed 90920K, reserved 1130496K
  class space    used 9849K, capacity 10133K, committed 10320K, reserved 1048576K
Event: 47529.655 GC heap after
Heap after GC invocations=763 (full 4):
 par new generation   total 38080K, used 3068K [0x00000000f0000000, 0x00000000f2950000, 0x00000000f5550000)
  eden space 33856K,   0% used [0x00000000f0000000, 0x00000000f0000000, 0x00000000f2110000)
  from space 4224K,  72% used [0x00000000f2530000, 0x00000000f282f330, 0x00000000f2950000)
  to   space 4224K,   0% used [0x00000000f2110000, 0x00000000f2110000, 0x00000000f2530000)
 concurrent mark-sweep generation total 97920K, used 85613K [0x00000000f5550000, 0x00000000fb4f0000, 0x0000000100000000)
 Metaspace       used 88764K, capacity 90135K, committed 90920K, reserved 1130496K
  class space    used 9849K, capacity 10133K, committed 10320K, reserved 1048576K
}

