# JRE version: OpenJDK Runtime Environment (8.0_144-b01) (build 1.8.0_144-b01)
# Java VM: OpenJDK 64-Bit Server VM (25.144-b01 mixed mode linux-amd64 compressed oops)
Heap:
 par new generation   total 38080K, used 37474K [0x00000000f0000000, 0x00000000f2950000, 0x00000000f5550000)
  eden space 33856K,  98% used [0x00000000f0000000, 0x00000000f2078be8, 0x00000000f2110000)
  from space 4224K, 100% used [0x00000000f2530000, 0x00000000f2950000, 0x00000000f2950000)
  to   space 4224K,   0% used [0x00000000f2110000, 0x00000000f2110000, 0x00000000f2530000)
 concurrent mark-sweep generation total 93696K, used 59233K [0x00000000f5550000, 0x00000000fb0d0000, 0x0000000100000000)
 Metaspace       used 87469K, capacity 88892K, committed 89644K, reserved 1128448K
  class space    used 9843K, capacity 10125K, committed 10316K, reserved 1048576K
GC Heap History (10 events):
Event: 9110.820 GC heap before
{Heap before GC invocations=424 (full 5):
 par new generation   total 38080K, used 38075K [0x00000000f0000000, 0x00000000f2950000, 0x00000000f5550000)
  eden space 33856K,  99% used [0x00000000f0000000, 0x00000000f210ed00, 0x00000000f2110000)
  from space 4224K, 100% used [0x00000000f2110000, 0x00000000f2530000, 0x00000000f2530000)
  to   space 4224K,   0% used [0x00000000f2530000, 0x00000000f2530000, 0x00000000f2950000)
 concurrent mark-sweep generation total 93696K, used 57884K [0x00000000f5550000, 0x00000000fb0d0000, 0x0000000100000000)
 Metaspace       used 87461K, capacity 88892K, committed 89644K, reserved 1128448K
  class space    used 9842K, capacity 10125K, committed 10316K, reserved 1048576K
Event: 9110.829 GC heap after
Heap after GC invocations=425 (full 5):
 par new generation   total 38080K, used 4224K [0x00000000f0000000, 0x00000000f2950000, 0x00000000f5550000)
  eden space 33856K,   0% used [0x00000000f0000000, 0x00000000f0000000, 0x00000000f2110000)
  from space 4224K, 100% used [0x00000000f2530000, 0x00000000f2950000, 0x00000000f2950000)
  to   space 4224K,   0% used [0x00000000f2110000, 0x00000000f2110000, 0x00000000f2530000)
 concurrent mark-sweep generation total 93696K, used 58090K [0x00000000f5550000, 0x00000000fb0d0000, 0x0000000100000000)
 Metaspace       used 87461K, capacity 88892K, committed 89644K, reserved 1128448K
  class space    used 9842K, capacity 10125K, committed 10316K, reserved 1048576K
}
Event: 9141.470 GC heap before
{Heap before GC invocations=425 (full 5):
 par new generation   total 38080K, used 38080K [0x00000000f0000000, 0x00000000f2950000, 0x00000000f5550000)
  eden space 33856K, 100% used [0x00000000f0000000, 0x00000000f2110000, 0x00000000f2110000)
  from space 4224K, 100% used [0x00000000f2530000, 0x00000000f2950000, 0x00000000f2950000)
  to   space 4224K,   0% used [0x00000000f2110000, 0x00000000f2110000, 0x00000000f2530000)
 concurrent mark-sweep generation total 93696K, used 58090K [0x00000000f5550000, 0x00000000fb0d0000, 0x0000000100000000)
 Metaspace       used 87462K, capacity 88892K, committed 89644K, reserved 1128448K
  class space    used 9842K, capacity 10125K, committed 10316K, reserved 1048576K
Event: 9141.477 GC heap after
Heap after GC invocations=426 (full 5):
 par new generation   total 38080K, used 3510K [0x00000000f0000000, 0x00000000f2950000, 0x00000000f5550000)
  eden space 33856K,   0% used [0x00000000f0000000, 0x00000000f0000000, 0x00000000f2110000)
  from space 4224K,  83% used [0x00000000f2110000, 0x00000000f247dab8, 0x00000000f2530000)
  to   space 4224K,   0% used [0x00000000f2530000, 0x00000000f2530000, 0x00000000f2950000)
 concurrent mark-sweep generation total 93696K, used 58358K [0x00000000f5550000, 0x00000000fb0d0000, 0x0000000100000000)
 Metaspace       used 87462K, capacity 88892K, committed 89644K, reserved 1128448K
  class space    used 9842K, capacity 10125K, committed 10316K, reserved 1048576K
}
Event: 9179.797 GC heap before
{Heap before GC invocations=426 (full 5):
 par new generation   total 38080K, used 37366K [0x00000000f0000000, 0x00000000f2950000, 0x00000000f5550000)
  eden space 33856K, 100% used [0x00000000f0000000, 0x00000000f2110000, 0x00000000f2110000)
  from space 4224K,  83% used [0x00000000f2110000, 0x00000000f247dab8, 0x00000000f2530000)
  to   space 4224K,   0% used [0x00000000f2530000, 0x00000000f2530000, 0x00000000f2950000)
 concurrent mark-sweep generation total 93696K, used 58358K [0x00000000f5550000, 0x00000000fb0d0000, 0x0000000100000000)
 Metaspace       used 87462K, capacity 88892K, committed 89644K, reserved 1128448K
  class space    used 9842K, capacity 10125K, committed 10316K, reserved 1048576K
Event: 9179.804 GC heap after
Heap after GC invocations=427 (full 5):
 par new generation   total 38080K, used 4052K [0x00000000f0000000, 0x00000000f2950000, 0x00000000f5550000)
  eden space 33856K,   0% used [0x00000000f0000000, 0x00000000f0000000, 0x00000000f2110000)
  from space 4224K,  95% used [0x00000000f2530000, 0x00000000f2925050, 0x00000000f2950000)
  to   space 4224K,   0% used [0x00000000f2110000, 0x00000000f2110000, 0x00000000f2530000)
 concurrent mark-sweep generation total 93696K, used 58393K [0x00000000f5550000, 0x00000000fb0d0000, 0x0000000100000000)
 Metaspace       used 87462K, capacity 88892K, committed 89644K, reserved 1128448K
  class space    used 9842K, capacity 10125K, committed 10316K, reserved 1048576K
}
Event: 9221.200 GC heap before
{Heap before GC invocations=427 (full 5):
 par new generation   total 38080K, used 37907K [0x00000000f0000000, 0x00000000f2950000, 0x00000000f5550000)
  eden space 33856K,  99% used [0x00000000f0000000, 0x00000000f210fe00, 0x00000000f2110000)
  from space 4224K,  95% used [0x00000000f2530000, 0x00000000f2925050, 0x00000000f2950000)
  to   space 4224K,   0% used [0x00000000f2110000, 0x00000000f2110000, 0x00000000f2530000)
 concurrent mark-sweep generation total 93696K, used 58393K [0x00000000f5550000, 0x00000000fb0d0000, 0x0000000100000000)
 Metaspace       used 87465K, capacity 88892K, committed 89644K, reserved 1128448K
  class space    used 9842K, capacity 10125K, committed 10316K, reserved 1048576K
Event: 9221.210 GC heap after
Heap after GC invocations=428 (full 5):
 par new generation   total 38080K, used 4224K [0x00000000f0000000, 0x00000000f2950000, 0x00000000f5550000)
  eden space 33856K,   0% used [0x00000000f0000000, 0x00000000f0000000, 0x00000000f2110000)
  from space 4224K, 100% used [0x00000000f2110000, 0x00000000f2530000, 0x00000000f2530000)
  to   space 4224K,   0% used [0x00000000f2530000, 0x00000000f2530000, 0x00000000f2950000)
 concurrent mark-sweep generation total 93696K, used 59047K [0x00000000f5550000, 0x00000000fb0d0000, 0x0000000100000000)
 Metaspace       used 87465K, capacity 88892K, committed 89644K, reserved 1128448K
  class space    used 9842K, capacity 10125K, committed 10316K, reserved 1048576K
}
Event: 9262.737 GC heap before
{Heap before GC invocations=428 (full 5):
 par new generation   total 38080K, used 38080K [0x00000000f0000000, 0x00000000f2950000, 0x00000000f5550000)
  eden space 33856K, 100% used [0x00000000f0000000, 0x00000000f2110000, 0x00000000f2110000)
  from space 4224K, 100% used [0x00000000f2110000, 0x00000000f2530000, 0x00000000f2530000)
  to   space 4224K,   0% used [0x00000000f2530000, 0x00000000f2530000, 0x00000000f2950000)
 concurrent mark-sweep generation total 93696K, used 59047K [0x00000000f5550000, 0x00000000fb0d0000, 0x0000000100000000)
 Metaspace       used 87469K, capacity 88892K, committed 89644K, reserved 1128448K
  class space    used 9843K, capacity 10125K, committed 10316K, reserved 1048576K
Event: 9262.745 GC heap after
Heap after GC invocations=429 (full 5):
 par new generation   total 38080K, used 4224K [0x00000000f0000000, 0x00000000f2950000, 0x00000000f5550000)
  eden space 33856K,   0% used [0x00000000f0000000, 0x00000000f0000000, 0x00000000f2110000)
  from space 4224K, 100% used [0x00000000f2530000, 0x00000000f2950000, 0x00000000f2950000)
  to   space 4224K,   0% used [0x00000000f2110000, 0x00000000f2110000, 0x00000000f2530000)
 concurrent mark-sweep generation total 93696K, used 59233K [0x00000000f5550000, 0x00000000fb0d0000, 0x0000000100000000)
 Metaspace       used 87469K, capacity 88892K, committed 89644K, reserved 1128448K
  class space    used 9843K, capacity 10125K, committed 10316K, reserved 1048576K
}

