# JRE version: OpenJDK Runtime Environment (8.0_144-b01) (build 1.8.0_144-b01)
# Java VM: OpenJDK 64-Bit Server VM (25.144-b01 mixed mode linux-amd64 compressed oops)
Heap:
 par new generation   total 38080K, used 11015K [0x00000000f0000000, 0x00000000f2950000, 0x00000000f5550000)
  eden space 33856K,  21% used [0x00000000f0000000, 0x00000000f073fca8, 0x00000000f2110000)
  from space 4224K,  85% used [0x00000000f2110000, 0x00000000f2491fc0, 0x00000000f2530000)
  to   space 4224K,   0% used [0x00000000f2530000, 0x00000000f2530000, 0x00000000f2950000)
 concurrent mark-sweep generation total 84672K, used 59373K [0x00000000f5550000, 0x00000000fa800000, 0x0000000100000000)
 Metaspace       used 87772K, capacity 89203K, committed 89920K, reserved 1128448K
  class space    used 9862K, capacity 10133K, committed 10312K, reserved 1048576K
GC Heap History (10 events):
Event: 5519.641 GC heap before
{Heap before GC invocations=317 (full 4):
 par new generation   total 38080K, used 37599K [0x00000000f0000000, 0x00000000f2950000, 0x00000000f5550000)
  eden space 33856K, 100% used [0x00000000f0000000, 0x00000000f2110000, 0x00000000f2110000)
  from space 4224K,  88% used [0x00000000f2530000, 0x00000000f28d7e40, 0x00000000f2950000)
  to   space 4224K,   0% used [0x00000000f2110000, 0x00000000f2110000, 0x00000000f2530000)
 concurrent mark-sweep generation total 84672K, used 59093K [0x00000000f5550000, 0x00000000fa800000, 0x0000000100000000)
 Metaspace       used 87768K, capacity 89203K, committed 89920K, reserved 1128448K
  class space    used 9861K, capacity 10133K, committed 10312K, reserved 1048576K
Event: 5519.649 GC heap after
Heap after GC invocations=318 (full 4):
 par new generation   total 38080K, used 3885K [0x00000000f0000000, 0x00000000f2950000, 0x00000000f5550000)
  eden space 33856K,   0% used [0x00000000f0000000, 0x00000000f0000000, 0x00000000f2110000)
  from space 4224K,  91% used [0x00000000f2110000, 0x00000000f24db7e0, 0x00000000f2530000)
  to   space 4224K,   0% used [0x00000000f2530000, 0x00000000f2530000, 0x00000000f2950000)
 concurrent mark-sweep generation total 84672K, used 59110K [0x00000000f5550000, 0x00000000fa800000, 0x0000000100000000)
 Metaspace       used 87768K, capacity 89203K, committed 89920K, reserved 1128448K
  class space    used 9861K, capacity 10133K, committed 10312K, reserved 1048576K
}
Event: 5545.962 GC heap before
{Heap before GC invocations=318 (full 4):
 par new generation   total 38080K, used 37741K [0x00000000f0000000, 0x00000000f2950000, 0x00000000f5550000)
  eden space 33856K, 100% used [0x00000000f0000000, 0x00000000f2110000, 0x00000000f2110000)
  from space 4224K,  91% used [0x00000000f2110000, 0x00000000f24db7e0, 0x00000000f2530000)
  to   space 4224K,   0% used [0x00000000f2530000, 0x00000000f2530000, 0x00000000f2950000)
 concurrent mark-sweep generation total 84672K, used 59110K [0x00000000f5550000, 0x00000000fa800000, 0x0000000100000000)
 Metaspace       used 87768K, capacity 89203K, committed 89920K, reserved 1128448K
  class space    used 9861K, capacity 10133K, committed 10312K, reserved 1048576K
Event: 5545.967 GC heap after
Heap after GC invocations=319 (full 4):
 par new generation   total 38080K, used 2424K [0x00000000f0000000, 0x00000000f2950000, 0x00000000f5550000)
  eden space 33856K,   0% used [0x00000000f0000000, 0x00000000f0000000, 0x00000000f2110000)
  from space 4224K,  57% used [0x00000000f2530000, 0x00000000f278e0e8, 0x00000000f2950000)
  to   space 4224K,   0% used [0x00000000f2110000, 0x00000000f2110000, 0x00000000f2530000)
 concurrent mark-sweep generation total 84672K, used 59234K [0x00000000f5550000, 0x00000000fa800000, 0x0000000100000000)
 Metaspace       used 87768K, capacity 89203K, committed 89920K, reserved 1128448K
  class space    used 9861K, capacity 10133K, committed 10312K, reserved 1048576K
}
Event: 5568.449 GC heap before
{Heap before GC invocations=319 (full 4):
 par new generation   total 38080K, used 36280K [0x00000000f0000000, 0x00000000f2950000, 0x00000000f5550000)
  eden space 33856K, 100% used [0x00000000f0000000, 0x00000000f2110000, 0x00000000f2110000)
  from space 4224K,  57% used [0x00000000f2530000, 0x00000000f278e0e8, 0x00000000f2950000)
  to   space 4224K,   0% used [0x00000000f2110000, 0x00000000f2110000, 0x00000000f2530000)
 concurrent mark-sweep generation total 84672K, used 59234K [0x00000000f5550000, 0x00000000fa800000, 0x0000000100000000)
 Metaspace       used 87769K, capacity 89203K, committed 89920K, reserved 1128448K
  class space    used 9861K, capacity 10133K, committed 10312K, reserved 1048576K
Event: 5568.453 GC heap after
Heap after GC invocations=320 (full 4):
 par new generation   total 38080K, used 2289K [0x00000000f0000000, 0x00000000f2950000, 0x00000000f5550000)
  eden space 33856K,   0% used [0x00000000f0000000, 0x00000000f0000000, 0x00000000f2110000)
  from space 4224K,  54% used [0x00000000f2110000, 0x00000000f234c520, 0x00000000f2530000)
  to   space 4224K,   0% used [0x00000000f2530000, 0x00000000f2530000, 0x00000000f2950000)
 concurrent mark-sweep generation total 84672K, used 59241K [0x00000000f5550000, 0x00000000fa800000, 0x0000000100000000)
 Metaspace       used 87769K, capacity 89203K, committed 89920K, reserved 1128448K
  class space    used 9861K, capacity 10133K, committed 10312K, reserved 1048576K
}
Event: 5625.920 GC heap before
{Heap before GC invocations=320 (full 4):
 par new generation   total 38080K, used 36145K [0x00000000f0000000, 0x00000000f2950000, 0x00000000f5550000)
  eden space 33856K, 100% used [0x00000000f0000000, 0x00000000f2110000, 0x00000000f2110000)
  from space 4224K,  54% used [0x00000000f2110000, 0x00000000f234c520, 0x00000000f2530000)
  to   space 4224K,   0% used [0x00000000f2530000, 0x00000000f2530000, 0x00000000f2950000)
 concurrent mark-sweep generation total 84672K, used 59241K [0x00000000f5550000, 0x00000000fa800000, 0x0000000100000000)
 Metaspace       used 87772K, capacity 89203K, committed 89920K, reserved 1128448K
  class space    used 9862K, capacity 10133K, committed 10312K, reserved 1048576K
Event: 5625.926 GC heap after
Heap after GC invocations=321 (full 4):
 par new generation   total 38080K, used 3582K [0x00000000f0000000, 0x00000000f2950000, 0x00000000f5550000)
  eden space 33856K,   0% used [0x00000000f0000000, 0x00000000f0000000, 0x00000000f2110000)
  from space 4224K,  84% used [0x00000000f2530000, 0x00000000f28af8a0, 0x00000000f2950000)
  to   space 4224K,   0% used [0x00000000f2110000, 0x00000000f2110000, 0x00000000f2530000)
 concurrent mark-sweep generation total 84672K, used 59241K [0x00000000f5550000, 0x00000000fa800000, 0x0000000100000000)
 Metaspace       used 87772K, capacity 89203K, committed 89920K, reserved 1128448K
  class space    used 9862K, capacity 10133K, committed 10312K, reserved 1048576K
}
Event: 5702.620 GC heap before
{Heap before GC invocations=321 (full 4):
 par new generation   total 38080K, used 37438K [0x00000000f0000000, 0x00000000f2950000, 0x00000000f5550000)
  eden space 33856K, 100% used [0x00000000f0000000, 0x00000000f2110000, 0x00000000f2110000)
  from space 4224K,  84% used [0x00000000f2530000, 0x00000000f28af8a0, 0x00000000f2950000)
  to   space 4224K,   0% used [0x00000000f2110000, 0x00000000f2110000, 0x00000000f2530000)
 concurrent mark-sweep generation total 84672K, used 59241K [0x00000000f5550000, 0x00000000fa800000, 0x0000000100000000)
 Metaspace       used 87772K, capacity 89203K, committed 89920K, reserved 1128448K
  class space    used 9862K, capacity 10133K, committed 10312K, reserved 1048576K
Event: 5702.631 GC heap after
Heap after GC invocations=322 (full 4):
 par new generation   total 38080K, used 3591K [0x00000000f0000000, 0x00000000f2950000, 0x00000000f5550000)
  eden space 33856K,   0% used [0x00000000f0000000, 0x00000000f0000000, 0x00000000f2110000)
  from space 4224K,  85% used [0x00000000f2110000, 0x00000000f2491fc0, 0x00000000f2530000)
  to   space 4224K,   0% used [0x00000000f2530000, 0x00000000f2530000, 0x00000000f2950000)
 concurrent mark-sweep generation total 84672K, used 59373K [0x00000000f5550000, 0x00000000fa800000, 0x0000000100000000)
 Metaspace       used 87772K, capacity 89203K, committed 89920K, reserved 1128448K
  class space    used 9862K, capacity 10133K, committed 10312K, reserved 1048576K
}

