# JRE version: OpenJDK Runtime Environment (8.0_144-b01) (build 1.8.0_144-b01)
# Java VM: OpenJDK 64-Bit Server VM (25.144-b01 mixed mode linux-amd64 compressed oops)
Heap:
 par new generation   total 38080K, used 15824K [0x00000000f0000000, 0x00000000f2950000, 0x00000000f5550000)
  eden space 33856K,  40% used [0x00000000f0000000, 0x00000000f0d62d70, 0x00000000f2110000)
  from space 4224K,  50% used [0x00000000f2530000, 0x00000000f2741640, 0x00000000f2950000)
  to   space 4224K,   0% used [0x00000000f2110000, 0x00000000f2110000, 0x00000000f2530000)
 concurrent mark-sweep generation total 84672K, used 66107K [0x00000000f5550000, 0x00000000fa800000, 0x0000000100000000)
 Metaspace       used 85002K, capacity 86600K, committed 86724K, reserved 1126400K
  class space    used 9860K, capacity 10195K, committed 10236K, reserved 1048576K
GC Heap History (10 events):
Event: 919.720 GC heap before
{Heap before GC invocations=156 (full 3):
 par new generation   total 38080K, used 37949K [0x00000000f0000000, 0x00000000f2950000, 0x00000000f5550000)
  eden space 33856K, 100% used [0x00000000f0000000, 0x00000000f2110000, 0x00000000f2110000)
  from space 4224K,  96% used [0x00000000f2110000, 0x00000000f250f680, 0x00000000f2530000)
  to   space 4224K,   0% used [0x00000000f2530000, 0x00000000f2530000, 0x00000000f2950000)
 concurrent mark-sweep generation total 84672K, used 65273K [0x00000000f5550000, 0x00000000fa800000, 0x0000000100000000)
 Metaspace       used 84733K, capacity 86334K, committed 86468K, reserved 1126400K
  class space    used 9855K, capacity 10156K, committed 10236K, reserved 1048576K
Event: 919.727 GC heap after
Heap after GC invocations=157 (full 3):
 par new generation   total 38080K, used 2910K [0x00000000f0000000, 0x00000000f2950000, 0x00000000f5550000)
  eden space 33856K,   0% used [0x00000000f0000000, 0x00000000f0000000, 0x00000000f2110000)
  from space 4224K,  68% used [0x00000000f2530000, 0x00000000f2807a88, 0x00000000f2950000)
  to   space 4224K,   0% used [0x00000000f2110000, 0x00000000f2110000, 0x00000000f2530000)
 concurrent mark-sweep generation total 84672K, used 65347K [0x00000000f5550000, 0x00000000fa800000, 0x0000000100000000)
 Metaspace       used 84733K, capacity 86334K, committed 86468K, reserved 1126400K
  class space    used 9855K, capacity 10156K, committed 10236K, reserved 1048576K
}
Event: 959.931 GC heap before
{Heap before GC invocations=157 (full 3):
 par new generation   total 38080K, used 36755K [0x00000000f0000000, 0x00000000f2950000, 0x00000000f5550000)
  eden space 33856K,  99% used [0x00000000f0000000, 0x00000000f210d300, 0x00000000f2110000)
  from space 4224K,  68% used [0x00000000f2530000, 0x00000000f2807a88, 0x00000000f2950000)
  to   space 4224K,   0% used [0x00000000f2110000, 0x00000000f2110000, 0x00000000f2530000)
 concurrent mark-sweep generation total 84672K, used 65347K [0x00000000f5550000, 0x00000000fa800000, 0x0000000100000000)
 Metaspace       used 84822K, capacity 86358K, committed 86468K, reserved 1126400K
  class space    used 9858K, capacity 10160K, committed 10236K, reserved 1048576K
Event: 959.939 GC heap after
Heap after GC invocations=158 (full 3):
 par new generation   total 38080K, used 4081K [0x00000000f0000000, 0x00000000f2950000, 0x00000000f5550000)
  eden space 33856K,   0% used [0x00000000f0000000, 0x00000000f0000000, 0x00000000f2110000)
  from space 4224K,  96% used [0x00000000f2110000, 0x00000000f250c778, 0x00000000f2530000)
  to   space 4224K,   0% used [0x00000000f2530000, 0x00000000f2530000, 0x00000000f2950000)
 concurrent mark-sweep generation total 84672K, used 65416K [0x00000000f5550000, 0x00000000fa800000, 0x0000000100000000)
 Metaspace       used 84822K, capacity 86358K, committed 86468K, reserved 1126400K
  class space    used 9858K, capacity 10160K, committed 10236K, reserved 1048576K
}
Event: 967.626 GC heap before
{Heap before GC invocations=158 (full 3):
 par new generation   total 38080K, used 37925K [0x00000000f0000000, 0x00000000f2950000, 0x00000000f5550000)
  eden space 33856K,  99% used [0x00000000f0000000, 0x00000000f210ce28, 0x00000000f2110000)
  from space 4224K,  96% used [0x00000000f2110000, 0x00000000f250c778, 0x00000000f2530000)
  to   space 4224K,   0% used [0x00000000f2530000, 0x00000000f2530000, 0x00000000f2950000)
 concurrent mark-sweep generation total 84672K, used 65416K [0x00000000f5550000, 0x00000000fa800000, 0x0000000100000000)
 Metaspace       used 84850K, capacity 86428K, committed 86724K, reserved 1126400K
  class space    used 9858K, capacity 10161K, committed 10236K, reserved 1048576K
Event: 967.629 GC heap after
Heap after GC invocations=159 (full 3):
 par new generation   total 38080K, used 1025K [0x00000000f0000000, 0x00000000f2950000, 0x00000000f5550000)
  eden space 33856K,   0% used [0x00000000f0000000, 0x00000000f0000000, 0x00000000f2110000)
  from space 4224K,  24% used [0x00000000f2530000, 0x00000000f2630748, 0x00000000f2950000)
  to   space 4224K,   0% used [0x00000000f2110000, 0x00000000f2110000, 0x00000000f2530000)
 concurrent mark-sweep generation total 84672K, used 65849K [0x00000000f5550000, 0x00000000fa800000, 0x0000000100000000)
 Metaspace       used 84850K, capacity 86428K, committed 86724K, reserved 1126400K
  class space    used 9858K, capacity 10161K, committed 10236K, reserved 1048576K
}
Event: 1005.407 GC heap before
{Heap before GC invocations=159 (full 3):
 par new generation   total 38080K, used 34881K [0x00000000f0000000, 0x00000000f2950000, 0x00000000f5550000)
  eden space 33856K, 100% used [0x00000000f0000000, 0x00000000f2110000, 0x00000000f2110000)
  from space 4224K,  24% used [0x00000000f2530000, 0x00000000f2630748, 0x00000000f2950000)
  to   space 4224K,   0% used [0x00000000f2110000, 0x00000000f2110000, 0x00000000f2530000)
 concurrent mark-sweep generation total 84672K, used 65849K [0x00000000f5550000, 0x00000000fa800000, 0x0000000100000000)
 Metaspace       used 84930K, capacity 86492K, committed 86724K, reserved 1126400K
  class space    used 9858K, capacity 10161K, committed 10236K, reserved 1048576K
Event: 1005.418 GC heap after
Heap after GC invocations=160 (full 3):
 par new generation   total 38080K, used 4086K [0x00000000f0000000, 0x00000000f2950000, 0x00000000f5550000)
  eden space 33856K,   0% used [0x00000000f0000000, 0x00000000f0000000, 0x00000000f2110000)
  from space 4224K,  96% used [0x00000000f2110000, 0x00000000f250d8c0, 0x00000000f2530000)
  to   space 4224K,   0% used [0x00000000f2530000, 0x00000000f2530000, 0x00000000f2950000)
 concurrent mark-sweep generation total 84672K, used 65849K [0x00000000f5550000, 0x00000000fa800000, 0x0000000100000000)
 Metaspace       used 84930K, capacity 86492K, committed 86724K, reserved 1126400K
  class space    used 9858K, capacity 10161K, committed 10236K, reserved 1048576K
}
Event: 1022.955 GC heap before
{Heap before GC invocations=160 (full 3):
 par new generation   total 38080K, used 37942K [0x00000000f0000000, 0x00000000f2950000, 0x00000000f5550000)
  eden space 33856K, 100% used [0x00000000f0000000, 0x00000000f2110000, 0x00000000f2110000)
  from space 4224K,  96% used [0x00000000f2110000, 0x00000000f250d8c0, 0x00000000f2530000)
  to   space 4224K,   0% used [0x00000000f2530000, 0x00000000f2530000, 0x00000000f2950000)
 concurrent mark-sweep generation total 84672K, used 65849K [0x00000000f5550000, 0x00000000fa800000, 0x0000000100000000)
 Metaspace       used 84991K, capacity 86568K, committed 86724K, reserved 1126400K
  class space    used 9859K, capacity 10163K, committed 10236K, reserved 1048576K
Event: 1022.960 GC heap after
Heap after GC invocations=161 (full 3):
 par new generation   total 38080K, used 2117K [0x00000000f0000000, 0x00000000f2950000, 0x00000000f5550000)
  eden space 33856K,   0% used [0x00000000f0000000, 0x00000000f0000000, 0x00000000f2110000)
  from space 4224K,  50% used [0x00000000f2530000, 0x00000000f2741640, 0x00000000f2950000)
  to   space 4224K,   0% used [0x00000000f2110000, 0x00000000f2110000, 0x00000000f2530000)
 concurrent mark-sweep generation total 84672K, used 66107K [0x00000000f5550000, 0x00000000fa800000, 0x0000000100000000)
 Metaspace       used 84991K, capacity 86568K, committed 86724K, reserved 1126400K
  class space    used 9859K, capacity 10163K, committed 10236K, reserved 1048576K
}

