# JRE version: OpenJDK Runtime Environment (8.0_144-b01) (build 1.8.0_144-b01)
# Java VM: OpenJDK 64-Bit Server VM (25.144-b01 mixed mode linux-amd64 compressed oops)
Heap:
 par new generation   total 38080K, used 23869K [0x00000000f0000000, 0x00000000f2950000, 0x00000000f5550000)
  eden space 33856K,  58% used [0x00000000f0000000, 0x00000000f132f4a0, 0x00000000f2110000)
  from space 4224K, 100% used [0x00000000f2110000, 0x00000000f2530000, 0x00000000f2530000)
  to   space 4224K,   0% used [0x00000000f2530000, 0x00000000f2530000, 0x00000000f2950000)
 concurrent mark-sweep generation total 109056K, used 66493K [0x00000000f5550000, 0x00000000fbfd0000, 0x0000000100000000)
 Metaspace       used 88863K, capacity 90200K, committed 90648K, reserved 1130496K
  class space    used 9893K, capacity 10162K, committed 10296K, reserved 1048576K
GC Heap History (10 events):
Event: 39190.611 GC heap before
{Heap before GC invocations=973 (full 6):
 par new generation   total 38080K, used 38080K [0x00000000f0000000, 0x00000000f2950000, 0x00000000f5550000)
  eden space 33856K, 100% used [0x00000000f0000000, 0x00000000f2110000, 0x00000000f2110000)
  from space 4224K, 100% used [0x00000000f2530000, 0x00000000f2950000, 0x00000000f2950000)
  to   space 4224K,   0% used [0x00000000f2110000, 0x00000000f2110000, 0x00000000f2530000)
 concurrent mark-sweep generation total 109056K, used 65624K [0x00000000f5550000, 0x00000000fbfd0000, 0x0000000100000000)
 Metaspace       used 88855K, capacity 90200K, committed 90648K, reserved 1130496K
  class space    used 9892K, capacity 10162K, committed 10296K, reserved 1048576K
Event: 39190.618 GC heap after
Heap after GC invocations=974 (full 6):
 par new generation   total 38080K, used 3791K [0x00000000f0000000, 0x00000000f2950000, 0x00000000f5550000)
  eden space 33856K,   0% used [0x00000000f0000000, 0x00000000f0000000, 0x00000000f2110000)
  from space 4224K,  89% used [0x00000000f2110000, 0x00000000f24c3cb0, 0x00000000f2530000)
  to   space 4224K,   0% used [0x00000000f2530000, 0x00000000f2530000, 0x00000000f2950000)
 concurrent mark-sweep generation total 109056K, used 65663K [0x00000000f5550000, 0x00000000fbfd0000, 0x0000000100000000)
 Metaspace       used 88855K, capacity 90200K, committed 90648K, reserved 1130496K
  class space    used 9892K, capacity 10162K, committed 10296K, reserved 1048576K
}
Event: 39255.047 GC heap before
{Heap before GC invocations=974 (full 6):
 par new generation   total 38080K, used 37647K [0x00000000f0000000, 0x00000000f2950000, 0x00000000f5550000)
  eden space 33856K, 100% used [0x00000000f0000000, 0x00000000f2110000, 0x00000000f2110000)
  from space 4224K,  89% used [0x00000000f2110000, 0x00000000f24c3cb0, 0x00000000f2530000)
  to   space 4224K,   0% used [0x00000000f2530000, 0x00000000f2530000, 0x00000000f2950000)
 concurrent mark-sweep generation total 109056K, used 65663K [0x00000000f5550000, 0x00000000fbfd0000, 0x0000000100000000)
 Metaspace       used 88855K, capacity 90200K, committed 90648K, reserved 1130496K
  class space    used 9892K, capacity 10162K, committed 10296K, reserved 1048576K
Event: 39255.054 GC heap after
Heap after GC invocations=975 (full 6):
 par new generation   total 38080K, used 3984K [0x00000000f0000000, 0x00000000f2950000, 0x00000000f5550000)
  eden space 33856K,   0% used [0x00000000f0000000, 0x00000000f0000000, 0x00000000f2110000)
  from space 4224K,  94% used [0x00000000f2530000, 0x00000000f2914210, 0x00000000f2950000)
  to   space 4224K,   0% used [0x00000000f2110000, 0x00000000f2110000, 0x00000000f2530000)
 concurrent mark-sweep generation total 109056K, used 65743K [0x00000000f5550000, 0x00000000fbfd0000, 0x0000000100000000)
 Metaspace       used 88855K, capacity 90200K, committed 90648K, reserved 1130496K
  class space    used 9892K, capacity 10162K, committed 10296K, reserved 1048576K
}
Event: 39313.866 GC heap before
{Heap before GC invocations=975 (full 6):
 par new generation   total 38080K, used 37840K [0x00000000f0000000, 0x00000000f2950000, 0x00000000f5550000)
  eden space 33856K, 100% used [0x00000000f0000000, 0x00000000f2110000, 0x00000000f2110000)
  from space 4224K,  94% used [0x00000000f2530000, 0x00000000f2914210, 0x00000000f2950000)
  to   space 4224K,   0% used [0x00000000f2110000, 0x00000000f2110000, 0x00000000f2530000)
 concurrent mark-sweep generation total 109056K, used 65743K [0x00000000f5550000, 0x00000000fbfd0000, 0x0000000100000000)
 Metaspace       used 88856K, capacity 90200K, committed 90648K, reserved 1130496K
  class space    used 9893K, capacity 10162K, committed 10296K, reserved 1048576K
Event: 39313.874 GC heap after
Heap after GC invocations=976 (full 6):
 par new generation   total 38080K, used 4224K [0x00000000f0000000, 0x00000000f2950000, 0x00000000f5550000)
  eden space 33856K,   0% used [0x00000000f0000000, 0x00000000f0000000, 0x00000000f2110000)
  from space 4224K, 100% used [0x00000000f2110000, 0x00000000f2530000, 0x00000000f2530000)
  to   space 4224K,   0% used [0x00000000f2530000, 0x00000000f2530000, 0x00000000f2950000)
 concurrent mark-sweep generation total 109056K, used 65983K [0x00000000f5550000, 0x00000000fbfd0000, 0x0000000100000000)
 Metaspace       used 88856K, capacity 90200K, committed 90648K, reserved 1130496K
  class space    used 9893K, capacity 10162K, committed 10296K, reserved 1048576K
}
Event: 39379.921 GC heap before
{Heap before GC invocations=976 (full 6):
 par new generation   total 38080K, used 38080K [0x00000000f0000000, 0x00000000f2950000, 0x00000000f5550000)
  eden space 33856K, 100% used [0x00000000f0000000, 0x00000000f2110000, 0x00000000f2110000)
  from space 4224K, 100% used [0x00000000f2110000, 0x00000000f2530000, 0x00000000f2530000)
  to   space 4224K,   0% used [0x00000000f2530000, 0x00000000f2530000, 0x00000000f2950000)
 concurrent mark-sweep generation total 109056K, used 65983K [0x00000000f5550000, 0x00000000fbfd0000, 0x0000000100000000)
 Metaspace       used 88856K, capacity 90200K, committed 90648K, reserved 1130496K
  class space    used 9893K, capacity 10162K, committed 10296K, reserved 1048576K
Event: 39379.928 GC heap after
Heap after GC invocations=977 (full 6):
 par new generation   total 38080K, used 3976K [0x00000000f0000000, 0x00000000f2950000, 0x00000000f5550000)
  eden space 33856K,   0% used [0x00000000f0000000, 0x00000000f0000000, 0x00000000f2110000)
  from space 4224K,  94% used [0x00000000f2530000, 0x00000000f29122a0, 0x00000000f2950000)
  to   space 4224K,   0% used [0x00000000f2110000, 0x00000000f2110000, 0x00000000f2530000)
 concurrent mark-sweep generation total 109056K, used 66043K [0x00000000f5550000, 0x00000000fbfd0000, 0x0000000100000000)
 Metaspace       used 88856K, capacity 90200K, committed 90648K, reserved 1130496K
  class space    used 9893K, capacity 10162K, committed 10296K, reserved 1048576K
}
Event: 39438.795 GC heap before
{Heap before GC invocations=977 (full 6):
 par new generation   total 38080K, used 37832K [0x00000000f0000000, 0x00000000f2950000, 0x00000000f5550000)
  eden space 33856K, 100% used [0x00000000f0000000, 0x00000000f2110000, 0x00000000f2110000)
  from space 4224K,  94% used [0x00000000f2530000, 0x00000000f29122a0, 0x00000000f2950000)
  to   space 4224K,   0% used [0x00000000f2110000, 0x00000000f2110000, 0x00000000f2530000)
 concurrent mark-sweep generation total 109056K, used 66043K [0x00000000f5550000, 0x00000000fbfd0000, 0x0000000100000000)
 Metaspace       used 88856K, capacity 90200K, committed 90648K, reserved 1130496K
  class space    used 9893K, capacity 10162K, committed 10296K, reserved 1048576K
Event: 39438.803 GC heap after
Heap after GC invocations=978 (full 6):
 par new generation   total 38080K, used 4224K [0x00000000f0000000, 0x00000000f2950000, 0x00000000f5550000)
  eden space 33856K,   0% used [0x00000000f0000000, 0x00000000f0000000, 0x00000000f2110000)
  from space 4224K, 100% used [0x00000000f2110000, 0x00000000f2530000, 0x00000000f2530000)
  to   space 4224K,   0% used [0x00000000f2530000, 0x00000000f2530000, 0x00000000f2950000)
 concurrent mark-sweep generation total 109056K, used 66493K [0x00000000f5550000, 0x00000000fbfd0000, 0x0000000100000000)
 Metaspace       used 88856K, capacity 90200K, committed 90648K, reserved 1130496K
  class space    used 9893K, capacity 10162K, committed 10296K, reserved 1048576K
}

