# JRE version: OpenJDK Runtime Environment (8.0_144-b01) (build 1.8.0_144-b01)
# Java VM: OpenJDK 64-Bit Server VM (25.144-b01 mixed mode linux-amd64 compressed oops)
Heap:
 par new generation   total 38080K, used 10817K [0x00000000f0000000, 0x00000000f2950000, 0x00000000f5550000)
  eden space 33856K,  19% used [0x00000000f0000000, 0x00000000f0670648, 0x00000000f2110000)
  from space 4224K, 100% used [0x00000000f2110000, 0x00000000f2530000, 0x00000000f2530000)
  to   space 4224K,   0% used [0x00000000f2530000, 0x00000000f2530000, 0x00000000f2950000)
 concurrent mark-sweep generation total 84672K, used 75444K [0x00000000f5550000, 0x00000000fa800000, 0x0000000100000000)
 Metaspace       used 82376K, capacity 83552K, committed 83608K, reserved 1122304K
  class space    used 9661K, capacity 9902K, committed 9956K, reserved 1048576K
GC Heap History (10 events):
Event: 837.380 GC heap before
{Heap before GC invocations=143 (full 3):
 par new generation   total 38080K, used 37659K [0x00000000f0000000, 0x00000000f2950000, 0x00000000f5550000)
  eden space 33856K, 100% used [0x00000000f0000000, 0x00000000f2110000, 0x00000000f2110000)
  from space 4224K,  90% used [0x00000000f2530000, 0x00000000f28e6c18, 0x00000000f2950000)
  to   space 4224K,   0% used [0x00000000f2110000, 0x00000000f2110000, 0x00000000f2530000)
 concurrent mark-sweep generation total 84672K, used 71877K [0x00000000f5550000, 0x00000000fa800000, 0x0000000100000000)
 Metaspace       used 82297K, capacity 83488K, committed 83608K, reserved 1122304K
  class space    used 9661K, capacity 9902K, committed 9956K, reserved 1048576K
Event: 837.390 GC heap after
Heap after GC invocations=144 (full 3):
 par new generation   total 38080K, used 4224K [0x00000000f0000000, 0x00000000f2950000, 0x00000000f5550000)
  eden space 33856K,   0% used [0x00000000f0000000, 0x00000000f0000000, 0x00000000f2110000)
  from space 4224K, 100% used [0x00000000f2110000, 0x00000000f2530000, 0x00000000f2530000)
  to   space 4224K,   0% used [0x00000000f2530000, 0x00000000f2530000, 0x00000000f2950000)
 concurrent mark-sweep generation total 84672K, used 72643K [0x00000000f5550000, 0x00000000fa800000, 0x0000000100000000)
 Metaspace       used 82297K, capacity 83488K, committed 83608K, reserved 1122304K
  class space    used 9661K, capacity 9902K, committed 9956K, reserved 1048576K
}
Event: 871.702 GC heap before
{Heap before GC invocations=144 (full 3):
 par new generation   total 38080K, used 38080K [0x00000000f0000000, 0x00000000f2950000, 0x00000000f5550000)
  eden space 33856K, 100% used [0x00000000f0000000, 0x00000000f2110000, 0x00000000f2110000)
  from space 4224K, 100% used [0x00000000f2110000, 0x00000000f2530000, 0x00000000f2530000)
  to   space 4224K,   0% used [0x00000000f2530000, 0x00000000f2530000, 0x00000000f2950000)
 concurrent mark-sweep generation total 84672K, used 72643K [0x00000000f5550000, 0x00000000fa800000, 0x0000000100000000)
 Metaspace       used 82312K, capacity 83488K, committed 83608K, reserved 1122304K
  class space    used 9661K, capacity 9902K, committed 9956K, reserved 1048576K
Event: 871.712 GC heap after
Heap after GC invocations=145 (full 3):
 par new generation   total 38080K, used 4224K [0x00000000f0000000, 0x00000000f2950000, 0x00000000f5550000)
  eden space 33856K,   0% used [0x00000000f0000000, 0x00000000f0000000, 0x00000000f2110000)
  from space 4224K, 100% used [0x00000000f2530000, 0x00000000f2950000, 0x00000000f2950000)
  to   space 4224K,   0% used [0x00000000f2110000, 0x00000000f2110000, 0x00000000f2530000)
 concurrent mark-sweep generation total 84672K, used 73358K [0x00000000f5550000, 0x00000000fa800000, 0x0000000100000000)
 Metaspace       used 82312K, capacity 83488K, committed 83608K, reserved 1122304K
  class space    used 9661K, capacity 9902K, committed 9956K, reserved 1048576K
}
Event: 906.223 GC heap before
{Heap before GC invocations=145 (full 3):
 par new generation   total 38080K, used 38080K [0x00000000f0000000, 0x00000000f2950000, 0x00000000f5550000)
  eden space 33856K, 100% used [0x00000000f0000000, 0x00000000f2110000, 0x00000000f2110000)
  from space 4224K, 100% used [0x00000000f2530000, 0x00000000f2950000, 0x00000000f2950000)
  to   space 4224K,   0% used [0x00000000f2110000, 0x00000000f2110000, 0x00000000f2530000)
 concurrent mark-sweep generation total 84672K, used 73358K [0x00000000f5550000, 0x00000000fa800000, 0x0000000100000000)
 Metaspace       used 82352K, capacity 83552K, committed 83608K, reserved 1122304K
  class space    used 9661K, capacity 9902K, committed 9956K, reserved 1048576K
Event: 906.234 GC heap after
Heap after GC invocations=146 (full 3):
 par new generation   total 38080K, used 4224K [0x00000000f0000000, 0x00000000f2950000, 0x00000000f5550000)
  eden space 33856K,   0% used [0x00000000f0000000, 0x00000000f0000000, 0x00000000f2110000)
  from space 4224K, 100% used [0x00000000f2110000, 0x00000000f2530000, 0x00000000f2530000)
  to   space 4224K,   0% used [0x00000000f2530000, 0x00000000f2530000, 0x00000000f2950000)
 concurrent mark-sweep generation total 84672K, used 74060K [0x00000000f5550000, 0x00000000fa800000, 0x0000000100000000)
 Metaspace       used 82352K, capacity 83552K, committed 83608K, reserved 1122304K
  class space    used 9661K, capacity 9902K, committed 9956K, reserved 1048576K
}
Event: 940.574 GC heap before
{Heap before GC invocations=146 (full 3):
 par new generation   total 38080K, used 38080K [0x00000000f0000000, 0x00000000f2950000, 0x00000000f5550000)
  eden space 33856K, 100% used [0x00000000f0000000, 0x00000000f2110000, 0x00000000f2110000)
  from space 4224K, 100% used [0x00000000f2110000, 0x00000000f2530000, 0x00000000f2530000)
  to   space 4224K,   0% used [0x00000000f2530000, 0x00000000f2530000, 0x00000000f2950000)
 concurrent mark-sweep generation total 84672K, used 74060K [0x00000000f5550000, 0x00000000fa800000, 0x0000000100000000)
 Metaspace       used 82353K, capacity 83552K, committed 83608K, reserved 1122304K
  class space    used 9661K, capacity 9902K, committed 9956K, reserved 1048576K
Event: 940.586 GC heap after
Heap after GC invocations=147 (full 3):
 par new generation   total 38080K, used 4223K [0x00000000f0000000, 0x00000000f2950000, 0x00000000f5550000)
  eden space 33856K,   0% used [0x00000000f0000000, 0x00000000f0000000, 0x00000000f2110000)
  from space 4224K,  99% used [0x00000000f2530000, 0x00000000f294fff8, 0x00000000f2950000)
  to   space 4224K,   0% used [0x00000000f2110000, 0x00000000f2110000, 0x00000000f2530000)
 concurrent mark-sweep generation total 84672K, used 74859K [0x00000000f5550000, 0x00000000fa800000, 0x0000000100000000)
 Metaspace       used 82353K, capacity 83552K, committed 83608K, reserved 1122304K
  class space    used 9661K, capacity 9902K, committed 9956K, reserved 1048576K
}
Event: 975.340 GC heap before
{Heap before GC invocations=147 (full 3):
 par new generation   total 38080K, used 38079K [0x00000000f0000000, 0x00000000f2950000, 0x00000000f5550000)
  eden space 33856K, 100% used [0x00000000f0000000, 0x00000000f2110000, 0x00000000f2110000)
  from space 4224K,  99% used [0x00000000f2530000, 0x00000000f294fff8, 0x00000000f2950000)
  to   space 4224K,   0% used [0x00000000f2110000, 0x00000000f2110000, 0x00000000f2530000)
 concurrent mark-sweep generation total 84672K, used 74859K [0x00000000f5550000, 0x00000000fa800000, 0x0000000100000000)
 Metaspace       used 82374K, capacity 83552K, committed 83608K, reserved 1122304K
  class space    used 9661K, capacity 9902K, committed 9956K, reserved 1048576K
Event: 975.350 GC heap after
Heap after GC invocations=148 (full 3):
 par new generation   total 38080K, used 4224K [0x00000000f0000000, 0x00000000f2950000, 0x00000000f5550000)
  eden space 33856K,   0% used [0x00000000f0000000, 0x00000000f0000000, 0x00000000f2110000)
  from space 4224K, 100% used [0x00000000f2110000, 0x00000000f2530000, 0x00000000f2530000)
  to   space 4224K,   0% used [0x00000000f2530000, 0x00000000f2530000, 0x00000000f2950000)
 concurrent mark-sweep generation total 84672K, used 75444K [0x00000000f5550000, 0x00000000fa800000, 0x0000000100000000)
 Metaspace       used 82374K, capacity 83552K, committed 83608K, reserved 1122304K
  class space    used 9661K, capacity 9902K, committed 9956K, reserved 1048576K
}

