# JRE version: OpenJDK Runtime Environment (8.0_144-b01) (build 1.8.0_144-b01)
# Java VM: OpenJDK 64-Bit Server VM (25.144-b01 mixed mode linux-amd64 compressed oops)
Heap:
 par new generation   total 38080K, used 23911K [0x00000000f0000000, 0x00000000f2950000, 0x00000000f5550000)
  eden space 33856K,  58% used [0x00000000f0000000, 0x00000000f1339ce8, 0x00000000f2110000)
  from space 4224K, 100% used [0x00000000f2110000, 0x00000000f2530000, 0x00000000f2530000)
  to   space 4224K,   0% used [0x00000000f2530000, 0x00000000f2530000, 0x00000000f2950000)
 concurrent mark-sweep generation total 101760K, used 70727K [0x00000000f5550000, 0x00000000fb8b0000, 0x0000000100000000)
 Metaspace       used 88400K, capacity 89780K, committed 90436K, reserved 1130496K
  class space    used 9874K, capacity 10169K, committed 10364K, reserved 1048576K
GC Heap History (10 events):
Event: 31425.364 GC heap before
{Heap before GC invocations=865 (full 8):
 par new generation   total 38080K, used 38080K [0x00000000f0000000, 0x00000000f2950000, 0x00000000f5550000)
  eden space 33856K, 100% used [0x00000000f0000000, 0x00000000f2110000, 0x00000000f2110000)
  from space 4224K, 100% used [0x00000000f2530000, 0x00000000f2950000, 0x00000000f2950000)
  to   space 4224K,   0% used [0x00000000f2110000, 0x00000000f2110000, 0x00000000f2530000)
 concurrent mark-sweep generation total 101760K, used 70063K [0x00000000f5550000, 0x00000000fb8b0000, 0x0000000100000000)
 Metaspace       used 88395K, capacity 89780K, committed 90436K, reserved 1130496K
  class space    used 9874K, capacity 10169K, committed 10364K, reserved 1048576K
Event: 31425.373 GC heap after
Heap after GC invocations=866 (full 8):
 par new generation   total 38080K, used 4223K [0x00000000f0000000, 0x00000000f2950000, 0x00000000f5550000)
  eden space 33856K,   0% used [0x00000000f0000000, 0x00000000f0000000, 0x00000000f2110000)
  from space 4224K,  99% used [0x00000000f2110000, 0x00000000f252fff8, 0x00000000f2530000)
  to   space 4224K,   0% used [0x00000000f2530000, 0x00000000f2530000, 0x00000000f2950000)
 concurrent mark-sweep generation total 101760K, used 70160K [0x00000000f5550000, 0x00000000fb8b0000, 0x0000000100000000)
 Metaspace       used 88395K, capacity 89780K, committed 90436K, reserved 1130496K
  class space    used 9874K, capacity 10169K, committed 10364K, reserved 1048576K
}
Event: 31475.961 GC heap before
{Heap before GC invocations=866 (full 8):
 par new generation   total 38080K, used 38079K [0x00000000f0000000, 0x00000000f2950000, 0x00000000f5550000)
  eden space 33856K, 100% used [0x00000000f0000000, 0x00000000f2110000, 0x00000000f2110000)
  from space 4224K,  99% used [0x00000000f2110000, 0x00000000f252fff8, 0x00000000f2530000)
  to   space 4224K,   0% used [0x00000000f2530000, 0x00000000f2530000, 0x00000000f2950000)
 concurrent mark-sweep generation total 101760K, used 70160K [0x00000000f5550000, 0x00000000fb8b0000, 0x0000000100000000)
 Metaspace       used 88395K, capacity 89780K, committed 90436K, reserved 1130496K
  class space    used 9874K, capacity 10169K, committed 10364K, reserved 1048576K
Event: 31475.969 GC heap after
Heap after GC invocations=867 (full 8):
 par new generation   total 38080K, used 4224K [0x00000000f0000000, 0x00000000f2950000, 0x00000000f5550000)
  eden space 33856K,   0% used [0x00000000f0000000, 0x00000000f0000000, 0x00000000f2110000)
  from space 4224K, 100% used [0x00000000f2530000, 0x00000000f2950000, 0x00000000f2950000)
  to   space 4224K,   0% used [0x00000000f2110000, 0x00000000f2110000, 0x00000000f2530000)
 concurrent mark-sweep generation total 101760K, used 70197K [0x00000000f5550000, 0x00000000fb8b0000, 0x0000000100000000)
 Metaspace       used 88395K, capacity 89780K, committed 90436K, reserved 1130496K
  class space    used 9874K, capacity 10169K, committed 10364K, reserved 1048576K
}
Event: 31526.083 GC heap before
{Heap before GC invocations=867 (full 8):
 par new generation   total 38080K, used 38076K [0x00000000f0000000, 0x00000000f2950000, 0x00000000f5550000)
  eden space 33856K,  99% used [0x00000000f0000000, 0x00000000f210f350, 0x00000000f2110000)
  from space 4224K, 100% used [0x00000000f2530000, 0x00000000f2950000, 0x00000000f2950000)
  to   space 4224K,   0% used [0x00000000f2110000, 0x00000000f2110000, 0x00000000f2530000)
 concurrent mark-sweep generation total 101760K, used 70197K [0x00000000f5550000, 0x00000000fb8b0000, 0x0000000100000000)
 Metaspace       used 88396K, capacity 89780K, committed 90436K, reserved 1130496K
  class space    used 9874K, capacity 10169K, committed 10364K, reserved 1048576K
Event: 31526.090 GC heap after
Heap after GC invocations=868 (full 8):
 par new generation   total 38080K, used 4079K [0x00000000f0000000, 0x00000000f2950000, 0x00000000f5550000)
  eden space 33856K,   0% used [0x00000000f0000000, 0x00000000f0000000, 0x00000000f2110000)
  from space 4224K,  96% used [0x00000000f2110000, 0x00000000f250bdf8, 0x00000000f2530000)
  to   space 4224K,   0% used [0x00000000f2530000, 0x00000000f2530000, 0x00000000f2950000)
 concurrent mark-sweep generation total 101760K, used 70286K [0x00000000f5550000, 0x00000000fb8b0000, 0x0000000100000000)
 Metaspace       used 88396K, capacity 89780K, committed 90436K, reserved 1130496K
  class space    used 9874K, capacity 10169K, committed 10364K, reserved 1048576K
}
Event: 31565.249 GC heap before
{Heap before GC invocations=868 (full 8):
 par new generation   total 38080K, used 37935K [0x00000000f0000000, 0x00000000f2950000, 0x00000000f5550000)
  eden space 33856K, 100% used [0x00000000f0000000, 0x00000000f2110000, 0x00000000f2110000)
  from space 4224K,  96% used [0x00000000f2110000, 0x00000000f250bdf8, 0x00000000f2530000)
  to   space 4224K,   0% used [0x00000000f2530000, 0x00000000f2530000, 0x00000000f2950000)
 concurrent mark-sweep generation total 101760K, used 70286K [0x00000000f5550000, 0x00000000fb8b0000, 0x0000000100000000)
 Metaspace       used 88396K, capacity 89780K, committed 90436K, reserved 1130496K
  class space    used 9874K, capacity 10169K, committed 10364K, reserved 1048576K
Event: 31565.256 GC heap after
Heap after GC invocations=869 (full 8):
 par new generation   total 38080K, used 4224K [0x00000000f0000000, 0x00000000f2950000, 0x00000000f5550000)
  eden space 33856K,   0% used [0x00000000f0000000, 0x00000000f0000000, 0x00000000f2110000)
  from space 4224K, 100% used [0x00000000f2530000, 0x00000000f2950000, 0x00000000f2950000)
  to   space 4224K,   0% used [0x00000000f2110000, 0x00000000f2110000, 0x00000000f2530000)
 concurrent mark-sweep generation total 101760K, used 70469K [0x00000000f5550000, 0x00000000fb8b0000, 0x0000000100000000)
 Metaspace       used 88396K, capacity 89780K, committed 90436K, reserved 1130496K
  class space    used 9874K, capacity 10169K, committed 10364K, reserved 1048576K
}
Event: 31621.670 GC heap before
{Heap before GC invocations=869 (full 8):
 par new generation   total 38080K, used 38080K [0x00000000f0000000, 0x00000000f2950000, 0x00000000f5550000)
  eden space 33856K, 100% used [0x00000000f0000000, 0x00000000f2110000, 0x00000000f2110000)
  from space 4224K, 100% used [0x00000000f2530000, 0x00000000f2950000, 0x00000000f2950000)
  to   space 4224K,   0% used [0x00000000f2110000, 0x00000000f2110000, 0x00000000f2530000)
 concurrent mark-sweep generation total 101760K, used 70469K [0x00000000f5550000, 0x00000000fb8b0000, 0x0000000100000000)
 Metaspace       used 88396K, capacity 89780K, committed 90436K, reserved 1130496K
  class space    used 9874K, capacity 10169K, committed 10364K, reserved 1048576K
Event: 31621.677 GC heap after
Heap after GC invocations=870 (full 8):
 par new generation   total 38080K, used 4224K [0x00000000f0000000, 0x00000000f2950000, 0x00000000f5550000)
  eden space 33856K,   0% used [0x00000000f0000000, 0x00000000f0000000, 0x00000000f2110000)
  from space 4224K, 100% used [0x00000000f2110000, 0x00000000f2530000, 0x00000000f2530000)
  to   space 4224K,   0% used [0x00000000f2530000, 0x00000000f2530000, 0x00000000f2950000)
 concurrent mark-sweep generation total 101760K, used 70727K [0x00000000f5550000, 0x00000000fb8b0000, 0x0000000100000000)
 Metaspace       used 88396K, capacity 89780K, committed 90436K, reserved 1130496K
  class space    used 9874K, capacity 10169K, committed 10364K, reserved 1048576K
}

