# JRE version: OpenJDK Runtime Environment (8.0_144-b01) (build 1.8.0_144-b01)
# Java VM: OpenJDK 64-Bit Server VM (25.144-b01 mixed mode linux-amd64 compressed oops)
Heap:
 par new generation   total 38080K, used 20610K [0x00000000f0000000, 0x00000000f2950000, 0x00000000f5550000)
  eden space 33856K,  48% used [0x00000000f0000000, 0x00000000f100f438, 0x00000000f2110000)
  from space 4224K,  98% used [0x00000000f2530000, 0x00000000f2941590, 0x00000000f2950000)
  to   space 4224K,   0% used [0x00000000f2110000, 0x00000000f2110000, 0x00000000f2530000)
 concurrent mark-sweep generation total 90432K, used 75491K [0x00000000f5550000, 0x00000000fada0000, 0x0000000100000000)
 Metaspace       used 88561K, capacity 89872K, committed 90596K, reserved 1130496K
  class space    used 9837K, capacity 10133K, committed 10212K, reserved 1048576K
GC Heap History (10 events):
Event: 46966.051 GC heap before
{Heap before GC invocations=762 (full 4):
 par new generation   total 38080K, used 36444K [0x00000000f0000000, 0x00000000f2950000, 0x00000000f5550000)
  eden space 33856K, 100% used [0x00000000f0000000, 0x00000000f2110000, 0x00000000f2110000)
  from space 4224K,  61% used [0x00000000f2110000, 0x00000000f23972b0, 0x00000000f2530000)
  to   space 4224K,   0% used [0x00000000f2530000, 0x00000000f2530000, 0x00000000f2950000)
 concurrent mark-sweep generation total 90240K, used 75172K [0x00000000f5550000, 0x00000000fad70000, 0x0000000100000000)
 Metaspace       used 88560K, capacity 89872K, committed 90596K, reserved 1130496K
  class space    used 9836K, capacity 10133K, committed 10212K, reserved 1048576K
Event: 46966.067 GC heap after
Heap after GC invocations=763 (full 4):
 par new generation   total 38080K, used 3720K [0x00000000f0000000, 0x00000000f2950000, 0x00000000f5550000)
  eden space 33856K,   0% used [0x00000000f0000000, 0x00000000f0000000, 0x00000000f2110000)
  from space 4224K,  88% used [0x00000000f2530000, 0x00000000f28d20a0, 0x00000000f2950000)
  to   space 4224K,   0% used [0x00000000f2110000, 0x00000000f2110000, 0x00000000f2530000)
 concurrent mark-sweep generation total 90432K, used 75335K [0x00000000f5550000, 0x00000000fada0000, 0x0000000100000000)
 Metaspace       used 88560K, capacity 89872K, committed 90596K, reserved 1130496K
  class space    used 9836K, capacity 10133K, committed 10212K, reserved 1048576K
}
Event: 47143.399 GC heap before
{Heap before GC invocations=763 (full 4):
 par new generation   total 38080K, used 37576K [0x00000000f0000000, 0x00000000f2950000, 0x00000000f5550000)
  eden space 33856K, 100% used [0x00000000f0000000, 0x00000000f2110000, 0x00000000f2110000)
  from space 4224K,  88% used [0x00000000f2530000, 0x00000000f28d20a0, 0x00000000f2950000)
  to   space 4224K,   0% used [0x00000000f2110000, 0x00000000f2110000, 0x00000000f2530000)
 concurrent mark-sweep generation total 90432K, used 75335K [0x00000000f5550000, 0x00000000fada0000, 0x0000000100000000)
 Metaspace       used 88560K, capacity 89872K, committed 90596K, reserved 1130496K
  class space    used 9836K, capacity 10133K, committed 10212K, reserved 1048576K
Event: 47143.416 GC heap after
Heap after GC invocations=764 (full 4):
 par new generation   total 38080K, used 3942K [0x00000000f0000000, 0x00000000f2950000, 0x00000000f5550000)
  eden space 33856K,   0% used [0x00000000f0000000, 0x00000000f0000000, 0x00000000f2110000)
  from space 4224K,  93% used [0x00000000f2110000, 0x00000000f24e9998, 0x00000000f2530000)
  to   space 4224K,   0% used [0x00000000f2530000, 0x00000000f2530000, 0x00000000f2950000)
 concurrent mark-sweep generation total 90432K, used 75398K [0x00000000f5550000, 0x00000000fada0000, 0x0000000100000000)
 Metaspace       used 88560K, capacity 89872K, committed 90596K, reserved 1130496K
  class space    used 9836K, capacity 10133K, committed 10212K, reserved 1048576K
}
Event: 47298.150 GC heap before
{Heap before GC invocations=764 (full 4):
 par new generation   total 38080K, used 37798K [0x00000000f0000000, 0x00000000f2950000, 0x00000000f5550000)
  eden space 33856K, 100% used [0x00000000f0000000, 0x00000000f2110000, 0x00000000f2110000)
  from space 4224K,  93% used [0x00000000f2110000, 0x00000000f24e9998, 0x00000000f2530000)
  to   space 4224K,   0% used [0x00000000f2530000, 0x00000000f2530000, 0x00000000f2950000)
 concurrent mark-sweep generation total 90432K, used 75398K [0x00000000f5550000, 0x00000000fada0000, 0x0000000100000000)
 Metaspace       used 88560K, capacity 89872K, committed 90596K, reserved 1130496K
  class space    used 9836K, capacity 10133K, committed 10212K, reserved 1048576K
Event: 47298.160 GC heap after
Heap after GC invocations=765 (full 4):
 par new generation   total 38080K, used 4027K [0x00000000f0000000, 0x00000000f2950000, 0x00000000f5550000)
  eden space 33856K,   0% used [0x00000000f0000000, 0x00000000f0000000, 0x00000000f2110000)
  from space 4224K,  95% used [0x00000000f2530000, 0x00000000f291eca8, 0x00000000f2950000)
  to   space 4224K,   0% used [0x00000000f2110000, 0x00000000f2110000, 0x00000000f2530000)
 concurrent mark-sweep generation total 90432K, used 75423K [0x00000000f5550000, 0x00000000fada0000, 0x0000000100000000)
 Metaspace       used 88560K, capacity 89872K, committed 90596K, reserved 1130496K
  class space    used 9836K, capacity 10133K, committed 10212K, reserved 1048576K
}
Event: 47476.337 GC heap before
{Heap before GC invocations=765 (full 4):
 par new generation   total 38080K, used 37869K [0x00000000f0000000, 0x00000000f2950000, 0x00000000f5550000)
  eden space 33856K,  99% used [0x00000000f0000000, 0x00000000f210ca68, 0x00000000f2110000)
  from space 4224K,  95% used [0x00000000f2530000, 0x00000000f291eca8, 0x00000000f2950000)
  to   space 4224K,   0% used [0x00000000f2110000, 0x00000000f2110000, 0x00000000f2530000)
 concurrent mark-sweep generation total 90432K, used 75423K [0x00000000f5550000, 0x00000000fada0000, 0x0000000100000000)
 Metaspace       used 88560K, capacity 89872K, committed 90596K, reserved 1130496K
  class space    used 9836K, capacity 10133K, committed 10212K, reserved 1048576K
Event: 47476.348 GC heap after
Heap after GC invocations=766 (full 4):
 par new generation   total 38080K, used 3977K [0x00000000f0000000, 0x00000000f2950000, 0x00000000f5550000)
  eden space 33856K,   0% used [0x00000000f0000000, 0x00000000f0000000, 0x00000000f2110000)
  from space 4224K,  94% used [0x00000000f2110000, 0x00000000f24f27d0, 0x00000000f2530000)
  to   space 4224K,   0% used [0x00000000f2530000, 0x00000000f2530000, 0x00000000f2950000)
 concurrent mark-sweep generation total 90432K, used 75443K [0x00000000f5550000, 0x00000000fada0000, 0x0000000100000000)
 Metaspace       used 88560K, capacity 89872K, committed 90596K, reserved 1130496K
  class space    used 9836K, capacity 10133K, committed 10212K, reserved 1048576K
}
Event: 47632.005 GC heap before
{Heap before GC invocations=766 (full 4):
 par new generation   total 38080K, used 37833K [0x00000000f0000000, 0x00000000f2950000, 0x00000000f5550000)
  eden space 33856K, 100% used [0x00000000f0000000, 0x00000000f2110000, 0x00000000f2110000)
  from space 4224K,  94% used [0x00000000f2110000, 0x00000000f24f27d0, 0x00000000f2530000)
  to   space 4224K,   0% used [0x00000000f2530000, 0x00000000f2530000, 0x00000000f2950000)
 concurrent mark-sweep generation total 90432K, used 75443K [0x00000000f5550000, 0x00000000fada0000, 0x0000000100000000)
 Metaspace       used 88560K, capacity 89872K, committed 90596K, reserved 1130496K
  class space    used 9836K, capacity 10133K, committed 10212K, reserved 1048576K
Event: 47632.016 GC heap after
Heap after GC invocations=767 (full 4):
 par new generation   total 38080K, used 4165K [0x00000000f0000000, 0x00000000f2950000, 0x00000000f5550000)
  eden space 33856K,   0% used [0x00000000f0000000, 0x00000000f0000000, 0x00000000f2110000)
  from space 4224K,  98% used [0x00000000f2530000, 0x00000000f2941590, 0x00000000f2950000)
  to   space 4224K,   0% used [0x00000000f2110000, 0x00000000f2110000, 0x00000000f2530000)
 concurrent mark-sweep generation total 90432K, used 75491K [0x00000000f5550000, 0x00000000fada0000, 0x0000000100000000)
 Metaspace       used 88560K, capacity 89872K, committed 90596K, reserved 1130496K
  class space    used 9836K, capacity 10133K, committed 10212K, reserved 1048576K
}

