# JRE version: OpenJDK Runtime Environment (8.0_144-b01) (build 1.8.0_144-b01)
# Java VM: OpenJDK 64-Bit Server VM (25.144-b01 mixed mode linux-amd64 compressed oops)
Heap:
 par new generation   total 38080K, used 8309K [0x00000000f0000000, 0x00000000f2950000, 0x00000000f5550000)
  eden space 33856K,  12% used [0x00000000f0000000, 0x00000000f03fd628, 0x00000000f2110000)
  from space 4224K, 100% used [0x00000000f2530000, 0x00000000f2950000, 0x00000000f2950000)
  to   space 4224K,   0% used [0x00000000f2110000, 0x00000000f2110000, 0x00000000f2530000)
 concurrent mark-sweep generation total 92928K, used 46257K [0x00000000f5550000, 0x00000000fb010000, 0x0000000100000000)
 Metaspace       used 86811K, capacity 88140K, committed 88748K, reserved 1128448K
  class space    used 9800K, capacity 10034K, committed 10212K, reserved 1048576K
GC Heap History (10 events):
Event: 17053.685 GC heap before
{Heap before GC invocations=540 (full 7):
 par new generation   total 38080K, used 38073K [0x00000000f0000000, 0x00000000f2950000, 0x00000000f5550000)
  eden space 33856K,  99% used [0x00000000f0000000, 0x00000000f210e438, 0x00000000f2110000)
  from space 4224K, 100% used [0x00000000f2110000, 0x00000000f2530000, 0x00000000f2530000)
  to   space 4224K,   0% used [0x00000000f2530000, 0x00000000f2530000, 0x00000000f2950000)
 concurrent mark-sweep generation total 92928K, used 84497K [0x00000000f5550000, 0x00000000fb010000, 0x0000000100000000)
 Metaspace       used 86908K, capacity 88290K, committed 88748K, reserved 1128448K
  class space    used 9813K, capacity 10059K, committed 10212K, reserved 1048576K
Event: 17053.693 GC heap after
Heap after GC invocations=541 (full 7):
 par new generation   total 38080K, used 4188K [0x00000000f0000000, 0x00000000f2950000, 0x00000000f5550000)
  eden space 33856K,   0% used [0x00000000f0000000, 0x00000000f0000000, 0x00000000f2110000)
  from space 4224K,  99% used [0x00000000f2530000, 0x00000000f2947350, 0x00000000f2950000)
  to   space 4224K,   0% used [0x00000000f2110000, 0x00000000f2110000, 0x00000000f2530000)
 concurrent mark-sweep generation total 92928K, used 84532K [0x00000000f5550000, 0x00000000fb010000, 0x0000000100000000)
 Metaspace       used 86908K, capacity 88290K, committed 88748K, reserved 1128448K
  class space    used 9813K, capacity 10059K, committed 10212K, reserved 1048576K
}
Event: 17092.410 GC heap before
{Heap before GC invocations=541 (full 7):
 par new generation   total 38080K, used 38044K [0x00000000f0000000, 0x00000000f2950000, 0x00000000f5550000)
  eden space 33856K, 100% used [0x00000000f0000000, 0x00000000f2110000, 0x00000000f2110000)
  from space 4224K,  99% used [0x00000000f2530000, 0x00000000f2947350, 0x00000000f2950000)
  to   space 4224K,   0% used [0x00000000f2110000, 0x00000000f2110000, 0x00000000f2530000)
 concurrent mark-sweep generation total 92928K, used 84532K [0x00000000f5550000, 0x00000000fb010000, 0x0000000100000000)
 Metaspace       used 86908K, capacity 88290K, committed 88748K, reserved 1128448K
  class space    used 9813K, capacity 10059K, committed 10212K, reserved 1048576K
Event: 17092.420 GC heap after
Heap after GC invocations=542 (full 7):
 par new generation   total 38080K, used 4224K [0x00000000f0000000, 0x00000000f2950000, 0x00000000f5550000)
  eden space 33856K,   0% used [0x00000000f0000000, 0x00000000f0000000, 0x00000000f2110000)
  from space 4224K, 100% used [0x00000000f2110000, 0x00000000f2530000, 0x00000000f2530000)
  to   space 4224K,   0% used [0x00000000f2530000, 0x00000000f2530000, 0x00000000f2950000)
 concurrent mark-sweep generation total 92928K, used 84896K [0x00000000f5550000, 0x00000000fb010000, 0x0000000100000000)
 Metaspace       used 86908K, capacity 88290K, committed 88748K, reserved 1128448K
  class space    used 9813K, capacity 10059K, committed 10212K, reserved 1048576K
}
Event: 17154.660 GC heap before
{Heap before GC invocations=542 (full 7):
 par new generation   total 38080K, used 38080K [0x00000000f0000000, 0x00000000f2950000, 0x00000000f5550000)
  eden space 33856K, 100% used [0x00000000f0000000, 0x00000000f2110000, 0x00000000f2110000)
  from space 4224K, 100% used [0x00000000f2110000, 0x00000000f2530000, 0x00000000f2530000)
  to   space 4224K,   0% used [0x00000000f2530000, 0x00000000f2530000, 0x00000000f2950000)
 concurrent mark-sweep generation total 92928K, used 84896K [0x00000000f5550000, 0x00000000fb010000, 0x0000000100000000)
 Metaspace       used 86910K, capacity 88296K, committed 88748K, reserved 1128448K
  class space    used 9814K, capacity 10060K, committed 10212K, reserved 1048576K
Event: 17154.669 GC heap after
Heap after GC invocations=543 (full 7):
 par new generation   total 38080K, used 4223K [0x00000000f0000000, 0x00000000f2950000, 0x00000000f5550000)
  eden space 33856K,   0% used [0x00000000f0000000, 0x00000000f0000000, 0x00000000f2110000)
  from space 4224K,  99% used [0x00000000f2530000, 0x00000000f294fff8, 0x00000000f2950000)
  to   space 4224K,   0% used [0x00000000f2110000, 0x00000000f2110000, 0x00000000f2530000)
 concurrent mark-sweep generation total 92928K, used 85163K [0x00000000f5550000, 0x00000000fb010000, 0x0000000100000000)
 Metaspace       used 86910K, capacity 88296K, committed 88748K, reserved 1128448K
  class space    used 9814K, capacity 10060K, committed 10212K, reserved 1048576K
}
Event: 17207.761 GC heap before
{Heap before GC invocations=543 (full 7):
 par new generation   total 38080K, used 38079K [0x00000000f0000000, 0x00000000f2950000, 0x00000000f5550000)
  eden space 33856K, 100% used [0x00000000f0000000, 0x00000000f2110000, 0x00000000f2110000)
  from space 4224K,  99% used [0x00000000f2530000, 0x00000000f294fff8, 0x00000000f2950000)
  to   space 4224K,   0% used [0x00000000f2110000, 0x00000000f2110000, 0x00000000f2530000)
 concurrent mark-sweep generation total 92928K, used 85163K [0x00000000f5550000, 0x00000000fb010000, 0x0000000100000000)
 Metaspace       used 86910K, capacity 88296K, committed 88748K, reserved 1128448K
  class space    used 9814K, capacity 10060K, committed 10212K, reserved 1048576K
Event: 17207.771 GC heap after
Heap after GC invocations=544 (full 7):
 par new generation   total 38080K, used 4223K [0x00000000f0000000, 0x00000000f2950000, 0x00000000f5550000)
  eden space 33856K,   0% used [0x00000000f0000000, 0x00000000f0000000, 0x00000000f2110000)
  from space 4224K,  99% used [0x00000000f2110000, 0x00000000f252fff8, 0x00000000f2530000)
  to   space 4224K,   0% used [0x00000000f2530000, 0x00000000f2530000, 0x00000000f2950000)
 concurrent mark-sweep generation total 92928K, used 85656K [0x00000000f5550000, 0x00000000fb010000, 0x0000000100000000)
 Metaspace       used 86910K, capacity 88296K, committed 88748K, reserved 1128448K
  class space    used 9814K, capacity 10060K, committed 10212K, reserved 1048576K
}
Event: 17255.590 GC heap before
{Heap before GC invocations=544 (full 8):
 par new generation   total 38080K, used 38079K [0x00000000f0000000, 0x00000000f2950000, 0x00000000f5550000)
  eden space 33856K, 100% used [0x00000000f0000000, 0x00000000f2110000, 0x00000000f2110000)
  from space 4224K,  99% used [0x00000000f2110000, 0x00000000f252fff8, 0x00000000f2530000)
  to   space 4224K,   0% used [0x00000000f2530000, 0x00000000f2530000, 0x00000000f2950000)
 concurrent mark-sweep generation total 92928K, used 46090K [0x00000000f5550000, 0x00000000fb010000, 0x0000000100000000)
 Metaspace       used 86811K, capacity 88140K, committed 88748K, reserved 1128448K
  class space    used 9800K, capacity 10034K, committed 10212K, reserved 1048576K
Event: 17255.598 GC heap after
Heap after GC invocations=545 (full 8):
 par new generation   total 38080K, used 4224K [0x00000000f0000000, 0x00000000f2950000, 0x00000000f5550000)
  eden space 33856K,   0% used [0x00000000f0000000, 0x00000000f0000000, 0x00000000f2110000)
  from space 4224K, 100% used [0x00000000f2530000, 0x00000000f2950000, 0x00000000f2950000)
  to   space 4224K,   0% used [0x00000000f2110000, 0x00000000f2110000, 0x00000000f2530000)
 concurrent mark-sweep generation total 92928K, used 46257K [0x00000000f5550000, 0x00000000fb010000, 0x0000000100000000)
 Metaspace       used 86811K, capacity 88140K, committed 88748K, reserved 1128448K
  class space    used 9800K, capacity 10034K, committed 10212K, reserved 1048576K
}

