# JRE version: OpenJDK Runtime Environment (8.0_144-b01) (build 1.8.0_144-b01)
# Java VM: OpenJDK 64-Bit Server VM (25.144-b01 mixed mode linux-amd64 compressed oops)
Heap:
 par new generation   total 38080K, used 21771K [0x00000000f0000000, 0x00000000f2950000, 0x00000000f5550000)
  eden space 33856K,  51% used [0x00000000f0000000, 0x00000000f1122e48, 0x00000000f2110000)
  from space 4224K, 100% used [0x00000000f2110000, 0x00000000f2530000, 0x00000000f2530000)
  to   space 4224K,   0% used [0x00000000f2530000, 0x00000000f2530000, 0x00000000f2950000)
 concurrent mark-sweep generation total 95232K, used 65841K [0x00000000f5550000, 0x00000000fb250000, 0x0000000100000000)
 Metaspace       used 88394K, capacity 89758K, committed 90368K, reserved 1130496K
  class space    used 9861K, capacity 10165K, committed 10296K, reserved 1048576K
GC Heap History (10 events):
Event: 17204.164 GC heap before
{Heap before GC invocations=685 (full 5):
 par new generation   total 38080K, used 38020K [0x00000000f0000000, 0x00000000f2950000, 0x00000000f5550000)
  eden space 33856K,  99% used [0x00000000f0000000, 0x00000000f210d620, 0x00000000f2110000)
  from space 4224K,  98% used [0x00000000f2530000, 0x00000000f2943dc8, 0x00000000f2950000)
  to   space 4224K,   0% used [0x00000000f2110000, 0x00000000f2110000, 0x00000000f2530000)
 concurrent mark-sweep generation total 95232K, used 64799K [0x00000000f5550000, 0x00000000fb250000, 0x0000000100000000)
 Metaspace       used 88389K, capacity 89758K, committed 90368K, reserved 1130496K
  class space    used 9861K, capacity 10165K, committed 10296K, reserved 1048576K
Event: 17204.172 GC heap after
Heap after GC invocations=686 (full 5):
 par new generation   total 38080K, used 3766K [0x00000000f0000000, 0x00000000f2950000, 0x00000000f5550000)
  eden space 33856K,   0% used [0x00000000f0000000, 0x00000000f0000000, 0x00000000f2110000)
  from space 4224K,  89% used [0x00000000f2110000, 0x00000000f24bd9e8, 0x00000000f2530000)
  to   space 4224K,   0% used [0x00000000f2530000, 0x00000000f2530000, 0x00000000f2950000)
 concurrent mark-sweep generation total 95232K, used 64869K [0x00000000f5550000, 0x00000000fb250000, 0x0000000100000000)
 Metaspace       used 88389K, capacity 89758K, committed 90368K, reserved 1130496K
  class space    used 9861K, capacity 10165K, committed 10296K, reserved 1048576K
}
Event: 17242.529 GC heap before
{Heap before GC invocations=686 (full 5):
 par new generation   total 38080K, used 37622K [0x00000000f0000000, 0x00000000f2950000, 0x00000000f5550000)
  eden space 33856K, 100% used [0x00000000f0000000, 0x00000000f2110000, 0x00000000f2110000)
  from space 4224K,  89% used [0x00000000f2110000, 0x00000000f24bd9e8, 0x00000000f2530000)
  to   space 4224K,   0% used [0x00000000f2530000, 0x00000000f2530000, 0x00000000f2950000)
 concurrent mark-sweep generation total 95232K, used 64869K [0x00000000f5550000, 0x00000000fb250000, 0x0000000100000000)
 Metaspace       used 88389K, capacity 89758K, committed 90368K, reserved 1130496K
  class space    used 9861K, capacity 10165K, committed 10296K, reserved 1048576K
Event: 17242.536 GC heap after
Heap after GC invocations=687 (full 5):
 par new generation   total 38080K, used 4003K [0x00000000f0000000, 0x00000000f2950000, 0x00000000f5550000)
  eden space 33856K,   0% used [0x00000000f0000000, 0x00000000f0000000, 0x00000000f2110000)
  from space 4224K,  94% used [0x00000000f2530000, 0x00000000f2918df8, 0x00000000f2950000)
  to   space 4224K,   0% used [0x00000000f2110000, 0x00000000f2110000, 0x00000000f2530000)
 concurrent mark-sweep generation total 95232K, used 65099K [0x00000000f5550000, 0x00000000fb250000, 0x0000000100000000)
 Metaspace       used 88389K, capacity 89758K, committed 90368K, reserved 1130496K
  class space    used 9861K, capacity 10165K, committed 10296K, reserved 1048576K
}
Event: 17264.903 GC heap before
{Heap before GC invocations=687 (full 5):
 par new generation   total 38080K, used 37859K [0x00000000f0000000, 0x00000000f2950000, 0x00000000f5550000)
  eden space 33856K, 100% used [0x00000000f0000000, 0x00000000f2110000, 0x00000000f2110000)
  from space 4224K,  94% used [0x00000000f2530000, 0x00000000f2918df8, 0x00000000f2950000)
  to   space 4224K,   0% used [0x00000000f2110000, 0x00000000f2110000, 0x00000000f2530000)
 concurrent mark-sweep generation total 95232K, used 65099K [0x00000000f5550000, 0x00000000fb250000, 0x0000000100000000)
 Metaspace       used 88389K, capacity 89758K, committed 90368K, reserved 1130496K
  class space    used 9861K, capacity 10165K, committed 10296K, reserved 1048576K
Event: 17264.908 GC heap after
Heap after GC invocations=688 (full 5):
 par new generation   total 38080K, used 2706K [0x00000000f0000000, 0x00000000f2950000, 0x00000000f5550000)
  eden space 33856K,   0% used [0x00000000f0000000, 0x00000000f0000000, 0x00000000f2110000)
  from space 4224K,  64% used [0x00000000f2110000, 0x00000000f23b4bd8, 0x00000000f2530000)
  to   space 4224K,   0% used [0x00000000f2530000, 0x00000000f2530000, 0x00000000f2950000)
 concurrent mark-sweep generation total 95232K, used 65357K [0x00000000f5550000, 0x00000000fb250000, 0x0000000100000000)
 Metaspace       used 88389K, capacity 89758K, committed 90368K, reserved 1130496K
  class space    used 9861K, capacity 10165K, committed 10296K, reserved 1048576K
}
Event: 17304.903 GC heap before
{Heap before GC invocations=688 (full 5):
 par new generation   total 38080K, used 36562K [0x00000000f0000000, 0x00000000f2950000, 0x00000000f5550000)
  eden space 33856K, 100% used [0x00000000f0000000, 0x00000000f2110000, 0x00000000f2110000)
  from space 4224K,  64% used [0x00000000f2110000, 0x00000000f23b4bd8, 0x00000000f2530000)
  to   space 4224K,   0% used [0x00000000f2530000, 0x00000000f2530000, 0x00000000f2950000)
 concurrent mark-sweep generation total 95232K, used 65357K [0x00000000f5550000, 0x00000000fb250000, 0x0000000100000000)
 Metaspace       used 88389K, capacity 89758K, committed 90368K, reserved 1130496K
  class space    used 9861K, capacity 10165K, committed 10296K, reserved 1048576K
Event: 17304.910 GC heap after
Heap after GC invocations=689 (full 5):
 par new generation   total 38080K, used 3970K [0x00000000f0000000, 0x00000000f2950000, 0x00000000f5550000)
  eden space 33856K,   0% used [0x00000000f0000000, 0x00000000f0000000, 0x00000000f2110000)
  from space 4224K,  93% used [0x00000000f2530000, 0x00000000f2910840, 0x00000000f2950000)
  to   space 4224K,   0% used [0x00000000f2110000, 0x00000000f2110000, 0x00000000f2530000)
 concurrent mark-sweep generation total 95232K, used 65480K [0x00000000f5550000, 0x00000000fb250000, 0x0000000100000000)
 Metaspace       used 88389K, capacity 89758K, committed 90368K, reserved 1130496K
  class space    used 9861K, capacity 10165K, committed 10296K, reserved 1048576K
}
Event: 17361.763 GC heap before
{Heap before GC invocations=689 (full 5):
 par new generation   total 38080K, used 37826K [0x00000000f0000000, 0x00000000f2950000, 0x00000000f5550000)
  eden space 33856K, 100% used [0x00000000f0000000, 0x00000000f2110000, 0x00000000f2110000)
  from space 4224K,  93% used [0x00000000f2530000, 0x00000000f2910840, 0x00000000f2950000)
  to   space 4224K,   0% used [0x00000000f2110000, 0x00000000f2110000, 0x00000000f2530000)
 concurrent mark-sweep generation total 95232K, used 65480K [0x00000000f5550000, 0x00000000fb250000, 0x0000000100000000)
 Metaspace       used 88394K, capacity 89758K, committed 90368K, reserved 1130496K
  class space    used 9861K, capacity 10165K, committed 10296K, reserved 1048576K
Event: 17361.771 GC heap after
Heap after GC invocations=690 (full 5):
 par new generation   total 38080K, used 4224K [0x00000000f0000000, 0x00000000f2950000, 0x00000000f5550000)
  eden space 33856K,   0% used [0x00000000f0000000, 0x00000000f0000000, 0x00000000f2110000)
  from space 4224K, 100% used [0x00000000f2110000, 0x00000000f2530000, 0x00000000f2530000)
  to   space 4224K,   0% used [0x00000000f2530000, 0x00000000f2530000, 0x00000000f2950000)
 concurrent mark-sweep generation total 95232K, used 65841K [0x00000000f5550000, 0x00000000fb250000, 0x0000000100000000)
 Metaspace       used 88394K, capacity 89758K, committed 90368K, reserved 1130496K
  class space    used 9861K, capacity 10165K, committed 10296K, reserved 1048576K
}

