# JRE version: OpenJDK Runtime Environment (8.0_144-b01) (build 1.8.0_144-b01)
# Java VM: OpenJDK 64-Bit Server VM (25.144-b01 mixed mode linux-amd64 compressed oops)
Heap:
 par new generation   total 38080K, used 12385K [0x00000000f0000000, 0x00000000f2950000, 0x00000000f5550000)
  eden space 33856K,  27% used [0x00000000f0000000, 0x00000000f08ef5b8, 0x00000000f2110000)
  from space 4224K,  76% used [0x00000000f2110000, 0x00000000f2438fb0, 0x00000000f2530000)
  to   space 4224K,   0% used [0x00000000f2530000, 0x00000000f2530000, 0x00000000f2950000)
 concurrent mark-sweep generation total 93312K, used 78825K [0x00000000f5550000, 0x00000000fb070000, 0x0000000100000000)
 Metaspace       used 88953K, capacity 90337K, committed 90868K, reserved 1130496K
  class space    used 9856K, capacity 10144K, committed 10264K, reserved 1048576K
GC Heap History (10 events):
Event: 39600.247 GC heap before
{Heap before GC invocations=713 (full 4):
 par new generation   total 38080K, used 37061K [0x00000000f0000000, 0x00000000f2950000, 0x00000000f5550000)
  eden space 33856K, 100% used [0x00000000f0000000, 0x00000000f2110000, 0x00000000f2110000)
  from space 4224K,  75% used [0x00000000f2530000, 0x00000000f2851498, 0x00000000f2950000)
  to   space 4224K,   0% used [0x00000000f2110000, 0x00000000f2110000, 0x00000000f2530000)
 concurrent mark-sweep generation total 92928K, used 78319K [0x00000000f5550000, 0x00000000fb010000, 0x0000000100000000)
 Metaspace       used 88932K, capacity 90273K, committed 90868K, reserved 1130496K
  class space    used 9855K, capacity 10144K, committed 10264K, reserved 1048576K
Event: 39600.257 GC heap after
Heap after GC invocations=714 (full 4):
 par new generation   total 38080K, used 4224K [0x00000000f0000000, 0x00000000f2950000, 0x00000000f5550000)
  eden space 33856K,   0% used [0x00000000f0000000, 0x00000000f0000000, 0x00000000f2110000)
  from space 4224K, 100% used [0x00000000f2110000, 0x00000000f2530000, 0x00000000f2530000)
  to   space 4224K,   0% used [0x00000000f2530000, 0x00000000f2530000, 0x00000000f2950000)
 concurrent mark-sweep generation total 92928K, used 78559K [0x00000000f5550000, 0x00000000fb010000, 0x0000000100000000)
 Metaspace       used 88932K, capacity 90273K, committed 90868K, reserved 1130496K
  class space    used 9855K, capacity 10144K, committed 10264K, reserved 1048576K
}
Event: 39641.314 GC heap before
{Heap before GC invocations=714 (full 4):
 par new generation   total 38080K, used 38080K [0x00000000f0000000, 0x00000000f2950000, 0x00000000f5550000)
  eden space 33856K, 100% used [0x00000000f0000000, 0x00000000f2110000, 0x00000000f2110000)
  from space 4224K, 100% used [0x00000000f2110000, 0x00000000f2530000, 0x00000000f2530000)
  to   space 4224K,   0% used [0x00000000f2530000, 0x00000000f2530000, 0x00000000f2950000)
 concurrent mark-sweep generation total 92928K, used 78559K [0x00000000f5550000, 0x00000000fb010000, 0x0000000100000000)
 Metaspace       used 88932K, capacity 90273K, committed 90868K, reserved 1130496K
  class space    used 9855K, capacity 10144K, committed 10264K, reserved 1048576K
Event: 39641.318 GC heap after
Heap after GC invocations=715 (full 4):
 par new generation   total 38080K, used 1349K [0x00000000f0000000, 0x00000000f2950000, 0x00000000f5550000)
  eden space 33856K,   0% used [0x00000000f0000000, 0x00000000f0000000, 0x00000000f2110000)
  from space 4224K,  31% used [0x00000000f2530000, 0x00000000f26814b0, 0x00000000f2950000)
  to   space 4224K,   0% used [0x00000000f2110000, 0x00000000f2110000, 0x00000000f2530000)
 concurrent mark-sweep generation total 93120K, used 78670K [0x00000000f5550000, 0x00000000fb040000, 0x0000000100000000)
 Metaspace       used 88932K, capacity 90273K, committed 90868K, reserved 1130496K
  class space    used 9855K, capacity 10144K, committed 10264K, reserved 1048576K
}
Event: 39709.587 GC heap before
{Heap before GC invocations=715 (full 4):
 par new generation   total 38080K, used 35205K [0x00000000f0000000, 0x00000000f2950000, 0x00000000f5550000)
  eden space 33856K, 100% used [0x00000000f0000000, 0x00000000f2110000, 0x00000000f2110000)
  from space 4224K,  31% used [0x00000000f2530000, 0x00000000f26814b0, 0x00000000f2950000)
  to   space 4224K,   0% used [0x00000000f2110000, 0x00000000f2110000, 0x00000000f2530000)
 concurrent mark-sweep generation total 93120K, used 78670K [0x00000000f5550000, 0x00000000fb040000, 0x0000000100000000)
 Metaspace       used 88932K, capacity 90273K, committed 90868K, reserved 1130496K
  class space    used 9855K, capacity 10144K, committed 10264K, reserved 1048576K
Event: 39709.596 GC heap after
Heap after GC invocations=716 (full 4):
 par new generation   total 38080K, used 2957K [0x00000000f0000000, 0x00000000f2950000, 0x00000000f5550000)
  eden space 33856K,   0% used [0x00000000f0000000, 0x00000000f0000000, 0x00000000f2110000)
  from space 4224K,  70% used [0x00000000f2110000, 0x00000000f23f3720, 0x00000000f2530000)
  to   space 4224K,   0% used [0x00000000f2530000, 0x00000000f2530000, 0x00000000f2950000)
 concurrent mark-sweep generation total 93120K, used 78670K [0x00000000f5550000, 0x00000000fb040000, 0x0000000100000000)
 Metaspace       used 88932K, capacity 90273K, committed 90868K, reserved 1130496K
  class space    used 9855K, capacity 10144K, committed 10264K, reserved 1048576K
}
Event: 39877.948 GC heap before
{Heap before GC invocations=716 (full 4):
 par new generation   total 38080K, used 36813K [0x00000000f0000000, 0x00000000f2950000, 0x00000000f5550000)
  eden space 33856K, 100% used [0x00000000f0000000, 0x00000000f2110000, 0x00000000f2110000)
  from space 4224K,  70% used [0x00000000f2110000, 0x00000000f23f3720, 0x00000000f2530000)
  to   space 4224K,   0% used [0x00000000f2530000, 0x00000000f2530000, 0x00000000f2950000)
 concurrent mark-sweep generation total 93120K, used 78670K [0x00000000f5550000, 0x00000000fb040000, 0x0000000100000000)
 Metaspace       used 88946K, capacity 90337K, committed 90868K, reserved 1130496K
  class space    used 9855K, capacity 10144K, committed 10264K, reserved 1048576K
Event: 39877.963 GC heap after
Heap after GC invocations=717 (full 4):
 par new generation   total 38080K, used 4224K [0x00000000f0000000, 0x00000000f2950000, 0x00000000f5550000)
  eden space 33856K,   0% used [0x00000000f0000000, 0x00000000f0000000, 0x00000000f2110000)
  from space 4224K, 100% used [0x00000000f2530000, 0x00000000f2950000, 0x00000000f2950000)
  to   space 4224K,   0% used [0x00000000f2110000, 0x00000000f2110000, 0x00000000f2530000)
 concurrent mark-sweep generation total 93120K, used 78751K [0x00000000f5550000, 0x00000000fb040000, 0x0000000100000000)
 Metaspace       used 88946K, capacity 90337K, committed 90868K, reserved 1130496K
  class space    used 9855K, capacity 10144K, committed 10264K, reserved 1048576K
}
Event: 39984.089 GC heap before
{Heap before GC invocations=717 (full 4):
 par new generation   total 38080K, used 38080K [0x00000000f0000000, 0x00000000f2950000, 0x00000000f5550000)
  eden space 33856K, 100% used [0x00000000f0000000, 0x00000000f2110000, 0x00000000f2110000)
  from space 4224K, 100% used [0x00000000f2530000, 0x00000000f2950000, 0x00000000f2950000)
  to   space 4224K,   0% used [0x00000000f2110000, 0x00000000f2110000, 0x00000000f2530000)
 concurrent mark-sweep generation total 93120K, used 78751K [0x00000000f5550000, 0x00000000fb040000, 0x0000000100000000)
 Metaspace       used 88953K, capacity 90337K, committed 90868K, reserved 1130496K
  class space    used 9856K, capacity 10144K, committed 10264K, reserved 1048576K
Event: 39984.104 GC heap after
Heap after GC invocations=718 (full 4):
 par new generation   total 38080K, used 3235K [0x00000000f0000000, 0x00000000f2950000, 0x00000000f5550000)
  eden space 33856K,   0% used [0x00000000f0000000, 0x00000000f0000000, 0x00000000f2110000)
  from space 4224K,  76% used [0x00000000f2110000, 0x00000000f2438fb0, 0x00000000f2530000)
  to   space 4224K,   0% used [0x00000000f2530000, 0x00000000f2530000, 0x00000000f2950000)
 concurrent mark-sweep generation total 93312K, used 78825K [0x00000000f5550000, 0x00000000fb070000, 0x0000000100000000)
 Metaspace       used 88953K, capacity 90337K, committed 90868K, reserved 1130496K
  class space    used 9856K, capacity 10144K, committed 10264K, reserved 1048576K
}

