# JRE version: OpenJDK Runtime Environment (8.0_144-b01) (build 1.8.0_144-b01)
# Java VM: OpenJDK 64-Bit Server VM (25.144-b01 mixed mode linux-amd64 compressed oops)
Heap:
 par new generation   total 38080K, used 18429K [0x00000000f0000000, 0x00000000f2950000, 0x00000000f5550000)
  eden space 33856K,  45% used [0x00000000f0000000, 0x00000000f0f254f8, 0x00000000f2110000)
  from space 4224K,  69% used [0x00000000f2110000, 0x00000000f23ea180, 0x00000000f2530000)
  to   space 4224K,   0% used [0x00000000f2530000, 0x00000000f2530000, 0x00000000f2950000)
 concurrent mark-sweep generation total 84672K, used 71995K [0x00000000f5550000, 0x00000000fa800000, 0x0000000100000000)
 Metaspace       used 85124K, capacity 86876K, committed 87088K, reserved 1126400K
  class space    used 9863K, capacity 10197K, committed 10288K, reserved 1048576K
GC Heap History (10 events):
Event: 1429.975 GC heap before
{Heap before GC invocations=163 (full 3):
 par new generation   total 38080K, used 37218K [0x00000000f0000000, 0x00000000f2950000, 0x00000000f5550000)
  eden space 33856K, 100% used [0x00000000f0000000, 0x00000000f2110000, 0x00000000f2110000)
  from space 4224K,  79% used [0x00000000f2530000, 0x00000000f2878910, 0x00000000f2950000)
  to   space 4224K,   0% used [0x00000000f2110000, 0x00000000f2110000, 0x00000000f2530000)
 concurrent mark-sweep generation total 84672K, used 70410K [0x00000000f5550000, 0x00000000fa800000, 0x0000000100000000)
 Metaspace       used 84993K, capacity 86764K, committed 87088K, reserved 1126400K
  class space    used 9854K, capacity 10189K, committed 10288K, reserved 1048576K
Event: 1429.984 GC heap after
Heap after GC invocations=164 (full 3):
 par new generation   total 38080K, used 4224K [0x00000000f0000000, 0x00000000f2950000, 0x00000000f5550000)
  eden space 33856K,   0% used [0x00000000f0000000, 0x00000000f0000000, 0x00000000f2110000)
  from space 4224K, 100% used [0x00000000f2110000, 0x00000000f2530000, 0x00000000f2530000)
  to   space 4224K,   0% used [0x00000000f2530000, 0x00000000f2530000, 0x00000000f2950000)
 concurrent mark-sweep generation total 84672K, used 70819K [0x00000000f5550000, 0x00000000fa800000, 0x0000000100000000)
 Metaspace       used 84993K, capacity 86764K, committed 87088K, reserved 1126400K
  class space    used 9854K, capacity 10189K, committed 10288K, reserved 1048576K
}
Event: 1470.222 GC heap before
{Heap before GC invocations=164 (full 3):
 par new generation   total 38080K, used 38080K [0x00000000f0000000, 0x00000000f2950000, 0x00000000f5550000)
  eden space 33856K, 100% used [0x00000000f0000000, 0x00000000f2110000, 0x00000000f2110000)
  from space 4224K, 100% used [0x00000000f2110000, 0x00000000f2530000, 0x00000000f2530000)
  to   space 4224K,   0% used [0x00000000f2530000, 0x00000000f2530000, 0x00000000f2950000)
 concurrent mark-sweep generation total 84672K, used 70819K [0x00000000f5550000, 0x00000000fa800000, 0x0000000100000000)
 Metaspace       used 85004K, capacity 86834K, committed 87088K, reserved 1126400K
  class space    used 9855K, capacity 10190K, committed 10288K, reserved 1048576K
Event: 1470.232 GC heap after
Heap after GC invocations=165 (full 3):
 par new generation   total 38080K, used 4224K [0x00000000f0000000, 0x00000000f2950000, 0x00000000f5550000)
  eden space 33856K,   0% used [0x00000000f0000000, 0x00000000f0000000, 0x00000000f2110000)
  from space 4224K, 100% used [0x00000000f2530000, 0x00000000f2950000, 0x00000000f2950000)
  to   space 4224K,   0% used [0x00000000f2110000, 0x00000000f2110000, 0x00000000f2530000)
 concurrent mark-sweep generation total 84672K, used 71568K [0x00000000f5550000, 0x00000000fa800000, 0x0000000100000000)
 Metaspace       used 85004K, capacity 86834K, committed 87088K, reserved 1126400K
  class space    used 9855K, capacity 10190K, committed 10288K, reserved 1048576K
}
Event: 1515.072 GC heap before
{Heap before GC invocations=165 (full 3):
 par new generation   total 38080K, used 38078K [0x00000000f0000000, 0x00000000f2950000, 0x00000000f5550000)
  eden space 33856K,  99% used [0x00000000f0000000, 0x00000000f210fa10, 0x00000000f2110000)
  from space 4224K, 100% used [0x00000000f2530000, 0x00000000f2950000, 0x00000000f2950000)
  to   space 4224K,   0% used [0x00000000f2110000, 0x00000000f2110000, 0x00000000f2530000)
 concurrent mark-sweep generation total 84672K, used 71568K [0x00000000f5550000, 0x00000000fa800000, 0x0000000100000000)
 Metaspace       used 85007K, capacity 86834K, committed 87088K, reserved 1126400K
  class space    used 9855K, capacity 10190K, committed 10288K, reserved 1048576K
Event: 1515.080 GC heap after
Heap after GC invocations=166 (full 3):
 par new generation   total 38080K, used 4033K [0x00000000f0000000, 0x00000000f2950000, 0x00000000f5550000)
  eden space 33856K,   0% used [0x00000000f0000000, 0x00000000f0000000, 0x00000000f2110000)
  from space 4224K,  95% used [0x00000000f2110000, 0x00000000f2500648, 0x00000000f2530000)
  to   space 4224K,   0% used [0x00000000f2530000, 0x00000000f2530000, 0x00000000f2950000)
 concurrent mark-sweep generation total 84672K, used 71767K [0x00000000f5550000, 0x00000000fa800000, 0x0000000100000000)
 Metaspace       used 85007K, capacity 86834K, committed 87088K, reserved 1126400K
  class space    used 9855K, capacity 10190K, committed 10288K, reserved 1048576K
}
Event: 1546.281 GC heap before
{Heap before GC invocations=166 (full 3):
 par new generation   total 38080K, used 37881K [0x00000000f0000000, 0x00000000f2950000, 0x00000000f5550000)
  eden space 33856K,  99% used [0x00000000f0000000, 0x00000000f210dfa8, 0x00000000f2110000)
  from space 4224K,  95% used [0x00000000f2110000, 0x00000000f2500648, 0x00000000f2530000)
  to   space 4224K,   0% used [0x00000000f2530000, 0x00000000f2530000, 0x00000000f2950000)
 concurrent mark-sweep generation total 84672K, used 71767K [0x00000000f5550000, 0x00000000fa800000, 0x0000000100000000)
 Metaspace       used 85075K, capacity 86846K, committed 87088K, reserved 1126400K
  class space    used 9857K, capacity 10192K, committed 10288K, reserved 1048576K
Event: 1546.289 GC heap after
Heap after GC invocations=167 (full 3):
 par new generation   total 38080K, used 3224K [0x00000000f0000000, 0x00000000f2950000, 0x00000000f5550000)
  eden space 33856K,   0% used [0x00000000f0000000, 0x00000000f0000000, 0x00000000f2110000)
  from space 4224K,  76% used [0x00000000f2530000, 0x00000000f2856370, 0x00000000f2950000)
  to   space 4224K,   0% used [0x00000000f2110000, 0x00000000f2110000, 0x00000000f2530000)
 concurrent mark-sweep generation total 84672K, used 71783K [0x00000000f5550000, 0x00000000fa800000, 0x0000000100000000)
 Metaspace       used 85075K, capacity 86846K, committed 87088K, reserved 1126400K
  class space    used 9857K, capacity 10192K, committed 10288K, reserved 1048576K
}
Event: 1576.290 GC heap before
{Heap before GC invocations=167 (full 3):
 par new generation   total 38080K, used 37080K [0x00000000f0000000, 0x00000000f2950000, 0x00000000f5550000)
  eden space 33856K, 100% used [0x00000000f0000000, 0x00000000f2110000, 0x00000000f2110000)
  from space 4224K,  76% used [0x00000000f2530000, 0x00000000f2856370, 0x00000000f2950000)
  to   space 4224K,   0% used [0x00000000f2110000, 0x00000000f2110000, 0x00000000f2530000)
 concurrent mark-sweep generation total 84672K, used 71783K [0x00000000f5550000, 0x00000000fa800000, 0x0000000100000000)
 Metaspace       used 85085K, capacity 86846K, committed 87088K, reserved 1126400K
  class space    used 9857K, capacity 10192K, committed 10288K, reserved 1048576K
Event: 1576.297 GC heap after
Heap after GC invocations=168 (full 3):
 par new generation   total 38080K, used 2920K [0x00000000f0000000, 0x00000000f2950000, 0x00000000f5550000)
  eden space 33856K,   0% used [0x00000000f0000000, 0x00000000f0000000, 0x00000000f2110000)
  from space 4224K,  69% used [0x00000000f2110000, 0x00000000f23ea180, 0x00000000f2530000)
  to   space 4224K,   0% used [0x00000000f2530000, 0x00000000f2530000, 0x00000000f2950000)
 concurrent mark-sweep generation total 84672K, used 71995K [0x00000000f5550000, 0x00000000fa800000, 0x0000000100000000)
 Metaspace       used 85085K, capacity 86846K, committed 87088K, reserved 1126400K
  class space    used 9857K, capacity 10192K, committed 10288K, reserved 1048576K
}

