# JRE version: OpenJDK Runtime Environment (8.0_144-b01) (build 1.8.0_144-b01)
# Java VM: OpenJDK 64-Bit Server VM (25.144-b01 mixed mode linux-amd64 compressed oops)
Heap:
 par new generation   total 38080K, used 13301K [0x00000000f0000000, 0x00000000f2950000, 0x00000000f5550000)
  eden space 33856K,  28% used [0x00000000f0000000, 0x00000000f094da68, 0x00000000f2110000)
  from space 4224K,  89% used [0x00000000f2110000, 0x00000000f24bfb30, 0x00000000f2530000)
  to   space 4224K,   0% used [0x00000000f2530000, 0x00000000f2530000, 0x00000000f2950000)
 concurrent mark-sweep generation total 107684K, used 58201K [0x00000000f5550000, 0x00000000fbe79000, 0x0000000100000000)
 Metaspace       used 88379K, capacity 89751K, committed 90228K, reserved 1130496K
  class space    used 9844K, capacity 10111K, committed 10212K, reserved 1048576K
GC Heap History (10 events):
Event: 41054.488 GC heap before
{Heap before GC invocations=823 (full 7):
 par new generation   total 38080K, used 38080K [0x00000000f0000000, 0x00000000f2950000, 0x00000000f5550000)
  eden space 33856K, 100% used [0x00000000f0000000, 0x00000000f2110000, 0x00000000f2110000)
  from space 4224K, 100% used [0x00000000f2530000, 0x00000000f2950000, 0x00000000f2950000)
  to   space 4224K,   0% used [0x00000000f2110000, 0x00000000f2110000, 0x00000000f2530000)
 concurrent mark-sweep generation total 107684K, used 97122K [0x00000000f5550000, 0x00000000fbe79000, 0x0000000100000000)
 Metaspace       used 88422K, capacity 89829K, committed 90228K, reserved 1130496K
  class space    used 9850K, capacity 10124K, committed 10212K, reserved 1048576K
Event: 41054.499 GC heap after
Heap after GC invocations=824 (full 7):
 par new generation   total 38080K, used 4224K [0x00000000f0000000, 0x00000000f2950000, 0x00000000f5550000)
  eden space 33856K,   0% used [0x00000000f0000000, 0x00000000f0000000, 0x00000000f2110000)
  from space 4224K, 100% used [0x00000000f2110000, 0x00000000f2530000, 0x00000000f2530000)
  to   space 4224K,   0% used [0x00000000f2530000, 0x00000000f2530000, 0x00000000f2950000)
 concurrent mark-sweep generation total 107684K, used 98306K [0x00000000f5550000, 0x00000000fbe79000, 0x0000000100000000)
 Metaspace       used 88422K, capacity 89829K, committed 90228K, reserved 1130496K
  class space    used 9850K, capacity 10124K, committed 10212K, reserved 1048576K
}
Event: 41116.656 GC heap before
{Heap before GC invocations=824 (full 7):
 par new generation   total 38080K, used 38080K [0x00000000f0000000, 0x00000000f2950000, 0x00000000f5550000)
  eden space 33856K, 100% used [0x00000000f0000000, 0x00000000f2110000, 0x00000000f2110000)
  from space 4224K, 100% used [0x00000000f2110000, 0x00000000f2530000, 0x00000000f2530000)
  to   space 4224K,   0% used [0x00000000f2530000, 0x00000000f2530000, 0x00000000f2950000)
 concurrent mark-sweep generation total 107684K, used 98306K [0x00000000f5550000, 0x00000000fbe79000, 0x0000000100000000)
 Metaspace       used 88424K, capacity 89829K, committed 90228K, reserved 1130496K
  class space    used 9850K, capacity 10124K, committed 10212K, reserved 1048576K
Event: 41116.666 GC heap after
Heap after GC invocations=825 (full 7):
 par new generation   total 38080K, used 4224K [0x00000000f0000000, 0x00000000f2950000, 0x00000000f5550000)
  eden space 33856K,   0% used [0x00000000f0000000, 0x00000000f0000000, 0x00000000f2110000)
  from space 4224K, 100% used [0x00000000f2530000, 0x00000000f2950000, 0x00000000f2950000)
  to   space 4224K,   0% used [0x00000000f2110000, 0x00000000f2110000, 0x00000000f2530000)
 concurrent mark-sweep generation total 107684K, used 98899K [0x00000000f5550000, 0x00000000fbe79000, 0x0000000100000000)
 Metaspace       used 88424K, capacity 89829K, committed 90228K, reserved 1130496K
  class space    used 9850K, capacity 10124K, committed 10212K, reserved 1048576K
}
Event: 41193.277 GC heap before
{Heap before GC invocations=825 (full 7):
 par new generation   total 38080K, used 38080K [0x00000000f0000000, 0x00000000f2950000, 0x00000000f5550000)
  eden space 33856K, 100% used [0x00000000f0000000, 0x00000000f2110000, 0x00000000f2110000)
  from space 4224K, 100% used [0x00000000f2530000, 0x00000000f2950000, 0x00000000f2950000)
  to   space 4224K,   0% used [0x00000000f2110000, 0x00000000f2110000, 0x00000000f2530000)
 concurrent mark-sweep generation total 107684K, used 98899K [0x00000000f5550000, 0x00000000fbe79000, 0x0000000100000000)
 Metaspace       used 88424K, capacity 89829K, committed 90228K, reserved 1130496K
  class space    used 9850K, capacity 10124K, committed 10212K, reserved 1048576K
Event: 41193.286 GC heap after
Heap after GC invocations=826 (full 7):
 par new generation   total 38080K, used 4223K [0x00000000f0000000, 0x00000000f2950000, 0x00000000f5550000)
  eden space 33856K,   0% used [0x00000000f0000000, 0x00000000f0000000, 0x00000000f2110000)
  from space 4224K,  99% used [0x00000000f2110000, 0x00000000f252fff8, 0x00000000f2530000)
  to   space 4224K,   0% used [0x00000000f2530000, 0x00000000f2530000, 0x00000000f2950000)
 concurrent mark-sweep generation total 107684K, used 99590K [0x00000000f5550000, 0x00000000fbe79000, 0x0000000100000000)
 Metaspace       used 88424K, capacity 89829K, committed 90228K, reserved 1130496K
  class space    used 9850K, capacity 10124K, committed 10212K, reserved 1048576K
}
Event: 41260.684 GC heap before
{Heap before GC invocations=826 (full 8):
 par new generation   total 38080K, used 38079K [0x00000000f0000000, 0x00000000f2950000, 0x00000000f5550000)
  eden space 33856K, 100% used [0x00000000f0000000, 0x00000000f2110000, 0x00000000f2110000)
  from space 4224K,  99% used [0x00000000f2110000, 0x00000000f252fff8, 0x00000000f2530000)
  to   space 4224K,   0% used [0x00000000f2530000, 0x00000000f2530000, 0x00000000f2950000)
 concurrent mark-sweep generation total 107684K, used 57586K [0x00000000f5550000, 0x00000000fbe79000, 0x0000000100000000)
 Metaspace       used 88362K, capacity 89733K, committed 90228K, reserved 1130496K
  class space    used 9841K, capacity 10108K, committed 10212K, reserved 1048576K
Event: 41260.690 GC heap after
Heap after GC invocations=827 (full 8):
 par new generation   total 38080K, used 3353K [0x00000000f0000000, 0x00000000f2950000, 0x00000000f5550000)
  eden space 33856K,   0% used [0x00000000f0000000, 0x00000000f0000000, 0x00000000f2110000)
  from space 4224K,  79% used [0x00000000f2530000, 0x00000000f2876428, 0x00000000f2950000)
  to   space 4224K,   0% used [0x00000000f2110000, 0x00000000f2110000, 0x00000000f2530000)
 concurrent mark-sweep generation total 107684K, used 57840K [0x00000000f5550000, 0x00000000fbe79000, 0x0000000100000000)
 Metaspace       used 88362K, capacity 89733K, committed 90228K, reserved 1130496K
  class space    used 9841K, capacity 10108K, committed 10212K, reserved 1048576K
}
Event: 41333.262 GC heap before
{Heap before GC invocations=827 (full 8):
 par new generation   total 38080K, used 37209K [0x00000000f0000000, 0x00000000f2950000, 0x00000000f5550000)
  eden space 33856K, 100% used [0x00000000f0000000, 0x00000000f2110000, 0x00000000f2110000)
  from space 4224K,  79% used [0x00000000f2530000, 0x00000000f2876428, 0x00000000f2950000)
  to   space 4224K,   0% used [0x00000000f2110000, 0x00000000f2110000, 0x00000000f2530000)
 concurrent mark-sweep generation total 107684K, used 57840K [0x00000000f5550000, 0x00000000fbe79000, 0x0000000100000000)
 Metaspace       used 88367K, capacity 89733K, committed 90228K, reserved 1130496K
  class space    used 9842K, capacity 10108K, committed 10212K, reserved 1048576K
Event: 41333.269 GC heap after
Heap after GC invocations=828 (full 8):
 par new generation   total 38080K, used 3774K [0x00000000f0000000, 0x00000000f2950000, 0x00000000f5550000)
  eden space 33856K,   0% used [0x00000000f0000000, 0x00000000f0000000, 0x00000000f2110000)
  from space 4224K,  89% used [0x00000000f2110000, 0x00000000f24bfb30, 0x00000000f2530000)
  to   space 4224K,   0% used [0x00000000f2530000, 0x00000000f2530000, 0x00000000f2950000)
 concurrent mark-sweep generation total 107684K, used 58201K [0x00000000f5550000, 0x00000000fbe79000, 0x0000000100000000)
 Metaspace       used 88367K, capacity 89733K, committed 90228K, reserved 1130496K
  class space    used 9842K, capacity 10108K, committed 10212K, reserved 1048576K
}

