# JRE version: OpenJDK Runtime Environment (8.0_144-b01) (build 1.8.0_144-b01)
# Java VM: OpenJDK 64-Bit Server VM (25.144-b01 mixed mode linux-amd64 compressed oops)
Heap:
 par new generation   total 38080K, used 17632K [0x00000000f0000000, 0x00000000f2950000, 0x00000000f5550000)
  eden space 33856K,  39% used [0x00000000f0000000, 0x00000000f0d181e0, 0x00000000f2110000)
  from space 4224K, 100% used [0x00000000f2530000, 0x00000000f2950000, 0x00000000f2950000)
  to   space 4224K,   0% used [0x00000000f2110000, 0x00000000f2110000, 0x00000000f2530000)
 concurrent mark-sweep generation total 115008K, used 104236K [0x00000000f5550000, 0x00000000fc5a0000, 0x0000000100000000)
 Metaspace       used 88695K, capacity 90086K, committed 90660K, reserved 1130496K
  class space    used 9888K, capacity 10177K, committed 10280K, reserved 1048576K
GC Heap History (10 events):
Event: 37399.932 GC heap before
{Heap before GC invocations=1238 (full 8):
 par new generation   total 38080K, used 37554K [0x00000000f0000000, 0x00000000f2950000, 0x00000000f5550000)
  eden space 33856K,  99% used [0x00000000f0000000, 0x00000000f210ec18, 0x00000000f2110000)
  from space 4224K,  87% used [0x00000000f2110000, 0x00000000f24addc8, 0x00000000f2530000)
  to   space 4224K,   0% used [0x00000000f2530000, 0x00000000f2530000, 0x00000000f2950000)
 concurrent mark-sweep generation total 115008K, used 103442K [0x00000000f5550000, 0x00000000fc5a0000, 0x0000000100000000)
 Metaspace       used 88686K, capacity 90086K, committed 90660K, reserved 1130496K
  class space    used 9888K, capacity 10177K, committed 10280K, reserved 1048576K
Event: 37399.940 GC heap after
Heap after GC invocations=1239 (full 8):
 par new generation   total 38080K, used 3846K [0x00000000f0000000, 0x00000000f2950000, 0x00000000f5550000)
  eden space 33856K,   0% used [0x00000000f0000000, 0x00000000f0000000, 0x00000000f2110000)
  from space 4224K,  91% used [0x00000000f2530000, 0x00000000f28f1bf8, 0x00000000f2950000)
  to   space 4224K,   0% used [0x00000000f2110000, 0x00000000f2110000, 0x00000000f2530000)
 concurrent mark-sweep generation total 115008K, used 103498K [0x00000000f5550000, 0x00000000fc5a0000, 0x0000000100000000)
 Metaspace       used 88686K, capacity 90086K, committed 90660K, reserved 1130496K
  class space    used 9888K, capacity 10177K, committed 10280K, reserved 1048576K
}
Event: 37440.200 GC heap before
{Heap before GC invocations=1239 (full 8):
 par new generation   total 38080K, used 37702K [0x00000000f0000000, 0x00000000f2950000, 0x00000000f5550000)
  eden space 33856K, 100% used [0x00000000f0000000, 0x00000000f2110000, 0x00000000f2110000)
  from space 4224K,  91% used [0x00000000f2530000, 0x00000000f28f1bf8, 0x00000000f2950000)
  to   space 4224K,   0% used [0x00000000f2110000, 0x00000000f2110000, 0x00000000f2530000)
 concurrent mark-sweep generation total 115008K, used 103498K [0x00000000f5550000, 0x00000000fc5a0000, 0x0000000100000000)
 Metaspace       used 88686K, capacity 90086K, committed 90660K, reserved 1130496K
  class space    used 9888K, capacity 10177K, committed 10280K, reserved 1048576K
Event: 37440.208 GC heap after
Heap after GC invocations=1240 (full 8):
 par new generation   total 38080K, used 4224K [0x00000000f0000000, 0x00000000f2950000, 0x00000000f5550000)
  eden space 33856K,   0% used [0x00000000f0000000, 0x00000000f0000000, 0x00000000f2110000)
  from space 4224K, 100% used [0x00000000f2110000, 0x00000000f2530000, 0x00000000f2530000)
  to   space 4224K,   0% used [0x00000000f2530000, 0x00000000f2530000, 0x00000000f2950000)
 concurrent mark-sweep generation total 115008K, used 103717K [0x00000000f5550000, 0x00000000fc5a0000, 0x0000000100000000)
 Metaspace       used 88686K, capacity 90086K, committed 90660K, reserved 1130496K
  class space    used 9888K, capacity 10177K, committed 10280K, reserved 1048576K
}
Event: 37485.230 GC heap before
{Heap before GC invocations=1240 (full 8):
 par new generation   total 38080K, used 38078K [0x00000000f0000000, 0x00000000f2950000, 0x00000000f5550000)
  eden space 33856K,  99% used [0x00000000f0000000, 0x00000000f210f908, 0x00000000f2110000)
  from space 4224K, 100% used [0x00000000f2110000, 0x00000000f2530000, 0x00000000f2530000)
  to   space 4224K,   0% used [0x00000000f2530000, 0x00000000f2530000, 0x00000000f2950000)
 concurrent mark-sweep generation total 115008K, used 103717K [0x00000000f5550000, 0x00000000fc5a0000, 0x0000000100000000)
 Metaspace       used 88693K, capacity 90086K, committed 90660K, reserved 1130496K
  class space    used 9888K, capacity 10177K, committed 10280K, reserved 1048576K
Event: 37485.238 GC heap after
Heap after GC invocations=1241 (full 8):
 par new generation   total 38080K, used 4223K [0x00000000f0000000, 0x00000000f2950000, 0x00000000f5550000)
  eden space 33856K,   0% used [0x00000000f0000000, 0x00000000f0000000, 0x00000000f2110000)
  from space 4224K,  99% used [0x00000000f2530000, 0x00000000f294fff8, 0x00000000f2950000)
  to   space 4224K,   0% used [0x00000000f2110000, 0x00000000f2110000, 0x00000000f2530000)
 concurrent mark-sweep generation total 115008K, used 103779K [0x00000000f5550000, 0x00000000fc5a0000, 0x0000000100000000)
 Metaspace       used 88693K, capacity 90086K, committed 90660K, reserved 1130496K
  class space    used 9888K, capacity 10177K, committed 10280K, reserved 1048576K
}
Event: 37525.239 GC heap before
{Heap before GC invocations=1241 (full 8):
 par new generation   total 38080K, used 38079K [0x00000000f0000000, 0x00000000f2950000, 0x00000000f5550000)
  eden space 33856K, 100% used [0x00000000f0000000, 0x00000000f2110000, 0x00000000f2110000)
  from space 4224K,  99% used [0x00000000f2530000, 0x00000000f294fff8, 0x00000000f2950000)
  to   space 4224K,   0% used [0x00000000f2110000, 0x00000000f2110000, 0x00000000f2530000)
 concurrent mark-sweep generation total 115008K, used 103779K [0x00000000f5550000, 0x00000000fc5a0000, 0x0000000100000000)
 Metaspace       used 88694K, capacity 90086K, committed 90660K, reserved 1130496K
  class space    used 9888K, capacity 10177K, committed 10280K, reserved 1048576K
Event: 37525.247 GC heap after
Heap after GC invocations=1242 (full 8):
 par new generation   total 38080K, used 4127K [0x00000000f0000000, 0x00000000f2950000, 0x00000000f5550000)
  eden space 33856K,   0% used [0x00000000f0000000, 0x00000000f0000000, 0x00000000f2110000)
  from space 4224K,  97% used [0x00000000f2110000, 0x00000000f2517e40, 0x00000000f2530000)
  to   space 4224K,   0% used [0x00000000f2530000, 0x00000000f2530000, 0x00000000f2950000)
 concurrent mark-sweep generation total 115008K, used 103784K [0x00000000f5550000, 0x00000000fc5a0000, 0x0000000100000000)
 Metaspace       used 88694K, capacity 90086K, committed 90660K, reserved 1130496K
  class space    used 9888K, capacity 10177K, committed 10280K, reserved 1048576K
}
Event: 37571.341 GC heap before
{Heap before GC invocations=1242 (full 8):
 par new generation   total 38080K, used 37983K [0x00000000f0000000, 0x00000000f2950000, 0x00000000f5550000)
  eden space 33856K, 100% used [0x00000000f0000000, 0x00000000f2110000, 0x00000000f2110000)
  from space 4224K,  97% used [0x00000000f2110000, 0x00000000f2517e40, 0x00000000f2530000)
  to   space 4224K,   0% used [0x00000000f2530000, 0x00000000f2530000, 0x00000000f2950000)
 concurrent mark-sweep generation total 115008K, used 103784K [0x00000000f5550000, 0x00000000fc5a0000, 0x0000000100000000)
 Metaspace       used 88695K, capacity 90086K, committed 90660K, reserved 1130496K
  class space    used 9888K, capacity 10177K, committed 10280K, reserved 1048576K
Event: 37571.350 GC heap after
Heap after GC invocations=1243 (full 8):
 par new generation   total 38080K, used 4224K [0x00000000f0000000, 0x00000000f2950000, 0x00000000f5550000)
  eden space 33856K,   0% used [0x00000000f0000000, 0x00000000f0000000, 0x00000000f2110000)
  from space 4224K, 100% used [0x00000000f2530000, 0x00000000f2950000, 0x00000000f2950000)
  to   space 4224K,   0% used [0x00000000f2110000, 0x00000000f2110000, 0x00000000f2530000)
 concurrent mark-sweep generation total 115008K, used 104236K [0x00000000f5550000, 0x00000000fc5a0000, 0x0000000100000000)
 Metaspace       used 88695K, capacity 90086K, committed 90660K, reserved 1130496K
  class space    used 9888K, capacity 10177K, committed 10280K, reserved 1048576K
}

