# JRE version: OpenJDK Runtime Environment (8.0_144-b01) (build 1.8.0_144-b01)
# Java VM: OpenJDK 64-Bit Server VM (25.144-b01 mixed mode linux-amd64 compressed oops)
Heap:
 par new generation   total 38080K, used 15087K [0x00000000f0000000, 0x00000000f2950000, 0x00000000f5550000)
  eden space 33856K,  32% used [0x00000000f0000000, 0x00000000f0aa6b70, 0x00000000f2110000)
  from space 4224K,  98% used [0x00000000f2530000, 0x00000000f2945298, 0x00000000f2950000)
  to   space 4224K,   0% used [0x00000000f2110000, 0x00000000f2110000, 0x00000000f2530000)
 concurrent mark-sweep generation total 84672K, used 66662K [0x00000000f5550000, 0x00000000fa800000, 0x0000000100000000)
 Metaspace       used 85549K, capacity 87132K, committed 87412K, reserved 1126400K
  class space    used 9866K, capacity 10161K, committed 10184K, reserved 1048576K
GC Heap History (10 events):
Event: 1338.667 GC heap before
{Heap before GC invocations=158 (full 3):
 par new generation   total 38080K, used 38079K [0x00000000f0000000, 0x00000000f2950000, 0x00000000f5550000)
  eden space 33856K, 100% used [0x00000000f0000000, 0x00000000f2110000, 0x00000000f2110000)
  from space 4224K,  99% used [0x00000000f2110000, 0x00000000f252fff8, 0x00000000f2530000)
  to   space 4224K,   0% used [0x00000000f2530000, 0x00000000f2530000, 0x00000000f2950000)
 concurrent mark-sweep generation total 84672K, used 65910K [0x00000000f5550000, 0x00000000fa800000, 0x0000000100000000)
 Metaspace       used 85263K, capacity 86844K, committed 87156K, reserved 1126400K
  class space    used 9842K, capacity 10129K, committed 10184K, reserved 1048576K
Event: 1338.675 GC heap after
Heap after GC invocations=159 (full 3):
 par new generation   total 38080K, used 3831K [0x00000000f0000000, 0x00000000f2950000, 0x00000000f5550000)
  eden space 33856K,   0% used [0x00000000f0000000, 0x00000000f0000000, 0x00000000f2110000)
  from space 4224K,  90% used [0x00000000f2530000, 0x00000000f28edea8, 0x00000000f2950000)
  to   space 4224K,   0% used [0x00000000f2110000, 0x00000000f2110000, 0x00000000f2530000)
 concurrent mark-sweep generation total 84672K, used 66119K [0x00000000f5550000, 0x00000000fa800000, 0x0000000100000000)
 Metaspace       used 85263K, capacity 86844K, committed 87156K, reserved 1126400K
  class space    used 9842K, capacity 10129K, committed 10184K, reserved 1048576K
}
Event: 1378.585 GC heap before
{Heap before GC invocations=159 (full 3):
 par new generation   total 38080K, used 37687K [0x00000000f0000000, 0x00000000f2950000, 0x00000000f5550000)
  eden space 33856K, 100% used [0x00000000f0000000, 0x00000000f2110000, 0x00000000f2110000)
  from space 4224K,  90% used [0x00000000f2530000, 0x00000000f28edea8, 0x00000000f2950000)
  to   space 4224K,   0% used [0x00000000f2110000, 0x00000000f2110000, 0x00000000f2530000)
 concurrent mark-sweep generation total 84672K, used 66119K [0x00000000f5550000, 0x00000000fa800000, 0x0000000100000000)
 Metaspace       used 85452K, capacity 87004K, committed 87156K, reserved 1126400K
  class space    used 9865K, capacity 10161K, committed 10184K, reserved 1048576K
Event: 1378.593 GC heap after
Heap after GC invocations=160 (full 3):
 par new generation   total 38080K, used 3919K [0x00000000f0000000, 0x00000000f2950000, 0x00000000f5550000)
  eden space 33856K,   0% used [0x00000000f0000000, 0x00000000f0000000, 0x00000000f2110000)
  from space 4224K,  92% used [0x00000000f2110000, 0x00000000f24e3e78, 0x00000000f2530000)
  to   space 4224K,   0% used [0x00000000f2530000, 0x00000000f2530000, 0x00000000f2950000)
 concurrent mark-sweep generation total 84672K, used 66175K [0x00000000f5550000, 0x00000000fa800000, 0x0000000100000000)
 Metaspace       used 85452K, capacity 87004K, committed 87156K, reserved 1126400K
  class space    used 9865K, capacity 10161K, committed 10184K, reserved 1048576K
}
Event: 1430.762 GC heap before
{Heap before GC invocations=160 (full 3):
 par new generation   total 38080K, used 37775K [0x00000000f0000000, 0x00000000f2950000, 0x00000000f5550000)
  eden space 33856K, 100% used [0x00000000f0000000, 0x00000000f2110000, 0x00000000f2110000)
  from space 4224K,  92% used [0x00000000f2110000, 0x00000000f24e3e78, 0x00000000f2530000)
  to   space 4224K,   0% used [0x00000000f2530000, 0x00000000f2530000, 0x00000000f2950000)
 concurrent mark-sweep generation total 84672K, used 66175K [0x00000000f5550000, 0x00000000fa800000, 0x0000000100000000)
 Metaspace       used 85469K, capacity 87068K, committed 87156K, reserved 1126400K
  class space    used 9865K, capacity 10161K, committed 10184K, reserved 1048576K
Event: 1430.771 GC heap after
Heap after GC invocations=161 (full 3):
 par new generation   total 38080K, used 4224K [0x00000000f0000000, 0x00000000f2950000, 0x00000000f5550000)
  eden space 33856K,   0% used [0x00000000f0000000, 0x00000000f0000000, 0x00000000f2110000)
  from space 4224K, 100% used [0x00000000f2530000, 0x00000000f2950000, 0x00000000f2950000)
  to   space 4224K,   0% used [0x00000000f2110000, 0x00000000f2110000, 0x00000000f2530000)
 concurrent mark-sweep generation total 84672K, used 66332K [0x00000000f5550000, 0x00000000fa800000, 0x0000000100000000)
 Metaspace       used 85469K, capacity 87068K, committed 87156K, reserved 1126400K
  class space    used 9865K, capacity 10161K, committed 10184K, reserved 1048576K
}
Event: 1483.610 GC heap before
{Heap before GC invocations=161 (full 3):
 par new generation   total 38080K, used 38080K [0x00000000f0000000, 0x00000000f2950000, 0x00000000f5550000)
  eden space 33856K, 100% used [0x00000000f0000000, 0x00000000f2110000, 0x00000000f2110000)
  from space 4224K, 100% used [0x00000000f2530000, 0x00000000f2950000, 0x00000000f2950000)
  to   space 4224K,   0% used [0x00000000f2110000, 0x00000000f2110000, 0x00000000f2530000)
 concurrent mark-sweep generation total 84672K, used 66332K [0x00000000f5550000, 0x00000000fa800000, 0x0000000100000000)
 Metaspace       used 85493K, capacity 87068K, committed 87156K, reserved 1126400K
  class space    used 9865K, capacity 10161K, committed 10184K, reserved 1048576K
Event: 1483.619 GC heap after
Heap after GC invocations=162 (full 3):
 par new generation   total 38080K, used 4224K [0x00000000f0000000, 0x00000000f2950000, 0x00000000f5550000)
  eden space 33856K,   0% used [0x00000000f0000000, 0x00000000f0000000, 0x00000000f2110000)
  from space 4224K, 100% used [0x00000000f2110000, 0x00000000f2530000, 0x00000000f2530000)
  to   space 4224K,   0% used [0x00000000f2530000, 0x00000000f2530000, 0x00000000f2950000)
 concurrent mark-sweep generation total 84672K, used 66528K [0x00000000f5550000, 0x00000000fa800000, 0x0000000100000000)
 Metaspace       used 85493K, capacity 87068K, committed 87156K, reserved 1126400K
  class space    used 9865K, capacity 10161K, committed 10184K, reserved 1048576K
}
Event: 1527.026 GC heap before
{Heap before GC invocations=162 (full 3):
 par new generation   total 38080K, used 38080K [0x00000000f0000000, 0x00000000f2950000, 0x00000000f5550000)
  eden space 33856K, 100% used [0x00000000f0000000, 0x00000000f2110000, 0x00000000f2110000)
  from space 4224K, 100% used [0x00000000f2110000, 0x00000000f2530000, 0x00000000f2530000)
  to   space 4224K,   0% used [0x00000000f2530000, 0x00000000f2530000, 0x00000000f2950000)
 concurrent mark-sweep generation total 84672K, used 66528K [0x00000000f5550000, 0x00000000fa800000, 0x0000000100000000)
 Metaspace       used 85539K, capacity 87132K, committed 87412K, reserved 1126400K
  class space    used 9865K, capacity 10161K, committed 10184K, reserved 1048576K
Event: 1527.035 GC heap after
Heap after GC invocations=163 (full 3):
 par new generation   total 38080K, used 4180K [0x00000000f0000000, 0x00000000f2950000, 0x00000000f5550000)
  eden space 33856K,   0% used [0x00000000f0000000, 0x00000000f0000000, 0x00000000f2110000)
  from space 4224K,  98% used [0x00000000f2530000, 0x00000000f2945298, 0x00000000f2950000)
  to   space 4224K,   0% used [0x00000000f2110000, 0x00000000f2110000, 0x00000000f2530000)
 concurrent mark-sweep generation total 84672K, used 66662K [0x00000000f5550000, 0x00000000fa800000, 0x0000000100000000)
 Metaspace       used 85539K, capacity 87132K, committed 87412K, reserved 1126400K
  class space    used 9865K, capacity 10161K, committed 10184K, reserved 1048576K
}

