# JRE version: OpenJDK Runtime Environment (8.0_144-b01) (build 1.8.0_144-b01)
# Java VM: OpenJDK 64-Bit Server VM (25.144-b01 mixed mode linux-amd64 compressed oops)
Heap:
 par new generation   total 38080K, used 31631K [0x00000000f0000000, 0x00000000f2950000, 0x00000000f5550000)
  eden space 33856K,  80% used [0x00000000f0000000, 0x00000000f1ac6d28, 0x00000000f2110000)
  from space 4224K,  99% used [0x00000000f2110000, 0x00000000f252d080, 0x00000000f2530000)
  to   space 4224K,   0% used [0x00000000f2530000, 0x00000000f2530000, 0x00000000f2950000)
 concurrent mark-sweep generation total 86976K, used 73619K [0x00000000f5550000, 0x00000000faa40000, 0x0000000100000000)
 Metaspace       used 85187K, capacity 86554K, committed 86900K, reserved 1126400K
  class space    used 9818K, capacity 10070K, committed 10152K, reserved 1048576K
GC Heap History (10 events):
Event: 3298.719 GC heap before
{Heap before GC invocations=207 (full 4):
 par new generation   total 38080K, used 38079K [0x00000000f0000000, 0x00000000f2950000, 0x00000000f5550000)
  eden space 33856K, 100% used [0x00000000f0000000, 0x00000000f2110000, 0x00000000f2110000)
  from space 4224K,  99% used [0x00000000f2530000, 0x00000000f294fff8, 0x00000000f2950000)
  to   space 4224K,   0% used [0x00000000f2110000, 0x00000000f2110000, 0x00000000f2530000)
 concurrent mark-sweep generation total 86016K, used 71772K [0x00000000f5550000, 0x00000000fa950000, 0x0000000100000000)
 Metaspace       used 85092K, capacity 86466K, committed 86900K, reserved 1126400K
  class space    used 9816K, capacity 10066K, committed 10152K, reserved 1048576K
Event: 3298.726 GC heap after
Heap after GC invocations=208 (full 4):
 par new generation   total 38080K, used 4110K [0x00000000f0000000, 0x00000000f2950000, 0x00000000f5550000)
  eden space 33856K,   0% used [0x00000000f0000000, 0x00000000f0000000, 0x00000000f2110000)
  from space 4224K,  97% used [0x00000000f2110000, 0x00000000f25138c8, 0x00000000f2530000)
  to   space 4224K,   0% used [0x00000000f2530000, 0x00000000f2530000, 0x00000000f2950000)
 concurrent mark-sweep generation total 86208K, used 71871K [0x00000000f5550000, 0x00000000fa980000, 0x0000000100000000)
 Metaspace       used 85092K, capacity 86466K, committed 86900K, reserved 1126400K
  class space    used 9816K, capacity 10066K, committed 10152K, reserved 1048576K
}
Event: 3339.059 GC heap before
{Heap before GC invocations=208 (full 4):
 par new generation   total 38080K, used 37966K [0x00000000f0000000, 0x00000000f2950000, 0x00000000f5550000)
  eden space 33856K, 100% used [0x00000000f0000000, 0x00000000f2110000, 0x00000000f2110000)
  from space 4224K,  97% used [0x00000000f2110000, 0x00000000f25138c8, 0x00000000f2530000)
  to   space 4224K,   0% used [0x00000000f2530000, 0x00000000f2530000, 0x00000000f2950000)
 concurrent mark-sweep generation total 86208K, used 71871K [0x00000000f5550000, 0x00000000fa980000, 0x0000000100000000)
 Metaspace       used 85093K, capacity 86466K, committed 86900K, reserved 1126400K
  class space    used 9816K, capacity 10066K, committed 10152K, reserved 1048576K
Event: 3339.069 GC heap after
Heap after GC invocations=209 (full 4):
 par new generation   total 38080K, used 4224K [0x00000000f0000000, 0x00000000f2950000, 0x00000000f5550000)
  eden space 33856K,   0% used [0x00000000f0000000, 0x00000000f0000000, 0x00000000f2110000)
  from space 4224K, 100% used [0x00000000f2530000, 0x00000000f2950000, 0x00000000f2950000)
  to   space 4224K,   0% used [0x00000000f2110000, 0x00000000f2110000, 0x00000000f2530000)
 concurrent mark-sweep generation total 86400K, used 72693K [0x00000000f5550000, 0x00000000fa9b0000, 0x0000000100000000)
 Metaspace       used 85093K, capacity 86466K, committed 86900K, reserved 1126400K
  class space    used 9816K, capacity 10066K, committed 10152K, reserved 1048576K
}
Event: 3373.477 GC heap before
{Heap before GC invocations=209 (full 4):
 par new generation   total 38080K, used 38080K [0x00000000f0000000, 0x00000000f2950000, 0x00000000f5550000)
  eden space 33856K, 100% used [0x00000000f0000000, 0x00000000f2110000, 0x00000000f2110000)
  from space 4224K, 100% used [0x00000000f2530000, 0x00000000f2950000, 0x00000000f2950000)
  to   space 4224K,   0% used [0x00000000f2110000, 0x00000000f2110000, 0x00000000f2530000)
 concurrent mark-sweep generation total 86400K, used 72693K [0x00000000f5550000, 0x00000000fa9b0000, 0x0000000100000000)
 Metaspace       used 85103K, capacity 86466K, committed 86900K, reserved 1126400K
  class space    used 9816K, capacity 10066K, committed 10152K, reserved 1048576K
Event: 3373.487 GC heap after
Heap after GC invocations=210 (full 4):
 par new generation   total 38080K, used 4223K [0x00000000f0000000, 0x00000000f2950000, 0x00000000f5550000)
  eden space 33856K,   0% used [0x00000000f0000000, 0x00000000f0000000, 0x00000000f2110000)
  from space 4224K,  99% used [0x00000000f2110000, 0x00000000f252fff8, 0x00000000f2530000)
  to   space 4224K,   0% used [0x00000000f2530000, 0x00000000f2530000, 0x00000000f2950000)
 concurrent mark-sweep generation total 86592K, used 73098K [0x00000000f5550000, 0x00000000fa9e0000, 0x0000000100000000)
 Metaspace       used 85103K, capacity 86466K, committed 86900K, reserved 1126400K
  class space    used 9816K, capacity 10066K, committed 10152K, reserved 1048576K
}
Event: 3395.294 GC heap before
{Heap before GC invocations=210 (full 4):
 par new generation   total 38080K, used 38079K [0x00000000f0000000, 0x00000000f2950000, 0x00000000f5550000)
  eden space 33856K, 100% used [0x00000000f0000000, 0x00000000f2110000, 0x00000000f2110000)
  from space 4224K,  99% used [0x00000000f2110000, 0x00000000f252fff8, 0x00000000f2530000)
  to   space 4224K,   0% used [0x00000000f2530000, 0x00000000f2530000, 0x00000000f2950000)
 concurrent mark-sweep generation total 86592K, used 73098K [0x00000000f5550000, 0x00000000fa9e0000, 0x0000000100000000)
 Metaspace       used 85165K, capacity 86536K, committed 86900K, reserved 1126400K
  class space    used 9816K, capacity 10067K, committed 10152K, reserved 1048576K
Event: 3395.301 GC heap after
Heap after GC invocations=211 (full 4):
 par new generation   total 38080K, used 3559K [0x00000000f0000000, 0x00000000f2950000, 0x00000000f5550000)
  eden space 33856K,   0% used [0x00000000f0000000, 0x00000000f0000000, 0x00000000f2110000)
  from space 4224K,  84% used [0x00000000f2530000, 0x00000000f28a9db0, 0x00000000f2950000)
  to   space 4224K,   0% used [0x00000000f2110000, 0x00000000f2110000, 0x00000000f2530000)
 concurrent mark-sweep generation total 86784K, used 73299K [0x00000000f5550000, 0x00000000faa10000, 0x0000000100000000)
 Metaspace       used 85165K, capacity 86536K, committed 86900K, reserved 1126400K
  class space    used 9816K, capacity 10067K, committed 10152K, reserved 1048576K
}
Event: 3433.409 GC heap before
{Heap before GC invocations=211 (full 4):
 par new generation   total 38080K, used 37415K [0x00000000f0000000, 0x00000000f2950000, 0x00000000f5550000)
  eden space 33856K, 100% used [0x00000000f0000000, 0x00000000f2110000, 0x00000000f2110000)
  from space 4224K,  84% used [0x00000000f2530000, 0x00000000f28a9db0, 0x00000000f2950000)
  to   space 4224K,   0% used [0x00000000f2110000, 0x00000000f2110000, 0x00000000f2530000)
 concurrent mark-sweep generation total 86784K, used 73299K [0x00000000f5550000, 0x00000000faa10000, 0x0000000100000000)
 Metaspace       used 85183K, capacity 86554K, committed 86900K, reserved 1126400K
  class space    used 9818K, capacity 10070K, committed 10152K, reserved 1048576K
Event: 3433.417 GC heap after
Heap after GC invocations=212 (full 4):
 par new generation   total 38080K, used 4212K [0x00000000f0000000, 0x00000000f2950000, 0x00000000f5550000)
  eden space 33856K,   0% used [0x00000000f0000000, 0x00000000f0000000, 0x00000000f2110000)
  from space 4224K,  99% used [0x00000000f2110000, 0x00000000f252d080, 0x00000000f2530000)
  to   space 4224K,   0% used [0x00000000f2530000, 0x00000000f2530000, 0x00000000f2950000)
 concurrent mark-sweep generation total 86976K, used 73619K [0x00000000f5550000, 0x00000000faa40000, 0x0000000100000000)
 Metaspace       used 85183K, capacity 86554K, committed 86900K, reserved 1126400K
  class space    used 9818K, capacity 10070K, committed 10152K, reserved 1048576K
}

