# JRE version: OpenJDK Runtime Environment (8.0_144-b01) (build 1.8.0_144-b01)
# Java VM: OpenJDK 64-Bit Server VM (25.144-b01 mixed mode linux-amd64 compressed oops)
Heap:
 par new generation   total 38080K, used 33948K [0x00000000f0000000, 0x00000000f2950000, 0x00000000f5550000)
  eden space 33856K,  87% used [0x00000000f0000000, 0x00000000f1d071a0, 0x00000000f2110000)
  from space 4224K, 100% used [0x00000000f2530000, 0x00000000f2950000, 0x00000000f2950000)
  to   space 4224K,   0% used [0x00000000f2110000, 0x00000000f2110000, 0x00000000f2530000)
 concurrent mark-sweep generation total 101760K, used 66621K [0x00000000f5550000, 0x00000000fb8b0000, 0x0000000100000000)
 Metaspace       used 87523K, capacity 88896K, committed 89280K, reserved 1128448K
  class space    used 9808K, capacity 10092K, committed 10236K, reserved 1048576K
GC Heap History (10 events):
Event: 30443.333 GC heap before
{Heap before GC invocations=978 (full 11):
 par new generation   total 38080K, used 38080K [0x00000000f0000000, 0x00000000f2950000, 0x00000000f5550000)
  eden space 33856K, 100% used [0x00000000f0000000, 0x00000000f2110000, 0x00000000f2110000)
  from space 4224K, 100% used [0x00000000f2110000, 0x00000000f2530000, 0x00000000f2530000)
  to   space 4224K,   0% used [0x00000000f2530000, 0x00000000f2530000, 0x00000000f2950000)
 concurrent mark-sweep generation total 101760K, used 62779K [0x00000000f5550000, 0x00000000fb8b0000, 0x0000000100000000)
 Metaspace       used 87518K, capacity 88896K, committed 89280K, reserved 1128448K
  class space    used 9808K, capacity 10092K, committed 10236K, reserved 1048576K
Event: 30443.344 GC heap after
Heap after GC invocations=979 (full 11):
 par new generation   total 38080K, used 4223K [0x00000000f0000000, 0x00000000f2950000, 0x00000000f5550000)
  eden space 33856K,   0% used [0x00000000f0000000, 0x00000000f0000000, 0x00000000f2110000)
  from space 4224K,  99% used [0x00000000f2530000, 0x00000000f294fff8, 0x00000000f2950000)
  to   space 4224K,   0% used [0x00000000f2110000, 0x00000000f2110000, 0x00000000f2530000)
 concurrent mark-sweep generation total 101760K, used 63781K [0x00000000f5550000, 0x00000000fb8b0000, 0x0000000100000000)
 Metaspace       used 87518K, capacity 88896K, committed 89280K, reserved 1128448K
  class space    used 9808K, capacity 10092K, committed 10236K, reserved 1048576K
}
Event: 30479.278 GC heap before
{Heap before GC invocations=979 (full 11):
 par new generation   total 38080K, used 38079K [0x00000000f0000000, 0x00000000f2950000, 0x00000000f5550000)
  eden space 33856K, 100% used [0x00000000f0000000, 0x00000000f2110000, 0x00000000f2110000)
  from space 4224K,  99% used [0x00000000f2530000, 0x00000000f294fff8, 0x00000000f2950000)
  to   space 4224K,   0% used [0x00000000f2110000, 0x00000000f2110000, 0x00000000f2530000)
 concurrent mark-sweep generation total 101760K, used 63781K [0x00000000f5550000, 0x00000000fb8b0000, 0x0000000100000000)
 Metaspace       used 87518K, capacity 88896K, committed 89280K, reserved 1128448K
  class space    used 9808K, capacity 10092K, committed 10236K, reserved 1048576K
Event: 30479.288 GC heap after
Heap after GC invocations=980 (full 11):
 par new generation   total 38080K, used 4224K [0x00000000f0000000, 0x00000000f2950000, 0x00000000f5550000)
  eden space 33856K,   0% used [0x00000000f0000000, 0x00000000f0000000, 0x00000000f2110000)
  from space 4224K, 100% used [0x00000000f2110000, 0x00000000f2530000, 0x00000000f2530000)
  to   space 4224K,   0% used [0x00000000f2530000, 0x00000000f2530000, 0x00000000f2950000)
 concurrent mark-sweep generation total 101760K, used 64509K [0x00000000f5550000, 0x00000000fb8b0000, 0x0000000100000000)
 Metaspace       used 87518K, capacity 88896K, committed 89280K, reserved 1128448K
  class space    used 9808K, capacity 10092K, committed 10236K, reserved 1048576K
}
Event: 30515.479 GC heap before
{Heap before GC invocations=980 (full 11):
 par new generation   total 38080K, used 38080K [0x00000000f0000000, 0x00000000f2950000, 0x00000000f5550000)
  eden space 33856K, 100% used [0x00000000f0000000, 0x00000000f2110000, 0x00000000f2110000)
  from space 4224K, 100% used [0x00000000f2110000, 0x00000000f2530000, 0x00000000f2530000)
  to   space 4224K,   0% used [0x00000000f2530000, 0x00000000f2530000, 0x00000000f2950000)
 concurrent mark-sweep generation total 101760K, used 64509K [0x00000000f5550000, 0x00000000fb8b0000, 0x0000000100000000)
 Metaspace       used 87518K, capacity 88896K, committed 89280K, reserved 1128448K
  class space    used 9808K, capacity 10092K, committed 10236K, reserved 1048576K
Event: 30515.489 GC heap after
Heap after GC invocations=981 (full 11):
 par new generation   total 38080K, used 4224K [0x00000000f0000000, 0x00000000f2950000, 0x00000000f5550000)
  eden space 33856K,   0% used [0x00000000f0000000, 0x00000000f0000000, 0x00000000f2110000)
  from space 4224K, 100% used [0x00000000f2530000, 0x00000000f2950000, 0x00000000f2950000)
  to   space 4224K,   0% used [0x00000000f2110000, 0x00000000f2110000, 0x00000000f2530000)
 concurrent mark-sweep generation total 101760K, used 65380K [0x00000000f5550000, 0x00000000fb8b0000, 0x0000000100000000)
 Metaspace       used 87518K, capacity 88896K, committed 89280K, reserved 1128448K
  class space    used 9808K, capacity 10092K, committed 10236K, reserved 1048576K
}
Event: 30551.539 GC heap before
{Heap before GC invocations=981 (full 11):
 par new generation   total 38080K, used 38080K [0x00000000f0000000, 0x00000000f2950000, 0x00000000f5550000)
  eden space 33856K, 100% used [0x00000000f0000000, 0x00000000f2110000, 0x00000000f2110000)
  from space 4224K, 100% used [0x00000000f2530000, 0x00000000f2950000, 0x00000000f2950000)
  to   space 4224K,   0% used [0x00000000f2110000, 0x00000000f2110000, 0x00000000f2530000)
 concurrent mark-sweep generation total 101760K, used 65380K [0x00000000f5550000, 0x00000000fb8b0000, 0x0000000100000000)
 Metaspace       used 87518K, capacity 88896K, committed 89280K, reserved 1128448K
  class space    used 9808K, capacity 10092K, committed 10236K, reserved 1048576K
Event: 30551.549 GC heap after
Heap after GC invocations=982 (full 11):
 par new generation   total 38080K, used 4224K [0x00000000f0000000, 0x00000000f2950000, 0x00000000f5550000)
  eden space 33856K,   0% used [0x00000000f0000000, 0x00000000f0000000, 0x00000000f2110000)
  from space 4224K, 100% used [0x00000000f2110000, 0x00000000f2530000, 0x00000000f2530000)
  to   space 4224K,   0% used [0x00000000f2530000, 0x00000000f2530000, 0x00000000f2950000)
 concurrent mark-sweep generation total 101760K, used 66195K [0x00000000f5550000, 0x00000000fb8b0000, 0x0000000100000000)
 Metaspace       used 87518K, capacity 88896K, committed 89280K, reserved 1128448K
  class space    used 9808K, capacity 10092K, committed 10236K, reserved 1048576K
}
Event: 30587.340 GC heap before
{Heap before GC invocations=982 (full 11):
 par new generation   total 38080K, used 38070K [0x00000000f0000000, 0x00000000f2950000, 0x00000000f5550000)
  eden space 33856K,  99% used [0x00000000f0000000, 0x00000000f210d9c8, 0x00000000f2110000)
  from space 4224K, 100% used [0x00000000f2110000, 0x00000000f2530000, 0x00000000f2530000)
  to   space 4224K,   0% used [0x00000000f2530000, 0x00000000f2530000, 0x00000000f2950000)
 concurrent mark-sweep generation total 101760K, used 66195K [0x00000000f5550000, 0x00000000fb8b0000, 0x0000000100000000)
 Metaspace       used 87518K, capacity 88896K, committed 89280K, reserved 1128448K
  class space    used 9808K, capacity 10092K, committed 10236K, reserved 1048576K
Event: 30587.350 GC heap after
Heap after GC invocations=983 (full 11):
 par new generation   total 38080K, used 4224K [0x00000000f0000000, 0x00000000f2950000, 0x00000000f5550000)
  eden space 33856K,   0% used [0x00000000f0000000, 0x00000000f0000000, 0x00000000f2110000)
  from space 4224K, 100% used [0x00000000f2530000, 0x00000000f2950000, 0x00000000f2950000)
  to   space 4224K,   0% used [0x00000000f2110000, 0x00000000f2110000, 0x00000000f2530000)
 concurrent mark-sweep generation total 101760K, used 66621K [0x00000000f5550000, 0x00000000fb8b0000, 0x0000000100000000)
 Metaspace       used 87518K, capacity 88896K, committed 89280K, reserved 1128448K
  class space    used 9808K, capacity 10092K, committed 10236K, reserved 1048576K
}

