# JRE version: OpenJDK Runtime Environment (8.0_144-b01) (build 1.8.0_144-b01)
# Java VM: OpenJDK 64-Bit Server VM (25.144-b01 mixed mode linux-amd64 compressed oops)
Heap:
 par new generation   total 38080K, used 36279K [0x00000000f0000000, 0x00000000f2950000, 0x00000000f5550000)
  eden space 33856K,  94% used [0x00000000f0000000, 0x00000000f1f563b0, 0x00000000f2110000)
  from space 4224K,  99% used [0x00000000f2110000, 0x00000000f2527970, 0x00000000f2530000)
  to   space 4224K,   0% used [0x00000000f2530000, 0x00000000f2530000, 0x00000000f2950000)
 concurrent mark-sweep generation total 84672K, used 61417K [0x00000000f5550000, 0x00000000fa800000, 0x0000000100000000)
 Metaspace       used 83568K, capacity 84988K, committed 85192K, reserved 1124352K
  class space    used 9818K, capacity 10097K, committed 10184K, reserved 1048576K
GC Heap History (10 events):
Event: 318.421 GC heap before
{Heap before GC invocations=127 (full 3):
 par new generation   total 38080K, used 38080K [0x00000000f0000000, 0x00000000f2950000, 0x00000000f5550000)
  eden space 33856K, 100% used [0x00000000f0000000, 0x00000000f2110000, 0x00000000f2110000)
  from space 4224K, 100% used [0x00000000f2530000, 0x00000000f2950000, 0x00000000f2950000)
  to   space 4224K,   0% used [0x00000000f2110000, 0x00000000f2110000, 0x00000000f2530000)
 concurrent mark-sweep generation total 84672K, used 60413K [0x00000000f5550000, 0x00000000fa800000, 0x0000000100000000)
 Metaspace       used 82965K, capacity 84366K, committed 84680K, reserved 1124352K
  class space    used 9804K, capacity 10078K, committed 10184K, reserved 1048576K
Event: 318.428 GC heap after
Heap after GC invocations=128 (full 3):
 par new generation   total 38080K, used 3268K [0x00000000f0000000, 0x00000000f2950000, 0x00000000f5550000)
  eden space 33856K,   0% used [0x00000000f0000000, 0x00000000f0000000, 0x00000000f2110000)
  from space 4224K,  77% used [0x00000000f2110000, 0x00000000f24411b8, 0x00000000f2530000)
  to   space 4224K,   0% used [0x00000000f2530000, 0x00000000f2530000, 0x00000000f2950000)
 concurrent mark-sweep generation total 84672K, used 60672K [0x00000000f5550000, 0x00000000fa800000, 0x0000000100000000)
 Metaspace       used 82965K, capacity 84366K, committed 84680K, reserved 1124352K
  class space    used 9804K, capacity 10078K, committed 10184K, reserved 1048576K
}
Event: 348.824 GC heap before
{Heap before GC invocations=128 (full 3):
 par new generation   total 38080K, used 37124K [0x00000000f0000000, 0x00000000f2950000, 0x00000000f5550000)
  eden space 33856K, 100% used [0x00000000f0000000, 0x00000000f2110000, 0x00000000f2110000)
  from space 4224K,  77% used [0x00000000f2110000, 0x00000000f24411b8, 0x00000000f2530000)
  to   space 4224K,   0% used [0x00000000f2530000, 0x00000000f2530000, 0x00000000f2950000)
 concurrent mark-sweep generation total 84672K, used 60672K [0x00000000f5550000, 0x00000000fa800000, 0x0000000100000000)
 Metaspace       used 83192K, capacity 84696K, committed 84936K, reserved 1124352K
  class space    used 9814K, capacity 10091K, committed 10184K, reserved 1048576K
Event: 348.830 GC heap after
Heap after GC invocations=129 (full 3):
 par new generation   total 38080K, used 2496K [0x00000000f0000000, 0x00000000f2950000, 0x00000000f5550000)
  eden space 33856K,   0% used [0x00000000f0000000, 0x00000000f0000000, 0x00000000f2110000)
  from space 4224K,  59% used [0x00000000f2530000, 0x00000000f27a0298, 0x00000000f2950000)
  to   space 4224K,   0% used [0x00000000f2110000, 0x00000000f2110000, 0x00000000f2530000)
 concurrent mark-sweep generation total 84672K, used 60907K [0x00000000f5550000, 0x00000000fa800000, 0x0000000100000000)
 Metaspace       used 83192K, capacity 84696K, committed 84936K, reserved 1124352K
  class space    used 9814K, capacity 10091K, committed 10184K, reserved 1048576K
}
Event: 391.037 GC heap before
{Heap before GC invocations=129 (full 3):
 par new generation   total 38080K, used 36352K [0x00000000f0000000, 0x00000000f2950000, 0x00000000f5550000)
  eden space 33856K, 100% used [0x00000000f0000000, 0x00000000f2110000, 0x00000000f2110000)
  from space 4224K,  59% used [0x00000000f2530000, 0x00000000f27a0298, 0x00000000f2950000)
  to   space 4224K,   0% used [0x00000000f2110000, 0x00000000f2110000, 0x00000000f2530000)
 concurrent mark-sweep generation total 84672K, used 60907K [0x00000000f5550000, 0x00000000fa800000, 0x0000000100000000)
 Metaspace       used 83284K, capacity 84714K, committed 84936K, reserved 1124352K
  class space    used 9816K, capacity 10094K, committed 10184K, reserved 1048576K
Event: 391.044 GC heap after
Heap after GC invocations=130 (full 3):
 par new generation   total 38080K, used 3374K [0x00000000f0000000, 0x00000000f2950000, 0x00000000f5550000)
  eden space 33856K,   0% used [0x00000000f0000000, 0x00000000f0000000, 0x00000000f2110000)
  from space 4224K,  79% used [0x00000000f2110000, 0x00000000f245ba68, 0x00000000f2530000)
  to   space 4224K,   0% used [0x00000000f2530000, 0x00000000f2530000, 0x00000000f2950000)
 concurrent mark-sweep generation total 84672K, used 61331K [0x00000000f5550000, 0x00000000fa800000, 0x0000000100000000)
 Metaspace       used 83284K, capacity 84714K, committed 84936K, reserved 1124352K
  class space    used 9816K, capacity 10094K, committed 10184K, reserved 1048576K
}
Event: 441.245 GC heap before
{Heap before GC invocations=130 (full 3):
 par new generation   total 38080K, used 37229K [0x00000000f0000000, 0x00000000f2950000, 0x00000000f5550000)
  eden space 33856K,  99% used [0x00000000f0000000, 0x00000000f210fc50, 0x00000000f2110000)
  from space 4224K,  79% used [0x00000000f2110000, 0x00000000f245ba68, 0x00000000f2530000)
  to   space 4224K,   0% used [0x00000000f2530000, 0x00000000f2530000, 0x00000000f2950000)
 concurrent mark-sweep generation total 84672K, used 61331K [0x00000000f5550000, 0x00000000fa800000, 0x0000000100000000)
 Metaspace       used 83345K, capacity 84778K, committed 84936K, reserved 1124352K
  class space    used 9816K, capacity 10094K, committed 10184K, reserved 1048576K
Event: 441.254 GC heap after
Heap after GC invocations=131 (full 3):
 par new generation   total 38080K, used 4224K [0x00000000f0000000, 0x00000000f2950000, 0x00000000f5550000)
  eden space 33856K,   0% used [0x00000000f0000000, 0x00000000f0000000, 0x00000000f2110000)
  from space 4224K, 100% used [0x00000000f2530000, 0x00000000f2950000, 0x00000000f2950000)
  to   space 4224K,   0% used [0x00000000f2110000, 0x00000000f2110000, 0x00000000f2530000)
 concurrent mark-sweep generation total 84672K, used 61390K [0x00000000f5550000, 0x00000000fa800000, 0x0000000100000000)
 Metaspace       used 83345K, capacity 84778K, committed 84936K, reserved 1124352K
  class space    used 9816K, capacity 10094K, committed 10184K, reserved 1048576K
}
Event: 501.462 GC heap before
{Heap before GC invocations=131 (full 3):
 par new generation   total 38080K, used 38080K [0x00000000f0000000, 0x00000000f2950000, 0x00000000f5550000)
  eden space 33856K, 100% used [0x00000000f0000000, 0x00000000f2110000, 0x00000000f2110000)
  from space 4224K, 100% used [0x00000000f2530000, 0x00000000f2950000, 0x00000000f2950000)
  to   space 4224K,   0% used [0x00000000f2110000, 0x00000000f2110000, 0x00000000f2530000)
 concurrent mark-sweep generation total 84672K, used 61390K [0x00000000f5550000, 0x00000000fa800000, 0x0000000100000000)
 Metaspace       used 83432K, capacity 84906K, committed 85192K, reserved 1124352K
  class space    used 9816K, capacity 10094K, committed 10184K, reserved 1048576K
Event: 501.471 GC heap after
Heap after GC invocations=132 (full 3):
 par new generation   total 38080K, used 4190K [0x00000000f0000000, 0x00000000f2950000, 0x00000000f5550000)
  eden space 33856K,   0% used [0x00000000f0000000, 0x00000000f0000000, 0x00000000f2110000)
  from space 4224K,  99% used [0x00000000f2110000, 0x00000000f2527970, 0x00000000f2530000)
  to   space 4224K,   0% used [0x00000000f2530000, 0x00000000f2530000, 0x00000000f2950000)
 concurrent mark-sweep generation total 84672K, used 61417K [0x00000000f5550000, 0x00000000fa800000, 0x0000000100000000)
 Metaspace       used 83432K, capacity 84906K, committed 85192K, reserved 1124352K
  class space    used 9816K, capacity 10094K, committed 10184K, reserved 1048576K
}

