# JRE version: OpenJDK Runtime Environment (8.0_144-b01) (build 1.8.0_144-b01)
# Java VM: OpenJDK 64-Bit Server VM (25.144-b01 mixed mode linux-amd64 compressed oops)
Heap:
 par new generation   total 38080K, used 16142K [0x00000000f0000000, 0x00000000f2950000, 0x00000000f5550000)
  eden space 33856K,  35% used [0x00000000f0000000, 0x00000000f0ba3af8, 0x00000000f2110000)
  from space 4224K, 100% used [0x00000000f2530000, 0x00000000f2950000, 0x00000000f2950000)
  to   space 4224K,   0% used [0x00000000f2110000, 0x00000000f2110000, 0x00000000f2530000)
 concurrent mark-sweep generation total 84672K, used 66947K [0x00000000f5550000, 0x00000000fa800000, 0x0000000100000000)
 Metaspace       used 88205K, capacity 89520K, committed 90084K, reserved 1128448K
  class space    used 9829K, capacity 10108K, committed 10260K, reserved 1048576K
GC Heap History (10 events):
Event: 23418.034 GC heap before
{Heap before GC invocations=548 (full 4):
 par new generation   total 38080K, used 36427K [0x00000000f0000000, 0x00000000f2950000, 0x00000000f5550000)
  eden space 33856K, 100% used [0x00000000f0000000, 0x00000000f2110000, 0x00000000f2110000)
  from space 4224K,  60% used [0x00000000f2110000, 0x00000000f2392c48, 0x00000000f2530000)
  to   space 4224K,   0% used [0x00000000f2530000, 0x00000000f2530000, 0x00000000f2950000)
 concurrent mark-sweep generation total 84672K, used 65300K [0x00000000f5550000, 0x00000000fa800000, 0x0000000100000000)
 Metaspace       used 88182K, capacity 89520K, committed 90084K, reserved 1128448K
  class space    used 9828K, capacity 10108K, committed 10260K, reserved 1048576K
Event: 23418.039 GC heap after
Heap after GC invocations=549 (full 4):
 par new generation   total 38080K, used 2311K [0x00000000f0000000, 0x00000000f2950000, 0x00000000f5550000)
  eden space 33856K,   0% used [0x00000000f0000000, 0x00000000f0000000, 0x00000000f2110000)
  from space 4224K,  54% used [0x00000000f2530000, 0x00000000f2771d98, 0x00000000f2950000)
  to   space 4224K,   0% used [0x00000000f2110000, 0x00000000f2110000, 0x00000000f2530000)
 concurrent mark-sweep generation total 84672K, used 65301K [0x00000000f5550000, 0x00000000fa800000, 0x0000000100000000)
 Metaspace       used 88182K, capacity 89520K, committed 90084K, reserved 1128448K
  class space    used 9828K, capacity 10108K, committed 10260K, reserved 1048576K
}
Event: 23509.319 GC heap before
{Heap before GC invocations=549 (full 4):
 par new generation   total 38080K, used 36167K [0x00000000f0000000, 0x00000000f2950000, 0x00000000f5550000)
  eden space 33856K, 100% used [0x00000000f0000000, 0x00000000f2110000, 0x00000000f2110000)
  from space 4224K,  54% used [0x00000000f2530000, 0x00000000f2771d98, 0x00000000f2950000)
  to   space 4224K,   0% used [0x00000000f2110000, 0x00000000f2110000, 0x00000000f2530000)
 concurrent mark-sweep generation total 84672K, used 65301K [0x00000000f5550000, 0x00000000fa800000, 0x0000000100000000)
 Metaspace       used 88182K, capacity 89520K, committed 90084K, reserved 1128448K
  class space    used 9828K, capacity 10108K, committed 10260K, reserved 1048576K
Event: 23509.327 GC heap after
Heap after GC invocations=550 (full 4):
 par new generation   total 38080K, used 3867K [0x00000000f0000000, 0x00000000f2950000, 0x00000000f5550000)
  eden space 33856K,   0% used [0x00000000f0000000, 0x00000000f0000000, 0x00000000f2110000)
  from space 4224K,  91% used [0x00000000f2110000, 0x00000000f24d6f68, 0x00000000f2530000)
  to   space 4224K,   0% used [0x00000000f2530000, 0x00000000f2530000, 0x00000000f2950000)
 concurrent mark-sweep generation total 84672K, used 65416K [0x00000000f5550000, 0x00000000fa800000, 0x0000000100000000)
 Metaspace       used 88182K, capacity 89520K, committed 90084K, reserved 1128448K
  class space    used 9828K, capacity 10108K, committed 10260K, reserved 1048576K
}
Event: 23584.802 GC heap before
{Heap before GC invocations=550 (full 4):
 par new generation   total 38080K, used 37723K [0x00000000f0000000, 0x00000000f2950000, 0x00000000f5550000)
  eden space 33856K, 100% used [0x00000000f0000000, 0x00000000f2110000, 0x00000000f2110000)
  from space 4224K,  91% used [0x00000000f2110000, 0x00000000f24d6f68, 0x00000000f2530000)
  to   space 4224K,   0% used [0x00000000f2530000, 0x00000000f2530000, 0x00000000f2950000)
 concurrent mark-sweep generation total 84672K, used 65416K [0x00000000f5550000, 0x00000000fa800000, 0x0000000100000000)
 Metaspace       used 88196K, capacity 89520K, committed 90084K, reserved 1128448K
  class space    used 9828K, capacity 10108K, committed 10260K, reserved 1048576K
Event: 23584.812 GC heap after
Heap after GC invocations=551 (full 4):
 par new generation   total 38080K, used 4019K [0x00000000f0000000, 0x00000000f2950000, 0x00000000f5550000)
  eden space 33856K,   0% used [0x00000000f0000000, 0x00000000f0000000, 0x00000000f2110000)
  from space 4224K,  95% used [0x00000000f2530000, 0x00000000f291cd70, 0x00000000f2950000)
  to   space 4224K,   0% used [0x00000000f2110000, 0x00000000f2110000, 0x00000000f2530000)
 concurrent mark-sweep generation total 84672K, used 65451K [0x00000000f5550000, 0x00000000fa800000, 0x0000000100000000)
 Metaspace       used 88196K, capacity 89520K, committed 90084K, reserved 1128448K
  class space    used 9828K, capacity 10108K, committed 10260K, reserved 1048576K
}
Event: 23697.916 GC heap before
{Heap before GC invocations=551 (full 4):
 par new generation   total 38080K, used 37875K [0x00000000f0000000, 0x00000000f2950000, 0x00000000f5550000)
  eden space 33856K, 100% used [0x00000000f0000000, 0x00000000f2110000, 0x00000000f2110000)
  from space 4224K,  95% used [0x00000000f2530000, 0x00000000f291cd70, 0x00000000f2950000)
  to   space 4224K,   0% used [0x00000000f2110000, 0x00000000f2110000, 0x00000000f2530000)
 concurrent mark-sweep generation total 84672K, used 65451K [0x00000000f5550000, 0x00000000fa800000, 0x0000000100000000)
 Metaspace       used 88196K, capacity 89520K, committed 90084K, reserved 1128448K
  class space    used 9828K, capacity 10108K, committed 10260K, reserved 1048576K
Event: 23697.924 GC heap after
Heap after GC invocations=552 (full 4):
 par new generation   total 38080K, used 3802K [0x00000000f0000000, 0x00000000f2950000, 0x00000000f5550000)
  eden space 33856K,   0% used [0x00000000f0000000, 0x00000000f0000000, 0x00000000f2110000)
  from space 4224K,  90% used [0x00000000f2110000, 0x00000000f24c68e0, 0x00000000f2530000)
  to   space 4224K,   0% used [0x00000000f2530000, 0x00000000f2530000, 0x00000000f2950000)
 concurrent mark-sweep generation total 84672K, used 65572K [0x00000000f5550000, 0x00000000fa800000, 0x0000000100000000)
 Metaspace       used 88196K, capacity 89520K, committed 90084K, reserved 1128448K
  class space    used 9828K, capacity 10108K, committed 10260K, reserved 1048576K
}
Event: 23884.145 GC heap before
{Heap before GC invocations=552 (full 4):
 par new generation   total 38080K, used 37658K [0x00000000f0000000, 0x00000000f2950000, 0x00000000f5550000)
  eden space 33856K, 100% used [0x00000000f0000000, 0x00000000f2110000, 0x00000000f2110000)
  from space 4224K,  90% used [0x00000000f2110000, 0x00000000f24c68e0, 0x00000000f2530000)
  to   space 4224K,   0% used [0x00000000f2530000, 0x00000000f2530000, 0x00000000f2950000)
 concurrent mark-sweep generation total 84672K, used 65572K [0x00000000f5550000, 0x00000000fa800000, 0x0000000100000000)
 Metaspace       used 88201K, capacity 89520K, committed 90084K, reserved 1128448K
  class space    used 9828K, capacity 10108K, committed 10260K, reserved 1048576K
Event: 23884.164 GC heap after
Heap after GC invocations=553 (full 4):
 par new generation   total 38080K, used 4224K [0x00000000f0000000, 0x00000000f2950000, 0x00000000f5550000)
  eden space 33856K,   0% used [0x00000000f0000000, 0x00000000f0000000, 0x00000000f2110000)
  from space 4224K, 100% used [0x00000000f2530000, 0x00000000f2950000, 0x00000000f2950000)
  to   space 4224K,   0% used [0x00000000f2110000, 0x00000000f2110000, 0x00000000f2530000)
 concurrent mark-sweep generation total 84672K, used 66947K [0x00000000f5550000, 0x00000000fa800000, 0x0000000100000000)
 Metaspace       used 88201K, capacity 89520K, committed 90084K, reserved 1128448K
  class space    used 9828K, capacity 10108K, committed 10260K, reserved 1048576K
}

