# JRE version: OpenJDK Runtime Environment (8.0_144-b01) (build 1.8.0_144-b01)
# Java VM: OpenJDK 64-Bit Server VM (25.144-b01 mixed mode linux-amd64 compressed oops)
Heap:
 par new generation   total 38080K, used 34876K [0x00000000f0000000, 0x00000000f2950000, 0x00000000f5550000)
  eden space 33856K,  96% used [0x00000000f0000000, 0x00000000f1fe1f90, 0x00000000f2110000)
  from space 4224K,  52% used [0x00000000f2530000, 0x00000000f275d2d0, 0x00000000f2950000)
  to   space 4224K,   0% used [0x00000000f2110000, 0x00000000f2110000, 0x00000000f2530000)
 concurrent mark-sweep generation total 84672K, used 62183K [0x00000000f5550000, 0x00000000fa800000, 0x0000000100000000)
 Metaspace       used 83551K, capacity 85018K, committed 85092K, reserved 1124352K
  class space    used 9780K, capacity 10079K, committed 10084K, reserved 1048576K
GC Heap History (10 events):
Event: 665.435 GC heap before
{Heap before GC invocations=132 (full 3):
 par new generation   total 38080K, used 37696K [0x00000000f0000000, 0x00000000f2950000, 0x00000000f5550000)
  eden space 33856K, 100% used [0x00000000f0000000, 0x00000000f2110000, 0x00000000f2110000)
  from space 4224K,  90% used [0x00000000f2110000, 0x00000000f24d0118, 0x00000000f2530000)
  to   space 4224K,   0% used [0x00000000f2530000, 0x00000000f2530000, 0x00000000f2950000)
 concurrent mark-sweep generation total 84672K, used 61075K [0x00000000f5550000, 0x00000000fa800000, 0x0000000100000000)
 Metaspace       used 82891K, capacity 84270K, committed 84324K, reserved 1124352K
  class space    used 9768K, capacity 10061K, committed 10084K, reserved 1048576K
Event: 665.440 GC heap after
Heap after GC invocations=133 (full 3):
 par new generation   total 38080K, used 1595K [0x00000000f0000000, 0x00000000f2950000, 0x00000000f5550000)
  eden space 33856K,   0% used [0x00000000f0000000, 0x00000000f0000000, 0x00000000f2110000)
  from space 4224K,  37% used [0x00000000f2530000, 0x00000000f26bed28, 0x00000000f2950000)
  to   space 4224K,   0% used [0x00000000f2110000, 0x00000000f2110000, 0x00000000f2530000)
 concurrent mark-sweep generation total 84672K, used 61845K [0x00000000f5550000, 0x00000000fa800000, 0x0000000100000000)
 Metaspace       used 82891K, capacity 84270K, committed 84324K, reserved 1124352K
  class space    used 9768K, capacity 10061K, committed 10084K, reserved 1048576K
}
Event: 665.640 GC heap before
{Heap before GC invocations=133 (full 3):
 par new generation   total 38080K, used 35451K [0x00000000f0000000, 0x00000000f2950000, 0x00000000f5550000)
  eden space 33856K, 100% used [0x00000000f0000000, 0x00000000f2110000, 0x00000000f2110000)
  from space 4224K,  37% used [0x00000000f2530000, 0x00000000f26bed28, 0x00000000f2950000)
  to   space 4224K,   0% used [0x00000000f2110000, 0x00000000f2110000, 0x00000000f2530000)
 concurrent mark-sweep generation total 84672K, used 61845K [0x00000000f5550000, 0x00000000fa800000, 0x0000000100000000)
 Metaspace       used 82992K, capacity 84416K, committed 84580K, reserved 1124352K
  class space    used 9770K, capacity 10064K, committed 10084K, reserved 1048576K
Event: 665.644 GC heap after
Heap after GC invocations=134 (full 3):
 par new generation   total 38080K, used 820K [0x00000000f0000000, 0x00000000f2950000, 0x00000000f5550000)
  eden space 33856K,   0% used [0x00000000f0000000, 0x00000000f0000000, 0x00000000f2110000)
  from space 4224K,  19% used [0x00000000f2110000, 0x00000000f21dd2c8, 0x00000000f2530000)
  to   space 4224K,   0% used [0x00000000f2530000, 0x00000000f2530000, 0x00000000f2950000)
 concurrent mark-sweep generation total 84672K, used 61845K [0x00000000f5550000, 0x00000000fa800000, 0x0000000100000000)
 Metaspace       used 82992K, capacity 84416K, committed 84580K, reserved 1124352K
  class space    used 9770K, capacity 10064K, committed 10084K, reserved 1048576K
}
Event: 694.449 GC heap before
{Heap before GC invocations=134 (full 3):
 par new generation   total 38080K, used 34675K [0x00000000f0000000, 0x00000000f2950000, 0x00000000f5550000)
  eden space 33856K,  99% used [0x00000000f0000000, 0x00000000f210fae0, 0x00000000f2110000)
  from space 4224K,  19% used [0x00000000f2110000, 0x00000000f21dd2c8, 0x00000000f2530000)
  to   space 4224K,   0% used [0x00000000f2530000, 0x00000000f2530000, 0x00000000f2950000)
 concurrent mark-sweep generation total 84672K, used 61845K [0x00000000f5550000, 0x00000000fa800000, 0x0000000100000000)
 Metaspace       used 83147K, capacity 84556K, committed 84580K, reserved 1124352K
  class space    used 9771K, capacity 10066K, committed 10084K, reserved 1048576K
Event: 694.454 GC heap after
Heap after GC invocations=135 (full 3):
 par new generation   total 38080K, used 2658K [0x00000000f0000000, 0x00000000f2950000, 0x00000000f5550000)
  eden space 33856K,   0% used [0x00000000f0000000, 0x00000000f0000000, 0x00000000f2110000)
  from space 4224K,  62% used [0x00000000f2530000, 0x00000000f27c8820, 0x00000000f2950000)
  to   space 4224K,   0% used [0x00000000f2110000, 0x00000000f2110000, 0x00000000f2530000)
 concurrent mark-sweep generation total 84672K, used 61845K [0x00000000f5550000, 0x00000000fa800000, 0x0000000100000000)
 Metaspace       used 83147K, capacity 84556K, committed 84580K, reserved 1124352K
  class space    used 9771K, capacity 10066K, committed 10084K, reserved 1048576K
}
Event: 729.035 GC heap before
{Heap before GC invocations=135 (full 3):
 par new generation   total 38080K, used 36514K [0x00000000f0000000, 0x00000000f2950000, 0x00000000f5550000)
  eden space 33856K, 100% used [0x00000000f0000000, 0x00000000f2110000, 0x00000000f2110000)
  from space 4224K,  62% used [0x00000000f2530000, 0x00000000f27c8820, 0x00000000f2950000)
  to   space 4224K,   0% used [0x00000000f2110000, 0x00000000f2110000, 0x00000000f2530000)
 concurrent mark-sweep generation total 84672K, used 61845K [0x00000000f5550000, 0x00000000fa800000, 0x0000000100000000)
 Metaspace       used 83242K, capacity 84662K, committed 84836K, reserved 1124352K
  class space    used 9775K, capacity 10073K, committed 10084K, reserved 1048576K
Event: 729.041 GC heap after
Heap after GC invocations=136 (full 3):
 par new generation   total 38080K, used 2657K [0x00000000f0000000, 0x00000000f2950000, 0x00000000f5550000)
  eden space 33856K,   0% used [0x00000000f0000000, 0x00000000f0000000, 0x00000000f2110000)
  from space 4224K,  62% used [0x00000000f2110000, 0x00000000f23a86e8, 0x00000000f2530000)
  to   space 4224K,   0% used [0x00000000f2530000, 0x00000000f2530000, 0x00000000f2950000)
 concurrent mark-sweep generation total 84672K, used 62006K [0x00000000f5550000, 0x00000000fa800000, 0x0000000100000000)
 Metaspace       used 83242K, capacity 84662K, committed 84836K, reserved 1124352K
  class space    used 9775K, capacity 10073K, committed 10084K, reserved 1048576K
}
Event: 774.106 GC heap before
{Heap before GC invocations=136 (full 3):
 par new generation   total 38080K, used 36511K [0x00000000f0000000, 0x00000000f2950000, 0x00000000f5550000)
  eden space 33856K,  99% used [0x00000000f0000000, 0x00000000f210f838, 0x00000000f2110000)
  from space 4224K,  62% used [0x00000000f2110000, 0x00000000f23a86e8, 0x00000000f2530000)
  to   space 4224K,   0% used [0x00000000f2530000, 0x00000000f2530000, 0x00000000f2950000)
 concurrent mark-sweep generation total 84672K, used 62006K [0x00000000f5550000, 0x00000000fa800000, 0x0000000100000000)
 Metaspace       used 83439K, capacity 84866K, committed 85092K, reserved 1124352K
  class space    used 9776K, capacity 10075K, committed 10084K, reserved 1048576K
Event: 774.111 GC heap after
Heap after GC invocations=137 (full 3):
 par new generation   total 38080K, used 2228K [0x00000000f0000000, 0x00000000f2950000, 0x00000000f5550000)
  eden space 33856K,   0% used [0x00000000f0000000, 0x00000000f0000000, 0x00000000f2110000)
  from space 4224K,  52% used [0x00000000f2530000, 0x00000000f275d2d0, 0x00000000f2950000)
  to   space 4224K,   0% used [0x00000000f2110000, 0x00000000f2110000, 0x00000000f2530000)
 concurrent mark-sweep generation total 84672K, used 62183K [0x00000000f5550000, 0x00000000fa800000, 0x0000000100000000)
 Metaspace       used 83439K, capacity 84866K, committed 85092K, reserved 1124352K
  class space    used 9776K, capacity 10075K, committed 10084K, reserved 1048576K
}

